nohup: ignoring input
/home/deipss/anaconda3/envs/py310/lib/python3.10/site-packages/torch/autograd/graph.py:744: UserWarning: Plan failed with a cudnnException: CUDNN_BACKEND_EXECUTION_PLAN_DESCRIPTOR: cudnnFinalize Descriptor Failed cudnn_status: CUDNN_STATUS_NOT_SUPPORTED (Triggered internally at ../aten/src/ATen/native/cudnn/Conv_v8.cpp:919.)
  return Variable._execution_engine.run_backward(  # Calls into the C++ engine to run the backward pass
test_len=17
Epoch: [0]  [ 0/77]  eta: 0:01:32  lr: 0.000071  loss: 3.8559 (3.8559)  loss_classifier: 0.6755 (0.6755)  loss_box_reg: 0.0560 (0.0560)  loss_mask: 2.4111 (2.4111)  loss_objectness: 0.6894 (0.6894)  loss_rpn_box_reg: 0.0240 (0.0240)  time: 1.2057  data: 0.0166  max mem: 2259
Epoch: [0]  [10/77]  eta: 0:00:35  lr: 0.000728  loss: 2.4371 (2.5860)  loss_classifier: 0.6417 (0.6278)  loss_box_reg: 0.0285 (0.0277)  loss_mask: 1.0125 (1.2242)  loss_objectness: 0.6882 (0.6880)  loss_rpn_box_reg: 0.0152 (0.0184)  time: 0.5263  data: 0.0221  max mem: 2828
Epoch: [0]  [20/77]  eta: 0:00:27  lr: 0.001385  loss: 2.0430 (2.2030)  loss_classifier: 0.5104 (0.5093)  loss_box_reg: 0.0288 (0.0338)  loss_mask: 0.8207 (0.9637)  loss_objectness: 0.6835 (0.6800)  loss_rpn_box_reg: 0.0119 (0.0162)  time: 0.4466  data: 0.0216  max mem: 2828
Epoch: [0]  [30/77]  eta: 0:00:22  lr: 0.002042  loss: 1.6496 (1.9439)  loss_classifier: 0.2666 (0.3949)  loss_box_reg: 0.0575 (0.0561)  loss_mask: 0.5879 (0.8258)  loss_objectness: 0.6501 (0.6493)  loss_rpn_box_reg: 0.0152 (0.0178)  time: 0.4509  data: 0.0211  max mem: 2858
Epoch: [0]  [40/77]  eta: 0:00:17  lr: 0.002700  loss: 1.1362 (1.7108)  loss_classifier: 0.0947 (0.3192)  loss_box_reg: 0.0837 (0.0660)  loss_mask: 0.5325 (0.7547)  loss_objectness: 0.4143 (0.5523)  loss_rpn_box_reg: 0.0220 (0.0187)  time: 0.4513  data: 0.0188  max mem: 2886
Epoch: [0]  [50/77]  eta: 0:00:12  lr: 0.003357  loss: 0.8857 (1.5480)  loss_classifier: 0.0979 (0.2849)  loss_box_reg: 0.0977 (0.0761)  loss_mask: 0.4840 (0.7065)  loss_objectness: 0.1104 (0.4609)  loss_rpn_box_reg: 0.0220 (0.0195)  time: 0.4475  data: 0.0161  max mem: 2959
Epoch: [0]  [60/77]  eta: 0:00:07  lr: 0.004014  loss: 0.8302 (1.4298)  loss_classifier: 0.1149 (0.2577)  loss_box_reg: 0.1171 (0.0830)  loss_mask: 0.4878 (0.6700)  loss_objectness: 0.0682 (0.3995)  loss_rpn_box_reg: 0.0171 (0.0197)  time: 0.4635  data: 0.0166  max mem: 3043
Epoch: [0]  [70/77]  eta: 0:00:03  lr: 0.004671  loss: 0.7219 (1.3448)  loss_classifier: 0.1151 (0.2398)  loss_box_reg: 0.1450 (0.0959)  loss_mask: 0.4394 (0.6366)  loss_objectness: 0.0639 (0.3523)  loss_rpn_box_reg: 0.0178 (0.0202)  time: 0.4993  data: 0.0175  max mem: 3066
Epoch: [0]  [76/77]  eta: 0:00:00  lr: 0.005000  loss: 0.7469 (1.2904)  loss_classifier: 0.1177 (0.2288)  loss_box_reg: 0.1456 (0.0987)  loss_mask: 0.4084 (0.6151)  loss_objectness: 0.0504 (0.3281)  loss_rpn_box_reg: 0.0177 (0.0197)  time: 0.4794  data: 0.0176  max mem: 3066
Epoch: [0] Total time: 0:00:36 (0.4706 s / it)
creating index...
index created!
Test:  [ 0/17]  eta: 0:00:02  model_time: 0.1267 (0.1267)  evaluator_time: 0.0194 (0.0194)  time: 0.1564  data: 0.0099  max mem: 3066
Test:  [16/17]  eta: 0:00:00  model_time: 0.1349 (0.1482)  evaluator_time: 0.0318 (0.0391)  time: 0.2012  data: 0.0116  max mem: 3066
Test: Total time: 0:00:03 (0.2013 s / it)
Averaged stats: model_time: 0.1349 (0.1482)  evaluator_time: 0.0318 (0.0391)
Accumulating evaluation results...
DONE (t=0.01s).
Accumulating evaluation results...
DONE (t=0.01s).
IoU metric: bbox
 Average Precision  (AP) @[ IoU=0.50:0.95 | area=   all | maxDets=100 ] = 0.112
 Average Precision  (AP) @[ IoU=0.50      | area=   all | maxDets=100 ] = 0.341
 Average Precision  (AP) @[ IoU=0.75      | area=   all | maxDets=100 ] = 0.038
 Average Precision  (AP) @[ IoU=0.50:0.95 | area= small | maxDets=100 ] = -1.000
 Average Precision  (AP) @[ IoU=0.50:0.95 | area=medium | maxDets=100 ] = 0.017
 Average Precision  (AP) @[ IoU=0.50:0.95 | area= large | maxDets=100 ] = 0.125
 Average Recall     (AR) @[ IoU=0.50:0.95 | area=   all | maxDets=  1 ] = 0.050
 Average Recall     (AR) @[ IoU=0.50:0.95 | area=   all | maxDets= 10 ] = 0.287
 Average Recall     (AR) @[ IoU=0.50:0.95 | area=   all | maxDets=100 ] = 0.404
 Average Recall     (AR) @[ IoU=0.50:0.95 | area= small | maxDets=100 ] = -1.000
 Average Recall     (AR) @[ IoU=0.50:0.95 | area=medium | maxDets=100 ] = 0.017
 Average Recall     (AR) @[ IoU=0.50:0.95 | area= large | maxDets=100 ] = 0.450
IoU metric: segm
 Average Precision  (AP) @[ IoU=0.50:0.95 | area=   all | maxDets=100 ] = 0.105
 Average Precision  (AP) @[ IoU=0.50      | area=   all | maxDets=100 ] = 0.320
 Average Precision  (AP) @[ IoU=0.75      | area=   all | maxDets=100 ] = 0.038
 Average Precision  (AP) @[ IoU=0.50:0.95 | area= small | maxDets=100 ] = -1.000
 Average Precision  (AP) @[ IoU=0.50:0.95 | area=medium | maxDets=100 ] = 0.009
 Average Precision  (AP) @[ IoU=0.50:0.95 | area= large | maxDets=100 ] = 0.119
 Average Recall     (AR) @[ IoU=0.50:0.95 | area=   all | maxDets=  1 ] = 0.073
 Average Recall     (AR) @[ IoU=0.50:0.95 | area=   all | maxDets= 10 ] = 0.277
 Average Recall     (AR) @[ IoU=0.50:0.95 | area=   all | maxDets=100 ] = 0.341
 Average Recall     (AR) @[ IoU=0.50:0.95 | area= small | maxDets=100 ] = -1.000
 Average Recall     (AR) @[ IoU=0.50:0.95 | area=medium | maxDets=100 ] = 0.050
 Average Recall     (AR) @[ IoU=0.50:0.95 | area= large | maxDets=100 ] = 0.376
Epoch: [1]  [ 0/77]  eta: 0:00:29  lr: 0.005000  loss: 0.4270 (0.4270)  loss_classifier: 0.0568 (0.0568)  loss_box_reg: 0.0570 (0.0570)  loss_mask: 0.2888 (0.2888)  loss_objectness: 0.0215 (0.0215)  loss_rpn_box_reg: 0.0029 (0.0029)  time: 0.3828  data: 0.0103  max mem: 3066
Epoch: [1]  [10/77]  eta: 0:00:29  lr: 0.005000  loss: 0.6360 (0.6360)  loss_classifier: 0.0773 (0.0903)  loss_box_reg: 0.1260 (0.1253)  loss_mask: 0.3229 (0.3640)  loss_objectness: 0.0367 (0.0391)  loss_rpn_box_reg: 0.0149 (0.0173)  time: 0.4411  data: 0.0141  max mem: 3134
Epoch: [1]  [20/77]  eta: 0:00:26  lr: 0.005000  loss: 0.6135 (0.6385)  loss_classifier: 0.0822 (0.1032)  loss_box_reg: 0.1247 (0.1350)  loss_mask: 0.3086 (0.3384)  loss_objectness: 0.0321 (0.0443)  loss_rpn_box_reg: 0.0150 (0.0175)  time: 0.4664  data: 0.0204  max mem: 3134
Epoch: [1]  [30/77]  eta: 0:00:21  lr: 0.005000  loss: 0.5716 (0.6302)  loss_classifier: 0.0926 (0.1028)  loss_box_reg: 0.1379 (0.1388)  loss_mask: 0.3013 (0.3297)  loss_objectness: 0.0321 (0.0416)  loss_rpn_box_reg: 0.0151 (0.0173)  time: 0.4772  data: 0.0243  max mem: 3134
Epoch: [1]  [40/77]  eta: 0:00:17  lr: 0.005000  loss: 0.5818 (0.6177)  loss_classifier: 0.0934 (0.1002)  loss_box_reg: 0.1425 (0.1402)  loss_mask: 0.2993 (0.3231)  loss_objectness: 0.0258 (0.0369)  loss_rpn_box_reg: 0.0161 (0.0174)  time: 0.4705  data: 0.0197  max mem: 3134
Epoch: [1]  [50/77]  eta: 0:00:12  lr: 0.005000  loss: 0.5016 (0.6003)  loss_classifier: 0.0668 (0.0945)  loss_box_reg: 0.0871 (0.1291)  loss_mask: 0.2998 (0.3258)  loss_objectness: 0.0153 (0.0346)  loss_rpn_box_reg: 0.0082 (0.0163)  time: 0.4574  data: 0.0162  max mem: 3134
Epoch: [1]  [60/77]  eta: 0:00:07  lr: 0.005000  loss: 0.5683 (0.5992)  loss_classifier: 0.0745 (0.0940)  loss_box_reg: 0.0998 (0.1326)  loss_mask: 0.2946 (0.3238)  loss_objectness: 0.0136 (0.0315)  loss_rpn_box_reg: 0.0110 (0.0172)  time: 0.4648  data: 0.0182  max mem: 3134
Epoch: [1]  [70/77]  eta: 0:00:03  lr: 0.005000  loss: 0.5609 (0.5880)  loss_classifier: 0.0810 (0.0918)  loss_box_reg: 0.1139 (0.1284)  loss_mask: 0.2886 (0.3224)  loss_objectness: 0.0138 (0.0290)  loss_rpn_box_reg: 0.0139 (0.0165)  time: 0.4718  data: 0.0186  max mem: 3134
Epoch: [1]  [76/77]  eta: 0:00:00  lr: 0.005000  loss: 0.5212 (0.5831)  loss_classifier: 0.0774 (0.0899)  loss_box_reg: 0.0949 (0.1250)  loss_mask: 0.3065 (0.3226)  loss_objectness: 0.0138 (0.0282)  loss_rpn_box_reg: 0.0155 (0.0173)  time: 0.4540  data: 0.0169  max mem: 3157
Epoch: [1] Total time: 0:00:35 (0.4618 s / it)
creating index...
index created!
Test:  [ 0/17]  eta: 0:00:01  model_time: 0.0969 (0.0969)  evaluator_time: 0.0106 (0.0106)  time: 0.1175  data: 0.0096  max mem: 3157
Test:  [16/17]  eta: 0:00:00  model_time: 0.0969 (0.1073)  evaluator_time: 0.0109 (0.0162)  time: 0.1363  data: 0.0116  max mem: 3157
Test: Total time: 0:00:02 (0.1363 s / it)
Averaged stats: model_time: 0.0969 (0.1073)  evaluator_time: 0.0109 (0.0162)
Accumulating evaluation results...
DONE (t=0.01s).
Accumulating evaluation results...
DONE (t=0.01s).
IoU metric: bbox
 Average Precision  (AP) @[ IoU=0.50:0.95 | area=   all | maxDets=100 ] = 0.272
 Average Precision  (AP) @[ IoU=0.50      | area=   all | maxDets=100 ] = 0.647
 Average Precision  (AP) @[ IoU=0.75      | area=   all | maxDets=100 ] = 0.174
 Average Precision  (AP) @[ IoU=0.50:0.95 | area= small | maxDets=100 ] = -1.000
 Average Precision  (AP) @[ IoU=0.50:0.95 | area=medium | maxDets=100 ] = 0.092
 Average Precision  (AP) @[ IoU=0.50:0.95 | area= large | maxDets=100 ] = 0.297
 Average Recall     (AR) @[ IoU=0.50:0.95 | area=   all | maxDets=  1 ] = 0.105
 Average Recall     (AR) @[ IoU=0.50:0.95 | area=   all | maxDets= 10 ] = 0.364
 Average Recall     (AR) @[ IoU=0.50:0.95 | area=   all | maxDets=100 ] = 0.430
 Average Recall     (AR) @[ IoU=0.50:0.95 | area= small | maxDets=100 ] = -1.000
 Average Recall     (AR) @[ IoU=0.50:0.95 | area=medium | maxDets=100 ] = 0.217
 Average Recall     (AR) @[ IoU=0.50:0.95 | area= large | maxDets=100 ] = 0.456
IoU metric: segm
 Average Precision  (AP) @[ IoU=0.50:0.95 | area=   all | maxDets=100 ] = 0.267
 Average Precision  (AP) @[ IoU=0.50      | area=   all | maxDets=100 ] = 0.610
 Average Precision  (AP) @[ IoU=0.75      | area=   all | maxDets=100 ] = 0.208
 Average Precision  (AP) @[ IoU=0.50:0.95 | area= small | maxDets=100 ] = -1.000
 Average Precision  (AP) @[ IoU=0.50:0.95 | area=medium | maxDets=100 ] = 0.088
 Average Precision  (AP) @[ IoU=0.50:0.95 | area= large | maxDets=100 ] = 0.293
 Average Recall     (AR) @[ IoU=0.50:0.95 | area=   all | maxDets=  1 ] = 0.116
 Average Recall     (AR) @[ IoU=0.50:0.95 | area=   all | maxDets= 10 ] = 0.350
 Average Recall     (AR) @[ IoU=0.50:0.95 | area=   all | maxDets=100 ] = 0.382
 Average Recall     (AR) @[ IoU=0.50:0.95 | area= small | maxDets=100 ] = -1.000
 Average Recall     (AR) @[ IoU=0.50:0.95 | area=medium | maxDets=100 ] = 0.283
 Average Recall     (AR) @[ IoU=0.50:0.95 | area= large | maxDets=100 ] = 0.394
Epoch: [2]  [ 0/77]  eta: 0:00:31  lr: 0.005000  loss: 0.3221 (0.3221)  loss_classifier: 0.0349 (0.0349)  loss_box_reg: 0.0540 (0.0540)  loss_mask: 0.2218 (0.2218)  loss_objectness: 0.0080 (0.0080)  loss_rpn_box_reg: 0.0034 (0.0034)  time: 0.4090  data: 0.0165  max mem: 3157
Epoch: [2]  [10/77]  eta: 0:00:32  lr: 0.005000  loss: 0.4927 (0.5088)  loss_classifier: 0.0562 (0.0676)  loss_box_reg: 0.0998 (0.1004)  loss_mask: 0.2910 (0.3114)  loss_objectness: 0.0080 (0.0114)  loss_rpn_box_reg: 0.0181 (0.0179)  time: 0.4842  data: 0.0256  max mem: 3157
Epoch: [2]  [20/77]  eta: 0:00:26  lr: 0.005000  loss: 0.4396 (0.4751)  loss_classifier: 0.0532 (0.0586)  loss_box_reg: 0.0938 (0.0931)  loss_mask: 0.2847 (0.3003)  loss_objectness: 0.0053 (0.0080)  loss_rpn_box_reg: 0.0151 (0.0152)  time: 0.4721  data: 0.0214  max mem: 3157
Epoch: [2]  [30/77]  eta: 0:00:21  lr: 0.005000  loss: 0.4374 (0.4967)  loss_classifier: 0.0543 (0.0649)  loss_box_reg: 0.0842 (0.0969)  loss_mask: 0.2595 (0.3076)  loss_objectness: 0.0043 (0.0125)  loss_rpn_box_reg: 0.0121 (0.0149)  time: 0.4495  data: 0.0172  max mem: 3157
Epoch: [2]  [40/77]  eta: 0:00:17  lr: 0.005000  loss: 0.4761 (0.5054)  loss_classifier: 0.0628 (0.0681)  loss_box_reg: 0.0809 (0.0972)  loss_mask: 0.3258 (0.3111)  loss_objectness: 0.0096 (0.0144)  loss_rpn_box_reg: 0.0112 (0.0148)  time: 0.4511  data: 0.0168  max mem: 3157
Epoch: [2]  [50/77]  eta: 0:00:12  lr: 0.005000  loss: 0.4871 (0.4930)  loss_classifier: 0.0598 (0.0659)  loss_box_reg: 0.0880 (0.0960)  loss_mask: 0.3103 (0.3036)  loss_objectness: 0.0097 (0.0133)  loss_rpn_box_reg: 0.0100 (0.0142)  time: 0.4527  data: 0.0178  max mem: 3157
Epoch: [2]  [60/77]  eta: 0:00:07  lr: 0.005000  loss: 0.4451 (0.4894)  loss_classifier: 0.0543 (0.0641)  loss_box_reg: 0.0892 (0.0941)  loss_mask: 0.2795 (0.3038)  loss_objectness: 0.0080 (0.0129)  loss_rpn_box_reg: 0.0120 (0.0145)  time: 0.4413  data: 0.0183  max mem: 3157
Epoch: [2]  [70/77]  eta: 0:00:03  lr: 0.005000  loss: 0.4677 (0.4909)  loss_classifier: 0.0562 (0.0644)  loss_box_reg: 0.1038 (0.0995)  loss_mask: 0.2754 (0.2980)  loss_objectness: 0.0095 (0.0127)  loss_rpn_box_reg: 0.0153 (0.0163)  time: 0.4610  data: 0.0180  max mem: 3227
Epoch: [2]  [76/77]  eta: 0:00:00  lr: 0.005000  loss: 0.4650 (0.4803)  loss_classifier: 0.0543 (0.0624)  loss_box_reg: 0.1038 (0.0967)  loss_mask: 0.2637 (0.2929)  loss_objectness: 0.0095 (0.0122)  loss_rpn_box_reg: 0.0161 (0.0160)  time: 0.4631  data: 0.0192  max mem: 3227
Epoch: [2] Total time: 0:00:35 (0.4572 s / it)
creating index...
index created!
Test:  [ 0/17]  eta: 0:00:02  model_time: 0.1014 (0.1014)  evaluator_time: 0.0106 (0.0106)  time: 0.1219  data: 0.0095  max mem: 3227
Test:  [16/17]  eta: 0:00:00  model_time: 0.1009 (0.1017)  evaluator_time: 0.0106 (0.0131)  time: 0.1270  data: 0.0115  max mem: 3227
Test: Total time: 0:00:02 (0.1271 s / it)
Averaged stats: model_time: 0.1009 (0.1017)  evaluator_time: 0.0106 (0.0131)
Accumulating evaluation results...
DONE (t=0.01s).
Accumulating evaluation results...
DONE (t=0.01s).
IoU metric: bbox
 Average Precision  (AP) @[ IoU=0.50:0.95 | area=   all | maxDets=100 ] = 0.363
 Average Precision  (AP) @[ IoU=0.50      | area=   all | maxDets=100 ] = 0.824
 Average Precision  (AP) @[ IoU=0.75      | area=   all | maxDets=100 ] = 0.241
 Average Precision  (AP) @[ IoU=0.50:0.95 | area= small | maxDets=100 ] = -1.000
 Average Precision  (AP) @[ IoU=0.50:0.95 | area=medium | maxDets=100 ] = 0.328
 Average Precision  (AP) @[ IoU=0.50:0.95 | area= large | maxDets=100 ] = 0.377
 Average Recall     (AR) @[ IoU=0.50:0.95 | area=   all | maxDets=  1 ] = 0.132
 Average Recall     (AR) @[ IoU=0.50:0.95 | area=   all | maxDets= 10 ] = 0.429
 Average Recall     (AR) @[ IoU=0.50:0.95 | area=   all | maxDets=100 ] = 0.470
 Average Recall     (AR) @[ IoU=0.50:0.95 | area= small | maxDets=100 ] = -1.000
 Average Recall     (AR) @[ IoU=0.50:0.95 | area=medium | maxDets=100 ] = 0.350
 Average Recall     (AR) @[ IoU=0.50:0.95 | area= large | maxDets=100 ] = 0.484
IoU metric: segm
 Average Precision  (AP) @[ IoU=0.50:0.95 | area=   all | maxDets=100 ] = 0.341
 Average Precision  (AP) @[ IoU=0.50      | area=   all | maxDets=100 ] = 0.738
 Average Precision  (AP) @[ IoU=0.75      | area=   all | maxDets=100 ] = 0.336
 Average Precision  (AP) @[ IoU=0.50:0.95 | area= small | maxDets=100 ] = -1.000
 Average Precision  (AP) @[ IoU=0.50:0.95 | area=medium | maxDets=100 ] = 0.270
 Average Precision  (AP) @[ IoU=0.50:0.95 | area= large | maxDets=100 ] = 0.359
 Average Recall     (AR) @[ IoU=0.50:0.95 | area=   all | maxDets=  1 ] = 0.145
 Average Recall     (AR) @[ IoU=0.50:0.95 | area=   all | maxDets= 10 ] = 0.413
 Average Recall     (AR) @[ IoU=0.50:0.95 | area=   all | maxDets=100 ] = 0.434
 Average Recall     (AR) @[ IoU=0.50:0.95 | area= small | maxDets=100 ] = -1.000
 Average Recall     (AR) @[ IoU=0.50:0.95 | area=medium | maxDets=100 ] = 0.350
 Average Recall     (AR) @[ IoU=0.50:0.95 | area= large | maxDets=100 ] = 0.444
Epoch: [3]  [ 0/77]  eta: 0:00:37  lr: 0.000500  loss: 0.4235 (0.4235)  loss_classifier: 0.0449 (0.0449)  loss_box_reg: 0.0663 (0.0663)  loss_mask: 0.2900 (0.2900)  loss_objectness: 0.0136 (0.0136)  loss_rpn_box_reg: 0.0086 (0.0086)  time: 0.4875  data: 0.0178  max mem: 3227
Epoch: [3]  [10/77]  eta: 0:00:31  lr: 0.000500  loss: 0.4156 (0.3972)  loss_classifier: 0.0435 (0.0478)  loss_box_reg: 0.0663 (0.0788)  loss_mask: 0.2323 (0.2492)  loss_objectness: 0.0082 (0.0077)  loss_rpn_box_reg: 0.0106 (0.0138)  time: 0.4730  data: 0.0176  max mem: 3227
Epoch: [3]  [20/77]  eta: 0:00:26  lr: 0.000500  loss: 0.4156 (0.3965)  loss_classifier: 0.0435 (0.0469)  loss_box_reg: 0.0795 (0.0831)  loss_mask: 0.2239 (0.2441)  loss_objectness: 0.0074 (0.0077)  loss_rpn_box_reg: 0.0120 (0.0147)  time: 0.4722  data: 0.0177  max mem: 3227
Epoch: [3]  [30/77]  eta: 0:00:21  lr: 0.000500  loss: 0.3903 (0.3949)  loss_classifier: 0.0454 (0.0469)  loss_box_reg: 0.0795 (0.0836)  loss_mask: 0.2230 (0.2428)  loss_objectness: 0.0074 (0.0080)  loss_rpn_box_reg: 0.0116 (0.0136)  time: 0.4609  data: 0.0173  max mem: 3227
Epoch: [3]  [40/77]  eta: 0:00:17  lr: 0.000500  loss: 0.3903 (0.3946)  loss_classifier: 0.0481 (0.0484)  loss_box_reg: 0.0875 (0.0870)  loss_mask: 0.2130 (0.2379)  loss_objectness: 0.0070 (0.0075)  loss_rpn_box_reg: 0.0116 (0.0138)  time: 0.4611  data: 0.0176  max mem: 3227
Epoch: [3]  [50/77]  eta: 0:00:12  lr: 0.000500  loss: 0.3888 (0.3912)  loss_classifier: 0.0481 (0.0465)  loss_box_reg: 0.0861 (0.0837)  loss_mask: 0.2204 (0.2405)  loss_objectness: 0.0052 (0.0071)  loss_rpn_box_reg: 0.0120 (0.0134)  time: 0.4549  data: 0.0168  max mem: 3227
Epoch: [3]  [60/77]  eta: 0:00:07  lr: 0.000500  loss: 0.3409 (0.3924)  loss_classifier: 0.0389 (0.0485)  loss_box_reg: 0.0705 (0.0851)  loss_mask: 0.2184 (0.2378)  loss_objectness: 0.0052 (0.0083)  loss_rpn_box_reg: 0.0084 (0.0128)  time: 0.4397  data: 0.0186  max mem: 3227
Epoch: [3]  [70/77]  eta: 0:00:03  lr: 0.000500  loss: 0.3409 (0.3886)  loss_classifier: 0.0450 (0.0486)  loss_box_reg: 0.0797 (0.0848)  loss_mask: 0.2057 (0.2345)  loss_objectness: 0.0034 (0.0083)  loss_rpn_box_reg: 0.0084 (0.0124)  time: 0.4473  data: 0.0205  max mem: 3227
Epoch: [3]  [76/77]  eta: 0:00:00  lr: 0.000500  loss: 0.4049 (0.3946)  loss_classifier: 0.0460 (0.0489)  loss_box_reg: 0.0834 (0.0873)  loss_mask: 0.2284 (0.2371)  loss_objectness: 0.0061 (0.0083)  loss_rpn_box_reg: 0.0110 (0.0130)  time: 0.4794  data: 0.0199  max mem: 3698
Epoch: [3] Total time: 0:00:35 (0.4606 s / it)
creating index...
index created!
Test:  [ 0/17]  eta: 0:00:02  model_time: 0.1051 (0.1051)  evaluator_time: 0.0132 (0.0132)  time: 0.1285  data: 0.0097  max mem: 3698
Test:  [16/17]  eta: 0:00:00  model_time: 0.1021 (0.1060)  evaluator_time: 0.0132 (0.0157)  time: 0.1342  data: 0.0115  max mem: 3698
Test: Total time: 0:00:02 (0.1343 s / it)
Averaged stats: model_time: 0.1021 (0.1060)  evaluator_time: 0.0132 (0.0157)
Accumulating evaluation results...
DONE (t=0.01s).
Accumulating evaluation results...
DONE (t=0.01s).
IoU metric: bbox
 Average Precision  (AP) @[ IoU=0.50:0.95 | area=   all | maxDets=100 ] = 0.407
 Average Precision  (AP) @[ IoU=0.50      | area=   all | maxDets=100 ] = 0.852
 Average Precision  (AP) @[ IoU=0.75      | area=   all | maxDets=100 ] = 0.350
 Average Precision  (AP) @[ IoU=0.50:0.95 | area= small | maxDets=100 ] = -1.000
 Average Precision  (AP) @[ IoU=0.50:0.95 | area=medium | maxDets=100 ] = 0.377
 Average Precision  (AP) @[ IoU=0.50:0.95 | area= large | maxDets=100 ] = 0.422
 Average Recall     (AR) @[ IoU=0.50:0.95 | area=   all | maxDets=  1 ] = 0.157
 Average Recall     (AR) @[ IoU=0.50:0.95 | area=   all | maxDets= 10 ] = 0.484
 Average Recall     (AR) @[ IoU=0.50:0.95 | area=   all | maxDets=100 ] = 0.516
 Average Recall     (AR) @[ IoU=0.50:0.95 | area= small | maxDets=100 ] = -1.000
 Average Recall     (AR) @[ IoU=0.50:0.95 | area=medium | maxDets=100 ] = 0.450
 Average Recall     (AR) @[ IoU=0.50:0.95 | area= large | maxDets=100 ] = 0.524
IoU metric: segm
 Average Precision  (AP) @[ IoU=0.50:0.95 | area=   all | maxDets=100 ] = 0.424
 Average Precision  (AP) @[ IoU=0.50      | area=   all | maxDets=100 ] = 0.845
 Average Precision  (AP) @[ IoU=0.75      | area=   all | maxDets=100 ] = 0.448
 Average Precision  (AP) @[ IoU=0.50:0.95 | area= small | maxDets=100 ] = -1.000
 Average Precision  (AP) @[ IoU=0.50:0.95 | area=medium | maxDets=100 ] = 0.260
 Average Precision  (AP) @[ IoU=0.50:0.95 | area= large | maxDets=100 ] = 0.449
 Average Recall     (AR) @[ IoU=0.50:0.95 | area=   all | maxDets=  1 ] = 0.187
 Average Recall     (AR) @[ IoU=0.50:0.95 | area=   all | maxDets= 10 ] = 0.466
 Average Recall     (AR) @[ IoU=0.50:0.95 | area=   all | maxDets=100 ] = 0.475
 Average Recall     (AR) @[ IoU=0.50:0.95 | area= small | maxDets=100 ] = -1.000
 Average Recall     (AR) @[ IoU=0.50:0.95 | area=medium | maxDets=100 ] = 0.367
 Average Recall     (AR) @[ IoU=0.50:0.95 | area= large | maxDets=100 ] = 0.488
Epoch: [4]  [ 0/77]  eta: 0:00:29  lr: 0.000500  loss: 0.4307 (0.4307)  loss_classifier: 0.0526 (0.0526)  loss_box_reg: 0.0932 (0.0932)  loss_mask: 0.2629 (0.2629)  loss_objectness: 0.0105 (0.0105)  loss_rpn_box_reg: 0.0115 (0.0115)  time: 0.3845  data: 0.0207  max mem: 3698
Epoch: [4]  [10/77]  eta: 0:00:32  lr: 0.000500  loss: 0.4307 (0.4721)  loss_classifier: 0.0526 (0.0647)  loss_box_reg: 0.0813 (0.1043)  loss_mask: 0.2362 (0.2695)  loss_objectness: 0.0057 (0.0152)  loss_rpn_box_reg: 0.0125 (0.0184)  time: 0.4790  data: 0.0214  max mem: 3698
Epoch: [4]  [20/77]  eta: 0:00:27  lr: 0.000500  loss: 0.3812 (0.4196)  loss_classifier: 0.0459 (0.0560)  loss_box_reg: 0.0787 (0.0923)  loss_mask: 0.2238 (0.2439)  loss_objectness: 0.0037 (0.0127)  loss_rpn_box_reg: 0.0115 (0.0148)  time: 0.4814  data: 0.0203  max mem: 3698
Epoch: [4]  [30/77]  eta: 0:00:22  lr: 0.000500  loss: 0.3455 (0.4113)  loss_classifier: 0.0414 (0.0543)  loss_box_reg: 0.0784 (0.0957)  loss_mask: 0.2112 (0.2368)  loss_objectness: 0.0042 (0.0109)  loss_rpn_box_reg: 0.0085 (0.0136)  time: 0.4728  data: 0.0173  max mem: 3698
Epoch: [4]  [40/77]  eta: 0:00:17  lr: 0.000500  loss: 0.3455 (0.3964)  loss_classifier: 0.0375 (0.0510)  loss_box_reg: 0.0738 (0.0912)  loss_mask: 0.2191 (0.2322)  loss_objectness: 0.0042 (0.0092)  loss_rpn_box_reg: 0.0110 (0.0129)  time: 0.4687  data: 0.0160  max mem: 3698
Epoch: [4]  [50/77]  eta: 0:00:12  lr: 0.000500  loss: 0.3312 (0.3836)  loss_classifier: 0.0358 (0.0490)  loss_box_reg: 0.0597 (0.0875)  loss_mask: 0.2156 (0.2262)  loss_objectness: 0.0028 (0.0081)  loss_rpn_box_reg: 0.0090 (0.0128)  time: 0.4606  data: 0.0163  max mem: 3698
Epoch: [4]  [60/77]  eta: 0:00:07  lr: 0.000500  loss: 0.3408 (0.3883)  loss_classifier: 0.0379 (0.0489)  loss_box_reg: 0.0768 (0.0885)  loss_mask: 0.2156 (0.2302)  loss_objectness: 0.0043 (0.0080)  loss_rpn_box_reg: 0.0097 (0.0126)  time: 0.4622  data: 0.0175  max mem: 3698
Epoch: [4]  [70/77]  eta: 0:00:03  lr: 0.000500  loss: 0.3920 (0.3852)  loss_classifier: 0.0446 (0.0481)  loss_box_reg: 0.0887 (0.0882)  loss_mask: 0.2336 (0.2290)  loss_objectness: 0.0045 (0.0076)  loss_rpn_box_reg: 0.0106 (0.0123)  time: 0.4628  data: 0.0172  max mem: 3698
Epoch: [4]  [76/77]  eta: 0:00:00  lr: 0.000500  loss: 0.3553 (0.3806)  loss_classifier: 0.0415 (0.0469)  loss_box_reg: 0.0864 (0.0867)  loss_mask: 0.2130 (0.2277)  loss_objectness: 0.0034 (0.0072)  loss_rpn_box_reg: 0.0101 (0.0121)  time: 0.4391  data: 0.0155  max mem: 3698
Epoch: [4] Total time: 0:00:35 (0.4624 s / it)
creating index...
index created!
Test:  [ 0/17]  eta: 0:00:01  model_time: 0.0967 (0.0967)  evaluator_time: 0.0100 (0.0100)  time: 0.1167  data: 0.0096  max mem: 3698
Test:  [16/17]  eta: 0:00:00  model_time: 0.0967 (0.1012)  evaluator_time: 0.0100 (0.0129)  time: 0.1263  data: 0.0115  max mem: 3698
Test: Total time: 0:00:02 (0.1264 s / it)
Averaged stats: model_time: 0.0967 (0.1012)  evaluator_time: 0.0100 (0.0129)
Accumulating evaluation results...
DONE (t=0.01s).
Accumulating evaluation results...
DONE (t=0.01s).
IoU metric: bbox
 Average Precision  (AP) @[ IoU=0.50:0.95 | area=   all | maxDets=100 ] = 0.418
 Average Precision  (AP) @[ IoU=0.50      | area=   all | maxDets=100 ] = 0.839
 Average Precision  (AP) @[ IoU=0.75      | area=   all | maxDets=100 ] = 0.324
 Average Precision  (AP) @[ IoU=0.50:0.95 | area= small | maxDets=100 ] = -1.000
 Average Precision  (AP) @[ IoU=0.50:0.95 | area=medium | maxDets=100 ] = 0.356
 Average Precision  (AP) @[ IoU=0.50:0.95 | area= large | maxDets=100 ] = 0.436
 Average Recall     (AR) @[ IoU=0.50:0.95 | area=   all | maxDets=  1 ] = 0.166
 Average Recall     (AR) @[ IoU=0.50:0.95 | area=   all | maxDets= 10 ] = 0.484
 Average Recall     (AR) @[ IoU=0.50:0.95 | area=   all | maxDets=100 ] = 0.509
 Average Recall     (AR) @[ IoU=0.50:0.95 | area= small | maxDets=100 ] = -1.000
 Average Recall     (AR) @[ IoU=0.50:0.95 | area=medium | maxDets=100 ] = 0.417
 Average Recall     (AR) @[ IoU=0.50:0.95 | area= large | maxDets=100 ] = 0.520
IoU metric: segm
 Average Precision  (AP) @[ IoU=0.50:0.95 | area=   all | maxDets=100 ] = 0.443
 Average Precision  (AP) @[ IoU=0.50      | area=   all | maxDets=100 ] = 0.835
 Average Precision  (AP) @[ IoU=0.75      | area=   all | maxDets=100 ] = 0.468
 Average Precision  (AP) @[ IoU=0.50:0.95 | area= small | maxDets=100 ] = -1.000
 Average Precision  (AP) @[ IoU=0.50:0.95 | area=medium | maxDets=100 ] = 0.281
 Average Precision  (AP) @[ IoU=0.50:0.95 | area= large | maxDets=100 ] = 0.468
 Average Recall     (AR) @[ IoU=0.50:0.95 | area=   all | maxDets=  1 ] = 0.204
 Average Recall     (AR) @[ IoU=0.50:0.95 | area=   all | maxDets= 10 ] = 0.477
 Average Recall     (AR) @[ IoU=0.50:0.95 | area=   all | maxDets=100 ] = 0.495
 Average Recall     (AR) @[ IoU=0.50:0.95 | area= small | maxDets=100 ] = -1.000
 Average Recall     (AR) @[ IoU=0.50:0.95 | area=medium | maxDets=100 ] = 0.367
 Average Recall     (AR) @[ IoU=0.50:0.95 | area= large | maxDets=100 ] = 0.510
Epoch: [5]  [ 0/77]  eta: 0:00:34  lr: 0.000500  loss: 0.3595 (0.3595)  loss_classifier: 0.0419 (0.0419)  loss_box_reg: 0.0843 (0.0843)  loss_mask: 0.2208 (0.2208)  loss_objectness: 0.0027 (0.0027)  loss_rpn_box_reg: 0.0098 (0.0098)  time: 0.4521  data: 0.0193  max mem: 3698
Epoch: [5]  [10/77]  eta: 0:00:31  lr: 0.000500  loss: 0.3797 (0.4195)  loss_classifier: 0.0420 (0.0555)  loss_box_reg: 0.0912 (0.1010)  loss_mask: 0.2208 (0.2384)  loss_objectness: 0.0040 (0.0098)  loss_rpn_box_reg: 0.0170 (0.0148)  time: 0.4708  data: 0.0193  max mem: 3698
Epoch: [5]  [20/77]  eta: 0:00:27  lr: 0.000500  loss: 0.3797 (0.4075)  loss_classifier: 0.0443 (0.0525)  loss_box_reg: 0.0919 (0.0993)  loss_mask: 0.2238 (0.2348)  loss_objectness: 0.0046 (0.0079)  loss_rpn_box_reg: 0.0132 (0.0130)  time: 0.4788  data: 0.0187  max mem: 3698
Epoch: [5]  [30/77]  eta: 0:00:21  lr: 0.000500  loss: 0.3458 (0.3902)  loss_classifier: 0.0430 (0.0489)  loss_box_reg: 0.0725 (0.0910)  loss_mask: 0.2232 (0.2312)  loss_objectness: 0.0046 (0.0072)  loss_rpn_box_reg: 0.0101 (0.0118)  time: 0.4620  data: 0.0172  max mem: 3698
Epoch: [5]  [40/77]  eta: 0:00:17  lr: 0.000500  loss: 0.3836 (0.3922)  loss_classifier: 0.0457 (0.0481)  loss_box_reg: 0.0800 (0.0902)  loss_mask: 0.2232 (0.2345)  loss_objectness: 0.0039 (0.0071)  loss_rpn_box_reg: 0.0100 (0.0123)  time: 0.4561  data: 0.0189  max mem: 3698
Epoch: [5]  [50/77]  eta: 0:00:12  lr: 0.000500  loss: 0.3846 (0.3874)  loss_classifier: 0.0459 (0.0468)  loss_box_reg: 0.0866 (0.0899)  loss_mask: 0.2241 (0.2321)  loss_objectness: 0.0038 (0.0068)  loss_rpn_box_reg: 0.0099 (0.0119)  time: 0.4637  data: 0.0189  max mem: 3698
Epoch: [5]  [60/77]  eta: 0:00:07  lr: 0.000500  loss: 0.3560 (0.3808)  loss_classifier: 0.0340 (0.0449)  loss_box_reg: 0.0753 (0.0860)  loss_mask: 0.2243 (0.2316)  loss_objectness: 0.0047 (0.0068)  loss_rpn_box_reg: 0.0099 (0.0115)  time: 0.4579  data: 0.0195  max mem: 3698
Epoch: [5]  [70/77]  eta: 0:00:03  lr: 0.000500  loss: 0.3241 (0.3733)  loss_classifier: 0.0320 (0.0441)  loss_box_reg: 0.0687 (0.0837)  loss_mask: 0.2084 (0.2272)  loss_objectness: 0.0047 (0.0072)  loss_rpn_box_reg: 0.0096 (0.0112)  time: 0.4559  data: 0.0190  max mem: 3698
Epoch: [5]  [76/77]  eta: 0:00:00  lr: 0.000500  loss: 0.2945 (0.3723)  loss_classifier: 0.0297 (0.0437)  loss_box_reg: 0.0642 (0.0844)  loss_mask: 0.1999 (0.2255)  loss_objectness: 0.0047 (0.0070)  loss_rpn_box_reg: 0.0090 (0.0117)  time: 0.4408  data: 0.0154  max mem: 3698
Epoch: [5] Total time: 0:00:35 (0.4593 s / it)
creating index...
index created!
Test:  [ 0/17]  eta: 0:00:02  model_time: 0.0997 (0.0997)  evaluator_time: 0.0091 (0.0091)  time: 0.1187  data: 0.0095  max mem: 3698
Test:  [16/17]  eta: 0:00:00  model_time: 0.0997 (0.1020)  evaluator_time: 0.0107 (0.0130)  time: 0.1274  data: 0.0116  max mem: 3698
Test: Total time: 0:00:02 (0.1274 s / it)
Averaged stats: model_time: 0.0997 (0.1020)  evaluator_time: 0.0107 (0.0130)
Accumulating evaluation results...
DONE (t=0.01s).
Accumulating evaluation results...
DONE (t=0.01s).
IoU metric: bbox
 Average Precision  (AP) @[ IoU=0.50:0.95 | area=   all | maxDets=100 ] = 0.416
 Average Precision  (AP) @[ IoU=0.50      | area=   all | maxDets=100 ] = 0.868
 Average Precision  (AP) @[ IoU=0.75      | area=   all | maxDets=100 ] = 0.339
 Average Precision  (AP) @[ IoU=0.50:0.95 | area= small | maxDets=100 ] = -1.000
 Average Precision  (AP) @[ IoU=0.50:0.95 | area=medium | maxDets=100 ] = 0.393
 Average Precision  (AP) @[ IoU=0.50:0.95 | area= large | maxDets=100 ] = 0.431
 Average Recall     (AR) @[ IoU=0.50:0.95 | area=   all | maxDets=  1 ] = 0.168
 Average Recall     (AR) @[ IoU=0.50:0.95 | area=   all | maxDets= 10 ] = 0.498
 Average Recall     (AR) @[ IoU=0.50:0.95 | area=   all | maxDets=100 ] = 0.518
 Average Recall     (AR) @[ IoU=0.50:0.95 | area= small | maxDets=100 ] = -1.000
 Average Recall     (AR) @[ IoU=0.50:0.95 | area=medium | maxDets=100 ] = 0.450
 Average Recall     (AR) @[ IoU=0.50:0.95 | area= large | maxDets=100 ] = 0.526
IoU metric: segm
 Average Precision  (AP) @[ IoU=0.50:0.95 | area=   all | maxDets=100 ] = 0.455
 Average Precision  (AP) @[ IoU=0.50      | area=   all | maxDets=100 ] = 0.862
 Average Precision  (AP) @[ IoU=0.75      | area=   all | maxDets=100 ] = 0.491
 Average Precision  (AP) @[ IoU=0.50:0.95 | area= small | maxDets=100 ] = -1.000
 Average Precision  (AP) @[ IoU=0.50:0.95 | area=medium | maxDets=100 ] = 0.287
 Average Precision  (AP) @[ IoU=0.50:0.95 | area= large | maxDets=100 ] = 0.480
 Average Recall     (AR) @[ IoU=0.50:0.95 | area=   all | maxDets=  1 ] = 0.204
 Average Recall     (AR) @[ IoU=0.50:0.95 | area=   all | maxDets= 10 ] = 0.480
 Average Recall     (AR) @[ IoU=0.50:0.95 | area=   all | maxDets=100 ] = 0.491
 Average Recall     (AR) @[ IoU=0.50:0.95 | area= small | maxDets=100 ] = -1.000
 Average Recall     (AR) @[ IoU=0.50:0.95 | area=medium | maxDets=100 ] = 0.367
 Average Recall     (AR) @[ IoU=0.50:0.95 | area= large | maxDets=100 ] = 0.506
Epoch: [6]  [ 0/77]  eta: 0:00:30  lr: 0.000050  loss: 0.3042 (0.3042)  loss_classifier: 0.0382 (0.0382)  loss_box_reg: 0.0650 (0.0650)  loss_mask: 0.1864 (0.1864)  loss_objectness: 0.0050 (0.0050)  loss_rpn_box_reg: 0.0096 (0.0096)  time: 0.3932  data: 0.0183  max mem: 3698
Epoch: [6]  [10/77]  eta: 0:00:31  lr: 0.000050  loss: 0.3449 (0.3478)  loss_classifier: 0.0392 (0.0401)  loss_box_reg: 0.0801 (0.0807)  loss_mask: 0.2079 (0.2136)  loss_objectness: 0.0042 (0.0036)  loss_rpn_box_reg: 0.0086 (0.0099)  time: 0.4686  data: 0.0166  max mem: 3698
Epoch: [6]  [20/77]  eta: 0:00:27  lr: 0.000050  loss: 0.3512 (0.3481)  loss_classifier: 0.0389 (0.0383)  loss_box_reg: 0.0899 (0.0857)  loss_mask: 0.2079 (0.2098)  loss_objectness: 0.0033 (0.0036)  loss_rpn_box_reg: 0.0101 (0.0107)  time: 0.4783  data: 0.0176  max mem: 3698
Epoch: [6]  [30/77]  eta: 0:00:22  lr: 0.000050  loss: 0.3611 (0.3561)  loss_classifier: 0.0412 (0.0420)  loss_box_reg: 0.0945 (0.0890)  loss_mask: 0.1993 (0.2080)  loss_objectness: 0.0034 (0.0041)  loss_rpn_box_reg: 0.0115 (0.0129)  time: 0.4866  data: 0.0178  max mem: 3698
Epoch: [6]  [40/77]  eta: 0:00:17  lr: 0.000050  loss: 0.3308 (0.3543)  loss_classifier: 0.0426 (0.0421)  loss_box_reg: 0.0695 (0.0843)  loss_mask: 0.1993 (0.2111)  loss_objectness: 0.0035 (0.0049)  loss_rpn_box_reg: 0.0095 (0.0120)  time: 0.4739  data: 0.0169  max mem: 3698
Epoch: [6]  [50/77]  eta: 0:00:12  lr: 0.000050  loss: 0.3189 (0.3501)  loss_classifier: 0.0293 (0.0404)  loss_box_reg: 0.0534 (0.0815)  loss_mask: 0.2049 (0.2117)  loss_objectness: 0.0035 (0.0052)  loss_rpn_box_reg: 0.0076 (0.0113)  time: 0.4507  data: 0.0162  max mem: 3698
Epoch: [6]  [60/77]  eta: 0:00:07  lr: 0.000050  loss: 0.3493 (0.3561)  loss_classifier: 0.0331 (0.0417)  loss_box_reg: 0.0779 (0.0821)  loss_mask: 0.2168 (0.2160)  loss_objectness: 0.0040 (0.0053)  loss_rpn_box_reg: 0.0067 (0.0111)  time: 0.4464  data: 0.0158  max mem: 3698
Epoch: [6]  [70/77]  eta: 0:00:03  lr: 0.000050  loss: 0.3716 (0.3584)  loss_classifier: 0.0438 (0.0426)  loss_box_reg: 0.0811 (0.0837)  loss_mask: 0.2168 (0.2158)  loss_objectness: 0.0032 (0.0052)  loss_rpn_box_reg: 0.0081 (0.0110)  time: 0.4637  data: 0.0162  max mem: 3698
Epoch: [6]  [76/77]  eta: 0:00:00  lr: 0.000050  loss: 0.3347 (0.3631)  loss_classifier: 0.0329 (0.0435)  loss_box_reg: 0.0768 (0.0843)  loss_mask: 0.2012 (0.2174)  loss_objectness: 0.0032 (0.0063)  loss_rpn_box_reg: 0.0077 (0.0115)  time: 0.4478  data: 0.0158  max mem: 3698
Epoch: [6] Total time: 0:00:35 (0.4624 s / it)
creating index...
index created!
Test:  [ 0/17]  eta: 0:00:02  model_time: 0.0979 (0.0979)  evaluator_time: 0.0099 (0.0099)  time: 0.1179  data: 0.0097  max mem: 3698
Test:  [16/17]  eta: 0:00:00  model_time: 0.0979 (0.1027)  evaluator_time: 0.0099 (0.0134)  time: 0.1284  data: 0.0116  max mem: 3698
Test: Total time: 0:00:02 (0.1285 s / it)
Averaged stats: model_time: 0.0979 (0.1027)  evaluator_time: 0.0099 (0.0134)
Accumulating evaluation results...
DONE (t=0.01s).
Accumulating evaluation results...
DONE (t=0.01s).
IoU metric: bbox
 Average Precision  (AP) @[ IoU=0.50:0.95 | area=   all | maxDets=100 ] = 0.445
 Average Precision  (AP) @[ IoU=0.50      | area=   all | maxDets=100 ] = 0.865
 Average Precision  (AP) @[ IoU=0.75      | area=   all | maxDets=100 ] = 0.379
 Average Precision  (AP) @[ IoU=0.50:0.95 | area= small | maxDets=100 ] = -1.000
 Average Precision  (AP) @[ IoU=0.50:0.95 | area=medium | maxDets=100 ] = 0.393
 Average Precision  (AP) @[ IoU=0.50:0.95 | area= large | maxDets=100 ] = 0.460
 Average Recall     (AR) @[ IoU=0.50:0.95 | area=   all | maxDets=  1 ] = 0.159
 Average Recall     (AR) @[ IoU=0.50:0.95 | area=   all | maxDets= 10 ] = 0.521
 Average Recall     (AR) @[ IoU=0.50:0.95 | area=   all | maxDets=100 ] = 0.543
 Average Recall     (AR) @[ IoU=0.50:0.95 | area= small | maxDets=100 ] = -1.000
 Average Recall     (AR) @[ IoU=0.50:0.95 | area=medium | maxDets=100 ] = 0.450
 Average Recall     (AR) @[ IoU=0.50:0.95 | area= large | maxDets=100 ] = 0.554
IoU metric: segm
 Average Precision  (AP) @[ IoU=0.50:0.95 | area=   all | maxDets=100 ] = 0.458
 Average Precision  (AP) @[ IoU=0.50      | area=   all | maxDets=100 ] = 0.859
 Average Precision  (AP) @[ IoU=0.75      | area=   all | maxDets=100 ] = 0.497
 Average Precision  (AP) @[ IoU=0.50:0.95 | area= small | maxDets=100 ] = -1.000
 Average Precision  (AP) @[ IoU=0.50:0.95 | area=medium | maxDets=100 ] = 0.298
 Average Precision  (AP) @[ IoU=0.50:0.95 | area= large | maxDets=100 ] = 0.483
 Average Recall     (AR) @[ IoU=0.50:0.95 | area=   all | maxDets=  1 ] = 0.196
 Average Recall     (AR) @[ IoU=0.50:0.95 | area=   all | maxDets= 10 ] = 0.487
 Average Recall     (AR) @[ IoU=0.50:0.95 | area=   all | maxDets=100 ] = 0.498
 Average Recall     (AR) @[ IoU=0.50:0.95 | area= small | maxDets=100 ] = -1.000
 Average Recall     (AR) @[ IoU=0.50:0.95 | area=medium | maxDets=100 ] = 0.367
 Average Recall     (AR) @[ IoU=0.50:0.95 | area= large | maxDets=100 ] = 0.514
Epoch: [7]  [ 0/77]  eta: 0:00:37  lr: 0.000050  loss: 0.3037 (0.3037)  loss_classifier: 0.0266 (0.0266)  loss_box_reg: 0.0736 (0.0736)  loss_mask: 0.1959 (0.1959)  loss_objectness: 0.0011 (0.0011)  loss_rpn_box_reg: 0.0065 (0.0065)  time: 0.4818  data: 0.0205  max mem: 3698
Epoch: [7]  [10/77]  eta: 0:00:32  lr: 0.000050  loss: 0.3037 (0.3870)  loss_classifier: 0.0336 (0.0514)  loss_box_reg: 0.0736 (0.0882)  loss_mask: 0.1897 (0.2231)  loss_objectness: 0.0020 (0.0113)  loss_rpn_box_reg: 0.0096 (0.0130)  time: 0.4801  data: 0.0195  max mem: 3698
Epoch: [7]  [20/77]  eta: 0:00:26  lr: 0.000050  loss: 0.2965 (0.3526)  loss_classifier: 0.0289 (0.0414)  loss_box_reg: 0.0541 (0.0769)  loss_mask: 0.1828 (0.2174)  loss_objectness: 0.0025 (0.0072)  loss_rpn_box_reg: 0.0068 (0.0098)  time: 0.4576  data: 0.0165  max mem: 3698
Epoch: [7]  [30/77]  eta: 0:00:21  lr: 0.000050  loss: 0.3192 (0.3749)  loss_classifier: 0.0381 (0.0459)  loss_box_reg: 0.0627 (0.0869)  loss_mask: 0.1919 (0.2242)  loss_objectness: 0.0029 (0.0062)  loss_rpn_box_reg: 0.0068 (0.0117)  time: 0.4602  data: 0.0156  max mem: 3698
Epoch: [7]  [40/77]  eta: 0:00:17  lr: 0.000050  loss: 0.3542 (0.3652)  loss_classifier: 0.0413 (0.0452)  loss_box_reg: 0.0720 (0.0856)  loss_mask: 0.2010 (0.2159)  loss_objectness: 0.0044 (0.0062)  loss_rpn_box_reg: 0.0120 (0.0124)  time: 0.4788  data: 0.0176  max mem: 3698
Epoch: [7]  [50/77]  eta: 0:00:12  lr: 0.000050  loss: 0.3442 (0.3659)  loss_classifier: 0.0372 (0.0457)  loss_box_reg: 0.0732 (0.0850)  loss_mask: 0.1996 (0.2165)  loss_objectness: 0.0058 (0.0066)  loss_rpn_box_reg: 0.0084 (0.0121)  time: 0.4626  data: 0.0174  max mem: 3698
Epoch: [7]  [60/77]  eta: 0:00:07  lr: 0.000050  loss: 0.3414 (0.3605)  loss_classifier: 0.0353 (0.0439)  loss_box_reg: 0.0755 (0.0838)  loss_mask: 0.1909 (0.2148)  loss_objectness: 0.0025 (0.0061)  loss_rpn_box_reg: 0.0112 (0.0119)  time: 0.4529  data: 0.0160  max mem: 3698
Epoch: [7]  [70/77]  eta: 0:00:03  lr: 0.000050  loss: 0.3357 (0.3598)  loss_classifier: 0.0344 (0.0435)  loss_box_reg: 0.0767 (0.0838)  loss_mask: 0.2017 (0.2147)  loss_objectness: 0.0027 (0.0062)  loss_rpn_box_reg: 0.0112 (0.0117)  time: 0.4469  data: 0.0165  max mem: 3698
Epoch: [7]  [76/77]  eta: 0:00:00  lr: 0.000050  loss: 0.3565 (0.3624)  loss_classifier: 0.0360 (0.0434)  loss_box_reg: 0.0829 (0.0837)  loss_mask: 0.2084 (0.2176)  loss_objectness: 0.0036 (0.0062)  loss_rpn_box_reg: 0.0087 (0.0115)  time: 0.4355  data: 0.0164  max mem: 3698
Epoch: [7] Total time: 0:00:35 (0.4580 s / it)
creating index...
index created!
Test:  [ 0/17]  eta: 0:00:01  model_time: 0.0969 (0.0969)  evaluator_time: 0.0100 (0.0100)  time: 0.1167  data: 0.0093  max mem: 3698
Test:  [16/17]  eta: 0:00:00  model_time: 0.0969 (0.1020)  evaluator_time: 0.0101 (0.0134)  time: 0.1277  data: 0.0115  max mem: 3698
Test: Total time: 0:00:02 (0.1277 s / it)
Averaged stats: model_time: 0.0969 (0.1020)  evaluator_time: 0.0101 (0.0134)
Accumulating evaluation results...
DONE (t=0.01s).
Accumulating evaluation results...
DONE (t=0.01s).
IoU metric: bbox
 Average Precision  (AP) @[ IoU=0.50:0.95 | area=   all | maxDets=100 ] = 0.440
 Average Precision  (AP) @[ IoU=0.50      | area=   all | maxDets=100 ] = 0.868
 Average Precision  (AP) @[ IoU=0.75      | area=   all | maxDets=100 ] = 0.360
 Average Precision  (AP) @[ IoU=0.50:0.95 | area= small | maxDets=100 ] = -1.000
 Average Precision  (AP) @[ IoU=0.50:0.95 | area=medium | maxDets=100 ] = 0.410
 Average Precision  (AP) @[ IoU=0.50:0.95 | area= large | maxDets=100 ] = 0.454
 Average Recall     (AR) @[ IoU=0.50:0.95 | area=   all | maxDets=  1 ] = 0.157
 Average Recall     (AR) @[ IoU=0.50:0.95 | area=   all | maxDets= 10 ] = 0.516
 Average Recall     (AR) @[ IoU=0.50:0.95 | area=   all | maxDets=100 ] = 0.537
 Average Recall     (AR) @[ IoU=0.50:0.95 | area= small | maxDets=100 ] = -1.000
 Average Recall     (AR) @[ IoU=0.50:0.95 | area=medium | maxDets=100 ] = 0.450
 Average Recall     (AR) @[ IoU=0.50:0.95 | area= large | maxDets=100 ] = 0.548
IoU metric: segm
 Average Precision  (AP) @[ IoU=0.50:0.95 | area=   all | maxDets=100 ] = 0.460
 Average Precision  (AP) @[ IoU=0.50      | area=   all | maxDets=100 ] = 0.860
 Average Precision  (AP) @[ IoU=0.75      | area=   all | maxDets=100 ] = 0.514
 Average Precision  (AP) @[ IoU=0.50:0.95 | area= small | maxDets=100 ] = -1.000
 Average Precision  (AP) @[ IoU=0.50:0.95 | area=medium | maxDets=100 ] = 0.303
 Average Precision  (AP) @[ IoU=0.50:0.95 | area= large | maxDets=100 ] = 0.485
 Average Recall     (AR) @[ IoU=0.50:0.95 | area=   all | maxDets=  1 ] = 0.196
 Average Recall     (AR) @[ IoU=0.50:0.95 | area=   all | maxDets= 10 ] = 0.489
 Average Recall     (AR) @[ IoU=0.50:0.95 | area=   all | maxDets=100 ] = 0.500
 Average Recall     (AR) @[ IoU=0.50:0.95 | area= small | maxDets=100 ] = -1.000
 Average Recall     (AR) @[ IoU=0.50:0.95 | area=medium | maxDets=100 ] = 0.367
 Average Recall     (AR) @[ IoU=0.50:0.95 | area= large | maxDets=100 ] = 0.516
Epoch: [8]  [ 0/77]  eta: 0:00:39  lr: 0.000050  loss: 0.2885 (0.2885)  loss_classifier: 0.0284 (0.0284)  loss_box_reg: 0.0898 (0.0898)  loss_mask: 0.1636 (0.1636)  loss_objectness: 0.0023 (0.0023)  loss_rpn_box_reg: 0.0044 (0.0044)  time: 0.5160  data: 0.0158  max mem: 3698
Epoch: [8]  [10/77]  eta: 0:00:32  lr: 0.000050  loss: 0.3920 (0.3619)  loss_classifier: 0.0431 (0.0407)  loss_box_reg: 0.0898 (0.0871)  loss_mask: 0.2127 (0.2147)  loss_objectness: 0.0069 (0.0078)  loss_rpn_box_reg: 0.0104 (0.0116)  time: 0.4791  data: 0.0170  max mem: 3698
Epoch: [8]  [20/77]  eta: 0:00:27  lr: 0.000050  loss: 0.3340 (0.3636)  loss_classifier: 0.0431 (0.0430)  loss_box_reg: 0.0829 (0.0885)  loss_mask: 0.2107 (0.2136)  loss_objectness: 0.0069 (0.0074)  loss_rpn_box_reg: 0.0104 (0.0112)  time: 0.4809  data: 0.0212  max mem: 3698
Epoch: [8]  [30/77]  eta: 0:00:22  lr: 0.000050  loss: 0.3115 (0.3573)  loss_classifier: 0.0359 (0.0423)  loss_box_reg: 0.0755 (0.0854)  loss_mask: 0.2065 (0.2127)  loss_objectness: 0.0042 (0.0067)  loss_rpn_box_reg: 0.0071 (0.0103)  time: 0.4662  data: 0.0212  max mem: 3698
Epoch: [8]  [40/77]  eta: 0:00:17  lr: 0.000050  loss: 0.3444 (0.3647)  loss_classifier: 0.0371 (0.0446)  loss_box_reg: 0.0778 (0.0866)  loss_mask: 0.1996 (0.2138)  loss_objectness: 0.0042 (0.0080)  loss_rpn_box_reg: 0.0086 (0.0116)  time: 0.4589  data: 0.0185  max mem: 3698
Epoch: [8]  [50/77]  eta: 0:00:12  lr: 0.000050  loss: 0.3466 (0.3704)  loss_classifier: 0.0392 (0.0455)  loss_box_reg: 0.0778 (0.0875)  loss_mask: 0.2031 (0.2176)  loss_objectness: 0.0054 (0.0076)  loss_rpn_box_reg: 0.0103 (0.0121)  time: 0.4619  data: 0.0177  max mem: 3698
Epoch: [8]  [60/77]  eta: 0:00:07  lr: 0.000050  loss: 0.3491 (0.3675)  loss_classifier: 0.0392 (0.0444)  loss_box_reg: 0.0771 (0.0866)  loss_mask: 0.2135 (0.2177)  loss_objectness: 0.0043 (0.0071)  loss_rpn_box_reg: 0.0097 (0.0117)  time: 0.4561  data: 0.0158  max mem: 3698
Epoch: [8]  [70/77]  eta: 0:00:03  lr: 0.000050  loss: 0.3421 (0.3616)  loss_classifier: 0.0299 (0.0430)  loss_box_reg: 0.0771 (0.0847)  loss_mask: 0.2040 (0.2161)  loss_objectness: 0.0024 (0.0065)  loss_rpn_box_reg: 0.0090 (0.0113)  time: 0.4621  data: 0.0161  max mem: 3698
Epoch: [8]  [76/77]  eta: 0:00:00  lr: 0.000050  loss: 0.3378 (0.3653)  loss_classifier: 0.0394 (0.0436)  loss_box_reg: 0.0691 (0.0848)  loss_mask: 0.2103 (0.2191)  loss_objectness: 0.0038 (0.0067)  loss_rpn_box_reg: 0.0090 (0.0111)  time: 0.4482  data: 0.0159  max mem: 3698
Epoch: [8] Total time: 0:00:35 (0.4622 s / it)
creating index...
index created!
Test:  [ 0/17]  eta: 0:00:02  model_time: 0.1018 (0.1018)  evaluator_time: 0.0094 (0.0094)  time: 0.1221  data: 0.0104  max mem: 3698
Test:  [16/17]  eta: 0:00:00  model_time: 0.0992 (0.1018)  evaluator_time: 0.0101 (0.0134)  time: 0.1279  data: 0.0120  max mem: 3698
Test: Total time: 0:00:02 (0.1280 s / it)
Averaged stats: model_time: 0.0992 (0.1018)  evaluator_time: 0.0101 (0.0134)
Accumulating evaluation results...
DONE (t=0.01s).
Accumulating evaluation results...
DONE (t=0.01s).
IoU metric: bbox
 Average Precision  (AP) @[ IoU=0.50:0.95 | area=   all | maxDets=100 ] = 0.445
 Average Precision  (AP) @[ IoU=0.50      | area=   all | maxDets=100 ] = 0.867
 Average Precision  (AP) @[ IoU=0.75      | area=   all | maxDets=100 ] = 0.382
 Average Precision  (AP) @[ IoU=0.50:0.95 | area= small | maxDets=100 ] = -1.000
 Average Precision  (AP) @[ IoU=0.50:0.95 | area=medium | maxDets=100 ] = 0.428
 Average Precision  (AP) @[ IoU=0.50:0.95 | area= large | maxDets=100 ] = 0.459
 Average Recall     (AR) @[ IoU=0.50:0.95 | area=   all | maxDets=  1 ] = 0.163
 Average Recall     (AR) @[ IoU=0.50:0.95 | area=   all | maxDets= 10 ] = 0.521
 Average Recall     (AR) @[ IoU=0.50:0.95 | area=   all | maxDets=100 ] = 0.543
 Average Recall     (AR) @[ IoU=0.50:0.95 | area= small | maxDets=100 ] = -1.000
 Average Recall     (AR) @[ IoU=0.50:0.95 | area=medium | maxDets=100 ] = 0.467
 Average Recall     (AR) @[ IoU=0.50:0.95 | area= large | maxDets=100 ] = 0.552
IoU metric: segm
 Average Precision  (AP) @[ IoU=0.50:0.95 | area=   all | maxDets=100 ] = 0.462
 Average Precision  (AP) @[ IoU=0.50      | area=   all | maxDets=100 ] = 0.860
 Average Precision  (AP) @[ IoU=0.75      | area=   all | maxDets=100 ] = 0.510
 Average Precision  (AP) @[ IoU=0.50:0.95 | area= small | maxDets=100 ] = -1.000
 Average Precision  (AP) @[ IoU=0.50:0.95 | area=medium | maxDets=100 ] = 0.298
 Average Precision  (AP) @[ IoU=0.50:0.95 | area= large | maxDets=100 ] = 0.486
 Average Recall     (AR) @[ IoU=0.50:0.95 | area=   all | maxDets=  1 ] = 0.191
 Average Recall     (AR) @[ IoU=0.50:0.95 | area=   all | maxDets= 10 ] = 0.495
 Average Recall     (AR) @[ IoU=0.50:0.95 | area=   all | maxDets=100 ] = 0.507
 Average Recall     (AR) @[ IoU=0.50:0.95 | area= small | maxDets=100 ] = -1.000
 Average Recall     (AR) @[ IoU=0.50:0.95 | area=medium | maxDets=100 ] = 0.400
 Average Recall     (AR) @[ IoU=0.50:0.95 | area= large | maxDets=100 ] = 0.520
Epoch: [9]  [ 0/77]  eta: 0:00:36  lr: 0.000005  loss: 0.3280 (0.3280)  loss_classifier: 0.0383 (0.0383)  loss_box_reg: 0.0662 (0.0662)  loss_mask: 0.2121 (0.2121)  loss_objectness: 0.0056 (0.0056)  loss_rpn_box_reg: 0.0058 (0.0058)  time: 0.4722  data: 0.0142  max mem: 3698
Epoch: [9]  [10/77]  eta: 0:00:31  lr: 0.000005  loss: 0.3241 (0.3732)  loss_classifier: 0.0358 (0.0489)  loss_box_reg: 0.0674 (0.0810)  loss_mask: 0.2006 (0.2196)  loss_objectness: 0.0038 (0.0104)  loss_rpn_box_reg: 0.0065 (0.0133)  time: 0.4769  data: 0.0196  max mem: 3698
Epoch: [9]  [20/77]  eta: 0:00:26  lr: 0.000005  loss: 0.3241 (0.3621)  loss_classifier: 0.0346 (0.0450)  loss_box_reg: 0.0746 (0.0792)  loss_mask: 0.2006 (0.2150)  loss_objectness: 0.0040 (0.0104)  loss_rpn_box_reg: 0.0106 (0.0125)  time: 0.4706  data: 0.0179  max mem: 3698
Epoch: [9]  [30/77]  eta: 0:00:21  lr: 0.000005  loss: 0.3397 (0.3640)  loss_classifier: 0.0409 (0.0445)  loss_box_reg: 0.0860 (0.0822)  loss_mask: 0.2094 (0.2164)  loss_objectness: 0.0040 (0.0085)  loss_rpn_box_reg: 0.0128 (0.0124)  time: 0.4612  data: 0.0183  max mem: 3698
Epoch: [9]  [40/77]  eta: 0:00:17  lr: 0.000005  loss: 0.3128 (0.3566)  loss_classifier: 0.0387 (0.0428)  loss_box_reg: 0.0724 (0.0801)  loss_mask: 0.2093 (0.2148)  loss_objectness: 0.0035 (0.0077)  loss_rpn_box_reg: 0.0080 (0.0113)  time: 0.4583  data: 0.0178  max mem: 3698
Epoch: [9]  [50/77]  eta: 0:00:12  lr: 0.000005  loss: 0.3218 (0.3579)  loss_classifier: 0.0299 (0.0418)  loss_box_reg: 0.0743 (0.0818)  loss_mask: 0.1951 (0.2157)  loss_objectness: 0.0039 (0.0072)  loss_rpn_box_reg: 0.0071 (0.0113)  time: 0.4641  data: 0.0182  max mem: 3698
Epoch: [9]  [60/77]  eta: 0:00:07  lr: 0.000005  loss: 0.3320 (0.3574)  loss_classifier: 0.0338 (0.0410)  loss_box_reg: 0.0835 (0.0815)  loss_mask: 0.2048 (0.2169)  loss_objectness: 0.0039 (0.0067)  loss_rpn_box_reg: 0.0096 (0.0113)  time: 0.4593  data: 0.0183  max mem: 3698
Epoch: [9]  [70/77]  eta: 0:00:03  lr: 0.000005  loss: 0.3663 (0.3648)  loss_classifier: 0.0469 (0.0436)  loss_box_reg: 0.0817 (0.0840)  loss_mask: 0.2210 (0.2189)  loss_objectness: 0.0042 (0.0071)  loss_rpn_box_reg: 0.0075 (0.0112)  time: 0.4659  data: 0.0178  max mem: 3698
Epoch: [9]  [76/77]  eta: 0:00:00  lr: 0.000005  loss: 0.3426 (0.3612)  loss_classifier: 0.0461 (0.0429)  loss_box_reg: 0.0805 (0.0834)  loss_mask: 0.2038 (0.2171)  loss_objectness: 0.0040 (0.0068)  loss_rpn_box_reg: 0.0065 (0.0111)  time: 0.4563  data: 0.0189  max mem: 3698
Epoch: [9] Total time: 0:00:35 (0.4629 s / it)
creating index...
index created!
Test:  [ 0/17]  eta: 0:00:01  model_time: 0.0977 (0.0977)  evaluator_time: 0.0097 (0.0097)  time: 0.1173  data: 0.0095  max mem: 3698
Test:  [16/17]  eta: 0:00:00  model_time: 0.0977 (0.1015)  evaluator_time: 0.0105 (0.0133)  time: 0.1270  data: 0.0116  max mem: 3698
Test: Total time: 0:00:02 (0.1271 s / it)
Averaged stats: model_time: 0.0977 (0.1015)  evaluator_time: 0.0105 (0.0133)
Accumulating evaluation results...
DONE (t=0.01s).
Accumulating evaluation results...
DONE (t=0.01s).
IoU metric: bbox
 Average Precision  (AP) @[ IoU=0.50:0.95 | area=   all | maxDets=100 ] = 0.445
 Average Precision  (AP) @[ IoU=0.50      | area=   all | maxDets=100 ] = 0.866
 Average Precision  (AP) @[ IoU=0.75      | area=   all | maxDets=100 ] = 0.382
 Average Precision  (AP) @[ IoU=0.50:0.95 | area= small | maxDets=100 ] = -1.000
 Average Precision  (AP) @[ IoU=0.50:0.95 | area=medium | maxDets=100 ] = 0.428
 Average Precision  (AP) @[ IoU=0.50:0.95 | area= large | maxDets=100 ] = 0.458
 Average Recall     (AR) @[ IoU=0.50:0.95 | area=   all | maxDets=  1 ] = 0.163
 Average Recall     (AR) @[ IoU=0.50:0.95 | area=   all | maxDets= 10 ] = 0.521
 Average Recall     (AR) @[ IoU=0.50:0.95 | area=   all | maxDets=100 ] = 0.543
 Average Recall     (AR) @[ IoU=0.50:0.95 | area= small | maxDets=100 ] = -1.000
 Average Recall     (AR) @[ IoU=0.50:0.95 | area=medium | maxDets=100 ] = 0.467
 Average Recall     (AR) @[ IoU=0.50:0.95 | area= large | maxDets=100 ] = 0.552
IoU metric: segm
 Average Precision  (AP) @[ IoU=0.50:0.95 | area=   all | maxDets=100 ] = 0.462
 Average Precision  (AP) @[ IoU=0.50      | area=   all | maxDets=100 ] = 0.860
 Average Precision  (AP) @[ IoU=0.75      | area=   all | maxDets=100 ] = 0.510
 Average Precision  (AP) @[ IoU=0.50:0.95 | area= small | maxDets=100 ] = -1.000
 Average Precision  (AP) @[ IoU=0.50:0.95 | area=medium | maxDets=100 ] = 0.298
 Average Precision  (AP) @[ IoU=0.50:0.95 | area= large | maxDets=100 ] = 0.486
 Average Recall     (AR) @[ IoU=0.50:0.95 | area=   all | maxDets=  1 ] = 0.191
 Average Recall     (AR) @[ IoU=0.50:0.95 | area=   all | maxDets= 10 ] = 0.495
 Average Recall     (AR) @[ IoU=0.50:0.95 | area=   all | maxDets=100 ] = 0.507
 Average Recall     (AR) @[ IoU=0.50:0.95 | area= small | maxDets=100 ] = -1.000
 Average Recall     (AR) @[ IoU=0.50:0.95 | area=medium | maxDets=100 ] = 0.400
 Average Recall     (AR) @[ IoU=0.50:0.95 | area= large | maxDets=100 ] = 0.520
That's it!
