nohup: ignoring input
/home/deipss/anaconda3/envs/py310/lib/python3.10/site-packages/torch/autograd/graph.py:744: UserWarning: Plan failed with a cudnnException: CUDNN_BACKEND_EXECUTION_PLAN_DESCRIPTOR: cudnnFinalize Descriptor Failed cudnn_status: CUDNN_STATUS_NOT_SUPPORTED (Triggered internally at ../aten/src/ATen/native/cudnn/Conv_v8.cpp:919.)
  return Variable._execution_engine.run_backward(  # Calls into the C++ engine to run the backward pass
test_len=31
Epoch: [0]  [  0/140]  eta: 0:03:06  lr: 0.000041  loss: 4.2543 (4.2543)  loss_classifier: 1.3199 (1.3199)  loss_box_reg: 0.0003 (0.0003)  loss_mask: 2.1835 (2.1835)  loss_objectness: 0.7450 (0.7450)  loss_rpn_box_reg: 0.0055 (0.0055)  time: 1.3341  data: 0.0749  max mem: 5006
Epoch: [0]  [ 10/140]  eta: 0:01:31  lr: 0.000400  loss: 4.2543 (4.3302)  loss_classifier: 0.0405 (0.3457)  loss_box_reg: 0.0004 (0.0036)  loss_mask: 2.7059 (3.2668)  loss_objectness: 0.7211 (0.7075)  loss_rpn_box_reg: 0.0055 (0.0066)  time: 0.7011  data: 0.0743  max mem: 5175
Epoch: [0]  [ 20/140]  eta: 0:01:21  lr: 0.000760  loss: 2.7149 (3.3878)  loss_classifier: 0.0655 (0.2136)  loss_box_reg: 0.0006 (0.0088)  loss_mask: 2.0559 (2.5865)  loss_objectness: 0.5887 (0.5732)  loss_rpn_box_reg: 0.0048 (0.0059)  time: 0.6422  data: 0.0740  max mem: 5175
Epoch: [0]  [ 30/140]  eta: 0:01:12  lr: 0.001119  loss: 1.7470 (2.7142)  loss_classifier: 0.0634 (0.1617)  loss_box_reg: 0.0171 (0.0145)  loss_mask: 1.2969 (2.0924)  loss_objectness: 0.2561 (0.4379)  loss_rpn_box_reg: 0.0054 (0.0077)  time: 0.6418  data: 0.0723  max mem: 5175
Epoch: [0]  [ 40/140]  eta: 0:01:05  lr: 0.001478  loss: 1.0331 (2.3104)  loss_classifier: 0.0579 (0.1413)  loss_box_reg: 0.0295 (0.0181)  loss_mask: 0.8507 (1.8002)  loss_objectness: 0.0707 (0.3439)  loss_rpn_box_reg: 0.0054 (0.0070)  time: 0.6345  data: 0.0686  max mem: 5175
Epoch: [0]  [ 50/140]  eta: 0:00:58  lr: 0.001838  loss: 0.8829 (2.0267)  loss_classifier: 0.0588 (0.1261)  loss_box_reg: 0.0295 (0.0199)  loss_mask: 0.7348 (1.5880)  loss_objectness: 0.0458 (0.2855)  loss_rpn_box_reg: 0.0052 (0.0072)  time: 0.6327  data: 0.0675  max mem: 5175
Epoch: [0]  [ 60/140]  eta: 0:00:51  lr: 0.002197  loss: 0.8509 (1.8249)  loss_classifier: 0.0545 (0.1168)  loss_box_reg: 0.0307 (0.0236)  loss_mask: 0.7032 (1.4321)  loss_objectness: 0.0372 (0.2453)  loss_rpn_box_reg: 0.0067 (0.0071)  time: 0.6322  data: 0.0676  max mem: 5175
Epoch: [0]  [ 70/140]  eta: 0:00:45  lr: 0.002556  loss: 0.7900 (1.6880)  loss_classifier: 0.0618 (0.1099)  loss_box_reg: 0.0363 (0.0269)  loss_mask: 0.6800 (1.3284)  loss_objectness: 0.0372 (0.2157)  loss_rpn_box_reg: 0.0055 (0.0070)  time: 0.6340  data: 0.0682  max mem: 5175
Epoch: [0]  [ 80/140]  eta: 0:00:38  lr: 0.002916  loss: 0.8116 (1.5819)  loss_classifier: 0.0643 (0.1046)  loss_box_reg: 0.0363 (0.0294)  loss_mask: 0.6640 (1.2472)  loss_objectness: 0.0295 (0.1934)  loss_rpn_box_reg: 0.0050 (0.0072)  time: 0.6363  data: 0.0688  max mem: 5175
Epoch: [0]  [ 90/140]  eta: 0:00:32  lr: 0.003275  loss: 0.7620 (1.4930)  loss_classifier: 0.0561 (0.0986)  loss_box_reg: 0.0335 (0.0298)  loss_mask: 0.6263 (1.1803)  loss_objectness: 0.0295 (0.1769)  loss_rpn_box_reg: 0.0052 (0.0074)  time: 0.6344  data: 0.0672  max mem: 5175
Epoch: [0]  [100/140]  eta: 0:00:25  lr: 0.003634  loss: 0.7614 (1.4238)  loss_classifier: 0.0552 (0.0944)  loss_box_reg: 0.0303 (0.0302)  loss_mask: 0.6246 (1.1277)  loss_objectness: 0.0379 (0.1636)  loss_rpn_box_reg: 0.0061 (0.0080)  time: 0.6336  data: 0.0677  max mem: 5175
Epoch: [0]  [110/140]  eta: 0:00:19  lr: 0.003994  loss: 0.7719 (1.3670)  loss_classifier: 0.0587 (0.0912)  loss_box_reg: 0.0303 (0.0312)  loss_mask: 0.6319 (1.0845)  loss_objectness: 0.0355 (0.1522)  loss_rpn_box_reg: 0.0061 (0.0079)  time: 0.6349  data: 0.0690  max mem: 5175
Epoch: [0]  [120/140]  eta: 0:00:12  lr: 0.004353  loss: 0.7567 (1.3186)  loss_classifier: 0.0513 (0.0890)  loss_box_reg: 0.0364 (0.0325)  loss_mask: 0.6132 (1.0466)  loss_objectness: 0.0304 (0.1427)  loss_rpn_box_reg: 0.0058 (0.0078)  time: 0.6358  data: 0.0687  max mem: 5175
Epoch: [0]  [130/140]  eta: 0:00:06  lr: 0.004713  loss: 0.7302 (1.2759)  loss_classifier: 0.0552 (0.0867)  loss_box_reg: 0.0314 (0.0330)  loss_mask: 0.6067 (1.0126)  loss_objectness: 0.0413 (0.1357)  loss_rpn_box_reg: 0.0058 (0.0079)  time: 0.6360  data: 0.0682  max mem: 5175
Epoch: [0]  [139/140]  eta: 0:00:00  lr: 0.005000  loss: 0.7246 (1.2419)  loss_classifier: 0.0559 (0.0854)  loss_box_reg: 0.0332 (0.0336)  loss_mask: 0.5654 (0.9860)  loss_objectness: 0.0349 (0.1291)  loss_rpn_box_reg: 0.0078 (0.0079)  time: 0.6210  data: 0.0663  max mem: 5175
Epoch: [0] Total time: 0:01:29 (0.6388 s / it)
creating index...
index created!
Test:  [ 0/31]  eta: 0:00:08  model_time: 0.1618 (0.1618)  evaluator_time: 0.0681 (0.0681)  time: 0.2779  data: 0.0442  max mem: 5175
Test:  [30/31]  eta: 0:00:00  model_time: 0.1367 (0.1438)  evaluator_time: 0.0495 (0.0571)  time: 0.2614  data: 0.0467  max mem: 5175
Test: Total time: 0:00:07 (0.2562 s / it)
Averaged stats: model_time: 0.1367 (0.1438)  evaluator_time: 0.0495 (0.0571)
Accumulating evaluation results...
DONE (t=0.00s).
Accumulating evaluation results...
DONE (t=0.00s).
IoU metric: bbox
 Average Precision  (AP) @[ IoU=0.50:0.95 | area=   all | maxDets=100 ] = 0.000
 Average Precision  (AP) @[ IoU=0.50      | area=   all | maxDets=100 ] = 0.001
 Average Precision  (AP) @[ IoU=0.75      | area=   all | maxDets=100 ] = 0.000
 Average Precision  (AP) @[ IoU=0.50:0.95 | area= small | maxDets=100 ] = -1.000
 Average Precision  (AP) @[ IoU=0.50:0.95 | area=medium | maxDets=100 ] = -1.000
 Average Precision  (AP) @[ IoU=0.50:0.95 | area= large | maxDets=100 ] = 0.000
 Average Recall     (AR) @[ IoU=0.50:0.95 | area=   all | maxDets=  1 ] = 0.000
 Average Recall     (AR) @[ IoU=0.50:0.95 | area=   all | maxDets= 10 ] = 0.010
 Average Recall     (AR) @[ IoU=0.50:0.95 | area=   all | maxDets=100 ] = 0.019
 Average Recall     (AR) @[ IoU=0.50:0.95 | area= small | maxDets=100 ] = -1.000
 Average Recall     (AR) @[ IoU=0.50:0.95 | area=medium | maxDets=100 ] = -1.000
 Average Recall     (AR) @[ IoU=0.50:0.95 | area= large | maxDets=100 ] = 0.019
IoU metric: segm
 Average Precision  (AP) @[ IoU=0.50:0.95 | area=   all | maxDets=100 ] = 0.000
 Average Precision  (AP) @[ IoU=0.50      | area=   all | maxDets=100 ] = 0.001
 Average Precision  (AP) @[ IoU=0.75      | area=   all | maxDets=100 ] = 0.000
 Average Precision  (AP) @[ IoU=0.50:0.95 | area= small | maxDets=100 ] = -1.000
 Average Precision  (AP) @[ IoU=0.50:0.95 | area=medium | maxDets=100 ] = -1.000
 Average Precision  (AP) @[ IoU=0.50:0.95 | area= large | maxDets=100 ] = 0.000
 Average Recall     (AR) @[ IoU=0.50:0.95 | area=   all | maxDets=  1 ] = 0.000
 Average Recall     (AR) @[ IoU=0.50:0.95 | area=   all | maxDets= 10 ] = 0.006
 Average Recall     (AR) @[ IoU=0.50:0.95 | area=   all | maxDets=100 ] = 0.006
 Average Recall     (AR) @[ IoU=0.50:0.95 | area= small | maxDets=100 ] = -1.000
 Average Recall     (AR) @[ IoU=0.50:0.95 | area=medium | maxDets=100 ] = -1.000
 Average Recall     (AR) @[ IoU=0.50:0.95 | area= large | maxDets=100 ] = 0.006
Epoch: [1]  [  0/140]  eta: 0:01:28  lr: 0.005000  loss: 0.7408 (0.7408)  loss_classifier: 0.0684 (0.0684)  loss_box_reg: 0.0530 (0.0530)  loss_mask: 0.5776 (0.5776)  loss_objectness: 0.0380 (0.0380)  loss_rpn_box_reg: 0.0038 (0.0038)  time: 0.6331  data: 0.0654  max mem: 5175
Epoch: [1]  [ 10/140]  eta: 0:01:22  lr: 0.005000  loss: 0.7893 (0.7821)  loss_classifier: 0.0664 (0.0649)  loss_box_reg: 0.0499 (0.0509)  loss_mask: 0.6304 (0.6299)  loss_objectness: 0.0292 (0.0310)  loss_rpn_box_reg: 0.0056 (0.0054)  time: 0.6362  data: 0.0684  max mem: 5175
Epoch: [1]  [ 20/140]  eta: 0:01:16  lr: 0.005000  loss: 0.7539 (0.7537)  loss_classifier: 0.0614 (0.0676)  loss_box_reg: 0.0498 (0.0531)  loss_mask: 0.5732 (0.5896)  loss_objectness: 0.0292 (0.0362)  loss_rpn_box_reg: 0.0061 (0.0072)  time: 0.6360  data: 0.0679  max mem: 5175
Epoch: [1]  [ 30/140]  eta: 0:01:09  lr: 0.005000  loss: 0.7381 (0.7720)  loss_classifier: 0.0564 (0.0660)  loss_box_reg: 0.0486 (0.0517)  loss_mask: 0.5543 (0.6078)  loss_objectness: 0.0292 (0.0382)  loss_rpn_box_reg: 0.0073 (0.0083)  time: 0.6341  data: 0.0663  max mem: 5175
Epoch: [1]  [ 40/140]  eta: 0:01:03  lr: 0.005000  loss: 0.7637 (0.7750)  loss_classifier: 0.0564 (0.0642)  loss_box_reg: 0.0457 (0.0494)  loss_mask: 0.6172 (0.6167)  loss_objectness: 0.0288 (0.0366)  loss_rpn_box_reg: 0.0060 (0.0081)  time: 0.6348  data: 0.0673  max mem: 5175
Epoch: [1]  [ 50/140]  eta: 0:00:57  lr: 0.005000  loss: 0.8330 (0.7940)  loss_classifier: 0.0613 (0.0657)  loss_box_reg: 0.0441 (0.0510)  loss_mask: 0.6750 (0.6328)  loss_objectness: 0.0288 (0.0368)  loss_rpn_box_reg: 0.0051 (0.0076)  time: 0.6375  data: 0.0689  max mem: 5175
Epoch: [1]  [ 60/140]  eta: 0:00:50  lr: 0.005000  loss: 0.8018 (0.7899)  loss_classifier: 0.0705 (0.0662)  loss_box_reg: 0.0463 (0.0509)  loss_mask: 0.6208 (0.6280)  loss_objectness: 0.0337 (0.0374)  loss_rpn_box_reg: 0.0051 (0.0074)  time: 0.6373  data: 0.0682  max mem: 5175
Epoch: [1]  [ 70/140]  eta: 0:00:44  lr: 0.005000  loss: 0.7727 (0.7918)  loss_classifier: 0.0614 (0.0654)  loss_box_reg: 0.0428 (0.0504)  loss_mask: 0.6064 (0.6315)  loss_objectness: 0.0339 (0.0373)  loss_rpn_box_reg: 0.0054 (0.0072)  time: 0.6355  data: 0.0669  max mem: 5175
Epoch: [1]  [ 80/140]  eta: 0:00:38  lr: 0.005000  loss: 0.7570 (0.7882)  loss_classifier: 0.0566 (0.0651)  loss_box_reg: 0.0413 (0.0506)  loss_mask: 0.5959 (0.6288)  loss_objectness: 0.0324 (0.0367)  loss_rpn_box_reg: 0.0044 (0.0070)  time: 0.6355  data: 0.0672  max mem: 5175
Epoch: [1]  [ 90/140]  eta: 0:00:31  lr: 0.005000  loss: 0.7249 (0.7858)  loss_classifier: 0.0555 (0.0644)  loss_box_reg: 0.0451 (0.0503)  loss_mask: 0.5959 (0.6285)  loss_objectness: 0.0269 (0.0358)  loss_rpn_box_reg: 0.0044 (0.0068)  time: 0.6344  data: 0.0669  max mem: 5175
Epoch: [1]  [100/140]  eta: 0:00:25  lr: 0.005000  loss: 0.7227 (0.7782)  loss_classifier: 0.0555 (0.0636)  loss_box_reg: 0.0478 (0.0503)  loss_mask: 0.5712 (0.6218)  loss_objectness: 0.0264 (0.0359)  loss_rpn_box_reg: 0.0041 (0.0068)  time: 0.6348  data: 0.0674  max mem: 5175
Epoch: [1]  [110/140]  eta: 0:00:19  lr: 0.005000  loss: 0.7212 (0.7731)  loss_classifier: 0.0558 (0.0634)  loss_box_reg: 0.0405 (0.0496)  loss_mask: 0.5540 (0.6167)  loss_objectness: 0.0298 (0.0365)  loss_rpn_box_reg: 0.0046 (0.0068)  time: 0.6348  data: 0.0680  max mem: 5175
Epoch: [1]  [120/140]  eta: 0:00:12  lr: 0.005000  loss: 0.7310 (0.7752)  loss_classifier: 0.0616 (0.0637)  loss_box_reg: 0.0405 (0.0499)  loss_mask: 0.5948 (0.6181)  loss_objectness: 0.0340 (0.0366)  loss_rpn_box_reg: 0.0067 (0.0071)  time: 0.6341  data: 0.0666  max mem: 5175
Epoch: [1]  [130/140]  eta: 0:00:06  lr: 0.005000  loss: 0.7687 (0.7748)  loss_classifier: 0.0648 (0.0639)  loss_box_reg: 0.0465 (0.0500)  loss_mask: 0.6112 (0.6173)  loss_objectness: 0.0313 (0.0363)  loss_rpn_box_reg: 0.0059 (0.0072)  time: 0.6362  data: 0.0674  max mem: 5175
Epoch: [1]  [139/140]  eta: 0:00:00  lr: 0.005000  loss: 0.7515 (0.7736)  loss_classifier: 0.0553 (0.0634)  loss_box_reg: 0.0436 (0.0494)  loss_mask: 0.5893 (0.6173)  loss_objectness: 0.0313 (0.0364)  loss_rpn_box_reg: 0.0046 (0.0071)  time: 0.6199  data: 0.0657  max mem: 5175
Epoch: [1] Total time: 0:01:28 (0.6332 s / it)
creating index...
index created!
Test:  [ 0/31]  eta: 0:00:12  model_time: 0.2159 (0.2159)  evaluator_time: 0.1371 (0.1371)  time: 0.4016  data: 0.0446  max mem: 5175
Test:  [30/31]  eta: 0:00:00  model_time: 0.1633 (0.1731)  evaluator_time: 0.0856 (0.0935)  time: 0.3138  data: 0.0450  max mem: 5175
Test: Total time: 0:00:10 (0.3233 s / it)
Averaged stats: model_time: 0.1633 (0.1731)  evaluator_time: 0.0856 (0.0935)
Accumulating evaluation results...
DONE (t=0.01s).
Accumulating evaluation results...
DONE (t=0.01s).
IoU metric: bbox
 Average Precision  (AP) @[ IoU=0.50:0.95 | area=   all | maxDets=100 ] = 0.001
 Average Precision  (AP) @[ IoU=0.50      | area=   all | maxDets=100 ] = 0.008
 Average Precision  (AP) @[ IoU=0.75      | area=   all | maxDets=100 ] = 0.000
 Average Precision  (AP) @[ IoU=0.50:0.95 | area= small | maxDets=100 ] = -1.000
 Average Precision  (AP) @[ IoU=0.50:0.95 | area=medium | maxDets=100 ] = -1.000
 Average Precision  (AP) @[ IoU=0.50:0.95 | area= large | maxDets=100 ] = 0.001
 Average Recall     (AR) @[ IoU=0.50:0.95 | area=   all | maxDets=  1 ] = 0.003
 Average Recall     (AR) @[ IoU=0.50:0.95 | area=   all | maxDets= 10 ] = 0.045
 Average Recall     (AR) @[ IoU=0.50:0.95 | area=   all | maxDets=100 ] = 0.068
 Average Recall     (AR) @[ IoU=0.50:0.95 | area= small | maxDets=100 ] = -1.000
 Average Recall     (AR) @[ IoU=0.50:0.95 | area=medium | maxDets=100 ] = -1.000
 Average Recall     (AR) @[ IoU=0.50:0.95 | area= large | maxDets=100 ] = 0.068
IoU metric: segm
 Average Precision  (AP) @[ IoU=0.50:0.95 | area=   all | maxDets=100 ] = 0.000
 Average Precision  (AP) @[ IoU=0.50      | area=   all | maxDets=100 ] = 0.002
 Average Precision  (AP) @[ IoU=0.75      | area=   all | maxDets=100 ] = 0.000
 Average Precision  (AP) @[ IoU=0.50:0.95 | area= small | maxDets=100 ] = -1.000
 Average Precision  (AP) @[ IoU=0.50:0.95 | area=medium | maxDets=100 ] = -1.000
 Average Precision  (AP) @[ IoU=0.50:0.95 | area= large | maxDets=100 ] = 0.000
 Average Recall     (AR) @[ IoU=0.50:0.95 | area=   all | maxDets=  1 ] = 0.003
 Average Recall     (AR) @[ IoU=0.50:0.95 | area=   all | maxDets= 10 ] = 0.003
 Average Recall     (AR) @[ IoU=0.50:0.95 | area=   all | maxDets=100 ] = 0.010
 Average Recall     (AR) @[ IoU=0.50:0.95 | area= small | maxDets=100 ] = -1.000
 Average Recall     (AR) @[ IoU=0.50:0.95 | area=medium | maxDets=100 ] = -1.000
 Average Recall     (AR) @[ IoU=0.50:0.95 | area= large | maxDets=100 ] = 0.010
Epoch: [2]  [  0/140]  eta: 0:01:28  lr: 0.005000  loss: 0.7133 (0.7133)  loss_classifier: 0.0802 (0.0802)  loss_box_reg: 0.0761 (0.0761)  loss_mask: 0.5210 (0.5210)  loss_objectness: 0.0324 (0.0324)  loss_rpn_box_reg: 0.0036 (0.0036)  time: 0.6339  data: 0.0644  max mem: 5175
Epoch: [2]  [ 10/140]  eta: 0:01:22  lr: 0.005000  loss: 0.7133 (0.7383)  loss_classifier: 0.0535 (0.0595)  loss_box_reg: 0.0354 (0.0486)  loss_mask: 0.5435 (0.5844)  loss_objectness: 0.0324 (0.0368)  loss_rpn_box_reg: 0.0046 (0.0090)  time: 0.6356  data: 0.0680  max mem: 5175
Epoch: [2]  [ 20/140]  eta: 0:01:16  lr: 0.005000  loss: 0.7733 (0.7832)  loss_classifier: 0.0708 (0.0688)  loss_box_reg: 0.0623 (0.0583)  loss_mask: 0.6047 (0.6161)  loss_objectness: 0.0268 (0.0325)  loss_rpn_box_reg: 0.0049 (0.0074)  time: 0.6367  data: 0.0680  max mem: 5175
Epoch: [2]  [ 30/140]  eta: 0:01:10  lr: 0.005000  loss: 0.7686 (0.7751)  loss_classifier: 0.0642 (0.0650)  loss_box_reg: 0.0556 (0.0527)  loss_mask: 0.5989 (0.6095)  loss_objectness: 0.0269 (0.0398)  loss_rpn_box_reg: 0.0057 (0.0082)  time: 0.6377  data: 0.0685  max mem: 5175
Epoch: [2]  [ 40/140]  eta: 0:01:03  lr: 0.005000  loss: 0.7337 (0.7579)  loss_classifier: 0.0636 (0.0654)  loss_box_reg: 0.0522 (0.0531)  loss_mask: 0.5787 (0.5958)  loss_objectness: 0.0258 (0.0363)  loss_rpn_box_reg: 0.0059 (0.0074)  time: 0.6368  data: 0.0677  max mem: 5175
Epoch: [2]  [ 50/140]  eta: 0:00:57  lr: 0.005000  loss: 0.6688 (0.7520)  loss_classifier: 0.0649 (0.0662)  loss_box_reg: 0.0525 (0.0542)  loss_mask: 0.5317 (0.5873)  loss_objectness: 0.0289 (0.0365)  loss_rpn_box_reg: 0.0056 (0.0079)  time: 0.6374  data: 0.0676  max mem: 5175
Epoch: [2]  [ 60/140]  eta: 0:00:50  lr: 0.005000  loss: 0.6597 (0.7396)  loss_classifier: 0.0601 (0.0652)  loss_box_reg: 0.0524 (0.0546)  loss_mask: 0.5075 (0.5774)  loss_objectness: 0.0310 (0.0349)  loss_rpn_box_reg: 0.0045 (0.0076)  time: 0.6382  data: 0.0676  max mem: 5175
Epoch: [2]  [ 70/140]  eta: 0:00:44  lr: 0.005000  loss: 0.6621 (0.7495)  loss_classifier: 0.0601 (0.0660)  loss_box_reg: 0.0562 (0.0560)  loss_mask: 0.5334 (0.5853)  loss_objectness: 0.0284 (0.0348)  loss_rpn_box_reg: 0.0046 (0.0075)  time: 0.6363  data: 0.0663  max mem: 5175
Epoch: [2]  [ 80/140]  eta: 0:00:38  lr: 0.005000  loss: 0.7818 (0.7562)  loss_classifier: 0.0744 (0.0676)  loss_box_reg: 0.0688 (0.0569)  loss_mask: 0.6034 (0.5894)  loss_objectness: 0.0306 (0.0350)  loss_rpn_box_reg: 0.0049 (0.0073)  time: 0.6372  data: 0.0681  max mem: 5175
Epoch: [2]  [ 90/140]  eta: 0:00:31  lr: 0.005000  loss: 0.7670 (0.7548)  loss_classifier: 0.0672 (0.0674)  loss_box_reg: 0.0516 (0.0568)  loss_mask: 0.5944 (0.5879)  loss_objectness: 0.0307 (0.0353)  loss_rpn_box_reg: 0.0059 (0.0075)  time: 0.6378  data: 0.0693  max mem: 5175
Epoch: [2]  [100/140]  eta: 0:00:25  lr: 0.005000  loss: 0.7018 (0.7483)  loss_classifier: 0.0624 (0.0671)  loss_box_reg: 0.0516 (0.0563)  loss_mask: 0.5511 (0.5834)  loss_objectness: 0.0247 (0.0343)  loss_rpn_box_reg: 0.0055 (0.0071)  time: 0.6364  data: 0.0686  max mem: 5175
Epoch: [2]  [110/140]  eta: 0:00:19  lr: 0.005000  loss: 0.6681 (0.7393)  loss_classifier: 0.0606 (0.0663)  loss_box_reg: 0.0480 (0.0551)  loss_mask: 0.5357 (0.5766)  loss_objectness: 0.0241 (0.0339)  loss_rpn_box_reg: 0.0051 (0.0074)  time: 0.6362  data: 0.0680  max mem: 5175
Epoch: [2]  [120/140]  eta: 0:00:12  lr: 0.005000  loss: 0.6836 (0.7406)  loss_classifier: 0.0672 (0.0667)  loss_box_reg: 0.0480 (0.0553)  loss_mask: 0.5531 (0.5771)  loss_objectness: 0.0226 (0.0340)  loss_rpn_box_reg: 0.0066 (0.0074)  time: 0.6370  data: 0.0682  max mem: 5175
Epoch: [2]  [130/140]  eta: 0:00:06  lr: 0.005000  loss: 0.7780 (0.7450)  loss_classifier: 0.0787 (0.0682)  loss_box_reg: 0.0649 (0.0567)  loss_mask: 0.5965 (0.5795)  loss_objectness: 0.0233 (0.0334)  loss_rpn_box_reg: 0.0040 (0.0072)  time: 0.6397  data: 0.0676  max mem: 5175
Epoch: [2]  [139/140]  eta: 0:00:00  lr: 0.005000  loss: 0.7780 (0.7465)  loss_classifier: 0.0676 (0.0679)  loss_box_reg: 0.0523 (0.0563)  loss_mask: 0.5858 (0.5813)  loss_objectness: 0.0248 (0.0338)  loss_rpn_box_reg: 0.0051 (0.0073)  time: 0.6241  data: 0.0664  max mem: 5175
Epoch: [2] Total time: 0:01:28 (0.6354 s / it)
creating index...
index created!
Test:  [ 0/31]  eta: 0:00:12  model_time: 0.2335 (0.2335)  evaluator_time: 0.1327 (0.1327)  time: 0.4146  data: 0.0441  max mem: 5175
Test:  [30/31]  eta: 0:00:00  model_time: 0.1855 (0.1885)  evaluator_time: 0.0983 (0.0936)  time: 0.3299  data: 0.0468  max mem: 5175
Test: Total time: 0:00:10 (0.3398 s / it)
Averaged stats: model_time: 0.1855 (0.1885)  evaluator_time: 0.0983 (0.0936)
Accumulating evaluation results...
DONE (t=0.01s).
Accumulating evaluation results...
DONE (t=0.01s).
IoU metric: bbox
 Average Precision  (AP) @[ IoU=0.50:0.95 | area=   all | maxDets=100 ] = 0.002
 Average Precision  (AP) @[ IoU=0.50      | area=   all | maxDets=100 ] = 0.016
 Average Precision  (AP) @[ IoU=0.75      | area=   all | maxDets=100 ] = 0.000
 Average Precision  (AP) @[ IoU=0.50:0.95 | area= small | maxDets=100 ] = -1.000
 Average Precision  (AP) @[ IoU=0.50:0.95 | area=medium | maxDets=100 ] = -1.000
 Average Precision  (AP) @[ IoU=0.50:0.95 | area= large | maxDets=100 ] = 0.002
 Average Recall     (AR) @[ IoU=0.50:0.95 | area=   all | maxDets=  1 ] = 0.023
 Average Recall     (AR) @[ IoU=0.50:0.95 | area=   all | maxDets= 10 ] = 0.077
 Average Recall     (AR) @[ IoU=0.50:0.95 | area=   all | maxDets=100 ] = 0.084
 Average Recall     (AR) @[ IoU=0.50:0.95 | area= small | maxDets=100 ] = -1.000
 Average Recall     (AR) @[ IoU=0.50:0.95 | area=medium | maxDets=100 ] = -1.000
 Average Recall     (AR) @[ IoU=0.50:0.95 | area= large | maxDets=100 ] = 0.084
IoU metric: segm
 Average Precision  (AP) @[ IoU=0.50:0.95 | area=   all | maxDets=100 ] = 0.000
 Average Precision  (AP) @[ IoU=0.50      | area=   all | maxDets=100 ] = 0.003
 Average Precision  (AP) @[ IoU=0.75      | area=   all | maxDets=100 ] = 0.000
 Average Precision  (AP) @[ IoU=0.50:0.95 | area= small | maxDets=100 ] = -1.000
 Average Precision  (AP) @[ IoU=0.50:0.95 | area=medium | maxDets=100 ] = -1.000
 Average Precision  (AP) @[ IoU=0.50:0.95 | area= large | maxDets=100 ] = 0.001
 Average Recall     (AR) @[ IoU=0.50:0.95 | area=   all | maxDets=  1 ] = 0.003
 Average Recall     (AR) @[ IoU=0.50:0.95 | area=   all | maxDets= 10 ] = 0.003
 Average Recall     (AR) @[ IoU=0.50:0.95 | area=   all | maxDets=100 ] = 0.006
 Average Recall     (AR) @[ IoU=0.50:0.95 | area= small | maxDets=100 ] = -1.000
 Average Recall     (AR) @[ IoU=0.50:0.95 | area=medium | maxDets=100 ] = -1.000
 Average Recall     (AR) @[ IoU=0.50:0.95 | area= large | maxDets=100 ] = 0.006
Epoch: [3]  [  0/140]  eta: 0:01:29  lr: 0.000500  loss: 0.8208 (0.8208)  loss_classifier: 0.1085 (0.1085)  loss_box_reg: 0.0714 (0.0714)  loss_mask: 0.6109 (0.6109)  loss_objectness: 0.0268 (0.0268)  loss_rpn_box_reg: 0.0032 (0.0032)  time: 0.6383  data: 0.0671  max mem: 5175
Epoch: [3]  [ 10/140]  eta: 0:01:32  lr: 0.000500  loss: 0.7817 (0.7923)  loss_classifier: 0.0642 (0.0712)  loss_box_reg: 0.0490 (0.0552)  loss_mask: 0.6201 (0.6257)  loss_objectness: 0.0336 (0.0350)  loss_rpn_box_reg: 0.0046 (0.0053)  time: 0.7092  data: 0.0694  max mem: 5175
Epoch: [3]  [ 20/140]  eta: 0:01:22  lr: 0.000500  loss: 0.7668 (0.7566)  loss_classifier: 0.0628 (0.0695)  loss_box_reg: 0.0509 (0.0584)  loss_mask: 0.6088 (0.5939)  loss_objectness: 0.0239 (0.0297)  loss_rpn_box_reg: 0.0039 (0.0051)  time: 0.6941  data: 0.0692  max mem: 5175
Epoch: [3]  [ 30/140]  eta: 0:01:17  lr: 0.000500  loss: 0.6870 (0.7407)  loss_classifier: 0.0553 (0.0665)  loss_box_reg: 0.0608 (0.0582)  loss_mask: 0.5399 (0.5813)  loss_objectness: 0.0215 (0.0296)  loss_rpn_box_reg: 0.0039 (0.0051)  time: 0.6980  data: 0.0715  max mem: 5175
Epoch: [3]  [ 40/140]  eta: 0:01:10  lr: 0.000500  loss: 0.6870 (0.7295)  loss_classifier: 0.0585 (0.0666)  loss_box_reg: 0.0559 (0.0593)  loss_mask: 0.5265 (0.5707)  loss_objectness: 0.0231 (0.0280)  loss_rpn_box_reg: 0.0037 (0.0049)  time: 0.7222  data: 0.0771  max mem: 5175
Epoch: [3]  [ 50/140]  eta: 0:01:02  lr: 0.000500  loss: 0.7036 (0.7221)  loss_classifier: 0.0585 (0.0656)  loss_box_reg: 0.0535 (0.0577)  loss_mask: 0.5260 (0.5652)  loss_objectness: 0.0240 (0.0285)  loss_rpn_box_reg: 0.0042 (0.0051)  time: 0.6786  data: 0.0737  max mem: 5175
Epoch: [3]  [ 60/140]  eta: 0:00:54  lr: 0.000500  loss: 0.7063 (0.7218)  loss_classifier: 0.0578 (0.0661)  loss_box_reg: 0.0503 (0.0582)  loss_mask: 0.5390 (0.5630)  loss_objectness: 0.0247 (0.0295)  loss_rpn_box_reg: 0.0049 (0.0051)  time: 0.6375  data: 0.0678  max mem: 5175
Epoch: [3]  [ 70/140]  eta: 0:00:47  lr: 0.000500  loss: 0.6766 (0.7154)  loss_classifier: 0.0642 (0.0663)  loss_box_reg: 0.0556 (0.0584)  loss_mask: 0.5390 (0.5560)  loss_objectness: 0.0236 (0.0294)  loss_rpn_box_reg: 0.0054 (0.0052)  time: 0.6388  data: 0.0690  max mem: 5175
Epoch: [3]  [ 80/140]  eta: 0:00:40  lr: 0.000500  loss: 0.6972 (0.7130)  loss_classifier: 0.0663 (0.0658)  loss_box_reg: 0.0556 (0.0575)  loss_mask: 0.5456 (0.5541)  loss_objectness: 0.0298 (0.0301)  loss_rpn_box_reg: 0.0065 (0.0055)  time: 0.6375  data: 0.0685  max mem: 5175
Epoch: [3]  [ 90/140]  eta: 0:00:33  lr: 0.000500  loss: 0.6972 (0.7112)  loss_classifier: 0.0663 (0.0663)  loss_box_reg: 0.0546 (0.0570)  loss_mask: 0.5366 (0.5521)  loss_objectness: 0.0296 (0.0302)  loss_rpn_box_reg: 0.0054 (0.0055)  time: 0.6396  data: 0.0713  max mem: 5175
Epoch: [3]  [100/140]  eta: 0:00:26  lr: 0.000500  loss: 0.6833 (0.7143)  loss_classifier: 0.0628 (0.0658)  loss_box_reg: 0.0574 (0.0567)  loss_mask: 0.5393 (0.5555)  loss_objectness: 0.0286 (0.0306)  loss_rpn_box_reg: 0.0048 (0.0058)  time: 0.6396  data: 0.0709  max mem: 5175
Epoch: [3]  [110/140]  eta: 0:00:19  lr: 0.000500  loss: 0.6775 (0.7088)  loss_classifier: 0.0613 (0.0652)  loss_box_reg: 0.0587 (0.0565)  loss_mask: 0.5151 (0.5492)  loss_objectness: 0.0327 (0.0319)  loss_rpn_box_reg: 0.0056 (0.0059)  time: 0.6368  data: 0.0672  max mem: 5175
Epoch: [3]  [120/140]  eta: 0:00:13  lr: 0.000500  loss: 0.6479 (0.7037)  loss_classifier: 0.0591 (0.0646)  loss_box_reg: 0.0571 (0.0563)  loss_mask: 0.4880 (0.5446)  loss_objectness: 0.0327 (0.0320)  loss_rpn_box_reg: 0.0058 (0.0062)  time: 0.6369  data: 0.0680  max mem: 5175
Epoch: [3]  [130/140]  eta: 0:00:06  lr: 0.000500  loss: 0.6537 (0.7059)  loss_classifier: 0.0615 (0.0653)  loss_box_reg: 0.0528 (0.0571)  loss_mask: 0.4997 (0.5458)  loss_objectness: 0.0269 (0.0317)  loss_rpn_box_reg: 0.0049 (0.0061)  time: 0.6370  data: 0.0671  max mem: 5175
Epoch: [3]  [139/140]  eta: 0:00:00  lr: 0.000500  loss: 0.7003 (0.7069)  loss_classifier: 0.0742 (0.0662)  loss_box_reg: 0.0623 (0.0582)  loss_mask: 0.5232 (0.5445)  loss_objectness: 0.0269 (0.0317)  loss_rpn_box_reg: 0.0034 (0.0063)  time: 0.6270  data: 0.0687  max mem: 5175
Epoch: [3] Total time: 0:01:31 (0.6566 s / it)
creating index...
index created!
Test:  [ 0/31]  eta: 0:00:19  model_time: 0.3125 (0.3125)  evaluator_time: 0.2546 (0.2546)  time: 0.6151  data: 0.0439  max mem: 5175
Test:  [30/31]  eta: 0:00:00  model_time: 0.1986 (0.2177)  evaluator_time: 0.1357 (0.1492)  time: 0.4185  data: 0.0444  max mem: 5175
Test: Total time: 0:00:13 (0.4268 s / it)
Averaged stats: model_time: 0.1986 (0.2177)  evaluator_time: 0.1357 (0.1492)
Accumulating evaluation results...
DONE (t=0.01s).
Accumulating evaluation results...
DONE (t=0.01s).
IoU metric: bbox
 Average Precision  (AP) @[ IoU=0.50:0.95 | area=   all | maxDets=100 ] = 0.003
 Average Precision  (AP) @[ IoU=0.50      | area=   all | maxDets=100 ] = 0.016
 Average Precision  (AP) @[ IoU=0.75      | area=   all | maxDets=100 ] = 0.000
 Average Precision  (AP) @[ IoU=0.50:0.95 | area= small | maxDets=100 ] = -1.000
 Average Precision  (AP) @[ IoU=0.50:0.95 | area=medium | maxDets=100 ] = -1.000
 Average Precision  (AP) @[ IoU=0.50:0.95 | area= large | maxDets=100 ] = 0.003
 Average Recall     (AR) @[ IoU=0.50:0.95 | area=   all | maxDets=  1 ] = 0.023
 Average Recall     (AR) @[ IoU=0.50:0.95 | area=   all | maxDets= 10 ] = 0.048
 Average Recall     (AR) @[ IoU=0.50:0.95 | area=   all | maxDets=100 ] = 0.084
 Average Recall     (AR) @[ IoU=0.50:0.95 | area= small | maxDets=100 ] = -1.000
 Average Recall     (AR) @[ IoU=0.50:0.95 | area=medium | maxDets=100 ] = -1.000
 Average Recall     (AR) @[ IoU=0.50:0.95 | area= large | maxDets=100 ] = 0.084
IoU metric: segm
 Average Precision  (AP) @[ IoU=0.50:0.95 | area=   all | maxDets=100 ] = 0.002
 Average Precision  (AP) @[ IoU=0.50      | area=   all | maxDets=100 ] = 0.012
 Average Precision  (AP) @[ IoU=0.75      | area=   all | maxDets=100 ] = 0.000
 Average Precision  (AP) @[ IoU=0.50:0.95 | area= small | maxDets=100 ] = -1.000
 Average Precision  (AP) @[ IoU=0.50:0.95 | area=medium | maxDets=100 ] = -1.000
 Average Precision  (AP) @[ IoU=0.50:0.95 | area= large | maxDets=100 ] = 0.002
 Average Recall     (AR) @[ IoU=0.50:0.95 | area=   all | maxDets=  1 ] = 0.013
 Average Recall     (AR) @[ IoU=0.50:0.95 | area=   all | maxDets= 10 ] = 0.013
 Average Recall     (AR) @[ IoU=0.50:0.95 | area=   all | maxDets=100 ] = 0.023
 Average Recall     (AR) @[ IoU=0.50:0.95 | area= small | maxDets=100 ] = -1.000
 Average Recall     (AR) @[ IoU=0.50:0.95 | area=medium | maxDets=100 ] = -1.000
 Average Recall     (AR) @[ IoU=0.50:0.95 | area= large | maxDets=100 ] = 0.023
Epoch: [4]  [  0/140]  eta: 0:01:29  lr: 0.000500  loss: 0.5416 (0.5416)  loss_classifier: 0.0571 (0.0571)  loss_box_reg: 0.0573 (0.0573)  loss_mask: 0.4044 (0.4044)  loss_objectness: 0.0196 (0.0196)  loss_rpn_box_reg: 0.0031 (0.0031)  time: 0.6369  data: 0.0669  max mem: 5175
Epoch: [4]  [ 10/140]  eta: 0:01:22  lr: 0.000500  loss: 0.6718 (0.6481)  loss_classifier: 0.0722 (0.0706)  loss_box_reg: 0.0660 (0.0655)  loss_mask: 0.4587 (0.4763)  loss_objectness: 0.0265 (0.0292)  loss_rpn_box_reg: 0.0049 (0.0065)  time: 0.6382  data: 0.0689  max mem: 5175
Epoch: [4]  [ 20/140]  eta: 0:01:19  lr: 0.000500  loss: 0.6811 (0.6900)  loss_classifier: 0.0679 (0.0708)  loss_box_reg: 0.0604 (0.0664)  loss_mask: 0.4888 (0.5160)  loss_objectness: 0.0271 (0.0303)  loss_rpn_box_reg: 0.0049 (0.0065)  time: 0.6679  data: 0.0700  max mem: 5175
Epoch: [4]  [ 30/140]  eta: 0:01:12  lr: 0.000500  loss: 0.6626 (0.6756)  loss_classifier: 0.0606 (0.0684)  loss_box_reg: 0.0545 (0.0628)  loss_mask: 0.4965 (0.5094)  loss_objectness: 0.0245 (0.0291)  loss_rpn_box_reg: 0.0050 (0.0060)  time: 0.6707  data: 0.0690  max mem: 5175
Epoch: [4]  [ 40/140]  eta: 0:01:05  lr: 0.000500  loss: 0.6692 (0.6794)  loss_classifier: 0.0647 (0.0679)  loss_box_reg: 0.0557 (0.0622)  loss_mask: 0.5009 (0.5141)  loss_objectness: 0.0245 (0.0295)  loss_rpn_box_reg: 0.0050 (0.0057)  time: 0.6525  data: 0.0772  max mem: 5175
Epoch: [4]  [ 50/140]  eta: 0:00:58  lr: 0.000500  loss: 0.6704 (0.6729)  loss_classifier: 0.0588 (0.0657)  loss_box_reg: 0.0450 (0.0599)  loss_mask: 0.5241 (0.5116)  loss_objectness: 0.0281 (0.0301)  loss_rpn_box_reg: 0.0036 (0.0055)  time: 0.6494  data: 0.0774  max mem: 5175
Epoch: [4]  [ 60/140]  eta: 0:00:52  lr: 0.000500  loss: 0.6612 (0.6795)  loss_classifier: 0.0561 (0.0655)  loss_box_reg: 0.0446 (0.0594)  loss_mask: 0.5109 (0.5172)  loss_objectness: 0.0314 (0.0313)  loss_rpn_box_reg: 0.0036 (0.0060)  time: 0.6646  data: 0.0739  max mem: 5175
Epoch: [4]  [ 70/140]  eta: 0:00:46  lr: 0.000500  loss: 0.6633 (0.6774)  loss_classifier: 0.0639 (0.0667)  loss_box_reg: 0.0690 (0.0624)  loss_mask: 0.4959 (0.5128)  loss_objectness: 0.0265 (0.0298)  loss_rpn_box_reg: 0.0040 (0.0057)  time: 0.7001  data: 0.0804  max mem: 5175
Epoch: [4]  [ 80/140]  eta: 0:00:40  lr: 0.000500  loss: 0.6967 (0.6844)  loss_classifier: 0.0744 (0.0678)  loss_box_reg: 0.0754 (0.0623)  loss_mask: 0.4959 (0.5181)  loss_objectness: 0.0256 (0.0304)  loss_rpn_box_reg: 0.0044 (0.0058)  time: 0.7100  data: 0.0809  max mem: 5175
Epoch: [4]  [ 90/140]  eta: 0:00:33  lr: 0.000500  loss: 0.6967 (0.6852)  loss_classifier: 0.0675 (0.0677)  loss_box_reg: 0.0554 (0.0615)  loss_mask: 0.5396 (0.5195)  loss_objectness: 0.0307 (0.0306)  loss_rpn_box_reg: 0.0073 (0.0060)  time: 0.7192  data: 0.0783  max mem: 5175
Epoch: [4]  [100/140]  eta: 0:00:27  lr: 0.000500  loss: 0.6518 (0.6787)  loss_classifier: 0.0607 (0.0666)  loss_box_reg: 0.0568 (0.0606)  loss_mask: 0.4956 (0.5145)  loss_objectness: 0.0307 (0.0311)  loss_rpn_box_reg: 0.0047 (0.0058)  time: 0.6827  data: 0.0724  max mem: 5175
Epoch: [4]  [110/140]  eta: 0:00:20  lr: 0.000500  loss: 0.6362 (0.6751)  loss_classifier: 0.0624 (0.0666)  loss_box_reg: 0.0568 (0.0603)  loss_mask: 0.4753 (0.5119)  loss_objectness: 0.0220 (0.0305)  loss_rpn_box_reg: 0.0040 (0.0058)  time: 0.6824  data: 0.0744  max mem: 5175
Epoch: [4]  [120/140]  eta: 0:00:13  lr: 0.000500  loss: 0.6545 (0.6786)  loss_classifier: 0.0609 (0.0659)  loss_box_reg: 0.0507 (0.0600)  loss_mask: 0.5031 (0.5162)  loss_objectness: 0.0218 (0.0306)  loss_rpn_box_reg: 0.0049 (0.0060)  time: 0.7017  data: 0.0755  max mem: 5175
Epoch: [4]  [130/140]  eta: 0:00:06  lr: 0.000500  loss: 0.6758 (0.6797)  loss_classifier: 0.0594 (0.0657)  loss_box_reg: 0.0509 (0.0594)  loss_mask: 0.5096 (0.5175)  loss_objectness: 0.0316 (0.0308)  loss_rpn_box_reg: 0.0058 (0.0063)  time: 0.6568  data: 0.0693  max mem: 5175
Epoch: [4]  [139/140]  eta: 0:00:00  lr: 0.000500  loss: 0.6734 (0.6793)  loss_classifier: 0.0655 (0.0660)  loss_box_reg: 0.0542 (0.0595)  loss_mask: 0.5153 (0.5168)  loss_objectness: 0.0231 (0.0308)  loss_rpn_box_reg: 0.0045 (0.0062)  time: 0.6237  data: 0.0694  max mem: 5175
Epoch: [4] Total time: 0:01:34 (0.6719 s / it)
creating index...
index created!
Test:  [ 0/31]  eta: 0:00:09  model_time: 0.1858 (0.1858)  evaluator_time: 0.0876 (0.0876)  time: 0.3212  data: 0.0440  max mem: 5175
Test:  [30/31]  eta: 0:00:00  model_time: 0.1738 (0.1796)  evaluator_time: 0.0944 (0.1030)  time: 0.3335  data: 0.0445  max mem: 5175
Test: Total time: 0:00:10 (0.3388 s / it)
Averaged stats: model_time: 0.1738 (0.1796)  evaluator_time: 0.0944 (0.1030)
Accumulating evaluation results...
DONE (t=0.01s).
Accumulating evaluation results...
DONE (t=0.01s).
IoU metric: bbox
 Average Precision  (AP) @[ IoU=0.50:0.95 | area=   all | maxDets=100 ] = 0.004
 Average Precision  (AP) @[ IoU=0.50      | area=   all | maxDets=100 ] = 0.016
 Average Precision  (AP) @[ IoU=0.75      | area=   all | maxDets=100 ] = 0.000
 Average Precision  (AP) @[ IoU=0.50:0.95 | area= small | maxDets=100 ] = -1.000
 Average Precision  (AP) @[ IoU=0.50:0.95 | area=medium | maxDets=100 ] = -1.000
 Average Precision  (AP) @[ IoU=0.50:0.95 | area= large | maxDets=100 ] = 0.004
 Average Recall     (AR) @[ IoU=0.50:0.95 | area=   all | maxDets=  1 ] = 0.010
 Average Recall     (AR) @[ IoU=0.50:0.95 | area=   all | maxDets= 10 ] = 0.074
 Average Recall     (AR) @[ IoU=0.50:0.95 | area=   all | maxDets=100 ] = 0.116
 Average Recall     (AR) @[ IoU=0.50:0.95 | area= small | maxDets=100 ] = -1.000
 Average Recall     (AR) @[ IoU=0.50:0.95 | area=medium | maxDets=100 ] = -1.000
 Average Recall     (AR) @[ IoU=0.50:0.95 | area= large | maxDets=100 ] = 0.116
IoU metric: segm
 Average Precision  (AP) @[ IoU=0.50:0.95 | area=   all | maxDets=100 ] = 0.001
 Average Precision  (AP) @[ IoU=0.50      | area=   all | maxDets=100 ] = 0.005
 Average Precision  (AP) @[ IoU=0.75      | area=   all | maxDets=100 ] = 0.000
 Average Precision  (AP) @[ IoU=0.50:0.95 | area= small | maxDets=100 ] = -1.000
 Average Precision  (AP) @[ IoU=0.50:0.95 | area=medium | maxDets=100 ] = -1.000
 Average Precision  (AP) @[ IoU=0.50:0.95 | area= large | maxDets=100 ] = 0.001
 Average Recall     (AR) @[ IoU=0.50:0.95 | area=   all | maxDets=  1 ] = 0.013
 Average Recall     (AR) @[ IoU=0.50:0.95 | area=   all | maxDets= 10 ] = 0.042
 Average Recall     (AR) @[ IoU=0.50:0.95 | area=   all | maxDets=100 ] = 0.042
 Average Recall     (AR) @[ IoU=0.50:0.95 | area= small | maxDets=100 ] = -1.000
 Average Recall     (AR) @[ IoU=0.50:0.95 | area=medium | maxDets=100 ] = -1.000
 Average Recall     (AR) @[ IoU=0.50:0.95 | area= large | maxDets=100 ] = 0.042
Epoch: [5]  [  0/140]  eta: 0:01:30  lr: 0.000500  loss: 0.6569 (0.6569)  loss_classifier: 0.0559 (0.0559)  loss_box_reg: 0.0460 (0.0460)  loss_mask: 0.5031 (0.5031)  loss_objectness: 0.0491 (0.0491)  loss_rpn_box_reg: 0.0028 (0.0028)  time: 0.6443  data: 0.0750  max mem: 5175
Epoch: [5]  [ 10/140]  eta: 0:01:22  lr: 0.000500  loss: 0.6353 (0.6354)  loss_classifier: 0.0543 (0.0592)  loss_box_reg: 0.0460 (0.0481)  loss_mask: 0.4933 (0.4838)  loss_objectness: 0.0423 (0.0389)  loss_rpn_box_reg: 0.0051 (0.0053)  time: 0.6356  data: 0.0684  max mem: 5175
Epoch: [5]  [ 20/140]  eta: 0:01:16  lr: 0.000500  loss: 0.6435 (0.6422)  loss_classifier: 0.0605 (0.0602)  loss_box_reg: 0.0496 (0.0509)  loss_mask: 0.4940 (0.4922)  loss_objectness: 0.0292 (0.0337)  loss_rpn_box_reg: 0.0051 (0.0052)  time: 0.6366  data: 0.0688  max mem: 5175
Epoch: [5]  [ 30/140]  eta: 0:01:10  lr: 0.000500  loss: 0.6383 (0.6428)  loss_classifier: 0.0621 (0.0606)  loss_box_reg: 0.0496 (0.0516)  loss_mask: 0.4896 (0.4923)  loss_objectness: 0.0248 (0.0330)  loss_rpn_box_reg: 0.0038 (0.0052)  time: 0.6393  data: 0.0707  max mem: 5175
Epoch: [5]  [ 40/140]  eta: 0:01:03  lr: 0.000500  loss: 0.5867 (0.6292)  loss_classifier: 0.0580 (0.0601)  loss_box_reg: 0.0533 (0.0536)  loss_mask: 0.4604 (0.4783)  loss_objectness: 0.0225 (0.0312)  loss_rpn_box_reg: 0.0037 (0.0061)  time: 0.6396  data: 0.0705  max mem: 5175
Epoch: [5]  [ 50/140]  eta: 0:00:57  lr: 0.000500  loss: 0.6341 (0.6446)  loss_classifier: 0.0673 (0.0630)  loss_box_reg: 0.0612 (0.0566)  loss_mask: 0.4631 (0.4883)  loss_objectness: 0.0224 (0.0298)  loss_rpn_box_reg: 0.0039 (0.0068)  time: 0.6405  data: 0.0701  max mem: 5175
Epoch: [5]  [ 60/140]  eta: 0:00:51  lr: 0.000500  loss: 0.6647 (0.6532)  loss_classifier: 0.0735 (0.0645)  loss_box_reg: 0.0668 (0.0581)  loss_mask: 0.4838 (0.4944)  loss_objectness: 0.0227 (0.0295)  loss_rpn_box_reg: 0.0057 (0.0066)  time: 0.6465  data: 0.0703  max mem: 5175
Epoch: [5]  [ 70/140]  eta: 0:00:44  lr: 0.000500  loss: 0.6784 (0.6596)  loss_classifier: 0.0729 (0.0649)  loss_box_reg: 0.0668 (0.0589)  loss_mask: 0.5034 (0.5003)  loss_objectness: 0.0227 (0.0291)  loss_rpn_box_reg: 0.0043 (0.0064)  time: 0.6528  data: 0.0737  max mem: 5175
Epoch: [5]  [ 80/140]  eta: 0:00:38  lr: 0.000500  loss: 0.6679 (0.6646)  loss_classifier: 0.0656 (0.0652)  loss_box_reg: 0.0598 (0.0597)  loss_mask: 0.5079 (0.5046)  loss_objectness: 0.0237 (0.0287)  loss_rpn_box_reg: 0.0037 (0.0064)  time: 0.6475  data: 0.0735  max mem: 5175
Epoch: [5]  [ 90/140]  eta: 0:00:32  lr: 0.000500  loss: 0.6482 (0.6618)  loss_classifier: 0.0656 (0.0650)  loss_box_reg: 0.0581 (0.0593)  loss_mask: 0.4992 (0.5030)  loss_objectness: 0.0212 (0.0283)  loss_rpn_box_reg: 0.0036 (0.0062)  time: 0.6400  data: 0.0694  max mem: 5175
Epoch: [5]  [100/140]  eta: 0:00:25  lr: 0.000500  loss: 0.6502 (0.6634)  loss_classifier: 0.0691 (0.0655)  loss_box_reg: 0.0621 (0.0596)  loss_mask: 0.4742 (0.5034)  loss_objectness: 0.0226 (0.0287)  loss_rpn_box_reg: 0.0038 (0.0061)  time: 0.6401  data: 0.0695  max mem: 5175
Epoch: [5]  [110/140]  eta: 0:00:19  lr: 0.000500  loss: 0.6209 (0.6573)  loss_classifier: 0.0642 (0.0650)  loss_box_reg: 0.0608 (0.0597)  loss_mask: 0.4608 (0.4972)  loss_objectness: 0.0263 (0.0292)  loss_rpn_box_reg: 0.0055 (0.0062)  time: 0.6393  data: 0.0677  max mem: 5175
Epoch: [5]  [120/140]  eta: 0:00:12  lr: 0.000500  loss: 0.6037 (0.6587)  loss_classifier: 0.0635 (0.0650)  loss_box_reg: 0.0605 (0.0598)  loss_mask: 0.4500 (0.4980)  loss_objectness: 0.0296 (0.0297)  loss_rpn_box_reg: 0.0065 (0.0062)  time: 0.6388  data: 0.0672  max mem: 5175
Epoch: [5]  [130/140]  eta: 0:00:06  lr: 0.000500  loss: 0.6568 (0.6652)  loss_classifier: 0.0656 (0.0657)  loss_box_reg: 0.0537 (0.0602)  loss_mask: 0.5022 (0.5026)  loss_objectness: 0.0291 (0.0304)  loss_rpn_box_reg: 0.0056 (0.0062)  time: 0.6385  data: 0.0673  max mem: 5175
Epoch: [5]  [139/140]  eta: 0:00:00  lr: 0.000500  loss: 0.6795 (0.6659)  loss_classifier: 0.0669 (0.0662)  loss_box_reg: 0.0716 (0.0609)  loss_mask: 0.5038 (0.5019)  loss_objectness: 0.0345 (0.0307)  loss_rpn_box_reg: 0.0056 (0.0063)  time: 0.6235  data: 0.0660  max mem: 5175
Epoch: [5] Total time: 0:01:29 (0.6390 s / it)
creating index...
index created!
Test:  [ 0/31]  eta: 0:00:16  model_time: 0.2751 (0.2751)  evaluator_time: 0.2131 (0.2131)  time: 0.5364  data: 0.0443  max mem: 5175
Test:  [30/31]  eta: 0:00:00  model_time: 0.2056 (0.2197)  evaluator_time: 0.1377 (0.1494)  time: 0.4139  data: 0.0450  max mem: 5175
Test: Total time: 0:00:13 (0.4292 s / it)
Averaged stats: model_time: 0.2056 (0.2197)  evaluator_time: 0.1377 (0.1494)
Accumulating evaluation results...
DONE (t=0.01s).
Accumulating evaluation results...
DONE (t=0.01s).
IoU metric: bbox
 Average Precision  (AP) @[ IoU=0.50:0.95 | area=   all | maxDets=100 ] = 0.013
 Average Precision  (AP) @[ IoU=0.50      | area=   all | maxDets=100 ] = 0.047
 Average Precision  (AP) @[ IoU=0.75      | area=   all | maxDets=100 ] = 0.000
 Average Precision  (AP) @[ IoU=0.50:0.95 | area= small | maxDets=100 ] = -1.000
 Average Precision  (AP) @[ IoU=0.50:0.95 | area=medium | maxDets=100 ] = -1.000
 Average Precision  (AP) @[ IoU=0.50:0.95 | area= large | maxDets=100 ] = 0.013
 Average Recall     (AR) @[ IoU=0.50:0.95 | area=   all | maxDets=  1 ] = 0.023
 Average Recall     (AR) @[ IoU=0.50:0.95 | area=   all | maxDets= 10 ] = 0.055
 Average Recall     (AR) @[ IoU=0.50:0.95 | area=   all | maxDets=100 ] = 0.068
 Average Recall     (AR) @[ IoU=0.50:0.95 | area= small | maxDets=100 ] = -1.000
 Average Recall     (AR) @[ IoU=0.50:0.95 | area=medium | maxDets=100 ] = -1.000
 Average Recall     (AR) @[ IoU=0.50:0.95 | area= large | maxDets=100 ] = 0.068
IoU metric: segm
 Average Precision  (AP) @[ IoU=0.50:0.95 | area=   all | maxDets=100 ] = 0.008
 Average Precision  (AP) @[ IoU=0.50      | area=   all | maxDets=100 ] = 0.040
 Average Precision  (AP) @[ IoU=0.75      | area=   all | maxDets=100 ] = 0.000
 Average Precision  (AP) @[ IoU=0.50:0.95 | area= small | maxDets=100 ] = -1.000
 Average Precision  (AP) @[ IoU=0.50:0.95 | area=medium | maxDets=100 ] = -1.000
 Average Precision  (AP) @[ IoU=0.50:0.95 | area= large | maxDets=100 ] = 0.008
 Average Recall     (AR) @[ IoU=0.50:0.95 | area=   all | maxDets=  1 ] = 0.006
 Average Recall     (AR) @[ IoU=0.50:0.95 | area=   all | maxDets= 10 ] = 0.013
 Average Recall     (AR) @[ IoU=0.50:0.95 | area=   all | maxDets=100 ] = 0.023
 Average Recall     (AR) @[ IoU=0.50:0.95 | area= small | maxDets=100 ] = -1.000
 Average Recall     (AR) @[ IoU=0.50:0.95 | area=medium | maxDets=100 ] = -1.000
 Average Recall     (AR) @[ IoU=0.50:0.95 | area= large | maxDets=100 ] = 0.023
Epoch: [6]  [  0/140]  eta: 0:01:29  lr: 0.000050  loss: 0.8857 (0.8857)  loss_classifier: 0.0779 (0.0779)  loss_box_reg: 0.0421 (0.0421)  loss_mask: 0.7060 (0.7060)  loss_objectness: 0.0517 (0.0517)  loss_rpn_box_reg: 0.0080 (0.0080)  time: 0.6360  data: 0.0694  max mem: 5175
Epoch: [6]  [ 10/140]  eta: 0:01:24  lr: 0.000050  loss: 0.6454 (0.6583)  loss_classifier: 0.0648 (0.0660)  loss_box_reg: 0.0593 (0.0571)  loss_mask: 0.4536 (0.4964)  loss_objectness: 0.0246 (0.0285)  loss_rpn_box_reg: 0.0065 (0.0104)  time: 0.6503  data: 0.0798  max mem: 5175
Epoch: [6]  [ 20/140]  eta: 0:01:17  lr: 0.000050  loss: 0.5956 (0.6232)  loss_classifier: 0.0562 (0.0621)  loss_box_reg: 0.0498 (0.0542)  loss_mask: 0.4388 (0.4717)  loss_objectness: 0.0242 (0.0277)  loss_rpn_box_reg: 0.0043 (0.0075)  time: 0.6433  data: 0.0735  max mem: 5175
Epoch: [6]  [ 30/140]  eta: 0:01:10  lr: 0.000050  loss: 0.5956 (0.6309)  loss_classifier: 0.0633 (0.0626)  loss_box_reg: 0.0445 (0.0557)  loss_mask: 0.4570 (0.4794)  loss_objectness: 0.0240 (0.0268)  loss_rpn_box_reg: 0.0035 (0.0063)  time: 0.6387  data: 0.0687  max mem: 5175
Epoch: [6]  [ 40/140]  eta: 0:01:04  lr: 0.000050  loss: 0.6464 (0.6461)  loss_classifier: 0.0654 (0.0642)  loss_box_reg: 0.0571 (0.0576)  loss_mask: 0.5197 (0.4904)  loss_objectness: 0.0253 (0.0280)  loss_rpn_box_reg: 0.0038 (0.0060)  time: 0.6569  data: 0.0739  max mem: 5175
Epoch: [6]  [ 50/140]  eta: 0:00:58  lr: 0.000050  loss: 0.6464 (0.6485)  loss_classifier: 0.0646 (0.0639)  loss_box_reg: 0.0632 (0.0588)  loss_mask: 0.5043 (0.4919)  loss_objectness: 0.0247 (0.0277)  loss_rpn_box_reg: 0.0048 (0.0062)  time: 0.6603  data: 0.0734  max mem: 5175
Epoch: [6]  [ 60/140]  eta: 0:00:52  lr: 0.000050  loss: 0.6494 (0.6511)  loss_classifier: 0.0567 (0.0621)  loss_box_reg: 0.0509 (0.0559)  loss_mask: 0.5043 (0.4952)  loss_objectness: 0.0280 (0.0312)  loss_rpn_box_reg: 0.0060 (0.0067)  time: 0.6768  data: 0.0765  max mem: 5175
Epoch: [6]  [ 70/140]  eta: 0:00:46  lr: 0.000050  loss: 0.6494 (0.6516)  loss_classifier: 0.0544 (0.0631)  loss_box_reg: 0.0464 (0.0573)  loss_mask: 0.5026 (0.4944)  loss_objectness: 0.0280 (0.0302)  loss_rpn_box_reg: 0.0040 (0.0066)  time: 0.7112  data: 0.0805  max mem: 5175
Epoch: [6]  [ 80/140]  eta: 0:00:39  lr: 0.000050  loss: 0.6118 (0.6469)  loss_classifier: 0.0661 (0.0636)  loss_box_reg: 0.0676 (0.0582)  loss_mask: 0.4531 (0.4893)  loss_objectness: 0.0216 (0.0295)  loss_rpn_box_reg: 0.0026 (0.0063)  time: 0.6842  data: 0.0741  max mem: 5175
Epoch: [6]  [ 90/140]  eta: 0:00:33  lr: 0.000050  loss: 0.6232 (0.6474)  loss_classifier: 0.0716 (0.0643)  loss_box_reg: 0.0676 (0.0585)  loss_mask: 0.4515 (0.4886)  loss_objectness: 0.0249 (0.0299)  loss_rpn_box_reg: 0.0032 (0.0061)  time: 0.6720  data: 0.0744  max mem: 5175
Epoch: [6]  [100/140]  eta: 0:00:26  lr: 0.000050  loss: 0.6353 (0.6441)  loss_classifier: 0.0724 (0.0641)  loss_box_reg: 0.0652 (0.0585)  loss_mask: 0.4492 (0.4850)  loss_objectness: 0.0277 (0.0304)  loss_rpn_box_reg: 0.0042 (0.0061)  time: 0.6874  data: 0.0779  max mem: 5175
Epoch: [6]  [110/140]  eta: 0:00:20  lr: 0.000050  loss: 0.6353 (0.6425)  loss_classifier: 0.0709 (0.0648)  loss_box_reg: 0.0550 (0.0598)  loss_mask: 0.4492 (0.4815)  loss_objectness: 0.0290 (0.0303)  loss_rpn_box_reg: 0.0043 (0.0061)  time: 0.6680  data: 0.0795  max mem: 5175
Epoch: [6]  [120/140]  eta: 0:00:13  lr: 0.000050  loss: 0.6521 (0.6428)  loss_classifier: 0.0687 (0.0649)  loss_box_reg: 0.0638 (0.0599)  loss_mask: 0.4544 (0.4811)  loss_objectness: 0.0312 (0.0309)  loss_rpn_box_reg: 0.0057 (0.0061)  time: 0.6462  data: 0.0742  max mem: 5175
Epoch: [6]  [130/140]  eta: 0:00:06  lr: 0.000050  loss: 0.6167 (0.6410)  loss_classifier: 0.0639 (0.0645)  loss_box_reg: 0.0578 (0.0594)  loss_mask: 0.4630 (0.4806)  loss_objectness: 0.0252 (0.0304)  loss_rpn_box_reg: 0.0054 (0.0062)  time: 0.6373  data: 0.0671  max mem: 5175
Epoch: [6]  [139/140]  eta: 0:00:00  lr: 0.000050  loss: 0.6444 (0.6430)  loss_classifier: 0.0667 (0.0650)  loss_box_reg: 0.0602 (0.0600)  loss_mask: 0.4785 (0.4818)  loss_objectness: 0.0226 (0.0302)  loss_rpn_box_reg: 0.0048 (0.0060)  time: 0.6244  data: 0.0676  max mem: 5175
Epoch: [6] Total time: 0:01:32 (0.6601 s / it)
creating index...
index created!
Test:  [ 0/31]  eta: 0:00:15  model_time: 0.2487 (0.2487)  evaluator_time: 0.1882 (0.1882)  time: 0.4851  data: 0.0442  max mem: 5175
Test:  [30/31]  eta: 0:00:00  model_time: 0.1972 (0.1992)  evaluator_time: 0.1254 (0.1277)  time: 0.3770  data: 0.0449  max mem: 5175
Test: Total time: 0:00:11 (0.3847 s / it)
Averaged stats: model_time: 0.1972 (0.1992)  evaluator_time: 0.1254 (0.1277)
Accumulating evaluation results...
DONE (t=0.01s).
Accumulating evaluation results...
DONE (t=0.01s).
IoU metric: bbox
 Average Precision  (AP) @[ IoU=0.50:0.95 | area=   all | maxDets=100 ] = 0.020
 Average Precision  (AP) @[ IoU=0.50      | area=   all | maxDets=100 ] = 0.070
 Average Precision  (AP) @[ IoU=0.75      | area=   all | maxDets=100 ] = 0.000
 Average Precision  (AP) @[ IoU=0.50:0.95 | area= small | maxDets=100 ] = -1.000
 Average Precision  (AP) @[ IoU=0.50:0.95 | area=medium | maxDets=100 ] = -1.000
 Average Precision  (AP) @[ IoU=0.50:0.95 | area= large | maxDets=100 ] = 0.020
 Average Recall     (AR) @[ IoU=0.50:0.95 | area=   all | maxDets=  1 ] = 0.019
 Average Recall     (AR) @[ IoU=0.50:0.95 | area=   all | maxDets= 10 ] = 0.087
 Average Recall     (AR) @[ IoU=0.50:0.95 | area=   all | maxDets=100 ] = 0.148
 Average Recall     (AR) @[ IoU=0.50:0.95 | area= small | maxDets=100 ] = -1.000
 Average Recall     (AR) @[ IoU=0.50:0.95 | area=medium | maxDets=100 ] = -1.000
 Average Recall     (AR) @[ IoU=0.50:0.95 | area= large | maxDets=100 ] = 0.148
IoU metric: segm
 Average Precision  (AP) @[ IoU=0.50:0.95 | area=   all | maxDets=100 ] = 0.008
 Average Precision  (AP) @[ IoU=0.50      | area=   all | maxDets=100 ] = 0.041
 Average Precision  (AP) @[ IoU=0.75      | area=   all | maxDets=100 ] = 0.000
 Average Precision  (AP) @[ IoU=0.50:0.95 | area= small | maxDets=100 ] = -1.000
 Average Precision  (AP) @[ IoU=0.50:0.95 | area=medium | maxDets=100 ] = -1.000
 Average Precision  (AP) @[ IoU=0.50:0.95 | area= large | maxDets=100 ] = 0.008
 Average Recall     (AR) @[ IoU=0.50:0.95 | area=   all | maxDets=  1 ] = 0.006
 Average Recall     (AR) @[ IoU=0.50:0.95 | area=   all | maxDets= 10 ] = 0.010
 Average Recall     (AR) @[ IoU=0.50:0.95 | area=   all | maxDets=100 ] = 0.029
 Average Recall     (AR) @[ IoU=0.50:0.95 | area= small | maxDets=100 ] = -1.000
 Average Recall     (AR) @[ IoU=0.50:0.95 | area=medium | maxDets=100 ] = -1.000
 Average Recall     (AR) @[ IoU=0.50:0.95 | area= large | maxDets=100 ] = 0.029
Epoch: [7]  [  0/140]  eta: 0:01:28  lr: 0.000050  loss: 0.6291 (0.6291)  loss_classifier: 0.0340 (0.0340)  loss_box_reg: 0.0078 (0.0078)  loss_mask: 0.5475 (0.5475)  loss_objectness: 0.0372 (0.0372)  loss_rpn_box_reg: 0.0026 (0.0026)  time: 0.6348  data: 0.0645  max mem: 5175
Epoch: [7]  [ 10/140]  eta: 0:01:22  lr: 0.000050  loss: 0.6833 (0.6833)  loss_classifier: 0.0656 (0.0655)  loss_box_reg: 0.0561 (0.0532)  loss_mask: 0.5168 (0.5300)  loss_objectness: 0.0245 (0.0291)  loss_rpn_box_reg: 0.0037 (0.0056)  time: 0.6361  data: 0.0679  max mem: 5175
Epoch: [7]  [ 20/140]  eta: 0:01:16  lr: 0.000050  loss: 0.6798 (0.6661)  loss_classifier: 0.0721 (0.0675)  loss_box_reg: 0.0651 (0.0586)  loss_mask: 0.4955 (0.5031)  loss_objectness: 0.0244 (0.0287)  loss_rpn_box_reg: 0.0068 (0.0082)  time: 0.6381  data: 0.0683  max mem: 5175
Epoch: [7]  [ 30/140]  eta: 0:01:10  lr: 0.000050  loss: 0.6798 (0.6762)  loss_classifier: 0.0721 (0.0672)  loss_box_reg: 0.0663 (0.0593)  loss_mask: 0.4955 (0.5151)  loss_objectness: 0.0215 (0.0273)  loss_rpn_box_reg: 0.0065 (0.0073)  time: 0.6388  data: 0.0680  max mem: 5175
Epoch: [7]  [ 40/140]  eta: 0:01:03  lr: 0.000050  loss: 0.6693 (0.6765)  loss_classifier: 0.0670 (0.0686)  loss_box_reg: 0.0679 (0.0613)  loss_mask: 0.5066 (0.5130)  loss_objectness: 0.0215 (0.0271)  loss_rpn_box_reg: 0.0041 (0.0066)  time: 0.6391  data: 0.0688  max mem: 5175
Epoch: [7]  [ 50/140]  eta: 0:00:57  lr: 0.000050  loss: 0.6468 (0.6663)  loss_classifier: 0.0676 (0.0670)  loss_box_reg: 0.0607 (0.0600)  loss_mask: 0.4864 (0.5060)  loss_objectness: 0.0250 (0.0269)  loss_rpn_box_reg: 0.0036 (0.0063)  time: 0.6394  data: 0.0694  max mem: 5175
Epoch: [7]  [ 60/140]  eta: 0:00:51  lr: 0.000050  loss: 0.5952 (0.6626)  loss_classifier: 0.0611 (0.0669)  loss_box_reg: 0.0594 (0.0600)  loss_mask: 0.4468 (0.5018)  loss_objectness: 0.0258 (0.0273)  loss_rpn_box_reg: 0.0046 (0.0066)  time: 0.6384  data: 0.0685  max mem: 5175
Epoch: [7]  [ 70/140]  eta: 0:00:44  lr: 0.000050  loss: 0.6194 (0.6618)  loss_classifier: 0.0638 (0.0665)  loss_box_reg: 0.0613 (0.0596)  loss_mask: 0.4564 (0.5015)  loss_objectness: 0.0259 (0.0277)  loss_rpn_box_reg: 0.0048 (0.0065)  time: 0.6393  data: 0.0685  max mem: 5175
Epoch: [7]  [ 80/140]  eta: 0:00:38  lr: 0.000050  loss: 0.6100 (0.6563)  loss_classifier: 0.0578 (0.0656)  loss_box_reg: 0.0562 (0.0596)  loss_mask: 0.4726 (0.4966)  loss_objectness: 0.0262 (0.0281)  loss_rpn_box_reg: 0.0042 (0.0064)  time: 0.6400  data: 0.0691  max mem: 5175
Epoch: [7]  [ 90/140]  eta: 0:00:31  lr: 0.000050  loss: 0.6271 (0.6591)  loss_classifier: 0.0616 (0.0676)  loss_box_reg: 0.0640 (0.0621)  loss_mask: 0.4699 (0.4947)  loss_objectness: 0.0221 (0.0283)  loss_rpn_box_reg: 0.0040 (0.0063)  time: 0.6410  data: 0.0690  max mem: 5175
Epoch: [7]  [100/140]  eta: 0:00:25  lr: 0.000050  loss: 0.6429 (0.6594)  loss_classifier: 0.0710 (0.0675)  loss_box_reg: 0.0640 (0.0620)  loss_mask: 0.4699 (0.4943)  loss_objectness: 0.0299 (0.0294)  loss_rpn_box_reg: 0.0048 (0.0062)  time: 0.6706  data: 0.0819  max mem: 5175
Epoch: [7]  [110/140]  eta: 0:00:19  lr: 0.000050  loss: 0.6164 (0.6559)  loss_classifier: 0.0619 (0.0672)  loss_box_reg: 0.0558 (0.0619)  loss_mask: 0.4505 (0.4915)  loss_objectness: 0.0327 (0.0294)  loss_rpn_box_reg: 0.0043 (0.0060)  time: 0.6709  data: 0.0837  max mem: 5175
Epoch: [7]  [120/140]  eta: 0:00:12  lr: 0.000050  loss: 0.6114 (0.6524)  loss_classifier: 0.0619 (0.0669)  loss_box_reg: 0.0533 (0.0616)  loss_mask: 0.4465 (0.4889)  loss_objectness: 0.0233 (0.0291)  loss_rpn_box_reg: 0.0036 (0.0059)  time: 0.6413  data: 0.0716  max mem: 5175
Epoch: [7]  [130/140]  eta: 0:00:06  lr: 0.000050  loss: 0.6325 (0.6567)  loss_classifier: 0.0672 (0.0668)  loss_box_reg: 0.0575 (0.0614)  loss_mask: 0.4465 (0.4934)  loss_objectness: 0.0229 (0.0291)  loss_rpn_box_reg: 0.0036 (0.0060)  time: 0.6395  data: 0.0700  max mem: 5175
Epoch: [7]  [139/140]  eta: 0:00:00  lr: 0.000050  loss: 0.6325 (0.6550)  loss_classifier: 0.0580 (0.0661)  loss_box_reg: 0.0523 (0.0605)  loss_mask: 0.4683 (0.4928)  loss_objectness: 0.0253 (0.0296)  loss_rpn_box_reg: 0.0046 (0.0060)  time: 0.6207  data: 0.0656  max mem: 5175
Epoch: [7] Total time: 0:01:29 (0.6413 s / it)
creating index...
index created!
Test:  [ 0/31]  eta: 0:00:11  model_time: 0.2026 (0.2026)  evaluator_time: 0.1248 (0.1248)  time: 0.3754  data: 0.0439  max mem: 5175
Test:  [30/31]  eta: 0:00:00  model_time: 0.1925 (0.1894)  evaluator_time: 0.1197 (0.1147)  time: 0.3628  data: 0.0445  max mem: 5175
Test: Total time: 0:00:11 (0.3608 s / it)
Averaged stats: model_time: 0.1925 (0.1894)  evaluator_time: 0.1197 (0.1147)
Accumulating evaluation results...
DONE (t=0.01s).
Accumulating evaluation results...
DONE (t=0.01s).
IoU metric: bbox
 Average Precision  (AP) @[ IoU=0.50:0.95 | area=   all | maxDets=100 ] = 0.002
 Average Precision  (AP) @[ IoU=0.50      | area=   all | maxDets=100 ] = 0.012
 Average Precision  (AP) @[ IoU=0.75      | area=   all | maxDets=100 ] = 0.000
 Average Precision  (AP) @[ IoU=0.50:0.95 | area= small | maxDets=100 ] = -1.000
 Average Precision  (AP) @[ IoU=0.50:0.95 | area=medium | maxDets=100 ] = -1.000
 Average Precision  (AP) @[ IoU=0.50:0.95 | area= large | maxDets=100 ] = 0.002
 Average Recall     (AR) @[ IoU=0.50:0.95 | area=   all | maxDets=  1 ] = 0.010
 Average Recall     (AR) @[ IoU=0.50:0.95 | area=   all | maxDets= 10 ] = 0.061
 Average Recall     (AR) @[ IoU=0.50:0.95 | area=   all | maxDets=100 ] = 0.113
 Average Recall     (AR) @[ IoU=0.50:0.95 | area= small | maxDets=100 ] = -1.000
 Average Recall     (AR) @[ IoU=0.50:0.95 | area=medium | maxDets=100 ] = -1.000
 Average Recall     (AR) @[ IoU=0.50:0.95 | area= large | maxDets=100 ] = 0.113
IoU metric: segm
 Average Precision  (AP) @[ IoU=0.50:0.95 | area=   all | maxDets=100 ] = 0.000
 Average Precision  (AP) @[ IoU=0.50      | area=   all | maxDets=100 ] = 0.003
 Average Precision  (AP) @[ IoU=0.75      | area=   all | maxDets=100 ] = 0.000
 Average Precision  (AP) @[ IoU=0.50:0.95 | area= small | maxDets=100 ] = -1.000
 Average Precision  (AP) @[ IoU=0.50:0.95 | area=medium | maxDets=100 ] = -1.000
 Average Precision  (AP) @[ IoU=0.50:0.95 | area= large | maxDets=100 ] = 0.000
 Average Recall     (AR) @[ IoU=0.50:0.95 | area=   all | maxDets=  1 ] = 0.006
 Average Recall     (AR) @[ IoU=0.50:0.95 | area=   all | maxDets= 10 ] = 0.029
 Average Recall     (AR) @[ IoU=0.50:0.95 | area=   all | maxDets=100 ] = 0.045
 Average Recall     (AR) @[ IoU=0.50:0.95 | area= small | maxDets=100 ] = -1.000
 Average Recall     (AR) @[ IoU=0.50:0.95 | area=medium | maxDets=100 ] = -1.000
 Average Recall     (AR) @[ IoU=0.50:0.95 | area= large | maxDets=100 ] = 0.045
Epoch: [8]  [  0/140]  eta: 0:01:28  lr: 0.000050  loss: 0.6193 (0.6193)  loss_classifier: 0.0763 (0.0763)  loss_box_reg: 0.0404 (0.0404)  loss_mask: 0.4728 (0.4728)  loss_objectness: 0.0242 (0.0242)  loss_rpn_box_reg: 0.0055 (0.0055)  time: 0.6319  data: 0.0687  max mem: 5175
Epoch: [8]  [ 10/140]  eta: 0:01:22  lr: 0.000050  loss: 0.6527 (0.6499)  loss_classifier: 0.0763 (0.0711)  loss_box_reg: 0.0484 (0.0633)  loss_mask: 0.4639 (0.4791)  loss_objectness: 0.0332 (0.0301)  loss_rpn_box_reg: 0.0055 (0.0064)  time: 0.6336  data: 0.0666  max mem: 5175
Epoch: [8]  [ 20/140]  eta: 0:01:16  lr: 0.000050  loss: 0.6527 (0.6536)  loss_classifier: 0.0642 (0.0670)  loss_box_reg: 0.0569 (0.0593)  loss_mask: 0.4794 (0.4887)  loss_objectness: 0.0295 (0.0324)  loss_rpn_box_reg: 0.0058 (0.0062)  time: 0.6352  data: 0.0672  max mem: 5175
Epoch: [8]  [ 30/140]  eta: 0:01:09  lr: 0.000050  loss: 0.6642 (0.6559)  loss_classifier: 0.0645 (0.0667)  loss_box_reg: 0.0575 (0.0583)  loss_mask: 0.5106 (0.4920)  loss_objectness: 0.0293 (0.0333)  loss_rpn_box_reg: 0.0049 (0.0056)  time: 0.6369  data: 0.0681  max mem: 5175
Epoch: [8]  [ 40/140]  eta: 0:01:03  lr: 0.000050  loss: 0.6639 (0.6513)  loss_classifier: 0.0683 (0.0658)  loss_box_reg: 0.0621 (0.0590)  loss_mask: 0.5038 (0.4873)  loss_objectness: 0.0262 (0.0324)  loss_rpn_box_reg: 0.0054 (0.0069)  time: 0.6364  data: 0.0676  max mem: 5175
Epoch: [8]  [ 50/140]  eta: 0:00:57  lr: 0.000050  loss: 0.6174 (0.6516)  loss_classifier: 0.0607 (0.0661)  loss_box_reg: 0.0613 (0.0604)  loss_mask: 0.4618 (0.4872)  loss_objectness: 0.0256 (0.0316)  loss_rpn_box_reg: 0.0052 (0.0063)  time: 0.6373  data: 0.0675  max mem: 5175
Epoch: [8]  [ 60/140]  eta: 0:00:50  lr: 0.000050  loss: 0.5829 (0.6478)  loss_classifier: 0.0601 (0.0661)  loss_box_reg: 0.0583 (0.0598)  loss_mask: 0.4542 (0.4851)  loss_objectness: 0.0239 (0.0308)  loss_rpn_box_reg: 0.0041 (0.0059)  time: 0.6373  data: 0.0678  max mem: 5175
Epoch: [8]  [ 70/140]  eta: 0:00:44  lr: 0.000050  loss: 0.6750 (0.6518)  loss_classifier: 0.0577 (0.0660)  loss_box_reg: 0.0539 (0.0599)  loss_mask: 0.4978 (0.4899)  loss_objectness: 0.0268 (0.0304)  loss_rpn_box_reg: 0.0034 (0.0057)  time: 0.6351  data: 0.0672  max mem: 5175
Epoch: [8]  [ 80/140]  eta: 0:00:38  lr: 0.000050  loss: 0.6289 (0.6477)  loss_classifier: 0.0602 (0.0656)  loss_box_reg: 0.0574 (0.0603)  loss_mask: 0.4805 (0.4852)  loss_objectness: 0.0252 (0.0305)  loss_rpn_box_reg: 0.0033 (0.0061)  time: 0.6364  data: 0.0673  max mem: 5175
Epoch: [8]  [ 90/140]  eta: 0:00:31  lr: 0.000050  loss: 0.6348 (0.6529)  loss_classifier: 0.0649 (0.0662)  loss_box_reg: 0.0652 (0.0610)  loss_mask: 0.4805 (0.4890)  loss_objectness: 0.0241 (0.0306)  loss_rpn_box_reg: 0.0046 (0.0061)  time: 0.6391  data: 0.0683  max mem: 5175
Epoch: [8]  [100/140]  eta: 0:00:25  lr: 0.000050  loss: 0.6348 (0.6510)  loss_classifier: 0.0645 (0.0653)  loss_box_reg: 0.0584 (0.0598)  loss_mask: 0.4753 (0.4892)  loss_objectness: 0.0275 (0.0306)  loss_rpn_box_reg: 0.0046 (0.0060)  time: 0.6377  data: 0.0681  max mem: 5175
Epoch: [8]  [110/140]  eta: 0:00:19  lr: 0.000050  loss: 0.6129 (0.6506)  loss_classifier: 0.0543 (0.0653)  loss_box_reg: 0.0531 (0.0596)  loss_mask: 0.4828 (0.4898)  loss_objectness: 0.0258 (0.0300)  loss_rpn_box_reg: 0.0043 (0.0059)  time: 0.6375  data: 0.0688  max mem: 5175
Epoch: [8]  [120/140]  eta: 0:00:12  lr: 0.000050  loss: 0.6265 (0.6496)  loss_classifier: 0.0639 (0.0650)  loss_box_reg: 0.0567 (0.0595)  loss_mask: 0.4871 (0.4894)  loss_objectness: 0.0228 (0.0299)  loss_rpn_box_reg: 0.0043 (0.0058)  time: 0.6392  data: 0.0698  max mem: 5175
Epoch: [8]  [130/140]  eta: 0:00:06  lr: 0.000050  loss: 0.6283 (0.6504)  loss_classifier: 0.0610 (0.0656)  loss_box_reg: 0.0667 (0.0605)  loss_mask: 0.4573 (0.4882)  loss_objectness: 0.0228 (0.0300)  loss_rpn_box_reg: 0.0043 (0.0061)  time: 0.6394  data: 0.0689  max mem: 5175
Epoch: [8]  [139/140]  eta: 0:00:00  lr: 0.000050  loss: 0.6249 (0.6484)  loss_classifier: 0.0610 (0.0653)  loss_box_reg: 0.0667 (0.0606)  loss_mask: 0.4555 (0.4867)  loss_objectness: 0.0238 (0.0298)  loss_rpn_box_reg: 0.0046 (0.0060)  time: 0.6236  data: 0.0667  max mem: 5175
Epoch: [8] Total time: 0:01:28 (0.6351 s / it)
creating index...
index created!
Test:  [ 0/31]  eta: 0:00:15  model_time: 0.2533 (0.2533)  evaluator_time: 0.1952 (0.1952)  time: 0.4967  data: 0.0441  max mem: 5175
Test:  [30/31]  eta: 0:00:00  model_time: 0.1801 (0.2019)  evaluator_time: 0.1057 (0.1316)  time: 0.3726  data: 0.0446  max mem: 5175
Test: Total time: 0:00:12 (0.3917 s / it)
Averaged stats: model_time: 0.1801 (0.2019)  evaluator_time: 0.1057 (0.1316)
Accumulating evaluation results...
DONE (t=0.01s).
Accumulating evaluation results...
DONE (t=0.01s).
IoU metric: bbox
 Average Precision  (AP) @[ IoU=0.50:0.95 | area=   all | maxDets=100 ] = 0.001
 Average Precision  (AP) @[ IoU=0.50      | area=   all | maxDets=100 ] = 0.007
 Average Precision  (AP) @[ IoU=0.75      | area=   all | maxDets=100 ] = 0.000
 Average Precision  (AP) @[ IoU=0.50:0.95 | area= small | maxDets=100 ] = -1.000
 Average Precision  (AP) @[ IoU=0.50:0.95 | area=medium | maxDets=100 ] = -1.000
 Average Precision  (AP) @[ IoU=0.50:0.95 | area= large | maxDets=100 ] = 0.001
 Average Recall     (AR) @[ IoU=0.50:0.95 | area=   all | maxDets=  1 ] = 0.013
 Average Recall     (AR) @[ IoU=0.50:0.95 | area=   all | maxDets= 10 ] = 0.055
 Average Recall     (AR) @[ IoU=0.50:0.95 | area=   all | maxDets=100 ] = 0.081
 Average Recall     (AR) @[ IoU=0.50:0.95 | area= small | maxDets=100 ] = -1.000
 Average Recall     (AR) @[ IoU=0.50:0.95 | area=medium | maxDets=100 ] = -1.000
 Average Recall     (AR) @[ IoU=0.50:0.95 | area= large | maxDets=100 ] = 0.081
IoU metric: segm
 Average Precision  (AP) @[ IoU=0.50:0.95 | area=   all | maxDets=100 ] = 0.001
 Average Precision  (AP) @[ IoU=0.50      | area=   all | maxDets=100 ] = 0.009
 Average Precision  (AP) @[ IoU=0.75      | area=   all | maxDets=100 ] = 0.000
 Average Precision  (AP) @[ IoU=0.50:0.95 | area= small | maxDets=100 ] = -1.000
 Average Precision  (AP) @[ IoU=0.50:0.95 | area=medium | maxDets=100 ] = -1.000
 Average Precision  (AP) @[ IoU=0.50:0.95 | area= large | maxDets=100 ] = 0.001
 Average Recall     (AR) @[ IoU=0.50:0.95 | area=   all | maxDets=  1 ] = 0.006
 Average Recall     (AR) @[ IoU=0.50:0.95 | area=   all | maxDets= 10 ] = 0.016
 Average Recall     (AR) @[ IoU=0.50:0.95 | area=   all | maxDets=100 ] = 0.023
 Average Recall     (AR) @[ IoU=0.50:0.95 | area= small | maxDets=100 ] = -1.000
 Average Recall     (AR) @[ IoU=0.50:0.95 | area=medium | maxDets=100 ] = -1.000
 Average Recall     (AR) @[ IoU=0.50:0.95 | area= large | maxDets=100 ] = 0.023
Epoch: [9]  [  0/140]  eta: 0:01:28  lr: 0.000005  loss: 0.6502 (0.6502)  loss_classifier: 0.0777 (0.0777)  loss_box_reg: 0.0621 (0.0621)  loss_mask: 0.4823 (0.4823)  loss_objectness: 0.0233 (0.0233)  loss_rpn_box_reg: 0.0048 (0.0048)  time: 0.6352  data: 0.0667  max mem: 5175
Epoch: [9]  [ 10/140]  eta: 0:01:23  lr: 0.000005  loss: 0.6502 (0.6463)  loss_classifier: 0.0613 (0.0658)  loss_box_reg: 0.0630 (0.0693)  loss_mask: 0.4835 (0.4811)  loss_objectness: 0.0231 (0.0240)  loss_rpn_box_reg: 0.0053 (0.0060)  time: 0.6396  data: 0.0693  max mem: 5175
Epoch: [9]  [ 20/140]  eta: 0:01:16  lr: 0.000005  loss: 0.6457 (0.6470)  loss_classifier: 0.0613 (0.0670)  loss_box_reg: 0.0630 (0.0655)  loss_mask: 0.4659 (0.4782)  loss_objectness: 0.0231 (0.0285)  loss_rpn_box_reg: 0.0051 (0.0078)  time: 0.6379  data: 0.0679  max mem: 5175
Epoch: [9]  [ 30/140]  eta: 0:01:10  lr: 0.000005  loss: 0.6723 (0.6546)  loss_classifier: 0.0617 (0.0661)  loss_box_reg: 0.0519 (0.0614)  loss_mask: 0.4701 (0.4871)  loss_objectness: 0.0348 (0.0329)  loss_rpn_box_reg: 0.0042 (0.0072)  time: 0.6355  data: 0.0671  max mem: 5175
Epoch: [9]  [ 40/140]  eta: 0:01:03  lr: 0.000005  loss: 0.6742 (0.6532)  loss_classifier: 0.0629 (0.0679)  loss_box_reg: 0.0528 (0.0624)  loss_mask: 0.4815 (0.4843)  loss_objectness: 0.0313 (0.0319)  loss_rpn_box_reg: 0.0039 (0.0067)  time: 0.6354  data: 0.0673  max mem: 5175
Epoch: [9]  [ 50/140]  eta: 0:00:57  lr: 0.000005  loss: 0.5934 (0.6422)  loss_classifier: 0.0646 (0.0667)  loss_box_reg: 0.0552 (0.0617)  loss_mask: 0.4186 (0.4764)  loss_objectness: 0.0245 (0.0313)  loss_rpn_box_reg: 0.0037 (0.0061)  time: 0.6357  data: 0.0667  max mem: 5175
Epoch: [9]  [ 60/140]  eta: 0:00:50  lr: 0.000005  loss: 0.6096 (0.6485)  loss_classifier: 0.0646 (0.0664)  loss_box_reg: 0.0641 (0.0622)  loss_mask: 0.4550 (0.4818)  loss_objectness: 0.0245 (0.0319)  loss_rpn_box_reg: 0.0037 (0.0061)  time: 0.6354  data: 0.0664  max mem: 5175
Epoch: [9]  [ 70/140]  eta: 0:00:44  lr: 0.000005  loss: 0.6385 (0.6512)  loss_classifier: 0.0673 (0.0660)  loss_box_reg: 0.0559 (0.0600)  loss_mask: 0.4792 (0.4865)  loss_objectness: 0.0290 (0.0324)  loss_rpn_box_reg: 0.0050 (0.0064)  time: 0.6348  data: 0.0664  max mem: 5175
Epoch: [9]  [ 80/140]  eta: 0:00:38  lr: 0.000005  loss: 0.6497 (0.6541)  loss_classifier: 0.0698 (0.0667)  loss_box_reg: 0.0604 (0.0614)  loss_mask: 0.4874 (0.4879)  loss_objectness: 0.0286 (0.0319)  loss_rpn_box_reg: 0.0057 (0.0062)  time: 0.6355  data: 0.0667  max mem: 5175
Epoch: [9]  [ 90/140]  eta: 0:00:31  lr: 0.000005  loss: 0.6592 (0.6604)  loss_classifier: 0.0718 (0.0668)  loss_box_reg: 0.0664 (0.0621)  loss_mask: 0.4963 (0.4939)  loss_objectness: 0.0230 (0.0315)  loss_rpn_box_reg: 0.0051 (0.0061)  time: 0.6372  data: 0.0671  max mem: 5175
Epoch: [9]  [100/140]  eta: 0:00:25  lr: 0.000005  loss: 0.6298 (0.6540)  loss_classifier: 0.0595 (0.0659)  loss_box_reg: 0.0558 (0.0609)  loss_mask: 0.4750 (0.4899)  loss_objectness: 0.0191 (0.0312)  loss_rpn_box_reg: 0.0045 (0.0061)  time: 0.6365  data: 0.0676  max mem: 5175
Epoch: [9]  [110/140]  eta: 0:00:19  lr: 0.000005  loss: 0.6086 (0.6511)  loss_classifier: 0.0588 (0.0656)  loss_box_reg: 0.0567 (0.0612)  loss_mask: 0.4441 (0.4873)  loss_objectness: 0.0231 (0.0308)  loss_rpn_box_reg: 0.0044 (0.0062)  time: 0.6347  data: 0.0662  max mem: 5175
Epoch: [9]  [120/140]  eta: 0:00:12  lr: 0.000005  loss: 0.6156 (0.6517)  loss_classifier: 0.0588 (0.0654)  loss_box_reg: 0.0589 (0.0612)  loss_mask: 0.4531 (0.4884)  loss_objectness: 0.0238 (0.0308)  loss_rpn_box_reg: 0.0034 (0.0060)  time: 0.6368  data: 0.0667  max mem: 5175
Epoch: [9]  [130/140]  eta: 0:00:06  lr: 0.000005  loss: 0.6686 (0.6531)  loss_classifier: 0.0646 (0.0656)  loss_box_reg: 0.0591 (0.0615)  loss_mask: 0.4951 (0.4893)  loss_objectness: 0.0260 (0.0307)  loss_rpn_box_reg: 0.0040 (0.0060)  time: 0.6398  data: 0.0692  max mem: 5175
Epoch: [9]  [139/140]  eta: 0:00:00  lr: 0.000005  loss: 0.6449 (0.6515)  loss_classifier: 0.0609 (0.0654)  loss_box_reg: 0.0611 (0.0611)  loss_mask: 0.5025 (0.4886)  loss_objectness: 0.0227 (0.0303)  loss_rpn_box_reg: 0.0040 (0.0060)  time: 0.6228  data: 0.0670  max mem: 5175
Epoch: [9] Total time: 0:01:28 (0.6344 s / it)
creating index...
index created!
Test:  [ 0/31]  eta: 0:00:16  model_time: 0.2700 (0.2700)  evaluator_time: 0.2048 (0.2048)  time: 0.5236  data: 0.0449  max mem: 5175
Test:  [30/31]  eta: 0:00:00  model_time: 0.1830 (0.2030)  evaluator_time: 0.0953 (0.1305)  time: 0.3820  data: 0.0441  max mem: 5175
Test: Total time: 0:00:12 (0.3906 s / it)
Averaged stats: model_time: 0.1830 (0.2030)  evaluator_time: 0.0953 (0.1305)
Accumulating evaluation results...
DONE (t=0.01s).
Accumulating evaluation results...
DONE (t=0.01s).
IoU metric: bbox
 Average Precision  (AP) @[ IoU=0.50:0.95 | area=   all | maxDets=100 ] = 0.018
 Average Precision  (AP) @[ IoU=0.50      | area=   all | maxDets=100 ] = 0.048
 Average Precision  (AP) @[ IoU=0.75      | area=   all | maxDets=100 ] = 0.000
 Average Precision  (AP) @[ IoU=0.50:0.95 | area= small | maxDets=100 ] = -1.000
 Average Precision  (AP) @[ IoU=0.50:0.95 | area=medium | maxDets=100 ] = -1.000
 Average Precision  (AP) @[ IoU=0.50:0.95 | area= large | maxDets=100 ] = 0.018
 Average Recall     (AR) @[ IoU=0.50:0.95 | area=   all | maxDets=  1 ] = 0.032
 Average Recall     (AR) @[ IoU=0.50:0.95 | area=   all | maxDets= 10 ] = 0.077
 Average Recall     (AR) @[ IoU=0.50:0.95 | area=   all | maxDets=100 ] = 0.100
 Average Recall     (AR) @[ IoU=0.50:0.95 | area= small | maxDets=100 ] = -1.000
 Average Recall     (AR) @[ IoU=0.50:0.95 | area=medium | maxDets=100 ] = -1.000
 Average Recall     (AR) @[ IoU=0.50:0.95 | area= large | maxDets=100 ] = 0.100
IoU metric: segm
 Average Precision  (AP) @[ IoU=0.50:0.95 | area=   all | maxDets=100 ] = 0.004
 Average Precision  (AP) @[ IoU=0.50      | area=   all | maxDets=100 ] = 0.040
 Average Precision  (AP) @[ IoU=0.75      | area=   all | maxDets=100 ] = 0.000
 Average Precision  (AP) @[ IoU=0.50:0.95 | area= small | maxDets=100 ] = -1.000
 Average Precision  (AP) @[ IoU=0.50:0.95 | area=medium | maxDets=100 ] = -1.000
 Average Precision  (AP) @[ IoU=0.50:0.95 | area= large | maxDets=100 ] = 0.004
 Average Recall     (AR) @[ IoU=0.50:0.95 | area=   all | maxDets=  1 ] = 0.003
 Average Recall     (AR) @[ IoU=0.50:0.95 | area=   all | maxDets= 10 ] = 0.003
 Average Recall     (AR) @[ IoU=0.50:0.95 | area=   all | maxDets=100 ] = 0.006
 Average Recall     (AR) @[ IoU=0.50:0.95 | area= small | maxDets=100 ] = -1.000
 Average Recall     (AR) @[ IoU=0.50:0.95 | area=medium | maxDets=100 ] = -1.000
 Average Recall     (AR) @[ IoU=0.50:0.95 | area= large | maxDets=100 ] = 0.006
That's it!
