nohup: ignoring input
/home/deipss/anaconda3/envs/py310/lib/python3.10/site-packages/torch/autograd/graph.py:744: UserWarning: Plan failed with a cudnnException: CUDNN_BACKEND_EXECUTION_PLAN_DESCRIPTOR: cudnnFinalize Descriptor Failed cudnn_status: CUDNN_STATUS_NOT_SUPPORTED (Triggered internally at ../aten/src/ATen/native/cudnn/Conv_v8.cpp:919.)
  return Variable._execution_engine.run_backward(  # Calls into the C++ engine to run the backward pass
test_len=62
Epoch: [0]  [  0/279]  eta: 0:05:55  lr: 0.000023  loss: 5.3317 (5.3317)  loss_classifier: 0.7502 (0.7502)  loss_box_reg: 0.0444 (0.0444)  loss_mask: 3.8472 (3.8472)  loss_objectness: 0.6872 (0.6872)  loss_rpn_box_reg: 0.0026 (0.0026)  time: 1.2759  data: 0.0897  max mem: 2550
Epoch: [0]  [ 10/279]  eta: 0:02:41  lr: 0.000203  loss: 2.3295 (2.8667)  loss_classifier: 0.7090 (0.6946)  loss_box_reg: 0.0000 (0.0070)  loss_mask: 1.0116 (1.4743)  loss_objectness: 0.6879 (0.6883)  loss_rpn_box_reg: 0.0026 (0.0024)  time: 0.5990  data: 0.0682  max mem: 2713
Epoch: [0]  [ 20/279]  eta: 0:02:26  lr: 0.000382  loss: 2.0751 (2.4205)  loss_classifier: 0.5949 (0.6130)  loss_box_reg: 0.0000 (0.0062)  loss_mask: 0.8230 (1.1118)  loss_objectness: 0.6861 (0.6859)  loss_rpn_box_reg: 0.0024 (0.0037)  time: 0.5290  data: 0.0660  max mem: 2713
Epoch: [0]  [ 30/279]  eta: 0:02:18  lr: 0.000562  loss: 1.8614 (2.1743)  loss_classifier: 0.4182 (0.5329)  loss_box_reg: 0.0045 (0.0071)  loss_mask: 0.7929 (0.9509)  loss_objectness: 0.6784 (0.6797)  loss_rpn_box_reg: 0.0024 (0.0038)  time: 0.5298  data: 0.0687  max mem: 2714
Epoch: [0]  [ 40/279]  eta: 0:02:10  lr: 0.000742  loss: 1.5435 (1.9728)  loss_classifier: 0.3364 (0.4619)  loss_box_reg: 0.0001 (0.0084)  loss_mask: 0.6636 (0.8309)  loss_objectness: 0.6525 (0.6683)  loss_rpn_box_reg: 0.0014 (0.0033)  time: 0.5294  data: 0.0678  max mem: 2715
Epoch: [0]  [ 50/279]  eta: 0:02:04  lr: 0.000921  loss: 1.3434 (1.8813)  loss_classifier: 0.0829 (0.3833)  loss_box_reg: 0.0095 (0.0121)  loss_mask: 0.7031 (0.8415)  loss_objectness: 0.5740 (0.6400)  loss_rpn_box_reg: 0.0024 (0.0043)  time: 0.5299  data: 0.0652  max mem: 2715
Epoch: [0]  [ 60/279]  eta: 0:01:58  lr: 0.001101  loss: 1.3346 (1.7322)  loss_classifier: 0.0545 (0.3264)  loss_box_reg: 0.0095 (0.0118)  loss_mask: 0.7547 (0.7929)  loss_objectness: 0.4819 (0.5970)  loss_rpn_box_reg: 0.0024 (0.0041)  time: 0.5313  data: 0.0668  max mem: 2715
Epoch: [0]  [ 70/279]  eta: 0:01:53  lr: 0.001281  loss: 1.0357 (1.5936)  loss_classifier: 0.0270 (0.2856)  loss_box_reg: 0.0081 (0.0139)  loss_mask: 0.6752 (0.7537)  loss_objectness: 0.2497 (0.5359)  loss_rpn_box_reg: 0.0018 (0.0045)  time: 0.5306  data: 0.0672  max mem: 2715
Epoch: [0]  [ 80/279]  eta: 0:01:47  lr: 0.001460  loss: 0.8028 (1.4798)  loss_classifier: 0.0325 (0.2547)  loss_box_reg: 0.0220 (0.0148)  loss_mask: 0.6432 (0.7270)  loss_objectness: 0.0902 (0.4790)  loss_rpn_box_reg: 0.0019 (0.0042)  time: 0.5335  data: 0.0674  max mem: 2715
Epoch: [0]  [ 90/279]  eta: 0:01:41  lr: 0.001640  loss: 0.7118 (1.3532)  loss_classifier: 0.0233 (0.2285)  loss_box_reg: 0.0072 (0.0143)  loss_mask: 0.5897 (0.6763)  loss_objectness: 0.0476 (0.4302)  loss_rpn_box_reg: 0.0008 (0.0040)  time: 0.5311  data: 0.0670  max mem: 2715
Epoch: [0]  [100/279]  eta: 0:01:36  lr: 0.001820  loss: 0.4752 (1.2978)  loss_classifier: 0.0219 (0.2103)  loss_box_reg: 0.0003 (0.0151)  loss_mask: 0.3725 (0.6758)  loss_objectness: 0.0385 (0.3923)  loss_rpn_box_reg: 0.0007 (0.0042)  time: 0.5330  data: 0.0688  max mem: 2715
Epoch: [0]  [110/279]  eta: 0:01:30  lr: 0.001999  loss: 0.7761 (1.2485)  loss_classifier: 0.0303 (0.1943)  loss_box_reg: 0.0105 (0.0153)  loss_mask: 0.6591 (0.6724)  loss_objectness: 0.0570 (0.3622)  loss_rpn_box_reg: 0.0021 (0.0043)  time: 0.5348  data: 0.0681  max mem: 2715
Epoch: [0]  [120/279]  eta: 0:01:25  lr: 0.002179  loss: 0.7112 (1.1960)  loss_classifier: 0.0262 (0.1807)  loss_box_reg: 0.0084 (0.0152)  loss_mask: 0.6055 (0.6598)  loss_objectness: 0.0516 (0.3360)  loss_rpn_box_reg: 0.0023 (0.0042)  time: 0.5293  data: 0.0639  max mem: 2715
Epoch: [0]  [130/279]  eta: 0:01:19  lr: 0.002359  loss: 0.7861 (1.1654)  loss_classifier: 0.0301 (0.1702)  loss_box_reg: 0.0159 (0.0160)  loss_mask: 0.6379 (0.6613)  loss_objectness: 0.0432 (0.3139)  loss_rpn_box_reg: 0.0019 (0.0041)  time: 0.5296  data: 0.0645  max mem: 2715
Epoch: [0]  [140/279]  eta: 0:01:14  lr: 0.002538  loss: 0.7426 (1.1110)  loss_classifier: 0.0335 (0.1602)  loss_box_reg: 0.0188 (0.0159)  loss_mask: 0.6379 (0.6363)  loss_objectness: 0.0465 (0.2947)  loss_rpn_box_reg: 0.0011 (0.0040)  time: 0.5314  data: 0.0659  max mem: 2715
Epoch: [0]  [150/279]  eta: 0:01:09  lr: 0.002718  loss: 0.6572 (1.0792)  loss_classifier: 0.0260 (0.1525)  loss_box_reg: 0.0137 (0.0163)  loss_mask: 0.5473 (0.6293)  loss_objectness: 0.0338 (0.2772)  loss_rpn_box_reg: 0.0010 (0.0039)  time: 0.5328  data: 0.0671  max mem: 2715
Epoch: [0]  [160/279]  eta: 0:01:03  lr: 0.002898  loss: 0.7586 (1.0535)  loss_classifier: 0.0483 (0.1467)  loss_box_reg: 0.0324 (0.0182)  loss_mask: 0.6416 (0.6230)  loss_objectness: 0.0261 (0.2618)  loss_rpn_box_reg: 0.0018 (0.0038)  time: 0.5354  data: 0.0673  max mem: 2715
Epoch: [0]  [170/279]  eta: 0:00:58  lr: 0.003077  loss: 0.7583 (1.0296)  loss_classifier: 0.0519 (0.1408)  loss_box_reg: 0.0342 (0.0188)  loss_mask: 0.6119 (0.6181)  loss_objectness: 0.0266 (0.2482)  loss_rpn_box_reg: 0.0014 (0.0037)  time: 0.5330  data: 0.0651  max mem: 2715
Epoch: [0]  [180/279]  eta: 0:00:53  lr: 0.003257  loss: 0.7001 (0.9979)  loss_classifier: 0.0355 (0.1349)  loss_box_reg: 0.0146 (0.0186)  loss_mask: 0.5764 (0.6047)  loss_objectness: 0.0278 (0.2361)  loss_rpn_box_reg: 0.0014 (0.0036)  time: 0.5330  data: 0.0673  max mem: 2715
Epoch: [0]  [190/279]  eta: 0:00:47  lr: 0.003437  loss: 0.7227 (0.9859)  loss_classifier: 0.0445 (0.1304)  loss_box_reg: 0.0233 (0.0192)  loss_mask: 0.5983 (0.6073)  loss_objectness: 0.0241 (0.2253)  loss_rpn_box_reg: 0.0014 (0.0037)  time: 0.5341  data: 0.0681  max mem: 2715
Epoch: [0]  [200/279]  eta: 0:00:42  lr: 0.003616  loss: 0.7536 (0.9689)  loss_classifier: 0.0517 (0.1264)  loss_box_reg: 0.0381 (0.0202)  loss_mask: 0.6197 (0.6030)  loss_objectness: 0.0248 (0.2156)  loss_rpn_box_reg: 0.0016 (0.0037)  time: 0.5328  data: 0.0659  max mem: 2715
Epoch: [0]  [210/279]  eta: 0:00:36  lr: 0.003796  loss: 0.7562 (0.9559)  loss_classifier: 0.0468 (0.1225)  loss_box_reg: 0.0237 (0.0204)  loss_mask: 0.6240 (0.6028)  loss_objectness: 0.0281 (0.2066)  loss_rpn_box_reg: 0.0014 (0.0036)  time: 0.5341  data: 0.0673  max mem: 2716
Epoch: [0]  [220/279]  eta: 0:00:31  lr: 0.003976  loss: 0.7421 (0.9403)  loss_classifier: 0.0279 (0.1193)  loss_box_reg: 0.0182 (0.0209)  loss_mask: 0.6191 (0.5979)  loss_objectness: 0.0231 (0.1985)  loss_rpn_box_reg: 0.0017 (0.0036)  time: 0.5346  data: 0.0674  max mem: 2716
Epoch: [0]  [230/279]  eta: 0:00:26  lr: 0.004156  loss: 0.6834 (0.9287)  loss_classifier: 0.0440 (0.1162)  loss_box_reg: 0.0245 (0.0216)  loss_mask: 0.6031 (0.5964)  loss_objectness: 0.0233 (0.1909)  loss_rpn_box_reg: 0.0027 (0.0036)  time: 0.5362  data: 0.0682  max mem: 2716
Epoch: [0]  [240/279]  eta: 0:00:20  lr: 0.004335  loss: 0.6789 (0.9144)  loss_classifier: 0.0375 (0.1130)  loss_box_reg: 0.0245 (0.0219)  loss_mask: 0.5748 (0.5918)  loss_objectness: 0.0217 (0.1841)  loss_rpn_box_reg: 0.0023 (0.0036)  time: 0.5358  data: 0.0688  max mem: 2716
Epoch: [0]  [250/279]  eta: 0:00:15  lr: 0.004515  loss: 0.6650 (0.8991)  loss_classifier: 0.0328 (0.1105)  loss_box_reg: 0.0233 (0.0224)  loss_mask: 0.5005 (0.5852)  loss_objectness: 0.0180 (0.1775)  loss_rpn_box_reg: 0.0012 (0.0036)  time: 0.5330  data: 0.0671  max mem: 2716
Epoch: [0]  [260/279]  eta: 0:00:10  lr: 0.004695  loss: 0.7443 (0.8910)  loss_classifier: 0.0372 (0.1079)  loss_box_reg: 0.0277 (0.0229)  loss_mask: 0.6385 (0.5851)  loss_objectness: 0.0170 (0.1715)  loss_rpn_box_reg: 0.0015 (0.0036)  time: 0.5309  data: 0.0647  max mem: 2716
Epoch: [0]  [270/279]  eta: 0:00:04  lr: 0.004874  loss: 0.7746 (0.8763)  loss_classifier: 0.0372 (0.1056)  loss_box_reg: 0.0163 (0.0230)  loss_mask: 0.6518 (0.5783)  loss_objectness: 0.0183 (0.1659)  loss_rpn_box_reg: 0.0017 (0.0035)  time: 0.5298  data: 0.0634  max mem: 2716
Epoch: [0]  [278/279]  eta: 0:00:00  lr: 0.005000  loss: 0.7416 (0.8682)  loss_classifier: 0.0480 (0.1039)  loss_box_reg: 0.0208 (0.0232)  loss_mask: 0.6453 (0.5758)  loss_objectness: 0.0217 (0.1617)  loss_rpn_box_reg: 0.0017 (0.0035)  time: 0.5314  data: 0.0646  max mem: 2716
Epoch: [0] Total time: 0:02:29 (0.5349 s / it)
creating index...
index created!
Test:  [ 0/62]  eta: 0:00:20  model_time: 0.1822 (0.1822)  evaluator_time: 0.0875 (0.0875)  time: 0.3313  data: 0.0447  max mem: 2716
Test:  [61/62]  eta: 0:00:00  model_time: 0.1817 (0.1742)  evaluator_time: 0.0928 (0.0857)  time: 0.3130  data: 0.0402  max mem: 2716
Test: Total time: 0:00:19 (0.3136 s / it)
Averaged stats: model_time: 0.1817 (0.1742)  evaluator_time: 0.0928 (0.0857)
Accumulating evaluation results...
DONE (t=0.01s).
Accumulating evaluation results...
DONE (t=0.01s).
IoU metric: bbox
 Average Precision  (AP) @[ IoU=0.50:0.95 | area=   all | maxDets=100 ] = 0.005
 Average Precision  (AP) @[ IoU=0.50      | area=   all | maxDets=100 ] = 0.042
 Average Precision  (AP) @[ IoU=0.75      | area=   all | maxDets=100 ] = 0.000
 Average Precision  (AP) @[ IoU=0.50:0.95 | area= small | maxDets=100 ] = -1.000
 Average Precision  (AP) @[ IoU=0.50:0.95 | area=medium | maxDets=100 ] = 0.000
 Average Precision  (AP) @[ IoU=0.50:0.95 | area= large | maxDets=100 ] = 0.005
 Average Recall     (AR) @[ IoU=0.50:0.95 | area=   all | maxDets=  1 ] = 0.008
 Average Recall     (AR) @[ IoU=0.50:0.95 | area=   all | maxDets= 10 ] = 0.056
 Average Recall     (AR) @[ IoU=0.50:0.95 | area=   all | maxDets=100 ] = 0.078
 Average Recall     (AR) @[ IoU=0.50:0.95 | area= small | maxDets=100 ] = -1.000
 Average Recall     (AR) @[ IoU=0.50:0.95 | area=medium | maxDets=100 ] = 0.000
 Average Recall     (AR) @[ IoU=0.50:0.95 | area= large | maxDets=100 ] = 0.080
IoU metric: segm
 Average Precision  (AP) @[ IoU=0.50:0.95 | area=   all | maxDets=100 ] = 0.000
 Average Precision  (AP) @[ IoU=0.50      | area=   all | maxDets=100 ] = 0.000
 Average Precision  (AP) @[ IoU=0.75      | area=   all | maxDets=100 ] = 0.000
 Average Precision  (AP) @[ IoU=0.50:0.95 | area= small | maxDets=100 ] = -1.000
 Average Precision  (AP) @[ IoU=0.50:0.95 | area=medium | maxDets=100 ] = 0.000
 Average Precision  (AP) @[ IoU=0.50:0.95 | area= large | maxDets=100 ] = 0.000
 Average Recall     (AR) @[ IoU=0.50:0.95 | area=   all | maxDets=  1 ] = 0.000
 Average Recall     (AR) @[ IoU=0.50:0.95 | area=   all | maxDets= 10 ] = 0.000
 Average Recall     (AR) @[ IoU=0.50:0.95 | area=   all | maxDets=100 ] = 0.000
 Average Recall     (AR) @[ IoU=0.50:0.95 | area= small | maxDets=100 ] = -1.000
 Average Recall     (AR) @[ IoU=0.50:0.95 | area=medium | maxDets=100 ] = 0.000
 Average Recall     (AR) @[ IoU=0.50:0.95 | area= large | maxDets=100 ] = 0.000
Epoch: [1]  [  0/279]  eta: 0:02:24  lr: 0.005000  loss: 0.7066 (0.7066)  loss_classifier: 0.0696 (0.0696)  loss_box_reg: 0.0690 (0.0690)  loss_mask: 0.5457 (0.5457)  loss_objectness: 0.0214 (0.0214)  loss_rpn_box_reg: 0.0009 (0.0009)  time: 0.5167  data: 0.0647  max mem: 2716
Epoch: [1]  [ 10/279]  eta: 0:02:19  lr: 0.005000  loss: 0.6612 (0.4875)  loss_classifier: 0.0460 (0.0426)  loss_box_reg: 0.0350 (0.0345)  loss_mask: 0.4967 (0.3900)  loss_objectness: 0.0196 (0.0171)  loss_rpn_box_reg: 0.0023 (0.0033)  time: 0.5186  data: 0.0644  max mem: 2716
Epoch: [1]  [ 20/279]  eta: 0:02:14  lr: 0.005000  loss: 0.6266 (0.4913)  loss_classifier: 0.0415 (0.0418)  loss_box_reg: 0.0342 (0.0313)  loss_mask: 0.4948 (0.3969)  loss_objectness: 0.0131 (0.0177)  loss_rpn_box_reg: 0.0023 (0.0036)  time: 0.5176  data: 0.0638  max mem: 2716
Epoch: [1]  [ 30/279]  eta: 0:02:08  lr: 0.005000  loss: 0.0265 (0.4331)  loss_classifier: 0.0187 (0.0398)  loss_box_reg: 0.0000 (0.0269)  loss_mask: 0.0000 (0.3481)  loss_objectness: 0.0078 (0.0156)  loss_rpn_box_reg: 0.0000 (0.0027)  time: 0.5167  data: 0.0649  max mem: 2716
Epoch: [1]  [ 40/279]  eta: 0:02:03  lr: 0.005000  loss: 0.6169 (0.4910)  loss_classifier: 0.0224 (0.0411)  loss_box_reg: 0.0105 (0.0280)  loss_mask: 0.5784 (0.4023)  loss_objectness: 0.0108 (0.0169)  loss_rpn_box_reg: 0.0007 (0.0026)  time: 0.5168  data: 0.0653  max mem: 2716
Epoch: [1]  [ 50/279]  eta: 0:01:58  lr: 0.005000  loss: 0.7323 (0.5081)  loss_classifier: 0.0498 (0.0424)  loss_box_reg: 0.0298 (0.0294)  loss_mask: 0.6223 (0.4167)  loss_objectness: 0.0182 (0.0169)  loss_rpn_box_reg: 0.0015 (0.0026)  time: 0.5162  data: 0.0633  max mem: 2716
Epoch: [1]  [ 60/279]  eta: 0:01:53  lr: 0.005000  loss: 0.7057 (0.5253)  loss_classifier: 0.0495 (0.0414)  loss_box_reg: 0.0238 (0.0284)  loss_mask: 0.6042 (0.4354)  loss_objectness: 0.0149 (0.0176)  loss_rpn_box_reg: 0.0014 (0.0026)  time: 0.5168  data: 0.0639  max mem: 2716
Epoch: [1]  [ 70/279]  eta: 0:01:48  lr: 0.005000  loss: 0.6678 (0.5310)  loss_classifier: 0.0333 (0.0409)  loss_box_reg: 0.0145 (0.0276)  loss_mask: 0.5996 (0.4397)  loss_objectness: 0.0141 (0.0194)  loss_rpn_box_reg: 0.0017 (0.0034)  time: 0.5172  data: 0.0651  max mem: 2716
Epoch: [1]  [ 80/279]  eta: 0:01:42  lr: 0.005000  loss: 0.6924 (0.5162)  loss_classifier: 0.0228 (0.0405)  loss_box_reg: 0.0113 (0.0268)  loss_mask: 0.5996 (0.4263)  loss_objectness: 0.0141 (0.0192)  loss_rpn_box_reg: 0.0019 (0.0035)  time: 0.5146  data: 0.0638  max mem: 2716
Epoch: [1]  [ 90/279]  eta: 0:01:37  lr: 0.005000  loss: 0.7491 (0.5307)  loss_classifier: 0.0228 (0.0404)  loss_box_reg: 0.0194 (0.0266)  loss_mask: 0.6032 (0.4401)  loss_objectness: 0.0181 (0.0202)  loss_rpn_box_reg: 0.0020 (0.0034)  time: 0.5158  data: 0.0649  max mem: 2716
Epoch: [1]  [100/279]  eta: 0:01:32  lr: 0.005000  loss: 0.7357 (0.5398)  loss_classifier: 0.0399 (0.0404)  loss_box_reg: 0.0277 (0.0270)  loss_mask: 0.6308 (0.4486)  loss_objectness: 0.0181 (0.0204)  loss_rpn_box_reg: 0.0020 (0.0034)  time: 0.5190  data: 0.0665  max mem: 2716
Epoch: [1]  [110/279]  eta: 0:01:27  lr: 0.005000  loss: 0.7299 (0.5469)  loss_classifier: 0.0399 (0.0419)  loss_box_reg: 0.0304 (0.0280)  loss_mask: 0.6242 (0.4536)  loss_objectness: 0.0171 (0.0201)  loss_rpn_box_reg: 0.0023 (0.0033)  time: 0.5188  data: 0.0647  max mem: 2716
Epoch: [1]  [120/279]  eta: 0:01:22  lr: 0.005000  loss: 0.7211 (0.5599)  loss_classifier: 0.0536 (0.0430)  loss_box_reg: 0.0374 (0.0288)  loss_mask: 0.6242 (0.4650)  loss_objectness: 0.0168 (0.0199)  loss_rpn_box_reg: 0.0016 (0.0031)  time: 0.5190  data: 0.0646  max mem: 2716
Epoch: [1]  [130/279]  eta: 0:01:17  lr: 0.005000  loss: 0.7693 (0.5607)  loss_classifier: 0.0488 (0.0431)  loss_box_reg: 0.0374 (0.0295)  loss_mask: 0.6230 (0.4650)  loss_objectness: 0.0172 (0.0200)  loss_rpn_box_reg: 0.0016 (0.0031)  time: 0.5200  data: 0.0656  max mem: 2716
Epoch: [1]  [140/279]  eta: 0:01:11  lr: 0.005000  loss: 0.7192 (0.5601)  loss_classifier: 0.0358 (0.0436)  loss_box_reg: 0.0254 (0.0302)  loss_mask: 0.6148 (0.4631)  loss_objectness: 0.0177 (0.0201)  loss_rpn_box_reg: 0.0027 (0.0031)  time: 0.5188  data: 0.0643  max mem: 2716
Epoch: [1]  [150/279]  eta: 0:01:06  lr: 0.005000  loss: 0.7088 (0.5486)  loss_classifier: 0.0396 (0.0436)  loss_box_reg: 0.0254 (0.0307)  loss_mask: 0.5310 (0.4516)  loss_objectness: 0.0168 (0.0196)  loss_rpn_box_reg: 0.0018 (0.0031)  time: 0.5178  data: 0.0632  max mem: 2716
Epoch: [1]  [160/279]  eta: 0:01:01  lr: 0.005000  loss: 0.6580 (0.5591)  loss_classifier: 0.0584 (0.0455)  loss_box_reg: 0.0445 (0.0322)  loss_mask: 0.5310 (0.4582)  loss_objectness: 0.0181 (0.0199)  loss_rpn_box_reg: 0.0019 (0.0032)  time: 0.5208  data: 0.0647  max mem: 2716
Epoch: [1]  [170/279]  eta: 0:00:56  lr: 0.005000  loss: 0.7212 (0.5655)  loss_classifier: 0.0689 (0.0470)  loss_box_reg: 0.0480 (0.0335)  loss_mask: 0.5743 (0.4621)  loss_objectness: 0.0175 (0.0198)  loss_rpn_box_reg: 0.0013 (0.0031)  time: 0.5228  data: 0.0653  max mem: 2716
Epoch: [1]  [180/279]  eta: 0:00:51  lr: 0.005000  loss: 0.7454 (0.5616)  loss_classifier: 0.0514 (0.0468)  loss_box_reg: 0.0335 (0.0334)  loss_mask: 0.6059 (0.4582)  loss_objectness: 0.0154 (0.0200)  loss_rpn_box_reg: 0.0010 (0.0032)  time: 0.5213  data: 0.0650  max mem: 2716
Epoch: [1]  [190/279]  eta: 0:00:46  lr: 0.005000  loss: 0.6910 (0.5577)  loss_classifier: 0.0278 (0.0465)  loss_box_reg: 0.0182 (0.0334)  loss_mask: 0.5964 (0.4545)  loss_objectness: 0.0138 (0.0201)  loss_rpn_box_reg: 0.0009 (0.0032)  time: 0.5197  data: 0.0653  max mem: 2716
Epoch: [1]  [200/279]  eta: 0:00:40  lr: 0.005000  loss: 0.7072 (0.5536)  loss_classifier: 0.0406 (0.0465)  loss_box_reg: 0.0215 (0.0334)  loss_mask: 0.5699 (0.4502)  loss_objectness: 0.0138 (0.0202)  loss_rpn_box_reg: 0.0009 (0.0033)  time: 0.5186  data: 0.0646  max mem: 2716
Epoch: [1]  [210/279]  eta: 0:00:35  lr: 0.005000  loss: 0.7072 (0.5593)  loss_classifier: 0.0500 (0.0471)  loss_box_reg: 0.0335 (0.0339)  loss_mask: 0.5442 (0.4548)  loss_objectness: 0.0157 (0.0202)  loss_rpn_box_reg: 0.0029 (0.0033)  time: 0.5196  data: 0.0644  max mem: 2716
Epoch: [1]  [220/279]  eta: 0:00:30  lr: 0.005000  loss: 0.7438 (0.5662)  loss_classifier: 0.0598 (0.0478)  loss_box_reg: 0.0417 (0.0340)  loss_mask: 0.6220 (0.4605)  loss_objectness: 0.0195 (0.0205)  loss_rpn_box_reg: 0.0034 (0.0034)  time: 0.5208  data: 0.0651  max mem: 2716
Epoch: [1]  [230/279]  eta: 0:00:25  lr: 0.005000  loss: 0.7564 (0.5684)  loss_classifier: 0.0495 (0.0481)  loss_box_reg: 0.0242 (0.0338)  loss_mask: 0.6290 (0.4621)  loss_objectness: 0.0265 (0.0209)  loss_rpn_box_reg: 0.0041 (0.0034)  time: 0.5197  data: 0.0649  max mem: 2716
Epoch: [1]  [240/279]  eta: 0:00:20  lr: 0.005000  loss: 0.6974 (0.5598)  loss_classifier: 0.0379 (0.0474)  loss_box_reg: 0.0111 (0.0333)  loss_mask: 0.5596 (0.4551)  loss_objectness: 0.0150 (0.0206)  loss_rpn_box_reg: 0.0015 (0.0034)  time: 0.5172  data: 0.0640  max mem: 2716
Epoch: [1]  [250/279]  eta: 0:00:15  lr: 0.005000  loss: 0.6783 (0.5595)  loss_classifier: 0.0418 (0.0472)  loss_box_reg: 0.0231 (0.0331)  loss_mask: 0.5596 (0.4551)  loss_objectness: 0.0131 (0.0207)  loss_rpn_box_reg: 0.0006 (0.0033)  time: 0.5184  data: 0.0653  max mem: 2716
Epoch: [1]  [260/279]  eta: 0:00:09  lr: 0.005000  loss: 0.6915 (0.5603)  loss_classifier: 0.0507 (0.0475)  loss_box_reg: 0.0353 (0.0336)  loss_mask: 0.5602 (0.4553)  loss_objectness: 0.0167 (0.0206)  loss_rpn_box_reg: 0.0008 (0.0033)  time: 0.5205  data: 0.0652  max mem: 2716
Epoch: [1]  [270/279]  eta: 0:00:04  lr: 0.005000  loss: 0.6816 (0.5588)  loss_classifier: 0.0544 (0.0483)  loss_box_reg: 0.0420 (0.0340)  loss_mask: 0.5423 (0.4527)  loss_objectness: 0.0167 (0.0206)  loss_rpn_box_reg: 0.0014 (0.0033)  time: 0.5211  data: 0.0652  max mem: 2716
Epoch: [1]  [278/279]  eta: 0:00:00  lr: 0.005000  loss: 0.6638 (0.5619)  loss_classifier: 0.0483 (0.0482)  loss_box_reg: 0.0336 (0.0341)  loss_mask: 0.5272 (0.4556)  loss_objectness: 0.0220 (0.0207)  loss_rpn_box_reg: 0.0016 (0.0032)  time: 0.5245  data: 0.0691  max mem: 2716
Epoch: [1] Total time: 0:02:24 (0.5191 s / it)
creating index...
index created!
Test:  [ 0/62]  eta: 0:00:19  model_time: 0.1754 (0.1754)  evaluator_time: 0.0694 (0.0694)  time: 0.3077  data: 0.0447  max mem: 2716
Test:  [61/62]  eta: 0:00:00  model_time: 0.1161 (0.1206)  evaluator_time: 0.0391 (0.0288)  time: 0.2150  data: 0.0404  max mem: 2716
Test: Total time: 0:00:12 (0.1974 s / it)
Averaged stats: model_time: 0.1161 (0.1206)  evaluator_time: 0.0391 (0.0288)
Accumulating evaluation results...
DONE (t=0.01s).
Accumulating evaluation results...
DONE (t=0.01s).
IoU metric: bbox
 Average Precision  (AP) @[ IoU=0.50:0.95 | area=   all | maxDets=100 ] = 0.002
 Average Precision  (AP) @[ IoU=0.50      | area=   all | maxDets=100 ] = 0.007
 Average Precision  (AP) @[ IoU=0.75      | area=   all | maxDets=100 ] = 0.000
 Average Precision  (AP) @[ IoU=0.50:0.95 | area= small | maxDets=100 ] = -1.000
 Average Precision  (AP) @[ IoU=0.50:0.95 | area=medium | maxDets=100 ] = 0.000
 Average Precision  (AP) @[ IoU=0.50:0.95 | area= large | maxDets=100 ] = 0.002
 Average Recall     (AR) @[ IoU=0.50:0.95 | area=   all | maxDets=  1 ] = 0.000
 Average Recall     (AR) @[ IoU=0.50:0.95 | area=   all | maxDets= 10 ] = 0.072
 Average Recall     (AR) @[ IoU=0.50:0.95 | area=   all | maxDets=100 ] = 0.072
 Average Recall     (AR) @[ IoU=0.50:0.95 | area= small | maxDets=100 ] = -1.000
 Average Recall     (AR) @[ IoU=0.50:0.95 | area=medium | maxDets=100 ] = 0.000
 Average Recall     (AR) @[ IoU=0.50:0.95 | area= large | maxDets=100 ] = 0.074
IoU metric: segm
 Average Precision  (AP) @[ IoU=0.50:0.95 | area=   all | maxDets=100 ] = 0.000
 Average Precision  (AP) @[ IoU=0.50      | area=   all | maxDets=100 ] = 0.000
 Average Precision  (AP) @[ IoU=0.75      | area=   all | maxDets=100 ] = 0.000
 Average Precision  (AP) @[ IoU=0.50:0.95 | area= small | maxDets=100 ] = -1.000
 Average Precision  (AP) @[ IoU=0.50:0.95 | area=medium | maxDets=100 ] = 0.000
 Average Precision  (AP) @[ IoU=0.50:0.95 | area= large | maxDets=100 ] = 0.000
 Average Recall     (AR) @[ IoU=0.50:0.95 | area=   all | maxDets=  1 ] = 0.000
 Average Recall     (AR) @[ IoU=0.50:0.95 | area=   all | maxDets= 10 ] = 0.000
 Average Recall     (AR) @[ IoU=0.50:0.95 | area=   all | maxDets=100 ] = 0.000
 Average Recall     (AR) @[ IoU=0.50:0.95 | area= small | maxDets=100 ] = -1.000
 Average Recall     (AR) @[ IoU=0.50:0.95 | area=medium | maxDets=100 ] = 0.000
 Average Recall     (AR) @[ IoU=0.50:0.95 | area= large | maxDets=100 ] = 0.000
Epoch: [2]  [  0/279]  eta: 0:02:23  lr: 0.005000  loss: 0.9032 (0.9032)  loss_classifier: 0.0792 (0.0792)  loss_box_reg: 0.0462 (0.0462)  loss_mask: 0.7616 (0.7616)  loss_objectness: 0.0144 (0.0144)  loss_rpn_box_reg: 0.0018 (0.0018)  time: 0.5148  data: 0.0631  max mem: 2716
Epoch: [2]  [ 10/279]  eta: 0:02:18  lr: 0.005000  loss: 0.7158 (0.5661)  loss_classifier: 0.0446 (0.0441)  loss_box_reg: 0.0266 (0.0303)  loss_mask: 0.5966 (0.4761)  loss_objectness: 0.0132 (0.0140)  loss_rpn_box_reg: 0.0014 (0.0016)  time: 0.5157  data: 0.0630  max mem: 2716
Epoch: [2]  [ 20/279]  eta: 0:02:13  lr: 0.005000  loss: 0.7123 (0.5807)  loss_classifier: 0.0344 (0.0454)  loss_box_reg: 0.0188 (0.0327)  loss_mask: 0.5966 (0.4818)  loss_objectness: 0.0119 (0.0178)  loss_rpn_box_reg: 0.0017 (0.0030)  time: 0.5163  data: 0.0625  max mem: 2716
Epoch: [2]  [ 30/279]  eta: 0:02:08  lr: 0.005000  loss: 0.6871 (0.5521)  loss_classifier: 0.0358 (0.0442)  loss_box_reg: 0.0215 (0.0336)  loss_mask: 0.5479 (0.4517)  loss_objectness: 0.0188 (0.0188)  loss_rpn_box_reg: 0.0032 (0.0038)  time: 0.5158  data: 0.0620  max mem: 2716
Epoch: [2]  [ 40/279]  eta: 0:02:03  lr: 0.005000  loss: 0.5892 (0.5476)  loss_classifier: 0.0358 (0.0436)  loss_box_reg: 0.0223 (0.0319)  loss_mask: 0.4494 (0.4466)  loss_objectness: 0.0199 (0.0213)  loss_rpn_box_reg: 0.0029 (0.0042)  time: 0.5146  data: 0.0625  max mem: 2716
Epoch: [2]  [ 50/279]  eta: 0:01:58  lr: 0.005000  loss: 0.6682 (0.5377)  loss_classifier: 0.0272 (0.0467)  loss_box_reg: 0.0223 (0.0326)  loss_mask: 0.5295 (0.4338)  loss_objectness: 0.0173 (0.0205)  loss_rpn_box_reg: 0.0017 (0.0040)  time: 0.5153  data: 0.0629  max mem: 2716
Epoch: [2]  [ 60/279]  eta: 0:01:53  lr: 0.005000  loss: 0.7088 (0.5669)  loss_classifier: 0.0554 (0.0495)  loss_box_reg: 0.0401 (0.0359)  loss_mask: 0.5394 (0.4563)  loss_objectness: 0.0201 (0.0212)  loss_rpn_box_reg: 0.0031 (0.0040)  time: 0.5192  data: 0.0638  max mem: 2716
Epoch: [2]  [ 70/279]  eta: 0:01:47  lr: 0.005000  loss: 0.6821 (0.5461)  loss_classifier: 0.0467 (0.0476)  loss_box_reg: 0.0277 (0.0344)  loss_mask: 0.5385 (0.4402)  loss_objectness: 0.0196 (0.0202)  loss_rpn_box_reg: 0.0019 (0.0037)  time: 0.5181  data: 0.0631  max mem: 2716
Epoch: [2]  [ 80/279]  eta: 0:01:42  lr: 0.005000  loss: 0.5755 (0.5467)  loss_classifier: 0.0362 (0.0479)  loss_box_reg: 0.0254 (0.0349)  loss_mask: 0.4856 (0.4398)  loss_objectness: 0.0159 (0.0202)  loss_rpn_box_reg: 0.0023 (0.0038)  time: 0.5157  data: 0.0619  max mem: 2716
Epoch: [2]  [ 90/279]  eta: 0:01:37  lr: 0.005000  loss: 0.5051 (0.5243)  loss_classifier: 0.0314 (0.0456)  loss_box_reg: 0.0261 (0.0341)  loss_mask: 0.4123 (0.4217)  loss_objectness: 0.0121 (0.0192)  loss_rpn_box_reg: 0.0028 (0.0036)  time: 0.5167  data: 0.0625  max mem: 2716
Epoch: [2]  [100/279]  eta: 0:01:32  lr: 0.005000  loss: 0.5051 (0.5381)  loss_classifier: 0.0355 (0.0472)  loss_box_reg: 0.0356 (0.0368)  loss_mask: 0.4292 (0.4318)  loss_objectness: 0.0128 (0.0187)  loss_rpn_box_reg: 0.0014 (0.0035)  time: 0.5196  data: 0.0635  max mem: 2716
Epoch: [2]  [110/279]  eta: 0:01:27  lr: 0.005000  loss: 0.5560 (0.5195)  loss_classifier: 0.0510 (0.0477)  loss_box_reg: 0.0430 (0.0366)  loss_mask: 0.4292 (0.4132)  loss_objectness: 0.0149 (0.0185)  loss_rpn_box_reg: 0.0022 (0.0034)  time: 0.5197  data: 0.0635  max mem: 2716
Epoch: [2]  [120/279]  eta: 0:01:22  lr: 0.005000  loss: 0.5213 (0.5274)  loss_classifier: 0.0570 (0.0486)  loss_box_reg: 0.0555 (0.0379)  loss_mask: 0.3879 (0.4186)  loss_objectness: 0.0137 (0.0184)  loss_rpn_box_reg: 0.0026 (0.0038)  time: 0.5191  data: 0.0631  max mem: 2716
Epoch: [2]  [130/279]  eta: 0:01:17  lr: 0.005000  loss: 0.5785 (0.5231)  loss_classifier: 0.0629 (0.0484)  loss_box_reg: 0.0555 (0.0384)  loss_mask: 0.4188 (0.4146)  loss_objectness: 0.0107 (0.0180)  loss_rpn_box_reg: 0.0026 (0.0037)  time: 0.5201  data: 0.0633  max mem: 2716
Epoch: [2]  [140/279]  eta: 0:01:11  lr: 0.005000  loss: 0.5370 (0.5188)  loss_classifier: 0.0440 (0.0473)  loss_box_reg: 0.0371 (0.0379)  loss_mask: 0.3946 (0.4121)  loss_objectness: 0.0112 (0.0178)  loss_rpn_box_reg: 0.0015 (0.0037)  time: 0.5174  data: 0.0628  max mem: 2716
Epoch: [2]  [150/279]  eta: 0:01:06  lr: 0.005000  loss: 0.5416 (0.5273)  loss_classifier: 0.0427 (0.0495)  loss_box_reg: 0.0399 (0.0392)  loss_mask: 0.4122 (0.4171)  loss_objectness: 0.0132 (0.0179)  loss_rpn_box_reg: 0.0023 (0.0036)  time: 0.5183  data: 0.0627  max mem: 2716
Epoch: [2]  [160/279]  eta: 0:01:01  lr: 0.005000  loss: 0.6801 (0.5265)  loss_classifier: 0.0320 (0.0479)  loss_box_reg: 0.0188 (0.0376)  loss_mask: 0.5129 (0.4184)  loss_objectness: 0.0156 (0.0190)  loss_rpn_box_reg: 0.0024 (0.0036)  time: 0.5174  data: 0.0627  max mem: 2716
Epoch: [2]  [170/279]  eta: 0:00:56  lr: 0.005000  loss: 0.6752 (0.5282)  loss_classifier: 0.0224 (0.0473)  loss_box_reg: 0.0138 (0.0370)  loss_mask: 0.5841 (0.4213)  loss_objectness: 0.0156 (0.0192)  loss_rpn_box_reg: 0.0024 (0.0035)  time: 0.5152  data: 0.0624  max mem: 2716
Epoch: [2]  [180/279]  eta: 0:00:51  lr: 0.005000  loss: 0.5878 (0.5195)  loss_classifier: 0.0233 (0.0464)  loss_box_reg: 0.0235 (0.0362)  loss_mask: 0.4927 (0.4145)  loss_objectness: 0.0115 (0.0190)  loss_rpn_box_reg: 0.0010 (0.0034)  time: 0.5162  data: 0.0629  max mem: 2716
Epoch: [2]  [190/279]  eta: 0:00:46  lr: 0.005000  loss: 0.5805 (0.5183)  loss_classifier: 0.0309 (0.0461)  loss_box_reg: 0.0236 (0.0358)  loss_mask: 0.4633 (0.4132)  loss_objectness: 0.0150 (0.0198)  loss_rpn_box_reg: 0.0008 (0.0034)  time: 0.5166  data: 0.0633  max mem: 2716
Epoch: [2]  [200/279]  eta: 0:00:40  lr: 0.005000  loss: 0.5829 (0.5158)  loss_classifier: 0.0401 (0.0461)  loss_box_reg: 0.0205 (0.0355)  loss_mask: 0.5115 (0.4112)  loss_objectness: 0.0150 (0.0196)  loss_rpn_box_reg: 0.0016 (0.0034)  time: 0.5165  data: 0.0633  max mem: 2716
Epoch: [2]  [210/279]  eta: 0:00:35  lr: 0.005000  loss: 0.5900 (0.5106)  loss_classifier: 0.0388 (0.0458)  loss_box_reg: 0.0205 (0.0354)  loss_mask: 0.4930 (0.4066)  loss_objectness: 0.0132 (0.0194)  loss_rpn_box_reg: 0.0014 (0.0033)  time: 0.5168  data: 0.0633  max mem: 2716
Epoch: [2]  [220/279]  eta: 0:00:30  lr: 0.005000  loss: 0.6431 (0.5137)  loss_classifier: 0.0466 (0.0460)  loss_box_reg: 0.0328 (0.0358)  loss_mask: 0.4885 (0.4089)  loss_objectness: 0.0149 (0.0196)  loss_rpn_box_reg: 0.0014 (0.0034)  time: 0.5203  data: 0.0651  max mem: 2716
Epoch: [2]  [230/279]  eta: 0:00:25  lr: 0.005000  loss: 0.6095 (0.5065)  loss_classifier: 0.0369 (0.0453)  loss_box_reg: 0.0231 (0.0351)  loss_mask: 0.4824 (0.4036)  loss_objectness: 0.0143 (0.0192)  loss_rpn_box_reg: 0.0009 (0.0033)  time: 0.5178  data: 0.0644  max mem: 2716
Epoch: [2]  [240/279]  eta: 0:00:20  lr: 0.005000  loss: 0.5447 (0.5053)  loss_classifier: 0.0325 (0.0452)  loss_box_reg: 0.0203 (0.0352)  loss_mask: 0.4496 (0.4024)  loss_objectness: 0.0118 (0.0193)  loss_rpn_box_reg: 0.0008 (0.0033)  time: 0.5167  data: 0.0635  max mem: 2716
Epoch: [2]  [250/279]  eta: 0:00:15  lr: 0.005000  loss: 0.5348 (0.4990)  loss_classifier: 0.0238 (0.0444)  loss_box_reg: 0.0203 (0.0348)  loss_mask: 0.4009 (0.3976)  loss_objectness: 0.0096 (0.0190)  loss_rpn_box_reg: 0.0017 (0.0032)  time: 0.5193  data: 0.0645  max mem: 2716
Epoch: [2]  [260/279]  eta: 0:00:09  lr: 0.005000  loss: 0.5580 (0.5015)  loss_classifier: 0.0254 (0.0447)  loss_box_reg: 0.0155 (0.0350)  loss_mask: 0.4822 (0.3995)  loss_objectness: 0.0096 (0.0191)  loss_rpn_box_reg: 0.0017 (0.0032)  time: 0.5190  data: 0.0639  max mem: 2716
Epoch: [2]  [270/279]  eta: 0:00:04  lr: 0.005000  loss: 0.6453 (0.5032)  loss_classifier: 0.0454 (0.0449)  loss_box_reg: 0.0240 (0.0350)  loss_mask: 0.4993 (0.4011)  loss_objectness: 0.0176 (0.0190)  loss_rpn_box_reg: 0.0019 (0.0032)  time: 0.5194  data: 0.0636  max mem: 2716
Epoch: [2]  [278/279]  eta: 0:00:00  lr: 0.005000  loss: 0.6707 (0.5093)  loss_classifier: 0.0530 (0.0457)  loss_box_reg: 0.0435 (0.0354)  loss_mask: 0.5566 (0.4060)  loss_objectness: 0.0147 (0.0189)  loss_rpn_box_reg: 0.0019 (0.0032)  time: 0.5201  data: 0.0640  max mem: 2716
Epoch: [2] Total time: 0:02:24 (0.5177 s / it)
creating index...
index created!
Test:  [ 0/62]  eta: 0:00:10  model_time: 0.1088 (0.1088)  evaluator_time: 0.0008 (0.0008)  time: 0.1734  data: 0.0467  max mem: 2716
Test:  [61/62]  eta: 0:00:00  model_time: 0.0944 (0.0969)  evaluator_time: 0.0005 (0.0024)  time: 0.1404  data: 0.0401  max mem: 2716
Test: Total time: 0:00:08 (0.1448 s / it)
Averaged stats: model_time: 0.0944 (0.0969)  evaluator_time: 0.0005 (0.0024)
Accumulating evaluation results...
DONE (t=0.01s).
Accumulating evaluation results...
DONE (t=0.00s).
IoU metric: bbox
 Average Precision  (AP) @[ IoU=0.50:0.95 | area=   all | maxDets=100 ] = 0.021
 Average Precision  (AP) @[ IoU=0.50      | area=   all | maxDets=100 ] = 0.135
 Average Precision  (AP) @[ IoU=0.75      | area=   all | maxDets=100 ] = 0.004
 Average Precision  (AP) @[ IoU=0.50:0.95 | area= small | maxDets=100 ] = -1.000
 Average Precision  (AP) @[ IoU=0.50:0.95 | area=medium | maxDets=100 ] = 0.000
 Average Precision  (AP) @[ IoU=0.50:0.95 | area= large | maxDets=100 ] = 0.021
 Average Recall     (AR) @[ IoU=0.50:0.95 | area=   all | maxDets=  1 ] = 0.042
 Average Recall     (AR) @[ IoU=0.50:0.95 | area=   all | maxDets= 10 ] = 0.056
 Average Recall     (AR) @[ IoU=0.50:0.95 | area=   all | maxDets=100 ] = 0.056
 Average Recall     (AR) @[ IoU=0.50:0.95 | area= small | maxDets=100 ] = -1.000
 Average Recall     (AR) @[ IoU=0.50:0.95 | area=medium | maxDets=100 ] = 0.000
 Average Recall     (AR) @[ IoU=0.50:0.95 | area= large | maxDets=100 ] = 0.057
IoU metric: segm
 Average Precision  (AP) @[ IoU=0.50:0.95 | area=   all | maxDets=100 ] = 0.029
 Average Precision  (AP) @[ IoU=0.50      | area=   all | maxDets=100 ] = 0.146
 Average Precision  (AP) @[ IoU=0.75      | area=   all | maxDets=100 ] = 0.000
 Average Precision  (AP) @[ IoU=0.50:0.95 | area= small | maxDets=100 ] = -1.000
 Average Precision  (AP) @[ IoU=0.50:0.95 | area=medium | maxDets=100 ] = 0.000
 Average Precision  (AP) @[ IoU=0.50:0.95 | area= large | maxDets=100 ] = 0.030
 Average Recall     (AR) @[ IoU=0.50:0.95 | area=   all | maxDets=  1 ] = 0.039
 Average Recall     (AR) @[ IoU=0.50:0.95 | area=   all | maxDets= 10 ] = 0.053
 Average Recall     (AR) @[ IoU=0.50:0.95 | area=   all | maxDets=100 ] = 0.053
 Average Recall     (AR) @[ IoU=0.50:0.95 | area= small | maxDets=100 ] = -1.000
 Average Recall     (AR) @[ IoU=0.50:0.95 | area=medium | maxDets=100 ] = 0.000
 Average Recall     (AR) @[ IoU=0.50:0.95 | area= large | maxDets=100 ] = 0.054
Epoch: [3]  [  0/279]  eta: 0:02:32  lr: 0.000500  loss: 0.6663 (0.6663)  loss_classifier: 0.0786 (0.0786)  loss_box_reg: 0.0479 (0.0479)  loss_mask: 0.5276 (0.5276)  loss_objectness: 0.0104 (0.0104)  loss_rpn_box_reg: 0.0017 (0.0017)  time: 0.5470  data: 0.0917  max mem: 2716
Epoch: [3]  [ 10/279]  eta: 0:02:20  lr: 0.000500  loss: 0.5366 (0.4777)  loss_classifier: 0.0422 (0.0468)  loss_box_reg: 0.0467 (0.0366)  loss_mask: 0.4150 (0.3728)  loss_objectness: 0.0095 (0.0157)  loss_rpn_box_reg: 0.0016 (0.0058)  time: 0.5233  data: 0.0665  max mem: 2716
Epoch: [3]  [ 20/279]  eta: 0:02:15  lr: 0.000500  loss: 0.5692 (0.5365)  loss_classifier: 0.0422 (0.0483)  loss_box_reg: 0.0340 (0.0385)  loss_mask: 0.4503 (0.4269)  loss_objectness: 0.0131 (0.0186)  loss_rpn_box_reg: 0.0015 (0.0042)  time: 0.5235  data: 0.0644  max mem: 2716
Epoch: [3]  [ 30/279]  eta: 0:02:10  lr: 0.000500  loss: 0.5976 (0.4995)  loss_classifier: 0.0407 (0.0455)  loss_box_reg: 0.0317 (0.0383)  loss_mask: 0.4569 (0.3940)  loss_objectness: 0.0105 (0.0179)  loss_rpn_box_reg: 0.0015 (0.0038)  time: 0.5236  data: 0.0661  max mem: 2716
Epoch: [3]  [ 40/279]  eta: 0:02:04  lr: 0.000500  loss: 0.5865 (0.4887)  loss_classifier: 0.0270 (0.0425)  loss_box_reg: 0.0302 (0.0351)  loss_mask: 0.4195 (0.3909)  loss_objectness: 0.0081 (0.0169)  loss_rpn_box_reg: 0.0009 (0.0034)  time: 0.5195  data: 0.0649  max mem: 2716
Epoch: [3]  [ 50/279]  eta: 0:01:59  lr: 0.000500  loss: 0.4901 (0.4676)  loss_classifier: 0.0270 (0.0408)  loss_box_reg: 0.0297 (0.0351)  loss_mask: 0.4300 (0.3726)  loss_objectness: 0.0105 (0.0159)  loss_rpn_box_reg: 0.0011 (0.0032)  time: 0.5203  data: 0.0631  max mem: 2716
Epoch: [3]  [ 60/279]  eta: 0:01:54  lr: 0.000500  loss: 0.4803 (0.4663)  loss_classifier: 0.0236 (0.0399)  loss_box_reg: 0.0186 (0.0344)  loss_mask: 0.3822 (0.3734)  loss_objectness: 0.0104 (0.0154)  loss_rpn_box_reg: 0.0012 (0.0031)  time: 0.5204  data: 0.0635  max mem: 2716
Epoch: [3]  [ 70/279]  eta: 0:01:49  lr: 0.000500  loss: 0.4731 (0.4704)  loss_classifier: 0.0318 (0.0411)  loss_box_reg: 0.0304 (0.0367)  loss_mask: 0.3687 (0.3740)  loss_objectness: 0.0115 (0.0155)  loss_rpn_box_reg: 0.0016 (0.0031)  time: 0.5252  data: 0.0668  max mem: 2716
Epoch: [3]  [ 80/279]  eta: 0:01:44  lr: 0.000500  loss: 0.4888 (0.4583)  loss_classifier: 0.0345 (0.0411)  loss_box_reg: 0.0439 (0.0374)  loss_mask: 0.3583 (0.3617)  loss_objectness: 0.0125 (0.0151)  loss_rpn_box_reg: 0.0016 (0.0031)  time: 0.5262  data: 0.0668  max mem: 2716
Epoch: [3]  [ 90/279]  eta: 0:01:38  lr: 0.000500  loss: 0.4888 (0.4516)  loss_classifier: 0.0316 (0.0408)  loss_box_reg: 0.0284 (0.0382)  loss_mask: 0.3080 (0.3545)  loss_objectness: 0.0119 (0.0150)  loss_rpn_box_reg: 0.0016 (0.0032)  time: 0.5192  data: 0.0633  max mem: 2716
Epoch: [3]  [100/279]  eta: 0:01:33  lr: 0.000500  loss: 0.4267 (0.4486)  loss_classifier: 0.0316 (0.0407)  loss_box_reg: 0.0331 (0.0390)  loss_mask: 0.3478 (0.3509)  loss_objectness: 0.0120 (0.0148)  loss_rpn_box_reg: 0.0028 (0.0033)  time: 0.5196  data: 0.0639  max mem: 2716
Epoch: [3]  [110/279]  eta: 0:01:28  lr: 0.000500  loss: 0.4267 (0.4445)  loss_classifier: 0.0316 (0.0404)  loss_box_reg: 0.0331 (0.0393)  loss_mask: 0.3142 (0.3470)  loss_objectness: 0.0132 (0.0146)  loss_rpn_box_reg: 0.0027 (0.0032)  time: 0.5204  data: 0.0639  max mem: 2716
Epoch: [3]  [120/279]  eta: 0:01:22  lr: 0.000500  loss: 0.4028 (0.4467)  loss_classifier: 0.0276 (0.0393)  loss_box_reg: 0.0292 (0.0386)  loss_mask: 0.3142 (0.3512)  loss_objectness: 0.0132 (0.0144)  loss_rpn_box_reg: 0.0018 (0.0033)  time: 0.5187  data: 0.0628  max mem: 2716
Epoch: [3]  [130/279]  eta: 0:01:17  lr: 0.000500  loss: 0.4028 (0.4400)  loss_classifier: 0.0248 (0.0393)  loss_box_reg: 0.0347 (0.0393)  loss_mask: 0.2951 (0.3441)  loss_objectness: 0.0078 (0.0141)  loss_rpn_box_reg: 0.0025 (0.0032)  time: 0.5206  data: 0.0638  max mem: 2716
Epoch: [3]  [140/279]  eta: 0:01:12  lr: 0.000500  loss: 0.4173 (0.4328)  loss_classifier: 0.0354 (0.0389)  loss_box_reg: 0.0517 (0.0396)  loss_mask: 0.2843 (0.3372)  loss_objectness: 0.0078 (0.0139)  loss_rpn_box_reg: 0.0021 (0.0032)  time: 0.5216  data: 0.0640  max mem: 2716
Epoch: [3]  [150/279]  eta: 0:01:07  lr: 0.000500  loss: 0.3798 (0.4224)  loss_classifier: 0.0290 (0.0379)  loss_box_reg: 0.0364 (0.0387)  loss_mask: 0.2615 (0.3287)  loss_objectness: 0.0078 (0.0138)  loss_rpn_box_reg: 0.0013 (0.0032)  time: 0.5183  data: 0.0629  max mem: 2716
Epoch: [3]  [160/279]  eta: 0:01:01  lr: 0.000500  loss: 0.3450 (0.4167)  loss_classifier: 0.0202 (0.0372)  loss_box_reg: 0.0164 (0.0380)  loss_mask: 0.2585 (0.3243)  loss_objectness: 0.0097 (0.0138)  loss_rpn_box_reg: 0.0011 (0.0033)  time: 0.5171  data: 0.0625  max mem: 2716
Epoch: [3]  [170/279]  eta: 0:00:56  lr: 0.000500  loss: 0.3809 (0.4129)  loss_classifier: 0.0227 (0.0369)  loss_box_reg: 0.0249 (0.0376)  loss_mask: 0.3059 (0.3210)  loss_objectness: 0.0097 (0.0140)  loss_rpn_box_reg: 0.0021 (0.0034)  time: 0.5180  data: 0.0633  max mem: 2716
Epoch: [3]  [180/279]  eta: 0:00:51  lr: 0.000500  loss: 0.4336 (0.4145)  loss_classifier: 0.0370 (0.0376)  loss_box_reg: 0.0309 (0.0388)  loss_mask: 0.3147 (0.3208)  loss_objectness: 0.0129 (0.0139)  loss_rpn_box_reg: 0.0035 (0.0034)  time: 0.5241  data: 0.0666  max mem: 2716
Epoch: [3]  [190/279]  eta: 0:00:46  lr: 0.000500  loss: 0.4336 (0.4140)  loss_classifier: 0.0395 (0.0378)  loss_box_reg: 0.0448 (0.0391)  loss_mask: 0.3080 (0.3198)  loss_objectness: 0.0129 (0.0139)  loss_rpn_box_reg: 0.0027 (0.0034)  time: 0.5259  data: 0.0673  max mem: 2716
Epoch: [3]  [200/279]  eta: 0:00:41  lr: 0.000500  loss: 0.3857 (0.4078)  loss_classifier: 0.0313 (0.0372)  loss_box_reg: 0.0236 (0.0383)  loss_mask: 0.2706 (0.3152)  loss_objectness: 0.0088 (0.0138)  loss_rpn_box_reg: 0.0022 (0.0033)  time: 0.5198  data: 0.0642  max mem: 2716
Epoch: [3]  [210/279]  eta: 0:00:35  lr: 0.000500  loss: 0.2720 (0.4015)  loss_classifier: 0.0225 (0.0366)  loss_box_reg: 0.0160 (0.0376)  loss_mask: 0.1955 (0.3105)  loss_objectness: 0.0058 (0.0135)  loss_rpn_box_reg: 0.0015 (0.0033)  time: 0.5180  data: 0.0642  max mem: 2716
Epoch: [3]  [220/279]  eta: 0:00:30  lr: 0.000500  loss: 0.3700 (0.3968)  loss_classifier: 0.0225 (0.0365)  loss_box_reg: 0.0207 (0.0375)  loss_mask: 0.2674 (0.3061)  loss_objectness: 0.0079 (0.0134)  loss_rpn_box_reg: 0.0016 (0.0032)  time: 0.5205  data: 0.0658  max mem: 2716
Epoch: [3]  [230/279]  eta: 0:00:25  lr: 0.000500  loss: 0.3672 (0.3944)  loss_classifier: 0.0367 (0.0366)  loss_box_reg: 0.0435 (0.0377)  loss_mask: 0.2721 (0.3036)  loss_objectness: 0.0120 (0.0134)  loss_rpn_box_reg: 0.0015 (0.0032)  time: 0.5219  data: 0.0655  max mem: 2716
Epoch: [3]  [240/279]  eta: 0:00:20  lr: 0.000500  loss: 0.3633 (0.3896)  loss_classifier: 0.0257 (0.0360)  loss_box_reg: 0.0198 (0.0371)  loss_mask: 0.2731 (0.3001)  loss_objectness: 0.0092 (0.0131)  loss_rpn_box_reg: 0.0013 (0.0031)  time: 0.5190  data: 0.0636  max mem: 2716
Epoch: [3]  [250/279]  eta: 0:00:15  lr: 0.000500  loss: 0.3914 (0.3885)  loss_classifier: 0.0249 (0.0362)  loss_box_reg: 0.0338 (0.0376)  loss_mask: 0.2931 (0.2986)  loss_objectness: 0.0083 (0.0130)  loss_rpn_box_reg: 0.0013 (0.0031)  time: 0.5183  data: 0.0628  max mem: 2716
Epoch: [3]  [260/279]  eta: 0:00:09  lr: 0.000500  loss: 0.3880 (0.3851)  loss_classifier: 0.0291 (0.0359)  loss_box_reg: 0.0384 (0.0375)  loss_mask: 0.2794 (0.2957)  loss_objectness: 0.0087 (0.0129)  loss_rpn_box_reg: 0.0013 (0.0031)  time: 0.5194  data: 0.0638  max mem: 2716
Epoch: [3]  [270/279]  eta: 0:00:04  lr: 0.000500  loss: 0.3521 (0.3793)  loss_classifier: 0.0263 (0.0355)  loss_box_reg: 0.0373 (0.0372)  loss_mask: 0.2473 (0.2909)  loss_objectness: 0.0071 (0.0127)  loss_rpn_box_reg: 0.0011 (0.0030)  time: 0.5179  data: 0.0636  max mem: 2716
Epoch: [3]  [278/279]  eta: 0:00:00  lr: 0.000500  loss: 0.3355 (0.3781)  loss_classifier: 0.0335 (0.0357)  loss_box_reg: 0.0403 (0.0375)  loss_mask: 0.2264 (0.2889)  loss_objectness: 0.0093 (0.0129)  loss_rpn_box_reg: 0.0013 (0.0031)  time: 0.5196  data: 0.0639  max mem: 2716
Epoch: [3] Total time: 0:02:25 (0.5208 s / it)
creating index...
index created!
Test:  [ 0/62]  eta: 0:00:25  model_time: 0.2397 (0.2397)  evaluator_time: 0.1108 (0.1108)  time: 0.4036  data: 0.0457  max mem: 2716
Test:  [61/62]  eta: 0:00:00  model_time: 0.1067 (0.1492)  evaluator_time: 0.0198 (0.0517)  time: 0.2217  data: 0.0404  max mem: 2716
Test: Total time: 0:00:15 (0.2520 s / it)
Averaged stats: model_time: 0.1067 (0.1492)  evaluator_time: 0.0198 (0.0517)
Accumulating evaluation results...
DONE (t=0.01s).
Accumulating evaluation results...
DONE (t=0.01s).
IoU metric: bbox
 Average Precision  (AP) @[ IoU=0.50:0.95 | area=   all | maxDets=100 ] = 0.109
