nohup: ignoring input
/home/deipss/anaconda3/envs/py310/lib/python3.10/site-packages/torch/autograd/graph.py:744: UserWarning: Plan failed with a cudnnException: CUDNN_BACKEND_EXECUTION_PLAN_DESCRIPTOR: cudnnFinalize Descriptor Failed cudnn_status: CUDNN_STATUS_NOT_SUPPORTED (Triggered internally at ../aten/src/ATen/native/cudnn/Conv_v8.cpp:919.)
  return Variable._execution_engine.run_backward(  # Calls into the C++ engine to run the backward pass
test_len=17
Epoch: [0]  [ 0/77]  eta: 0:01:35  lr: 0.000071  loss: 4.5225 (4.5225)  loss_classifier: 0.5054 (0.5054)  loss_box_reg: 0.0007 (0.0007)  loss_mask: 3.2436 (3.2436)  loss_objectness: 0.7693 (0.7693)  loss_rpn_box_reg: 0.0034 (0.0034)  time: 1.2420  data: 0.0109  max mem: 4589
Epoch: [0]  [10/77]  eta: 0:00:39  lr: 0.000728  loss: 4.5225 (5.5960)  loss_classifier: 0.0892 (0.1755)  loss_box_reg: 0.0097 (0.0149)  loss_mask: 3.4271 (4.6904)  loss_objectness: 0.7112 (0.6850)  loss_rpn_box_reg: 0.0155 (0.0302)  time: 0.5829  data: 0.0188  max mem: 5305
Epoch: [0]  [20/77]  eta: 0:00:32  lr: 0.001385  loss: 2.3098 (3.8120)  loss_classifier: 0.0892 (0.1394)  loss_box_reg: 0.0381 (0.0490)  loss_mask: 1.8055 (3.1157)  loss_objectness: 0.4765 (0.4848)  loss_rpn_box_reg: 0.0160 (0.0230)  time: 0.5276  data: 0.0175  max mem: 5324
Epoch: [0]  [30/77]  eta: 0:00:26  lr: 0.002042  loss: 1.5296 (3.0015)  loss_classifier: 0.1142 (0.1446)  loss_box_reg: 0.0982 (0.0792)  loss_mask: 0.9347 (2.3934)  loss_objectness: 0.1158 (0.3591)  loss_rpn_box_reg: 0.0195 (0.0251)  time: 0.5479  data: 0.0164  max mem: 5324
Epoch: [0]  [40/77]  eta: 0:00:21  lr: 0.002700  loss: 1.1937 (2.5458)  loss_classifier: 0.1490 (0.1442)  loss_box_reg: 0.1083 (0.0908)  loss_mask: 0.8050 (2.0019)  loss_objectness: 0.0696 (0.2839)  loss_rpn_box_reg: 0.0216 (0.0251)  time: 0.5770  data: 0.0295  max mem: 5493
Epoch: [0]  [50/77]  eta: 0:00:15  lr: 0.003357  loss: 1.0620 (2.2469)  loss_classifier: 0.1197 (0.1410)  loss_box_reg: 0.1044 (0.1031)  loss_mask: 0.6934 (1.7468)  loss_objectness: 0.0276 (0.2330)  loss_rpn_box_reg: 0.0158 (0.0230)  time: 0.5649  data: 0.0289  max mem: 5493
Epoch: [0]  [60/77]  eta: 0:00:09  lr: 0.004014  loss: 1.0217 (2.0540)  loss_classifier: 0.1220 (0.1457)  loss_box_reg: 0.1620 (0.1178)  loss_mask: 0.6573 (1.5668)  loss_objectness: 0.0213 (0.1999)  loss_rpn_box_reg: 0.0172 (0.0237)  time: 0.5504  data: 0.0173  max mem: 5493
Epoch: [0]  [70/77]  eta: 0:00:03  lr: 0.004671  loss: 0.9871 (1.8973)  loss_classifier: 0.1203 (0.1444)  loss_box_reg: 0.1411 (0.1191)  loss_mask: 0.6478 (1.4356)  loss_objectness: 0.0158 (0.1749)  loss_rpn_box_reg: 0.0234 (0.0233)  time: 0.5552  data: 0.0175  max mem: 5496
Epoch: [0]  [76/77]  eta: 0:00:00  lr: 0.005000  loss: 0.9672 (1.8295)  loss_classifier: 0.1376 (0.1454)  loss_box_reg: 0.1456 (0.1245)  loss_mask: 0.6239 (1.3728)  loss_objectness: 0.0165 (0.1634)  loss_rpn_box_reg: 0.0242 (0.0234)  time: 0.5428  data: 0.0166  max mem: 5496
Epoch: [0] Total time: 0:00:42 (0.5568 s / it)
creating index...
index created!
Test:  [ 0/17]  eta: 0:00:04  model_time: 0.1748 (0.1748)  evaluator_time: 0.0553 (0.0553)  time: 0.2410  data: 0.0105  max mem: 5496
Test:  [16/17]  eta: 0:00:00  model_time: 0.1457 (0.1498)  evaluator_time: 0.0401 (0.0426)  time: 0.2051  data: 0.0103  max mem: 5496
Test: Total time: 0:00:03 (0.2052 s / it)
Averaged stats: model_time: 0.1457 (0.1498)  evaluator_time: 0.0401 (0.0426)
Accumulating evaluation results...
DONE (t=0.01s).
Accumulating evaluation results...
DONE (t=0.01s).
IoU metric: bbox
 Average Precision  (AP) @[ IoU=0.50:0.95 | area=   all | maxDets=100 ] = 0.022
 Average Precision  (AP) @[ IoU=0.50      | area=   all | maxDets=100 ] = 0.090
 Average Precision  (AP) @[ IoU=0.75      | area=   all | maxDets=100 ] = 0.008
 Average Precision  (AP) @[ IoU=0.50:0.95 | area= small | maxDets=100 ] = -1.000
 Average Precision  (AP) @[ IoU=0.50:0.95 | area=medium | maxDets=100 ] = 0.000
 Average Precision  (AP) @[ IoU=0.50:0.95 | area= large | maxDets=100 ] = 0.023
 Average Recall     (AR) @[ IoU=0.50:0.95 | area=   all | maxDets=  1 ] = 0.036
 Average Recall     (AR) @[ IoU=0.50:0.95 | area=   all | maxDets= 10 ] = 0.090
 Average Recall     (AR) @[ IoU=0.50:0.95 | area=   all | maxDets=100 ] = 0.310
 Average Recall     (AR) @[ IoU=0.50:0.95 | area= small | maxDets=100 ] = -1.000
 Average Recall     (AR) @[ IoU=0.50:0.95 | area=medium | maxDets=100 ] = 0.000
 Average Recall     (AR) @[ IoU=0.50:0.95 | area= large | maxDets=100 ] = 0.337
IoU metric: segm
 Average Precision  (AP) @[ IoU=0.50:0.95 | area=   all | maxDets=100 ] = 0.000
 Average Precision  (AP) @[ IoU=0.50      | area=   all | maxDets=100 ] = 0.000
 Average Precision  (AP) @[ IoU=0.75      | area=   all | maxDets=100 ] = 0.000
 Average Precision  (AP) @[ IoU=0.50:0.95 | area= small | maxDets=100 ] = -1.000
 Average Precision  (AP) @[ IoU=0.50:0.95 | area=medium | maxDets=100 ] = 0.000
 Average Precision  (AP) @[ IoU=0.50:0.95 | area= large | maxDets=100 ] = 0.000
 Average Recall     (AR) @[ IoU=0.50:0.95 | area=   all | maxDets=  1 ] = 0.000
 Average Recall     (AR) @[ IoU=0.50:0.95 | area=   all | maxDets= 10 ] = 0.000
 Average Recall     (AR) @[ IoU=0.50:0.95 | area=   all | maxDets=100 ] = 0.000
 Average Recall     (AR) @[ IoU=0.50:0.95 | area= small | maxDets=100 ] = -1.000
 Average Recall     (AR) @[ IoU=0.50:0.95 | area=medium | maxDets=100 ] = 0.000
 Average Recall     (AR) @[ IoU=0.50:0.95 | area= large | maxDets=100 ] = 0.000
Epoch: [1]  [ 0/77]  eta: 0:00:40  lr: 0.005000  loss: 1.0057 (1.0057)  loss_classifier: 0.1273 (0.1273)  loss_box_reg: 0.1477 (0.1477)  loss_mask: 0.6051 (0.6051)  loss_objectness: 0.0992 (0.0992)  loss_rpn_box_reg: 0.0263 (0.0263)  time: 0.5264  data: 0.0168  max mem: 5496
Epoch: [1]  [10/77]  eta: 0:00:34  lr: 0.005000  loss: 0.9249 (0.9417)  loss_classifier: 0.1095 (0.1172)  loss_box_reg: 0.1440 (0.1370)  loss_mask: 0.6237 (0.6304)  loss_objectness: 0.0281 (0.0319)  loss_rpn_box_reg: 0.0247 (0.0253)  time: 0.5176  data: 0.0150  max mem: 5496
Epoch: [1]  [20/77]  eta: 0:00:30  lr: 0.005000  loss: 0.9100 (0.9548)  loss_classifier: 0.1095 (0.1217)  loss_box_reg: 0.1248 (0.1448)  loss_mask: 0.6284 (0.6284)  loss_objectness: 0.0228 (0.0308)  loss_rpn_box_reg: 0.0254 (0.0291)  time: 0.5399  data: 0.0158  max mem: 5496
Epoch: [1]  [30/77]  eta: 0:00:25  lr: 0.005000  loss: 0.9048 (0.9291)  loss_classifier: 0.1084 (0.1153)  loss_box_reg: 0.1183 (0.1429)  loss_mask: 0.6021 (0.6160)  loss_objectness: 0.0226 (0.0290)  loss_rpn_box_reg: 0.0222 (0.0259)  time: 0.5715  data: 0.0167  max mem: 5496
Epoch: [1]  [40/77]  eta: 0:00:20  lr: 0.005000  loss: 0.8634 (0.9315)  loss_classifier: 0.1030 (0.1165)  loss_box_reg: 0.1051 (0.1389)  loss_mask: 0.5911 (0.6095)  loss_objectness: 0.0265 (0.0397)  loss_rpn_box_reg: 0.0175 (0.0268)  time: 0.5834  data: 0.0166  max mem: 6086
Epoch: [1]  [50/77]  eta: 0:00:15  lr: 0.005000  loss: 0.9728 (0.9419)  loss_classifier: 0.1309 (0.1225)  loss_box_reg: 0.1477 (0.1451)  loss_mask: 0.5830 (0.6054)  loss_objectness: 0.0309 (0.0413)  loss_rpn_box_reg: 0.0235 (0.0276)  time: 0.5695  data: 0.0181  max mem: 6086
Epoch: [1]  [60/77]  eta: 0:00:09  lr: 0.005000  loss: 0.8806 (0.9273)  loss_classifier: 0.1169 (0.1203)  loss_box_reg: 0.1363 (0.1407)  loss_mask: 0.5797 (0.6019)  loss_objectness: 0.0292 (0.0389)  loss_rpn_box_reg: 0.0158 (0.0254)  time: 0.5392  data: 0.0169  max mem: 6086
Epoch: [1]  [70/77]  eta: 0:00:03  lr: 0.005000  loss: 0.8375 (0.9199)  loss_classifier: 0.1035 (0.1195)  loss_box_reg: 0.1014 (0.1396)  loss_mask: 0.5785 (0.5994)  loss_objectness: 0.0230 (0.0365)  loss_rpn_box_reg: 0.0149 (0.0248)  time: 0.5327  data: 0.0157  max mem: 6086
Epoch: [1]  [76/77]  eta: 0:00:00  lr: 0.005000  loss: 0.8498 (0.9156)  loss_classifier: 0.0947 (0.1171)  loss_box_reg: 0.1057 (0.1382)  loss_mask: 0.5901 (0.6014)  loss_objectness: 0.0178 (0.0347)  loss_rpn_box_reg: 0.0143 (0.0242)  time: 0.5232  data: 0.0157  max mem: 6086
Epoch: [1] Total time: 0:00:42 (0.5483 s / it)
creating index...
index created!
Test:  [ 0/17]  eta: 0:00:02  model_time: 0.1331 (0.1331)  evaluator_time: 0.0282 (0.0282)  time: 0.1721  data: 0.0104  max mem: 6086
Test:  [16/17]  eta: 0:00:00  model_time: 0.1111 (0.1120)  evaluator_time: 0.0199 (0.0219)  time: 0.1451  data: 0.0102  max mem: 6086
Test: Total time: 0:00:02 (0.1452 s / it)
Averaged stats: model_time: 0.1111 (0.1120)  evaluator_time: 0.0199 (0.0219)
Accumulating evaluation results...
DONE (t=0.01s).
Accumulating evaluation results...
DONE (t=0.01s).
IoU metric: bbox
 Average Precision  (AP) @[ IoU=0.50:0.95 | area=   all | maxDets=100 ] = 0.024
/home/deipss/anaconda3/envs/py310/lib/python3.10/site-packages/torch/autograd/graph.py:744: UserWarning: Plan failed with an OutOfMemoryError: CUDA out of memory. Tried to allocate 790.00 MiB. GPU  (Triggered internally at ../aten/src/ATen/native/cudnn/Conv_v8.cpp:924.)
  return Variable._execution_engine.run_backward(  # Calls into the C++ engine to run the backward pass
/home/deipss/anaconda3/envs/py310/lib/python3.10/site-packages/torch/autograd/graph.py:744: UserWarning: Plan failed with an OutOfMemoryError: CUDA out of memory. Tried to allocate 766.00 MiB. GPU  (Triggered internally at ../aten/src/ATen/native/cudnn/Conv_v8.cpp:924.)
  return Variable._execution_engine.run_backward(  # Calls into the C++ engine to run the backward pass
 Average Precision  (AP) @[ IoU=0.50      | area=   all | maxDets=100 ] = 0.088
 Average Precision  (AP) @[ IoU=0.75      | area=   all | maxDets=100 ] = 0.010
 Average Precision  (AP) @[ IoU=0.50:0.95 | area= small | maxDets=100 ] = -1.000
 Average Precision  (AP) @[ IoU=0.50:0.95 | area=medium | maxDets=100 ] = 0.000
 Average Precision  (AP) @[ IoU=0.50:0.95 | area= large | maxDets=100 ] = 0.025
 Average Recall     (AR) @[ IoU=0.50:0.95 | area=   all | maxDets=  1 ] = 0.020
 Average Recall     (AR) @[ IoU=0.50:0.95 | area=   all | maxDets= 10 ] = 0.110
 Average Recall     (AR) @[ IoU=0.50:0.95 | area=   all | maxDets=100 ] = 0.208
 Average Recall     (AR) @[ IoU=0.50:0.95 | area= small | maxDets=100 ] = -1.000
 Average Recall     (AR) @[ IoU=0.50:0.95 | area=medium | maxDets=100 ] = 0.000
 Average Recall     (AR) @[ IoU=0.50:0.95 | area= large | maxDets=100 ] = 0.226
IoU metric: segm
 Average Precision  (AP) @[ IoU=0.50:0.95 | area=   all | maxDets=100 ] = 0.000
 Average Precision  (AP) @[ IoU=0.50      | area=   all | maxDets=100 ] = 0.000
 Average Precision  (AP) @[ IoU=0.75      | area=   all | maxDets=100 ] = 0.000
 Average Precision  (AP) @[ IoU=0.50:0.95 | area= small | maxDets=100 ] = -1.000
 Average Precision  (AP) @[ IoU=0.50:0.95 | area=medium | maxDets=100 ] = 0.000
 Average Precision  (AP) @[ IoU=0.50:0.95 | area= large | maxDets=100 ] = 0.000
 Average Recall     (AR) @[ IoU=0.50:0.95 | area=   all | maxDets=  1 ] = 0.000
 Average Recall     (AR) @[ IoU=0.50:0.95 | area=   all | maxDets= 10 ] = 0.000
 Average Recall     (AR) @[ IoU=0.50:0.95 | area=   all | maxDets=100 ] = 0.000
 Average Recall     (AR) @[ IoU=0.50:0.95 | area= small | maxDets=100 ] = -1.000
 Average Recall     (AR) @[ IoU=0.50:0.95 | area=medium | maxDets=100 ] = 0.000
 Average Recall     (AR) @[ IoU=0.50:0.95 | area= large | maxDets=100 ] = 0.000
Epoch: [2]  [ 0/77]  eta: 0:00:33  lr: 0.005000  loss: 0.6594 (0.6594)  loss_classifier: 0.0452 (0.0452)  loss_box_reg: 0.0501 (0.0501)  loss_mask: 0.5531 (0.5531)  loss_objectness: 0.0086 (0.0086)  loss_rpn_box_reg: 0.0023 (0.0023)  time: 0.4334  data: 0.0151  max mem: 6086
Epoch: [2]  [10/77]  eta: 0:00:37  lr: 0.005000  loss: 0.9188 (0.8998)  loss_classifier: 0.1202 (0.1178)  loss_box_reg: 0.1414 (0.1310)  loss_mask: 0.6145 (0.6130)  loss_objectness: 0.0218 (0.0225)  loss_rpn_box_reg: 0.0156 (0.0155)  time: 0.5594  data: 0.0172  max mem: 6238
Epoch: [2]  [20/77]  eta: 0:00:31  lr: 0.005000  loss: 0.8951 (0.8735)  loss_classifier: 0.1063 (0.1085)  loss_box_reg: 0.1276 (0.1253)  loss_mask: 0.6111 (0.6022)  loss_objectness: 0.0190 (0.0211)  loss_rpn_box_reg: 0.0170 (0.0164)  time: 0.5650  data: 0.0174  max mem: 6238
Epoch: [2]  [30/77]  eta: 0:00:26  lr: 0.005000  loss: 0.8679 (0.8866)  loss_classifier: 0.1063 (0.1127)  loss_box_reg: 0.1265 (0.1299)  loss_mask: 0.5672 (0.5872)  loss_objectness: 0.0179 (0.0365)  loss_rpn_box_reg: 0.0203 (0.0203)  time: 0.5610  data: 0.0180  max mem: 6238
Epoch: [2]  [40/77]  eta: 0:00:20  lr: 0.005000  loss: 0.8679 (0.8822)  loss_classifier: 0.1073 (0.1120)  loss_box_reg: 0.1185 (0.1298)  loss_mask: 0.5672 (0.5852)  loss_objectness: 0.0265 (0.0344)  loss_rpn_box_reg: 0.0217 (0.0209)  time: 0.5533  data: 0.0187  max mem: 6238
Epoch: [2]  [50/77]  eta: 0:00:15  lr: 0.005000  loss: 0.8501 (0.8883)  loss_classifier: 0.0987 (0.1139)  loss_box_reg: 0.1208 (0.1353)  loss_mask: 0.5754 (0.5849)  loss_objectness: 0.0259 (0.0325)  loss_rpn_box_reg: 0.0217 (0.0217)  time: 0.5545  data: 0.0180  max mem: 6238
Epoch: [2]  [60/77]  eta: 0:00:09  lr: 0.005000  loss: 0.8533 (0.8871)  loss_classifier: 0.0987 (0.1141)  loss_box_reg: 0.1267 (0.1362)  loss_mask: 0.5706 (0.5830)  loss_objectness: 0.0166 (0.0316)  loss_rpn_box_reg: 0.0202 (0.0223)  time: 0.5493  data: 0.0170  max mem: 6238
Epoch: [2]  [70/77]  eta: 0:00:03  lr: 0.005000  loss: 0.8533 (0.8892)  loss_classifier: 0.1059 (0.1153)  loss_box_reg: 0.1163 (0.1371)  loss_mask: 0.5706 (0.5811)  loss_objectness: 0.0166 (0.0316)  loss_rpn_box_reg: 0.0202 (0.0242)  time: 0.5517  data: 0.0181  max mem: 6238
Epoch: [2]  [76/77]  eta: 0:00:00  lr: 0.005000  loss: 0.8533 (0.8825)  loss_classifier: 0.1020 (0.1145)  loss_box_reg: 0.1166 (0.1366)  loss_mask: 0.5541 (0.5773)  loss_objectness: 0.0188 (0.0305)  loss_rpn_box_reg: 0.0194 (0.0235)  time: 0.5312  data: 0.0157  max mem: 6238
Epoch: [2] Total time: 0:00:42 (0.5503 s / it)
creating index...
index created!
Test:  [ 0/17]  eta: 0:00:03  model_time: 0.1348 (0.1348)  evaluator_time: 0.0316 (0.0316)  time: 0.1772  data: 0.0104  max mem: 6238
Test:  [16/17]  eta: 0:00:00  model_time: 0.1164 (0.1235)  evaluator_time: 0.0234 (0.0290)  time: 0.1643  data: 0.0102  max mem: 6238
Test: Total time: 0:00:02 (0.1643 s / it)
Averaged stats: model_time: 0.1164 (0.1235)  evaluator_time: 0.0234 (0.0290)
Accumulating evaluation results...
DONE (t=0.01s).
Accumulating evaluation results...
DONE (t=0.01s).
IoU metric: bbox
 Average Precision  (AP) @[ IoU=0.50:0.95 | area=   all | maxDets=100 ] = 0.033
 Average Precision  (AP) @[ IoU=0.50      | area=   all | maxDets=100 ] = 0.142
 Average Precision  (AP) @[ IoU=0.75      | area=   all | maxDets=100 ] = 0.006
 Average Precision  (AP) @[ IoU=0.50:0.95 | area= small | maxDets=100 ] = -1.000
 Average Precision  (AP) @[ IoU=0.50:0.95 | area=medium | maxDets=100 ] = 0.000
 Average Precision  (AP) @[ IoU=0.50:0.95 | area= large | maxDets=100 ] = 0.037
 Average Recall     (AR) @[ IoU=0.50:0.95 | area=   all | maxDets=  1 ] = 0.034
 Average Recall     (AR) @[ IoU=0.50:0.95 | area=   all | maxDets= 10 ] = 0.126
 Average Recall     (AR) @[ IoU=0.50:0.95 | area=   all | maxDets=100 ] = 0.282
 Average Recall     (AR) @[ IoU=0.50:0.95 | area= small | maxDets=100 ] = -1.000
 Average Recall     (AR) @[ IoU=0.50:0.95 | area=medium | maxDets=100 ] = 0.000
 Average Recall     (AR) @[ IoU=0.50:0.95 | area= large | maxDets=100 ] = 0.307
IoU metric: segm
 Average Precision  (AP) @[ IoU=0.50:0.95 | area=   all | maxDets=100 ] = 0.008
 Average Precision  (AP) @[ IoU=0.50      | area=   all | maxDets=100 ] = 0.049
 Average Precision  (AP) @[ IoU=0.75      | area=   all | maxDets=100 ] = 0.000
 Average Precision  (AP) @[ IoU=0.50:0.95 | area= small | maxDets=100 ] = -1.000
 Average Precision  (AP) @[ IoU=0.50:0.95 | area=medium | maxDets=100 ] = 0.000
 Average Precision  (AP) @[ IoU=0.50:0.95 | area= large | maxDets=100 ] = 0.015
 Average Recall     (AR) @[ IoU=0.50:0.95 | area=   all | maxDets=  1 ] = 0.020
 Average Recall     (AR) @[ IoU=0.50:0.95 | area=   all | maxDets= 10 ] = 0.050
 Average Recall     (AR) @[ IoU=0.50:0.95 | area=   all | maxDets=100 ] = 0.118
 Average Recall     (AR) @[ IoU=0.50:0.95 | area= small | maxDets=100 ] = -1.000
 Average Recall     (AR) @[ IoU=0.50:0.95 | area=medium | maxDets=100 ] = 0.000
 Average Recall     (AR) @[ IoU=0.50:0.95 | area= large | maxDets=100 ] = 0.128
Epoch: [3]  [ 0/77]  eta: 0:00:38  lr: 0.000500  loss: 0.7343 (0.7343)  loss_classifier: 0.0671 (0.0671)  loss_box_reg: 0.0690 (0.0690)  loss_mask: 0.5832 (0.5832)  loss_objectness: 0.0067 (0.0067)  loss_rpn_box_reg: 0.0083 (0.0083)  time: 0.5050  data: 0.0131  max mem: 6238
Epoch: [3]  [10/77]  eta: 0:00:38  lr: 0.000500  loss: 0.9066 (0.8833)  loss_classifier: 0.1266 (0.1280)  loss_box_reg: 0.1611 (0.1566)  loss_mask: 0.5361 (0.5421)  loss_objectness: 0.0192 (0.0335)  loss_rpn_box_reg: 0.0237 (0.0232)  time: 0.5674  data: 0.0166  max mem: 6238
Epoch: [3]  [20/77]  eta: 0:00:31  lr: 0.000500  loss: 0.8434 (0.8476)  loss_classifier: 0.0936 (0.1151)  loss_box_reg: 0.1331 (0.1386)  loss_mask: 0.5333 (0.5463)  loss_objectness: 0.0192 (0.0279)  loss_rpn_box_reg: 0.0201 (0.0197)  time: 0.5459  data: 0.0167  max mem: 6238
Epoch: [3]  [30/77]  eta: 0:00:25  lr: 0.000500  loss: 0.8291 (0.8480)  loss_classifier: 0.0932 (0.1146)  loss_box_reg: 0.1293 (0.1390)  loss_mask: 0.5292 (0.5480)  loss_objectness: 0.0191 (0.0277)  loss_rpn_box_reg: 0.0167 (0.0186)  time: 0.5402  data: 0.0169  max mem: 6238
/home/deipss/anaconda3/envs/py310/lib/python3.10/site-packages/torch/autograd/graph.py:744: UserWarning: Plan failed with an OutOfMemoryError: CUDA out of memory. Tried to allocate 718.00 MiB. GPU  (Triggered internally at ../aten/src/ATen/native/cudnn/Conv_v8.cpp:924.)
  return Variable._execution_engine.run_backward(  # Calls into the C++ engine to run the backward pass
/home/deipss/anaconda3/envs/py310/lib/python3.10/site-packages/torch/autograd/graph.py:744: UserWarning: Plan failed with an OutOfMemoryError: CUDA out of memory. Tried to allocate 780.00 MiB. GPU  (Triggered internally at ../aten/src/ATen/native/cudnn/Conv_v8.cpp:924.)
  return Variable._execution_engine.run_backward(  # Calls into the C++ engine to run the backward pass
Epoch: [3]  [40/77]  eta: 0:00:20  lr: 0.000500  loss: 0.8291 (0.8420)  loss_classifier: 0.1011 (0.1135)  loss_box_reg: 0.1296 (0.1381)  loss_mask: 0.5291 (0.5442)  loss_objectness: 0.0191 (0.0265)  loss_rpn_box_reg: 0.0178 (0.0197)  time: 0.5682  data: 0.0206  max mem: 6238
Epoch: [3]  [50/77]  eta: 0:00:14  lr: 0.000500  loss: 0.7565 (0.8358)  loss_classifier: 0.0875 (0.1117)  loss_box_reg: 0.1239 (0.1349)  loss_mask: 0.5291 (0.5397)  loss_objectness: 0.0161 (0.0306)  loss_rpn_box_reg: 0.0154 (0.0189)  time: 0.5497  data: 0.0183  max mem: 6238
Epoch: [3]  [60/77]  eta: 0:00:09  lr: 0.000500  loss: 0.7795 (0.8449)  loss_classifier: 0.0939 (0.1167)  loss_box_reg: 0.1239 (0.1393)  loss_mask: 0.5318 (0.5401)  loss_objectness: 0.0175 (0.0302)  loss_rpn_box_reg: 0.0142 (0.0186)  time: 0.5233  data: 0.0150  max mem: 6238
Epoch: [3]  [70/77]  eta: 0:00:03  lr: 0.000500  loss: 0.8729 (0.8440)  loss_classifier: 0.1151 (0.1153)  loss_box_reg: 0.1565 (0.1399)  loss_mask: 0.5318 (0.5413)  loss_objectness: 0.0181 (0.0284)  loss_rpn_box_reg: 0.0153 (0.0192)  time: 0.5540  data: 0.0175  max mem: 6238
Epoch: [3]  [76/77]  eta: 0:00:00  lr: 0.000500  loss: 0.8549 (0.8446)  loss_classifier: 0.1092 (0.1155)  loss_box_reg: 0.1551 (0.1408)  loss_mask: 0.5408 (0.5410)  loss_objectness: 0.0181 (0.0280)  loss_rpn_box_reg: 0.0179 (0.0193)  time: 0.5465  data: 0.0177  max mem: 6238
Epoch: [3] Total time: 0:00:42 (0.5461 s / it)
creating index...
index created!
Test:  [ 0/17]  eta: 0:00:03  model_time: 0.1455 (0.1455)  evaluator_time: 0.0335 (0.0335)  time: 0.1899  data: 0.0104  max mem: 6238
Test:  [16/17]  eta: 0:00:00  model_time: 0.1270 (0.1406)  evaluator_time: 0.0246 (0.0345)  time: 0.1874  data: 0.0102  max mem: 6238
Test: Total time: 0:00:03 (0.1875 s / it)
Averaged stats: model_time: 0.1270 (0.1406)  evaluator_time: 0.0246 (0.0345)
Accumulating evaluation results...
DONE (t=0.01s).
Accumulating evaluation results...
DONE (t=0.01s).
IoU metric: bbox
 Average Precision  (AP) @[ IoU=0.50:0.95 | area=   all | maxDets=100 ] = 0.032
 Average Precision  (AP) @[ IoU=0.50      | area=   all | maxDets=100 ] = 0.114
 Average Precision  (AP) @[ IoU=0.75      | area=   all | maxDets=100 ] = 0.011
 Average Precision  (AP) @[ IoU=0.50:0.95 | area= small | maxDets=100 ] = -1.000
 Average Precision  (AP) @[ IoU=0.50:0.95 | area=medium | maxDets=100 ] = 0.000
 Average Precision  (AP) @[ IoU=0.50:0.95 | area= large | maxDets=100 ] = 0.034
 Average Recall     (AR) @[ IoU=0.50:0.95 | area=   all | maxDets=  1 ] = 0.012
 Average Recall     (AR) @[ IoU=0.50:0.95 | area=   all | maxDets= 10 ] = 0.106
 Average Recall     (AR) @[ IoU=0.50:0.95 | area=   all | maxDets=100 ] = 0.306
 Average Recall     (AR) @[ IoU=0.50:0.95 | area= small | maxDets=100 ] = -1.000
 Average Recall     (AR) @[ IoU=0.50:0.95 | area=medium | maxDets=100 ] = 0.000
 Average Recall     (AR) @[ IoU=0.50:0.95 | area= large | maxDets=100 ] = 0.333
IoU metric: segm
 Average Precision  (AP) @[ IoU=0.50:0.95 | area=   all | maxDets=100 ] = 0.009
 Average Precision  (AP) @[ IoU=0.50      | area=   all | maxDets=100 ] = 0.054
 Average Precision  (AP) @[ IoU=0.75      | area=   all | maxDets=100 ] = 0.000
 Average Precision  (AP) @[ IoU=0.50:0.95 | area= small | maxDets=100 ] = -1.000
 Average Precision  (AP) @[ IoU=0.50:0.95 | area=medium | maxDets=100 ] = 0.000
 Average Precision  (AP) @[ IoU=0.50:0.95 | area= large | maxDets=100 ] = 0.018
 Average Recall     (AR) @[ IoU=0.50:0.95 | area=   all | maxDets=  1 ] = 0.004
 Average Recall     (AR) @[ IoU=0.50:0.95 | area=   all | maxDets= 10 ] = 0.052
 Average Recall     (AR) @[ IoU=0.50:0.95 | area=   all | maxDets=100 ] = 0.112
 Average Recall     (AR) @[ IoU=0.50:0.95 | area= small | maxDets=100 ] = -1.000
 Average Recall     (AR) @[ IoU=0.50:0.95 | area=medium | maxDets=100 ] = 0.000
 Average Recall     (AR) @[ IoU=0.50:0.95 | area= large | maxDets=100 ] = 0.122
Epoch: [4]  [ 0/77]  eta: 0:00:38  lr: 0.000500  loss: 0.7960 (0.7960)  loss_classifier: 0.1068 (0.1068)  loss_box_reg: 0.1452 (0.1452)  loss_mask: 0.5025 (0.5025)  loss_objectness: 0.0210 (0.0210)  loss_rpn_box_reg: 0.0205 (0.0205)  time: 0.4950  data: 0.0163  max mem: 6238
Epoch: [4]  [10/77]  eta: 0:00:35  lr: 0.000500  loss: 0.8047 (0.8477)  loss_classifier: 0.1128 (0.1187)  loss_box_reg: 0.1452 (0.1291)  loss_mask: 0.5343 (0.5334)  loss_objectness: 0.0188 (0.0493)  loss_rpn_box_reg: 0.0172 (0.0171)  time: 0.5358  data: 0.0158  max mem: 6238
Epoch: [4]  [20/77]  eta: 0:00:30  lr: 0.000500  loss: 0.8047 (0.8253)  loss_classifier: 0.1033 (0.1119)  loss_box_reg: 0.1366 (0.1279)  loss_mask: 0.5302 (0.5279)  loss_objectness: 0.0169 (0.0395)  loss_rpn_box_reg: 0.0159 (0.0181)  time: 0.5428  data: 0.0169  max mem: 6238
Epoch: [4]  [30/77]  eta: 0:00:25  lr: 0.000500  loss: 0.8477 (0.8419)  loss_classifier: 0.1064 (0.1208)  loss_box_reg: 0.1424 (0.1390)  loss_mask: 0.5103 (0.5255)  loss_objectness: 0.0206 (0.0371)  loss_rpn_box_reg: 0.0175 (0.0194)  time: 0.5482  data: 0.0194  max mem: 6238
Epoch: [4]  [40/77]  eta: 0:00:20  lr: 0.000500  loss: 0.8685 (0.8471)  loss_classifier: 0.1270 (0.1215)  loss_box_reg: 0.1521 (0.1413)  loss_mask: 0.5304 (0.5314)  loss_objectness: 0.0211 (0.0336)  loss_rpn_box_reg: 0.0172 (0.0193)  time: 0.5529  data: 0.0188  max mem: 6238
Epoch: [4]  [50/77]  eta: 0:00:14  lr: 0.000500  loss: 0.8501 (0.8455)  loss_classifier: 0.1085 (0.1200)  loss_box_reg: 0.1231 (0.1412)  loss_mask: 0.5376 (0.5327)  loss_objectness: 0.0186 (0.0321)  loss_rpn_box_reg: 0.0172 (0.0195)  time: 0.5407  data: 0.0188  max mem: 6238
Epoch: [4]  [60/77]  eta: 0:00:09  lr: 0.000500  loss: 0.7924 (0.8408)  loss_classifier: 0.0954 (0.1173)  loss_box_reg: 0.1070 (0.1404)  loss_mask: 0.5369 (0.5343)  loss_objectness: 0.0169 (0.0296)  loss_rpn_box_reg: 0.0165 (0.0192)  time: 0.5419  data: 0.0194  max mem: 6238
Epoch: [4]  [70/77]  eta: 0:00:03  lr: 0.000500  loss: 0.7756 (0.8354)  loss_classifier: 0.0778 (0.1156)  loss_box_reg: 0.1018 (0.1396)  loss_mask: 0.5332 (0.5340)  loss_objectness: 0.0155 (0.0276)  loss_rpn_box_reg: 0.0103 (0.0185)  time: 0.5532  data: 0.0175  max mem: 6238
Epoch: [4]  [76/77]  eta: 0:00:00  lr: 0.000500  loss: 0.7461 (0.8314)  loss_classifier: 0.0778 (0.1143)  loss_box_reg: 0.1018 (0.1390)  loss_mask: 0.5312 (0.5329)  loss_objectness: 0.0150 (0.0266)  loss_rpn_box_reg: 0.0137 (0.0185)  time: 0.5374  data: 0.0179  max mem: 6238
Epoch: [4] Total time: 0:00:41 (0.5428 s / it)
creating index...
index created!
Test:  [ 0/17]  eta: 0:00:02  model_time: 0.1271 (0.1271)  evaluator_time: 0.0262 (0.0262)  time: 0.1642  data: 0.0105  max mem: 6238
Test:  [16/17]  eta: 0:00:00  model_time: 0.1112 (0.1292)  evaluator_time: 0.0193 (0.0272)  time: 0.1681  data: 0.0102  max mem: 6238
Test: Total time: 0:00:02 (0.1682 s / it)
Averaged stats: model_time: 0.1112 (0.1292)  evaluator_time: 0.0193 (0.0272)
Accumulating evaluation results...
DONE (t=0.01s).
Accumulating evaluation results...
DONE (t=0.01s).
IoU metric: bbox
 Average Precision  (AP) @[ IoU=0.50:0.95 | area=   all | maxDets=100 ] = 0.034
 Average Precision  (AP) @[ IoU=0.50      | area=   all | maxDets=100 ] = 0.157
 Average Precision  (AP) @[ IoU=0.75      | area=   all | maxDets=100 ] = 0.001
 Average Precision  (AP) @[ IoU=0.50:0.95 | area= small | maxDets=100 ] = -1.000
 Average Precision  (AP) @[ IoU=0.50:0.95 | area=medium | maxDets=100 ] = 0.000
 Average Precision  (AP) @[ IoU=0.50:0.95 | area= large | maxDets=100 ] = 0.036
 Average Recall     (AR) @[ IoU=0.50:0.95 | area=   all | maxDets=  1 ] = 0.022
 Average Recall     (AR) @[ IoU=0.50:0.95 | area=   all | maxDets= 10 ] = 0.096
 Average Recall     (AR) @[ IoU=0.50:0.95 | area=   all | maxDets=100 ] = 0.320
 Average Recall     (AR) @[ IoU=0.50:0.95 | area= small | maxDets=100 ] = -1.000
 Average Recall     (AR) @[ IoU=0.50:0.95 | area=medium | maxDets=100 ] = 0.000
 Average Recall     (AR) @[ IoU=0.50:0.95 | area= large | maxDets=100 ] = 0.348
IoU metric: segm
 Average Precision  (AP) @[ IoU=0.50:0.95 | area=   all | maxDets=100 ] = 0.010
 Average Precision  (AP) @[ IoU=0.50      | area=   all | maxDets=100 ] = 0.062
/home/deipss/anaconda3/envs/py310/lib/python3.10/site-packages/torch/autograd/graph.py:744: UserWarning: Plan failed with an OutOfMemoryError: CUDA out of memory. Tried to allocate 760.00 MiB. GPU  (Triggered internally at ../aten/src/ATen/native/cudnn/Conv_v8.cpp:924.)
  return Variable._execution_engine.run_backward(  # Calls into the C++ engine to run the backward pass
 Average Precision  (AP) @[ IoU=0.75      | area=   all | maxDets=100 ] = 0.000
 Average Precision  (AP) @[ IoU=0.50:0.95 | area= small | maxDets=100 ] = -1.000
 Average Precision  (AP) @[ IoU=0.50:0.95 | area=medium | maxDets=100 ] = 0.000
 Average Precision  (AP) @[ IoU=0.50:0.95 | area= large | maxDets=100 ] = 0.016
 Average Recall     (AR) @[ IoU=0.50:0.95 | area=   all | maxDets=  1 ] = 0.020
 Average Recall     (AR) @[ IoU=0.50:0.95 | area=   all | maxDets= 10 ] = 0.050
 Average Recall     (AR) @[ IoU=0.50:0.95 | area=   all | maxDets=100 ] = 0.126
 Average Recall     (AR) @[ IoU=0.50:0.95 | area= small | maxDets=100 ] = -1.000
 Average Recall     (AR) @[ IoU=0.50:0.95 | area=medium | maxDets=100 ] = 0.000
 Average Recall     (AR) @[ IoU=0.50:0.95 | area= large | maxDets=100 ] = 0.137
Epoch: [5]  [ 0/77]  eta: 0:00:32  lr: 0.000500  loss: 0.6462 (0.6462)  loss_classifier: 0.0550 (0.0550)  loss_box_reg: 0.0528 (0.0528)  loss_mask: 0.5226 (0.5226)  loss_objectness: 0.0052 (0.0052)  loss_rpn_box_reg: 0.0106 (0.0106)  time: 0.4230  data: 0.0115  max mem: 6238
Epoch: [5]  [10/77]  eta: 0:00:37  lr: 0.000500  loss: 0.8283 (0.8329)  loss_classifier: 0.1105 (0.1160)  loss_box_reg: 0.1339 (0.1389)  loss_mask: 0.5443 (0.5427)  loss_objectness: 0.0164 (0.0185)  loss_rpn_box_reg: 0.0120 (0.0169)  time: 0.5571  data: 0.0184  max mem: 6238
Epoch: [5]  [20/77]  eta: 0:00:32  lr: 0.000500  loss: 0.8342 (0.8328)  loss_classifier: 0.1105 (0.1129)  loss_box_reg: 0.1339 (0.1343)  loss_mask: 0.5415 (0.5386)  loss_objectness: 0.0182 (0.0292)  loss_rpn_box_reg: 0.0201 (0.0178)  time: 0.5838  data: 0.0188  max mem: 6238
Epoch: [5]  [30/77]  eta: 0:00:26  lr: 0.000500  loss: 0.8194 (0.8190)  loss_classifier: 0.1034 (0.1092)  loss_box_reg: 0.1166 (0.1300)  loss_mask: 0.5312 (0.5380)  loss_objectness: 0.0181 (0.0254)  loss_rpn_box_reg: 0.0166 (0.0164)  time: 0.5648  data: 0.0167  max mem: 6238
Epoch: [5]  [40/77]  eta: 0:00:20  lr: 0.000500  loss: 0.7753 (0.8097)  loss_classifier: 0.0938 (0.1051)  loss_box_reg: 0.1149 (0.1260)  loss_mask: 0.5368 (0.5378)  loss_objectness: 0.0160 (0.0238)  loss_rpn_box_reg: 0.0114 (0.0170)  time: 0.5322  data: 0.0152  max mem: 6238
Epoch: [5]  [50/77]  eta: 0:00:14  lr: 0.000500  loss: 0.8015 (0.8131)  loss_classifier: 0.0983 (0.1070)  loss_box_reg: 0.1149 (0.1277)  loss_mask: 0.5117 (0.5311)  loss_objectness: 0.0173 (0.0289)  loss_rpn_box_reg: 0.0175 (0.0185)  time: 0.5391  data: 0.0156  max mem: 6238
Epoch: [5]  [60/77]  eta: 0:00:09  lr: 0.000500  loss: 0.8015 (0.8092)  loss_classifier: 0.1157 (0.1078)  loss_box_reg: 0.1137 (0.1300)  loss_mask: 0.4898 (0.5257)  loss_objectness: 0.0187 (0.0273)  loss_rpn_box_reg: 0.0194 (0.0183)  time: 0.5525  data: 0.0168  max mem: 6238
Epoch: [5]  [70/77]  eta: 0:00:03  lr: 0.000500  loss: 0.8143 (0.8153)  loss_classifier: 0.1098 (0.1100)  loss_box_reg: 0.1500 (0.1355)  loss_mask: 0.5123 (0.5260)  loss_objectness: 0.0152 (0.0254)  loss_rpn_box_reg: 0.0159 (0.0184)  time: 0.5469  data: 0.0174  max mem: 6238
Epoch: [5]  [76/77]  eta: 0:00:00  lr: 0.000500  loss: 0.8197 (0.8238)  loss_classifier: 0.1098 (0.1108)  loss_box_reg: 0.1551 (0.1374)  loss_mask: 0.5277 (0.5323)  loss_objectness: 0.0152 (0.0248)  loss_rpn_box_reg: 0.0169 (0.0184)  time: 0.5389  data: 0.0178  max mem: 6238
Epoch: [5] Total time: 0:00:42 (0.5501 s / it)
creating index...
index created!
Test:  [ 0/17]  eta: 0:00:02  model_time: 0.1325 (0.1325)  evaluator_time: 0.0298 (0.0298)  time: 0.1733  data: 0.0105  max mem: 6238
Test:  [16/17]  eta: 0:00:00  model_time: 0.1302 (0.1293)  evaluator_time: 0.0245 (0.0323)  time: 0.1737  data: 0.0103  max mem: 6238
Test: Total time: 0:00:02 (0.1737 s / it)
Averaged stats: model_time: 0.1302 (0.1293)  evaluator_time: 0.0245 (0.0323)
Accumulating evaluation results...
DONE (t=0.01s).
Accumulating evaluation results...
DONE (t=0.01s).
IoU metric: bbox
 Average Precision  (AP) @[ IoU=0.50:0.95 | area=   all | maxDets=100 ] = 0.040
 Average Precision  (AP) @[ IoU=0.50      | area=   all | maxDets=100 ] = 0.145
 Average Precision  (AP) @[ IoU=0.75      | area=   all | maxDets=100 ] = 0.016
 Average Precision  (AP) @[ IoU=0.50:0.95 | area= small | maxDets=100 ] = -1.000
 Average Precision  (AP) @[ IoU=0.50:0.95 | area=medium | maxDets=100 ] = 0.000
 Average Precision  (AP) @[ IoU=0.50:0.95 | area= large | maxDets=100 ] = 0.042
 Average Recall     (AR) @[ IoU=0.50:0.95 | area=   all | maxDets=  1 ] = 0.028
 Average Recall     (AR) @[ IoU=0.50:0.95 | area=   all | maxDets= 10 ] = 0.120
 Average Recall     (AR) @[ IoU=0.50:0.95 | area=   all | maxDets=100 ] = 0.336
 Average Recall     (AR) @[ IoU=0.50:0.95 | area= small | maxDets=100 ] = -1.000
 Average Recall     (AR) @[ IoU=0.50:0.95 | area=medium | maxDets=100 ] = 0.000
 Average Recall     (AR) @[ IoU=0.50:0.95 | area= large | maxDets=100 ] = 0.365
IoU metric: segm
 Average Precision  (AP) @[ IoU=0.50:0.95 | area=   all | maxDets=100 ] = 0.021
 Average Precision  (AP) @[ IoU=0.50      | area=   all | maxDets=100 ] = 0.115
 Average Precision  (AP) @[ IoU=0.75      | area=   all | maxDets=100 ] = 0.000
 Average Precision  (AP) @[ IoU=0.50:0.95 | area= small | maxDets=100 ] = -1.000
 Average Precision  (AP) @[ IoU=0.50:0.95 | area=medium | maxDets=100 ] = 0.000
 Average Precision  (AP) @[ IoU=0.50:0.95 | area= large | maxDets=100 ] = 0.026
 Average Recall     (AR) @[ IoU=0.50:0.95 | area=   all | maxDets=  1 ] = 0.028
 Average Recall     (AR) @[ IoU=0.50:0.95 | area=   all | maxDets= 10 ] = 0.064
 Average Recall     (AR) @[ IoU=0.50:0.95 | area=   all | maxDets=100 ] = 0.172
 Average Recall     (AR) @[ IoU=0.50:0.95 | area= small | maxDets=100 ] = -1.000
 Average Recall     (AR) @[ IoU=0.50:0.95 | area=medium | maxDets=100 ] = 0.000
 Average Recall     (AR) @[ IoU=0.50:0.95 | area= large | maxDets=100 ] = 0.187
Epoch: [6]  [ 0/77]  eta: 0:00:42  lr: 0.000050  loss: 0.6448 (0.6448)  loss_classifier: 0.0804 (0.0804)  loss_box_reg: 0.0635 (0.0635)  loss_mask: 0.4865 (0.4865)  loss_objectness: 0.0088 (0.0088)  loss_rpn_box_reg: 0.0056 (0.0056)  time: 0.5523  data: 0.0276  max mem: 6238
Epoch: [6]  [10/77]  eta: 0:00:37  lr: 0.000050  loss: 0.8440 (0.8089)  loss_classifier: 0.1007 (0.1064)  loss_box_reg: 0.1072 (0.1213)  loss_mask: 0.5309 (0.5407)  loss_objectness: 0.0242 (0.0231)  loss_rpn_box_reg: 0.0142 (0.0174)  time: 0.5605  data: 0.0170  max mem: 6238
Epoch: [6]  [20/77]  eta: 0:00:30  lr: 0.000050  loss: 0.7902 (0.8074)  loss_classifier: 0.0994 (0.1072)  loss_box_reg: 0.1179 (0.1321)  loss_mask: 0.5153 (0.5254)  loss_objectness: 0.0206 (0.0255)  loss_rpn_box_reg: 0.0166 (0.0173)  time: 0.5353  data: 0.0154  max mem: 6238
Epoch: [6]  [30/77]  eta: 0:00:24  lr: 0.000050  loss: 0.7791 (0.7946)  loss_classifier: 0.0914 (0.1046)  loss_box_reg: 0.1192 (0.1250)  loss_mask: 0.5226 (0.5267)  loss_objectness: 0.0148 (0.0225)  loss_rpn_box_reg: 0.0117 (0.0157)  time: 0.5089  data: 0.0142  max mem: 6238
Epoch: [6]  [40/77]  eta: 0:00:19  lr: 0.000050  loss: 0.7403 (0.7977)  loss_classifier: 0.0918 (0.1055)  loss_box_reg: 0.1212 (0.1287)  loss_mask: 0.5303 (0.5270)  loss_objectness: 0.0124 (0.0205)  loss_rpn_box_reg: 0.0122 (0.0161)  time: 0.5247  data: 0.0154  max mem: 6238
Epoch: [6]  [50/77]  eta: 0:00:14  lr: 0.000050  loss: 0.8440 (0.8229)  loss_classifier: 0.1200 (0.1151)  loss_box_reg: 0.1527 (0.1422)  loss_mask: 0.5329 (0.5276)  loss_objectness: 0.0159 (0.0211)  loss_rpn_box_reg: 0.0151 (0.0170)  time: 0.5454  data: 0.0185  max mem: 6238
Epoch: [6]  [60/77]  eta: 0:00:09  lr: 0.000050  loss: 0.8708 (0.8275)  loss_classifier: 0.1350 (0.1151)  loss_box_reg: 0.1493 (0.1416)  loss_mask: 0.5284 (0.5282)  loss_objectness: 0.0157 (0.0244)  loss_rpn_box_reg: 0.0186 (0.0182)  time: 0.5502  data: 0.0184  max mem: 6238
Epoch: [6]  [70/77]  eta: 0:00:03  lr: 0.000050  loss: 0.7922 (0.8256)  loss_classifier: 0.1049 (0.1137)  loss_box_reg: 0.1318 (0.1399)  loss_mask: 0.5270 (0.5302)  loss_objectness: 0.0153 (0.0240)  loss_rpn_box_reg: 0.0186 (0.0178)  time: 0.5592  data: 0.0167  max mem: 6238
Epoch: [6]  [76/77]  eta: 0:00:00  lr: 0.000050  loss: 0.7827 (0.8305)  loss_classifier: 0.0979 (0.1155)  loss_box_reg: 0.1318 (0.1430)  loss_mask: 0.5177 (0.5295)  loss_objectness: 0.0161 (0.0243)  loss_rpn_box_reg: 0.0173 (0.0182)  time: 0.5555  data: 0.0164  max mem: 6238
Epoch: [6] Total time: 0:00:41 (0.5416 s / it)
creating index...
index created!
Test:  [ 0/17]  eta: 0:00:03  model_time: 0.1348 (0.1348)  evaluator_time: 0.0310 (0.0310)  time: 0.1766  data: 0.0103  max mem: 6238
Test:  [16/17]  eta: 0:00:00  model_time: 0.1166 (0.1288)  evaluator_time: 0.0252 (0.0319)  time: 0.1727  data: 0.0103  max mem: 6238
Test: Total time: 0:00:02 (0.1727 s / it)
Averaged stats: model_time: 0.1166 (0.1288)  evaluator_time: 0.0252 (0.0319)
Accumulating evaluation results...
DONE (t=0.01s).
Accumulating evaluation results...
DONE (t=0.01s).
IoU metric: bbox
 Average Precision  (AP) @[ IoU=0.50:0.95 | area=   all | maxDets=100 ] = 0.050
 Average Precision  (AP) @[ IoU=0.50      | area=   all | maxDets=100 ] = 0.172
 Average Precision  (AP) @[ IoU=0.75      | area=   all | maxDets=100 ] = 0.003
 Average Precision  (AP) @[ IoU=0.50:0.95 | area= small | maxDets=100 ] = -1.000
 Average Precision  (AP) @[ IoU=0.50:0.95 | area=medium | maxDets=100 ] = 0.000
 Average Precision  (AP) @[ IoU=0.50:0.95 | area= large | maxDets=100 ] = 0.054
 Average Recall     (AR) @[ IoU=0.50:0.95 | area=   all | maxDets=  1 ] = 0.048
 Average Recall     (AR) @[ IoU=0.50:0.95 | area=   all | maxDets= 10 ] = 0.158
 Average Recall     (AR) @[ IoU=0.50:0.95 | area=   all | maxDets=100 ] = 0.328
 Average Recall     (AR) @[ IoU=0.50:0.95 | area= small | maxDets=100 ] = -1.000
 Average Recall     (AR) @[ IoU=0.50:0.95 | area=medium | maxDets=100 ] = 0.000
 Average Recall     (AR) @[ IoU=0.50:0.95 | area= large | maxDets=100 ] = 0.357
IoU metric: segm
 Average Precision  (AP) @[ IoU=0.50:0.95 | area=   all | maxDets=100 ] = 0.026
 Average Precision  (AP) @[ IoU=0.50      | area=   all | maxDets=100 ] = 0.114
 Average Precision  (AP) @[ IoU=0.75      | area=   all | maxDets=100 ] = 0.000
 Average Precision  (AP) @[ IoU=0.50:0.95 | area= small | maxDets=100 ] = -1.000
 Average Precision  (AP) @[ IoU=0.50:0.95 | area=medium | maxDets=100 ] = 0.000
 Average Precision  (AP) @[ IoU=0.50:0.95 | area= large | maxDets=100 ] = 0.034
 Average Recall     (AR) @[ IoU=0.50:0.95 | area=   all | maxDets=  1 ] = 0.026
 Average Recall     (AR) @[ IoU=0.50:0.95 | area=   all | maxDets= 10 ] = 0.092
 Average Recall     (AR) @[ IoU=0.50:0.95 | area=   all | maxDets=100 ] = 0.152
 Average Recall     (AR) @[ IoU=0.50:0.95 | area= small | maxDets=100 ] = -1.000
 Average Recall     (AR) @[ IoU=0.50:0.95 | area=medium | maxDets=100 ] = 0.000
 Average Recall     (AR) @[ IoU=0.50:0.95 | area= large | maxDets=100 ] = 0.165
Epoch: [7]  [ 0/77]  eta: 0:00:44  lr: 0.000050  loss: 0.8152 (0.8152)  loss_classifier: 0.1024 (0.1024)  loss_box_reg: 0.1254 (0.1254)  loss_mask: 0.5216 (0.5216)  loss_objectness: 0.0458 (0.0458)  loss_rpn_box_reg: 0.0199 (0.0199)  time: 0.5839  data: 0.0140  max mem: 6238
Epoch: [7]  [10/77]  eta: 0:00:34  lr: 0.000050  loss: 0.7599 (0.7673)  loss_classifier: 0.0962 (0.0921)  loss_box_reg: 0.1177 (0.1155)  loss_mask: 0.5077 (0.5111)  loss_objectness: 0.0162 (0.0311)  loss_rpn_box_reg: 0.0170 (0.0177)  time: 0.5186  data: 0.0154  max mem: 6238
Epoch: [7]  [20/77]  eta: 0:00:29  lr: 0.000050  loss: 0.7985 (0.8405)  loss_classifier: 0.0962 (0.1119)  loss_box_reg: 0.1198 (0.1390)  loss_mask: 0.5273 (0.5280)  loss_objectness: 0.0162 (0.0400)  loss_rpn_box_reg: 0.0194 (0.0216)  time: 0.5226  data: 0.0164  max mem: 6238
Epoch: [7]  [30/77]  eta: 0:00:25  lr: 0.000050  loss: 0.8137 (0.8405)  loss_classifier: 0.1041 (0.1161)  loss_box_reg: 0.1299 (0.1425)  loss_mask: 0.5412 (0.5262)  loss_objectness: 0.0171 (0.0338)  loss_rpn_box_reg: 0.0216 (0.0219)  time: 0.5495  data: 0.0178  max mem: 6238
Epoch: [7]  [40/77]  eta: 0:00:20  lr: 0.000050  loss: 0.7939 (0.8411)  loss_classifier: 0.1115 (0.1180)  loss_box_reg: 0.1450 (0.1485)  loss_mask: 0.5044 (0.5227)  loss_objectness: 0.0179 (0.0303)  loss_rpn_box_reg: 0.0196 (0.0217)  time: 0.5611  data: 0.0172  max mem: 6238
Epoch: [7]  [50/77]  eta: 0:00:14  lr: 0.000050  loss: 0.7881 (0.8250)  loss_classifier: 0.1028 (0.1138)  loss_box_reg: 0.1450 (0.1426)  loss_mask: 0.5072 (0.5206)  loss_objectness: 0.0161 (0.0281)  loss_rpn_box_reg: 0.0141 (0.0199)  time: 0.5552  data: 0.0162  max mem: 6238
Epoch: [7]  [60/77]  eta: 0:00:09  lr: 0.000050  loss: 0.7078 (0.8136)  loss_classifier: 0.0793 (0.1099)  loss_box_reg: 0.0998 (0.1404)  loss_mask: 0.5161 (0.5191)  loss_objectness: 0.0132 (0.0259)  loss_rpn_box_reg: 0.0103 (0.0183)  time: 0.5436  data: 0.0174  max mem: 6238
Epoch: [7]  [70/77]  eta: 0:00:03  lr: 0.000050  loss: 0.8480 (0.8178)  loss_classifier: 0.0991 (0.1119)  loss_box_reg: 0.1167 (0.1413)  loss_mask: 0.5161 (0.5211)  loss_objectness: 0.0149 (0.0255)  loss_rpn_box_reg: 0.0106 (0.0181)  time: 0.5402  data: 0.0186  max mem: 6238
Epoch: [7]  [76/77]  eta: 0:00:00  lr: 0.000050  loss: 0.8480 (0.8157)  loss_classifier: 0.0991 (0.1113)  loss_box_reg: 0.1167 (0.1403)  loss_mask: 0.5219 (0.5215)  loss_objectness: 0.0165 (0.0247)  loss_rpn_box_reg: 0.0127 (0.0179)  time: 0.5525  data: 0.0174  max mem: 6238
Epoch: [7] Total time: 0:00:41 (0.5448 s / it)
creating index...
index created!
Test:  [ 0/17]  eta: 0:00:02  model_time: 0.1250 (0.1250)  evaluator_time: 0.0245 (0.0245)  time: 0.1603  data: 0.0103  max mem: 6238
Test:  [16/17]  eta: 0:00:00  model_time: 0.1131 (0.1217)  evaluator_time: 0.0198 (0.0272)  time: 0.1607  data: 0.0102  max mem: 6238
Test: Total time: 0:00:02 (0.1607 s / it)
Averaged stats: model_time: 0.1131 (0.1217)  evaluator_time: 0.0198 (0.0272)
Accumulating evaluation results...
DONE (t=0.01s).
Accumulating evaluation results...
DONE (t=0.01s).
IoU metric: bbox
 Average Precision  (AP) @[ IoU=0.50:0.95 | area=   all | maxDets=100 ] = 0.053
 Average Precision  (AP) @[ IoU=0.50      | area=   all | maxDets=100 ] = 0.163
 Average Precision  (AP) @[ IoU=0.75      | area=   all | maxDets=100 ] = 0.004
 Average Precision  (AP) @[ IoU=0.50:0.95 | area= small | maxDets=100 ] = -1.000
 Average Precision  (AP) @[ IoU=0.50:0.95 | area=medium | maxDets=100 ] = 0.000
 Average Precision  (AP) @[ IoU=0.50:0.95 | area= large | maxDets=100 ] = 0.055
 Average Recall     (AR) @[ IoU=0.50:0.95 | area=   all | maxDets=  1 ] = 0.052
 Average Recall     (AR) @[ IoU=0.50:0.95 | area=   all | maxDets= 10 ] = 0.146
 Average Recall     (AR) @[ IoU=0.50:0.95 | area=   all | maxDets=100 ] = 0.352
 Average Recall     (AR) @[ IoU=0.50:0.95 | area= small | maxDets=100 ] = -1.000
 Average Recall     (AR) @[ IoU=0.50:0.95 | area=medium | maxDets=100 ] = 0.000
 Average Recall     (AR) @[ IoU=0.50:0.95 | area= large | maxDets=100 ] = 0.383
IoU metric: segm
 Average Precision  (AP) @[ IoU=0.50:0.95 | area=   all | maxDets=100 ] = 0.022
 Average Precision  (AP) @[ IoU=0.50      | area=   all | maxDets=100 ] = 0.111
 Average Precision  (AP) @[ IoU=0.75      | area=   all | maxDets=100 ] = 0.000
 Average Precision  (AP) @[ IoU=0.50:0.95 | area= small | maxDets=100 ] = -1.000
 Average Precision  (AP) @[ IoU=0.50:0.95 | area=medium | maxDets=100 ] = 0.000
 Average Precision  (AP) @[ IoU=0.50:0.95 | area= large | maxDets=100 ] = 0.027
 Average Recall     (AR) @[ IoU=0.50:0.95 | area=   all | maxDets=  1 ] = 0.032
 Average Recall     (AR) @[ IoU=0.50:0.95 | area=   all | maxDets= 10 ] = 0.068
 Average Recall     (AR) @[ IoU=0.50:0.95 | area=   all | maxDets=100 ] = 0.166
 Average Recall     (AR) @[ IoU=0.50:0.95 | area= small | maxDets=100 ] = -1.000
 Average Recall     (AR) @[ IoU=0.50:0.95 | area=medium | maxDets=100 ] = 0.000
 Average Recall     (AR) @[ IoU=0.50:0.95 | area= large | maxDets=100 ] = 0.180
Epoch: [8]  [ 0/77]  eta: 0:00:49  lr: 0.000050  loss: 0.9840 (0.9840)  loss_classifier: 0.1763 (0.1763)  loss_box_reg: 0.2397 (0.2397)  loss_mask: 0.5269 (0.5269)  loss_objectness: 0.0165 (0.0165)  loss_rpn_box_reg: 0.0246 (0.0246)  time: 0.6407  data: 0.0220  max mem: 6238
Epoch: [8]  [10/77]  eta: 0:00:38  lr: 0.000050  loss: 0.7723 (0.8057)  loss_classifier: 0.0947 (0.1126)  loss_box_reg: 0.1229 (0.1445)  loss_mask: 0.5052 (0.5116)  loss_objectness: 0.0161 (0.0179)  loss_rpn_box_reg: 0.0158 (0.0191)  time: 0.5722  data: 0.0184  max mem: 6238
Epoch: [8]  [20/77]  eta: 0:00:32  lr: 0.000050  loss: 0.7736 (0.8322)  loss_classifier: 0.0947 (0.1175)  loss_box_reg: 0.1229 (0.1466)  loss_mask: 0.5156 (0.5316)  loss_objectness: 0.0161 (0.0198)  loss_rpn_box_reg: 0.0158 (0.0168)  time: 0.5678  data: 0.0194  max mem: 6238
Epoch: [8]  [30/77]  eta: 0:00:26  lr: 0.000050  loss: 0.8469 (0.8369)  loss_classifier: 0.1153 (0.1196)  loss_box_reg: 0.1394 (0.1481)  loss_mask: 0.5244 (0.5260)  loss_objectness: 0.0176 (0.0256)  loss_rpn_box_reg: 0.0175 (0.0177)  time: 0.5662  data: 0.0183  max mem: 6238
Epoch: [8]  [40/77]  eta: 0:00:20  lr: 0.000050  loss: 0.7863 (0.8235)  loss_classifier: 0.0989 (0.1145)  loss_box_reg: 0.1319 (0.1436)  loss_mask: 0.5178 (0.5242)  loss_objectness: 0.0203 (0.0245)  loss_rpn_box_reg: 0.0137 (0.0167)  time: 0.5536  data: 0.0164  max mem: 6238
Epoch: [8]  [50/77]  eta: 0:00:15  lr: 0.000050  loss: 0.7319 (0.8212)  loss_classifier: 0.0895 (0.1133)  loss_box_reg: 0.1099 (0.1392)  loss_mask: 0.5178 (0.5230)  loss_objectness: 0.0196 (0.0284)  loss_rpn_box_reg: 0.0127 (0.0173)  time: 0.5437  data: 0.0196  max mem: 6238
Epoch: [8]  [60/77]  eta: 0:00:09  lr: 0.000050  loss: 0.7445 (0.8207)  loss_classifier: 0.0910 (0.1137)  loss_box_reg: 0.1122 (0.1412)  loss_mask: 0.5160 (0.5211)  loss_objectness: 0.0187 (0.0272)  loss_rpn_box_reg: 0.0136 (0.0176)  time: 0.5350  data: 0.0197  max mem: 6238
Epoch: [8]  [70/77]  eta: 0:00:03  lr: 0.000050  loss: 0.7741 (0.8190)  loss_classifier: 0.0987 (0.1124)  loss_box_reg: 0.1371 (0.1403)  loss_mask: 0.5029 (0.5219)  loss_objectness: 0.0168 (0.0261)  loss_rpn_box_reg: 0.0185 (0.0183)  time: 0.5494  data: 0.0173  max mem: 6238
Epoch: [8]  [76/77]  eta: 0:00:00  lr: 0.000050  loss: 0.7874 (0.8210)  loss_classifier: 0.0993 (0.1138)  loss_box_reg: 0.1371 (0.1431)  loss_mask: 0.5029 (0.5202)  loss_objectness: 0.0168 (0.0257)  loss_rpn_box_reg: 0.0185 (0.0182)  time: 0.5438  data: 0.0172  max mem: 6238
Epoch: [8] Total time: 0:00:42 (0.5520 s / it)
creating index...
index created!
Test:  [ 0/17]  eta: 0:00:02  model_time: 0.1214 (0.1214)  evaluator_time: 0.0261 (0.0261)  time: 0.1584  data: 0.0105  max mem: 6238
Test:  [16/17]  eta: 0:00:00  model_time: 0.1114 (0.1219)  evaluator_time: 0.0213 (0.0285)  time: 0.1622  data: 0.0102  max mem: 6238
Test: Total time: 0:00:02 (0.1622 s / it)
Averaged stats: model_time: 0.1114 (0.1219)  evaluator_time: 0.0213 (0.0285)
Accumulating evaluation results...
DONE (t=0.01s).
Accumulating evaluation results...
DONE (t=0.01s).
IoU metric: bbox
 Average Precision  (AP) @[ IoU=0.50:0.95 | area=   all | maxDets=100 ] = 0.045
 Average Precision  (AP) @[ IoU=0.50      | area=   all | maxDets=100 ] = 0.153
 Average Precision  (AP) @[ IoU=0.75      | area=   all | maxDets=100 ] = 0.020
 Average Precision  (AP) @[ IoU=0.50:0.95 | area= small | maxDets=100 ] = -1.000
 Average Precision  (AP) @[ IoU=0.50:0.95 | area=medium | maxDets=100 ] = 0.000
 Average Precision  (AP) @[ IoU=0.50:0.95 | area= large | maxDets=100 ] = 0.047
 Average Recall     (AR) @[ IoU=0.50:0.95 | area=   all | maxDets=  1 ] = 0.028
 Average Recall     (AR) @[ IoU=0.50:0.95 | area=   all | maxDets= 10 ] = 0.144
 Average Recall     (AR) @[ IoU=0.50:0.95 | area=   all | maxDets=100 ] = 0.348
 Average Recall     (AR) @[ IoU=0.50:0.95 | area= small | maxDets=100 ] = -1.000
 Average Recall     (AR) @[ IoU=0.50:0.95 | area=medium | maxDets=100 ] = 0.000
 Average Recall     (AR) @[ IoU=0.50:0.95 | area= large | maxDets=100 ] = 0.378
IoU metric: segm
 Average Precision  (AP) @[ IoU=0.50:0.95 | area=   all | maxDets=100 ] = 0.024
 Average Precision  (AP) @[ IoU=0.50      | area=   all | maxDets=100 ] = 0.110
 Average Precision  (AP) @[ IoU=0.75      | area=   all | maxDets=100 ] = 0.000
 Average Precision  (AP) @[ IoU=0.50:0.95 | area= small | maxDets=100 ] = -1.000
 Average Precision  (AP) @[ IoU=0.50:0.95 | area=medium | maxDets=100 ] = 0.000
 Average Precision  (AP) @[ IoU=0.50:0.95 | area= large | maxDets=100 ] = 0.029
 Average Recall     (AR) @[ IoU=0.50:0.95 | area=   all | maxDets=  1 ] = 0.028
 Average Recall     (AR) @[ IoU=0.50:0.95 | area=   all | maxDets= 10 ] = 0.078
 Average Recall     (AR) @[ IoU=0.50:0.95 | area=   all | maxDets=100 ] = 0.162
 Average Recall     (AR) @[ IoU=0.50:0.95 | area= small | maxDets=100 ] = -1.000
 Average Recall     (AR) @[ IoU=0.50:0.95 | area=medium | maxDets=100 ] = 0.000
 Average Recall     (AR) @[ IoU=0.50:0.95 | area= large | maxDets=100 ] = 0.176
Epoch: [9]  [ 0/77]  eta: 0:00:39  lr: 0.000005  loss: 0.7106 (0.7106)  loss_classifier: 0.0919 (0.0919)  loss_box_reg: 0.1065 (0.1065)  loss_mask: 0.4883 (0.4883)  loss_objectness: 0.0080 (0.0080)  loss_rpn_box_reg: 0.0159 (0.0159)  time: 0.5157  data: 0.0174  max mem: 6238
Epoch: [9]  [10/77]  eta: 0:00:38  lr: 0.000005  loss: 0.8500 (0.8527)  loss_classifier: 0.1072 (0.1210)  loss_box_reg: 0.1505 (0.1537)  loss_mask: 0.5468 (0.5406)  loss_objectness: 0.0134 (0.0170)  loss_rpn_box_reg: 0.0187 (0.0204)  time: 0.5743  data: 0.0237  max mem: 6238
Epoch: [9]  [20/77]  eta: 0:00:35  lr: 0.000005  loss: 0.7907 (0.8095)  loss_classifier: 0.0931 (0.1076)  loss_box_reg: 0.1108 (0.1357)  loss_mask: 0.5386 (0.5321)  loss_objectness: 0.0159 (0.0165)  loss_rpn_box_reg: 0.0157 (0.0176)  time: 0.6235  data: 0.0203  max mem: 6519
Epoch: [9]  [30/77]  eta: 0:00:30  lr: 0.000005  loss: 0.7648 (0.7992)  loss_classifier: 0.0876 (0.1055)  loss_box_reg: 0.1081 (0.1338)  loss_mask: 0.4988 (0.5244)  loss_objectness: 0.0159 (0.0190)  loss_rpn_box_reg: 0.0145 (0.0165)  time: 0.6843  data: 0.0237  max mem: 6519
Epoch: [9]  [40/77]  eta: 0:00:23  lr: 0.000005  loss: 0.7689 (0.7925)  loss_classifier: 0.0907 (0.1035)  loss_box_reg: 0.1032 (0.1282)  loss_mask: 0.5078 (0.5261)  loss_objectness: 0.0177 (0.0189)  loss_rpn_box_reg: 0.0082 (0.0158)  time: 0.6481  data: 0.0246  max mem: 6519
Epoch: [9]  [50/77]  eta: 0:00:16  lr: 0.000005  loss: 0.7878 (0.8030)  loss_classifier: 0.0907 (0.1072)  loss_box_reg: 0.1185 (0.1332)  loss_mask: 0.5191 (0.5253)  loss_objectness: 0.0201 (0.0199)  loss_rpn_box_reg: 0.0122 (0.0175)  time: 0.5886  data: 0.0201  max mem: 6519
Epoch: [9]  [60/77]  eta: 0:00:10  lr: 0.000005  loss: 0.8157 (0.8142)  loss_classifier: 0.0986 (0.1101)  loss_box_reg: 0.1204 (0.1362)  loss_mask: 0.5200 (0.5247)  loss_objectness: 0.0209 (0.0249)  loss_rpn_box_reg: 0.0227 (0.0183)  time: 0.5771  data: 0.0218  max mem: 6519
Epoch: [9]  [70/77]  eta: 0:00:04  lr: 0.000005  loss: 0.7714 (0.8151)  loss_classifier: 0.1188 (0.1111)  loss_box_reg: 0.1415 (0.1374)  loss_mask: 0.5234 (0.5245)  loss_objectness: 0.0200 (0.0240)  loss_rpn_box_reg: 0.0162 (0.0180)  time: 0.5576  data: 0.0191  max mem: 6519
Epoch: [9]  [76/77]  eta: 0:00:00  lr: 0.000005  loss: 0.8514 (0.8193)  loss_classifier: 0.1267 (0.1128)  loss_box_reg: 0.1576 (0.1394)  loss_mask: 0.5166 (0.5241)  loss_objectness: 0.0204 (0.0252)  loss_rpn_box_reg: 0.0174 (0.0179)  time: 0.5241  data: 0.0176  max mem: 6519
Epoch: [9] Total time: 0:00:45 (0.5938 s / it)
creating index...
index created!
Test:  [ 0/17]  eta: 0:00:02  model_time: 0.1293 (0.1293)  evaluator_time: 0.0269 (0.0269)  time: 0.1669  data: 0.0103  max mem: 6519
Test:  [16/17]  eta: 0:00:00  model_time: 0.1180 (0.1254)  evaluator_time: 0.0227 (0.0301)  time: 0.1675  data: 0.0102  max mem: 6519
Test: Total time: 0:00:02 (0.1676 s / it)
Averaged stats: model_time: 0.1180 (0.1254)  evaluator_time: 0.0227 (0.0301)
Accumulating evaluation results...
DONE (t=0.01s).
Accumulating evaluation results...
DONE (t=0.01s).
IoU metric: bbox
 Average Precision  (AP) @[ IoU=0.50:0.95 | area=   all | maxDets=100 ] = 0.049
 Average Precision  (AP) @[ IoU=0.50      | area=   all | maxDets=100 ] = 0.193
 Average Precision  (AP) @[ IoU=0.75      | area=   all | maxDets=100 ] = 0.001
 Average Precision  (AP) @[ IoU=0.50:0.95 | area= small | maxDets=100 ] = -1.000
 Average Precision  (AP) @[ IoU=0.50:0.95 | area=medium | maxDets=100 ] = 0.000
 Average Precision  (AP) @[ IoU=0.50:0.95 | area= large | maxDets=100 ] = 0.051
 Average Recall     (AR) @[ IoU=0.50:0.95 | area=   all | maxDets=  1 ] = 0.026
 Average Recall     (AR) @[ IoU=0.50:0.95 | area=   all | maxDets= 10 ] = 0.136
 Average Recall     (AR) @[ IoU=0.50:0.95 | area=   all | maxDets=100 ] = 0.334
 Average Recall     (AR) @[ IoU=0.50:0.95 | area= small | maxDets=100 ] = -1.000
 Average Recall     (AR) @[ IoU=0.50:0.95 | area=medium | maxDets=100 ] = 0.000
 Average Recall     (AR) @[ IoU=0.50:0.95 | area= large | maxDets=100 ] = 0.363
IoU metric: segm
 Average Precision  (AP) @[ IoU=0.50:0.95 | area=   all | maxDets=100 ] = 0.022
 Average Precision  (AP) @[ IoU=0.50      | area=   all | maxDets=100 ] = 0.109
 Average Precision  (AP) @[ IoU=0.75      | area=   all | maxDets=100 ] = 0.000
 Average Precision  (AP) @[ IoU=0.50:0.95 | area= small | maxDets=100 ] = -1.000
 Average Precision  (AP) @[ IoU=0.50:0.95 | area=medium | maxDets=100 ] = 0.000
 Average Precision  (AP) @[ IoU=0.50:0.95 | area= large | maxDets=100 ] = 0.027
 Average Recall     (AR) @[ IoU=0.50:0.95 | area=   all | maxDets=  1 ] = 0.022
 Average Recall     (AR) @[ IoU=0.50:0.95 | area=   all | maxDets= 10 ] = 0.062
 Average Recall     (AR) @[ IoU=0.50:0.95 | area=   all | maxDets=100 ] = 0.176
 Average Recall     (AR) @[ IoU=0.50:0.95 | area= small | maxDets=100 ] = -1.000
 Average Recall     (AR) @[ IoU=0.50:0.95 | area=medium | maxDets=100 ] = 0.000
 Average Recall     (AR) @[ IoU=0.50:0.95 | area= large | maxDets=100 ] = 0.191
That's it!
