nohup: ignoring input
/home/deipss/anaconda3/envs/py310/lib/python3.10/site-packages/torch/autograd/graph.py:744: UserWarning: Plan failed with a cudnnException: CUDNN_BACKEND_EXECUTION_PLAN_DESCRIPTOR: cudnnFinalize Descriptor Failed cudnn_status: CUDNN_STATUS_NOT_SUPPORTED (Triggered internally at ../aten/src/ATen/native/cudnn/Conv_v8.cpp:919.)
  return Variable._execution_engine.run_backward(  # Calls into the C++ engine to run the backward pass
test_len=17
Epoch: [0]  [ 0/77]  eta: 0:01:40  lr: 0.000071  loss: 6.6247 (6.6247)  loss_classifier: 0.6372 (0.6372)  loss_box_reg: 0.0012 (0.0012)  loss_mask: 5.2701 (5.2701)  loss_objectness: 0.6969 (0.6969)  loss_rpn_box_reg: 0.0193 (0.0193)  time: 1.3080  data: 0.0384  max mem: 5194
Epoch: [0]  [10/77]  eta: 0:00:43  lr: 0.000728  loss: 4.2597 (4.5498)  loss_classifier: 0.1071 (0.2549)  loss_box_reg: 0.0023 (0.0058)  loss_mask: 3.1504 (3.6304)  loss_objectness: 0.6568 (0.6362)  loss_rpn_box_reg: 0.0185 (0.0224)  time: 0.6447  data: 0.0382  max mem: 5749
Epoch: [0]  [20/77]  eta: 0:00:35  lr: 0.001385  loss: 2.5401 (3.3329)  loss_classifier: 0.1083 (0.1971)  loss_box_reg: 0.0303 (0.0605)  loss_mask: 1.8298 (2.5842)  loss_objectness: 0.4881 (0.4645)  loss_rpn_box_reg: 0.0210 (0.0265)  time: 0.5864  data: 0.0406  max mem: 5749
Epoch: [0]  [30/77]  eta: 0:00:27  lr: 0.002042  loss: 1.4072 (2.6415)  loss_classifier: 0.1164 (0.1792)  loss_box_reg: 0.1265 (0.0808)  loss_mask: 0.9240 (2.0107)  loss_objectness: 0.1353 (0.3450)  loss_rpn_box_reg: 0.0243 (0.0258)  time: 0.5683  data: 0.0382  max mem: 5749
Epoch: [0]  [40/77]  eta: 0:00:22  lr: 0.002700  loss: 1.0284 (2.2340)  loss_classifier: 0.1112 (0.1632)  loss_box_reg: 0.1113 (0.0875)  loss_mask: 0.7111 (1.6874)  loss_objectness: 0.0601 (0.2717)  loss_rpn_box_reg: 0.0165 (0.0241)  time: 0.5742  data: 0.0341  max mem: 6170
Epoch: [0]  [50/77]  eta: 0:00:15  lr: 0.003357  loss: 0.9504 (1.9828)  loss_classifier: 0.1046 (0.1568)  loss_box_reg: 0.1169 (0.0959)  loss_mask: 0.6616 (1.4818)  loss_objectness: 0.0286 (0.2248)  loss_rpn_box_reg: 0.0160 (0.0234)  time: 0.5878  data: 0.0369  max mem: 6170
Epoch: [0]  [60/77]  eta: 0:00:10  lr: 0.004014  loss: 0.9013 (1.8096)  loss_classifier: 0.1101 (0.1528)  loss_box_reg: 0.1122 (0.0995)  loss_mask: 0.6265 (1.3414)  loss_objectness: 0.0218 (0.1934)  loss_rpn_box_reg: 0.0170 (0.0224)  time: 0.5699  data: 0.0412  max mem: 6170
Epoch: [0]  [70/77]  eta: 0:00:04  lr: 0.004671  loss: 0.9013 (1.6858)  loss_classifier: 0.1142 (0.1487)  loss_box_reg: 0.1127 (0.1022)  loss_mask: 0.6218 (1.2419)  loss_objectness: 0.0229 (0.1710)  loss_rpn_box_reg: 0.0144 (0.0219)  time: 0.5466  data: 0.0377  max mem: 6170
Epoch: [0]  [76/77]  eta: 0:00:00  lr: 0.005000  loss: 0.9251 (1.6405)  loss_classifier: 0.1202 (0.1520)  loss_box_reg: 0.1131 (0.1119)  loss_mask: 0.6341 (1.1946)  loss_objectness: 0.0240 (0.1596)  loss_rpn_box_reg: 0.0156 (0.0225)  time: 0.5459  data: 0.0349  max mem: 6170
Epoch: [0] Total time: 0:00:44 (0.5792 s / it)
creating index...
index created!
Test:  [ 0/17]  eta: 0:00:02  model_time: 0.1139 (0.1139)  evaluator_time: 0.0200 (0.0200)  time: 0.1504  data: 0.0155  max mem: 6170
Test:  [16/17]  eta: 0:00:00  model_time: 0.1206 (0.1176)  evaluator_time: 0.0226 (0.0243)  time: 0.1611  data: 0.0171  max mem: 6170
Test: Total time: 0:00:02 (0.1612 s / it)
Averaged stats: model_time: 0.1206 (0.1176)  evaluator_time: 0.0226 (0.0243)
Accumulating evaluation results...
DONE (t=0.01s).
Accumulating evaluation results...
DONE (t=0.01s).
IoU metric: bbox
 Average Precision  (AP) @[ IoU=0.50:0.95 | area=   all | maxDets=100 ] = 0.002
 Average Precision  (AP) @[ IoU=0.50      | area=   all | maxDets=100 ] = 0.016
 Average Precision  (AP) @[ IoU=0.75      | area=   all | maxDets=100 ] = 0.000
 Average Precision  (AP) @[ IoU=0.50:0.95 | area= small | maxDets=100 ] = -1.000
 Average Precision  (AP) @[ IoU=0.50:0.95 | area=medium | maxDets=100 ] = 0.000
 Average Precision  (AP) @[ IoU=0.50:0.95 | area= large | maxDets=100 ] = 0.003
 Average Recall     (AR) @[ IoU=0.50:0.95 | area=   all | maxDets=  1 ] = 0.000
 Average Recall     (AR) @[ IoU=0.50:0.95 | area=   all | maxDets= 10 ] = 0.024
 Average Recall     (AR) @[ IoU=0.50:0.95 | area=   all | maxDets=100 ] = 0.074
 Average Recall     (AR) @[ IoU=0.50:0.95 | area= small | maxDets=100 ] = -1.000
 Average Recall     (AR) @[ IoU=0.50:0.95 | area=medium | maxDets=100 ] = 0.000
 Average Recall     (AR) @[ IoU=0.50:0.95 | area= large | maxDets=100 ] = 0.089
IoU metric: segm
 Average Precision  (AP) @[ IoU=0.50:0.95 | area=   all | maxDets=100 ] = 0.000
 Average Precision  (AP) @[ IoU=0.50      | area=   all | maxDets=100 ] = 0.000
 Average Precision  (AP) @[ IoU=0.75      | area=   all | maxDets=100 ] = 0.000
 Average Precision  (AP) @[ IoU=0.50:0.95 | area= small | maxDets=100 ] = -1.000
 Average Precision  (AP) @[ IoU=0.50:0.95 | area=medium | maxDets=100 ] = 0.000
 Average Precision  (AP) @[ IoU=0.50:0.95 | area= large | maxDets=100 ] = 0.000
 Average Recall     (AR) @[ IoU=0.50:0.95 | area=   all | maxDets=  1 ] = 0.000
 Average Recall     (AR) @[ IoU=0.50:0.95 | area=   all | maxDets= 10 ] = 0.000
 Average Recall     (AR) @[ IoU=0.50:0.95 | area=   all | maxDets=100 ] = 0.000
 Average Recall     (AR) @[ IoU=0.50:0.95 | area= small | maxDets=100 ] = -1.000
 Average Recall     (AR) @[ IoU=0.50:0.95 | area=medium | maxDets=100 ] = 0.000
 Average Recall     (AR) @[ IoU=0.50:0.95 | area= large | maxDets=100 ] = 0.000
Epoch: [1]  [ 0/77]  eta: 0:00:35  lr: 0.005000  loss: 0.7676 (0.7676)  loss_classifier: 0.0617 (0.0617)  loss_box_reg: 0.0157 (0.0157)  loss_mask: 0.6549 (0.6549)  loss_objectness: 0.0253 (0.0253)  loss_rpn_box_reg: 0.0100 (0.0100)  time: 0.4652  data: 0.0375  max mem: 6170
Epoch: [1]  [10/77]  eta: 0:00:36  lr: 0.005000  loss: 0.7954 (0.8335)  loss_classifier: 0.0792 (0.0980)  loss_box_reg: 0.0712 (0.0805)  loss_mask: 0.5948 (0.6105)  loss_objectness: 0.0166 (0.0210)  loss_rpn_box_reg: 0.0182 (0.0236)  time: 0.5458  data: 0.0359  max mem: 6170
Epoch: [1]  [20/77]  eta: 0:00:32  lr: 0.005000  loss: 0.8806 (0.8949)  loss_classifier: 0.1096 (0.1176)  loss_box_reg: 0.1032 (0.1148)  loss_mask: 0.6039 (0.6140)  loss_objectness: 0.0227 (0.0249)  loss_rpn_box_reg: 0.0243 (0.0236)  time: 0.5697  data: 0.0376  max mem: 6170
Epoch: [1]  [30/77]  eta: 0:00:26  lr: 0.005000  loss: 0.8916 (0.8923)  loss_classifier: 0.1185 (0.1171)  loss_box_reg: 0.1310 (0.1194)  loss_mask: 0.6017 (0.6051)  loss_objectness: 0.0233 (0.0265)  loss_rpn_box_reg: 0.0243 (0.0241)  time: 0.5825  data: 0.0375  max mem: 6170
Epoch: [1]  [40/77]  eta: 0:00:21  lr: 0.005000  loss: 0.8916 (0.8937)  loss_classifier: 0.1183 (0.1173)  loss_box_reg: 0.1170 (0.1210)  loss_mask: 0.5965 (0.6057)  loss_objectness: 0.0233 (0.0275)  loss_rpn_box_reg: 0.0156 (0.0223)  time: 0.5755  data: 0.0369  max mem: 6170
Epoch: [1]  [50/77]  eta: 0:00:15  lr: 0.005000  loss: 0.8922 (0.8983)  loss_classifier: 0.1178 (0.1196)  loss_box_reg: 0.1276 (0.1259)  loss_mask: 0.5942 (0.6035)  loss_objectness: 0.0253 (0.0275)  loss_rpn_box_reg: 0.0156 (0.0218)  time: 0.5771  data: 0.0381  max mem: 6170
Epoch: [1]  [60/77]  eta: 0:00:09  lr: 0.005000  loss: 0.8922 (0.9105)  loss_classifier: 0.1178 (0.1212)  loss_box_reg: 0.1312 (0.1299)  loss_mask: 0.5870 (0.6023)  loss_objectness: 0.0275 (0.0341)  loss_rpn_box_reg: 0.0202 (0.0230)  time: 0.5978  data: 0.0416  max mem: 6170
Epoch: [1]  [70/77]  eta: 0:00:04  lr: 0.005000  loss: 0.9041 (0.9139)  loss_classifier: 0.1175 (0.1235)  loss_box_reg: 0.1233 (0.1323)  loss_mask: 0.5960 (0.6009)  loss_objectness: 0.0299 (0.0335)  loss_rpn_box_reg: 0.0241 (0.0237)  time: 0.6097  data: 0.0419  max mem: 6170
Epoch: [1]  [76/77]  eta: 0:00:00  lr: 0.005000  loss: 0.8564 (0.9055)  loss_classifier: 0.1069 (0.1216)  loss_box_reg: 0.1179 (0.1303)  loss_mask: 0.5870 (0.5984)  loss_objectness: 0.0225 (0.0318)  loss_rpn_box_reg: 0.0202 (0.0233)  time: 0.5811  data: 0.0382  max mem: 6170
Epoch: [1] Total time: 0:00:44 (0.5795 s / it)
creating index...
index created!
Test:  [ 0/17]  eta: 0:00:02  model_time: 0.1282 (0.1282)  evaluator_time: 0.0275 (0.0275)  time: 0.1726  data: 0.0158  max mem: 6170
Test:  [16/17]  eta: 0:00:00  model_time: 0.1046 (0.1052)  evaluator_time: 0.0205 (0.0188)  time: 0.1422  data: 0.0170  max mem: 6170
Test: Total time: 0:00:02 (0.1423 s / it)
Averaged stats: model_time: 0.1046 (0.1052)  evaluator_time: 0.0205 (0.0188)
Accumulating evaluation results...
DONE (t=0.01s).
Accumulating evaluation results...
DONE (t=0.01s).
IoU metric: bbox
 Average Precision  (AP) @[ IoU=0.50:0.95 | area=   all | maxDets=100 ] = 0.027
/home/deipss/anaconda3/envs/py310/lib/python3.10/site-packages/torch/autograd/graph.py:744: UserWarning: Plan failed with an OutOfMemoryError: CUDA out of memory. Tried to allocate 780.00 MiB. GPU  (Triggered internally at ../aten/src/ATen/native/cudnn/Conv_v8.cpp:924.)
  return Variable._execution_engine.run_backward(  # Calls into the C++ engine to run the backward pass
 Average Precision  (AP) @[ IoU=0.50      | area=   all | maxDets=100 ] = 0.141
 Average Precision  (AP) @[ IoU=0.75      | area=   all | maxDets=100 ] = 0.001
 Average Precision  (AP) @[ IoU=0.50:0.95 | area= small | maxDets=100 ] = -1.000
 Average Precision  (AP) @[ IoU=0.50:0.95 | area=medium | maxDets=100 ] = 0.000
 Average Precision  (AP) @[ IoU=0.50:0.95 | area= large | maxDets=100 ] = 0.032
 Average Recall     (AR) @[ IoU=0.50:0.95 | area=   all | maxDets=  1 ] = 0.022
 Average Recall     (AR) @[ IoU=0.50:0.95 | area=   all | maxDets= 10 ] = 0.111
 Average Recall     (AR) @[ IoU=0.50:0.95 | area=   all | maxDets=100 ] = 0.193
 Average Recall     (AR) @[ IoU=0.50:0.95 | area= small | maxDets=100 ] = -1.000
 Average Recall     (AR) @[ IoU=0.50:0.95 | area=medium | maxDets=100 ] = 0.000
 Average Recall     (AR) @[ IoU=0.50:0.95 | area= large | maxDets=100 ] = 0.234
IoU metric: segm
 Average Precision  (AP) @[ IoU=0.50:0.95 | area=   all | maxDets=100 ] = 0.005
 Average Precision  (AP) @[ IoU=0.50      | area=   all | maxDets=100 ] = 0.028
 Average Precision  (AP) @[ IoU=0.75      | area=   all | maxDets=100 ] = 0.000
 Average Precision  (AP) @[ IoU=0.50:0.95 | area= small | maxDets=100 ] = -1.000
 Average Precision  (AP) @[ IoU=0.50:0.95 | area=medium | maxDets=100 ] = 0.000
 Average Precision  (AP) @[ IoU=0.50:0.95 | area= large | maxDets=100 ] = 0.007
 Average Recall     (AR) @[ IoU=0.50:0.95 | area=   all | maxDets=  1 ] = 0.004
 Average Recall     (AR) @[ IoU=0.50:0.95 | area=   all | maxDets= 10 ] = 0.050
 Average Recall     (AR) @[ IoU=0.50:0.95 | area=   all | maxDets=100 ] = 0.087
 Average Recall     (AR) @[ IoU=0.50:0.95 | area= small | maxDets=100 ] = -1.000
 Average Recall     (AR) @[ IoU=0.50:0.95 | area=medium | maxDets=100 ] = 0.000
 Average Recall     (AR) @[ IoU=0.50:0.95 | area= large | maxDets=100 ] = 0.105
Epoch: [2]  [ 0/77]  eta: 0:00:38  lr: 0.005000  loss: 0.9787 (0.9787)  loss_classifier: 0.1269 (0.1269)  loss_box_reg: 0.1740 (0.1740)  loss_mask: 0.6434 (0.6434)  loss_objectness: 0.0157 (0.0157)  loss_rpn_box_reg: 0.0187 (0.0187)  time: 0.5050  data: 0.0277  max mem: 6170
Epoch: [2]  [10/77]  eta: 0:00:38  lr: 0.005000  loss: 0.8460 (0.8480)  loss_classifier: 0.1015 (0.1007)  loss_box_reg: 0.1134 (0.1157)  loss_mask: 0.5946 (0.5966)  loss_objectness: 0.0155 (0.0165)  loss_rpn_box_reg: 0.0169 (0.0186)  time: 0.5738  data: 0.0369  max mem: 6170
Epoch: [2]  [20/77]  eta: 0:00:33  lr: 0.005000  loss: 0.8969 (0.8990)  loss_classifier: 0.1149 (0.1202)  loss_box_reg: 0.1265 (0.1323)  loss_mask: 0.5946 (0.6010)  loss_objectness: 0.0155 (0.0239)  loss_rpn_box_reg: 0.0198 (0.0216)  time: 0.5970  data: 0.0403  max mem: 6170
Epoch: [2]  [30/77]  eta: 0:00:27  lr: 0.005000  loss: 0.8969 (0.9041)  loss_classifier: 0.1212 (0.1174)  loss_box_reg: 0.1156 (0.1220)  loss_mask: 0.6004 (0.6059)  loss_objectness: 0.0240 (0.0365)  loss_rpn_box_reg: 0.0216 (0.0223)  time: 0.5778  data: 0.0382  max mem: 6170
Epoch: [2]  [40/77]  eta: 0:00:21  lr: 0.005000  loss: 0.8686 (0.9096)  loss_classifier: 0.1032 (0.1153)  loss_box_reg: 0.1025 (0.1211)  loss_mask: 0.6132 (0.6145)  loss_objectness: 0.0297 (0.0371)  loss_rpn_box_reg: 0.0207 (0.0216)  time: 0.5667  data: 0.0354  max mem: 6170
Epoch: [2]  [50/77]  eta: 0:00:15  lr: 0.005000  loss: 0.8721 (0.9065)  loss_classifier: 0.1082 (0.1166)  loss_box_reg: 0.1100 (0.1248)  loss_mask: 0.6014 (0.6094)  loss_objectness: 0.0243 (0.0340)  loss_rpn_box_reg: 0.0165 (0.0217)  time: 0.5907  data: 0.0386  max mem: 6170
Epoch: [2]  [60/77]  eta: 0:00:09  lr: 0.005000  loss: 0.8712 (0.9069)  loss_classifier: 0.1150 (0.1185)  loss_box_reg: 0.1153 (0.1278)  loss_mask: 0.5841 (0.6058)  loss_objectness: 0.0176 (0.0322)  loss_rpn_box_reg: 0.0222 (0.0226)  time: 0.5762  data: 0.0386  max mem: 6170
Epoch: [2]  [70/77]  eta: 0:00:04  lr: 0.005000  loss: 0.9030 (0.9049)  loss_classifier: 0.1176 (0.1203)  loss_box_reg: 0.1422 (0.1295)  loss_mask: 0.5824 (0.6022)  loss_objectness: 0.0176 (0.0304)  loss_rpn_box_reg: 0.0246 (0.0224)  time: 0.5884  data: 0.0382  max mem: 6237
Epoch: [2]  [76/77]  eta: 0:00:00  lr: 0.005000  loss: 0.8619 (0.9017)  loss_classifier: 0.1307 (0.1209)  loss_box_reg: 0.1259 (0.1296)  loss_mask: 0.5781 (0.5996)  loss_objectness: 0.0162 (0.0293)  loss_rpn_box_reg: 0.0184 (0.0223)  time: 0.5738  data: 0.0367  max mem: 6237
Epoch: [2] Total time: 0:00:44 (0.5773 s / it)
creating index...
index created!
Test:  [ 0/17]  eta: 0:00:03  model_time: 0.1480 (0.1480)  evaluator_time: 0.0312 (0.0312)  time: 0.1958  data: 0.0156  max mem: 6237
Test:  [16/17]  eta: 0:00:00  model_time: 0.1399 (0.1393)  evaluator_time: 0.0312 (0.0334)  time: 0.1923  data: 0.0170  max mem: 6237
Test: Total time: 0:00:03 (0.1924 s / it)
Averaged stats: model_time: 0.1399 (0.1393)  evaluator_time: 0.0312 (0.0334)
Accumulating evaluation results...
DONE (t=0.01s).
Accumulating evaluation results...
DONE (t=0.01s).
IoU metric: bbox
 Average Precision  (AP) @[ IoU=0.50:0.95 | area=   all | maxDets=100 ] = 0.026
 Average Precision  (AP) @[ IoU=0.50      | area=   all | maxDets=100 ] = 0.105
 Average Precision  (AP) @[ IoU=0.75      | area=   all | maxDets=100 ] = 0.001
 Average Precision  (AP) @[ IoU=0.50:0.95 | area= small | maxDets=100 ] = -1.000
 Average Precision  (AP) @[ IoU=0.50:0.95 | area=medium | maxDets=100 ] = 0.006
 Average Precision  (AP) @[ IoU=0.50:0.95 | area= large | maxDets=100 ] = 0.030
 Average Recall     (AR) @[ IoU=0.50:0.95 | area=   all | maxDets=  1 ] = 0.028
 Average Recall     (AR) @[ IoU=0.50:0.95 | area=   all | maxDets= 10 ] = 0.124
 Average Recall     (AR) @[ IoU=0.50:0.95 | area=   all | maxDets=100 ] = 0.241
 Average Recall     (AR) @[ IoU=0.50:0.95 | area= small | maxDets=100 ] = -1.000
 Average Recall     (AR) @[ IoU=0.50:0.95 | area=medium | maxDets=100 ] = 0.013
 Average Recall     (AR) @[ IoU=0.50:0.95 | area= large | maxDets=100 ] = 0.289
IoU metric: segm
 Average Precision  (AP) @[ IoU=0.50:0.95 | area=   all | maxDets=100 ] = 0.003
 Average Precision  (AP) @[ IoU=0.50      | area=   all | maxDets=100 ] = 0.017
 Average Precision  (AP) @[ IoU=0.75      | area=   all | maxDets=100 ] = 0.000
 Average Precision  (AP) @[ IoU=0.50:0.95 | area= small | maxDets=100 ] = -1.000
 Average Precision  (AP) @[ IoU=0.50:0.95 | area=medium | maxDets=100 ] = 0.000
 Average Precision  (AP) @[ IoU=0.50:0.95 | area= large | maxDets=100 ] = 0.005
 Average Recall     (AR) @[ IoU=0.50:0.95 | area=   all | maxDets=  1 ] = 0.009
 Average Recall     (AR) @[ IoU=0.50:0.95 | area=   all | maxDets= 10 ] = 0.017
 Average Recall     (AR) @[ IoU=0.50:0.95 | area=   all | maxDets=100 ] = 0.098
 Average Recall     (AR) @[ IoU=0.50:0.95 | area= small | maxDets=100 ] = -1.000
 Average Recall     (AR) @[ IoU=0.50:0.95 | area=medium | maxDets=100 ] = 0.000
 Average Recall     (AR) @[ IoU=0.50:0.95 | area= large | maxDets=100 ] = 0.118
Epoch: [3]  [ 0/77]  eta: 0:00:50  lr: 0.000500  loss: 0.9827 (0.9827)  loss_classifier: 0.1632 (0.1632)  loss_box_reg: 0.2175 (0.2175)  loss_mask: 0.5701 (0.5701)  loss_objectness: 0.0114 (0.0114)  loss_rpn_box_reg: 0.0205 (0.0205)  time: 0.6540  data: 0.0691  max mem: 6237
Epoch: [3]  [10/77]  eta: 0:00:39  lr: 0.000500  loss: 0.9749 (0.9342)  loss_classifier: 0.1420 (0.1352)  loss_box_reg: 0.1493 (0.1576)  loss_mask: 0.6047 (0.5965)  loss_objectness: 0.0171 (0.0251)  loss_rpn_box_reg: 0.0190 (0.0198)  time: 0.5963  data: 0.0396  max mem: 6237
Epoch: [3]  [20/77]  eta: 0:00:33  lr: 0.000500  loss: 0.9404 (0.9353)  loss_classifier: 0.1368 (0.1359)  loss_box_reg: 0.1493 (0.1612)  loss_mask: 0.5955 (0.5964)  loss_objectness: 0.0156 (0.0194)  loss_rpn_box_reg: 0.0190 (0.0225)  time: 0.5867  data: 0.0350  max mem: 6237
Epoch: [3]  [30/77]  eta: 0:00:27  lr: 0.000500  loss: 0.8793 (0.9010)  loss_classifier: 0.1062 (0.1252)  loss_box_reg: 0.1412 (0.1470)  loss_mask: 0.5815 (0.5883)  loss_objectness: 0.0160 (0.0196)  loss_rpn_box_reg: 0.0166 (0.0209)  time: 0.5808  data: 0.0345  max mem: 6237
Epoch: [3]  [40/77]  eta: 0:00:21  lr: 0.000500  loss: 0.7968 (0.8905)  loss_classifier: 0.0962 (0.1219)  loss_box_reg: 0.1040 (0.1422)  loss_mask: 0.5805 (0.5858)  loss_objectness: 0.0199 (0.0207)  loss_rpn_box_reg: 0.0121 (0.0198)  time: 0.5785  data: 0.0362  max mem: 6237
Epoch: [3]  [50/77]  eta: 0:00:15  lr: 0.000500  loss: 0.8398 (0.8877)  loss_classifier: 0.1017 (0.1211)  loss_box_reg: 0.1219 (0.1391)  loss_mask: 0.5777 (0.5825)  loss_objectness: 0.0231 (0.0253)  loss_rpn_box_reg: 0.0167 (0.0197)  time: 0.5932  data: 0.0393  max mem: 6523
Epoch: [3]  [60/77]  eta: 0:00:09  lr: 0.000500  loss: 0.8398 (0.8858)  loss_classifier: 0.1201 (0.1211)  loss_box_reg: 0.1232 (0.1347)  loss_mask: 0.5746 (0.5803)  loss_objectness: 0.0265 (0.0307)  loss_rpn_box_reg: 0.0175 (0.0190)  time: 0.5923  data: 0.0415  max mem: 6523
Epoch: [3]  [70/77]  eta: 0:00:04  lr: 0.000500  loss: 0.8272 (0.8809)  loss_classifier: 0.1167 (0.1215)  loss_box_reg: 0.1232 (0.1343)  loss_mask: 0.5608 (0.5771)  loss_objectness: 0.0165 (0.0292)  loss_rpn_box_reg: 0.0141 (0.0188)  time: 0.5602  data: 0.0398  max mem: 6523
Epoch: [3]  [76/77]  eta: 0:00:00  lr: 0.000500  loss: 0.8608 (0.8784)  loss_classifier: 0.1132 (0.1208)  loss_box_reg: 0.1253 (0.1354)  loss_mask: 0.5582 (0.5752)  loss_objectness: 0.0164 (0.0283)  loss_rpn_box_reg: 0.0164 (0.0187)  time: 0.5533  data: 0.0387  max mem: 6523
Epoch: [3] Total time: 0:00:44 (0.5776 s / it)
creating index...
index created!
Test:  [ 0/17]  eta: 0:00:05  model_time: 0.2775 (0.2775)  evaluator_time: 0.0348 (0.0348)  time: 0.3287  data: 0.0154  max mem: 6523
Test:  [16/17]  eta: 0:00:00  model_time: 0.1344 (0.1440)  evaluator_time: 0.0312 (0.0319)  time: 0.1953  data: 0.0171  max mem: 6523
Test: Total time: 0:00:03 (0.1954 s / it)
Averaged stats: model_time: 0.1344 (0.1440)  evaluator_time: 0.0312 (0.0319)
Accumulating evaluation results...
DONE (t=0.01s).
Accumulating evaluation results...
DONE (t=0.01s).
IoU metric: bbox
 Average Precision  (AP) @[ IoU=0.50:0.95 | area=   all | maxDets=100 ] = 0.025
 Average Precision  (AP) @[ IoU=0.50      | area=   all | maxDets=100 ] = 0.107
 Average Precision  (AP) @[ IoU=0.75      | area=   all | maxDets=100 ] = 0.000
 Average Precision  (AP) @[ IoU=0.50:0.95 | area= small | maxDets=100 ] = -1.000
 Average Precision  (AP) @[ IoU=0.50:0.95 | area=medium | maxDets=100 ] = 0.004
 Average Precision  (AP) @[ IoU=0.50:0.95 | area= large | maxDets=100 ] = 0.031
 Average Recall     (AR) @[ IoU=0.50:0.95 | area=   all | maxDets=  1 ] = 0.028
 Average Recall     (AR) @[ IoU=0.50:0.95 | area=   all | maxDets= 10 ] = 0.148
 Average Recall     (AR) @[ IoU=0.50:0.95 | area=   all | maxDets=100 ] = 0.272
 Average Recall     (AR) @[ IoU=0.50:0.95 | area= small | maxDets=100 ] = -1.000
 Average Recall     (AR) @[ IoU=0.50:0.95 | area=medium | maxDets=100 ] = 0.013
 Average Recall     (AR) @[ IoU=0.50:0.95 | area= large | maxDets=100 ] = 0.326
IoU metric: segm
 Average Precision  (AP) @[ IoU=0.50:0.95 | area=   all | maxDets=100 ] = 0.005
 Average Precision  (AP) @[ IoU=0.50      | area=   all | maxDets=100 ] = 0.033
 Average Precision  (AP) @[ IoU=0.75      | area=   all | maxDets=100 ] = 0.000
 Average Precision  (AP) @[ IoU=0.50:0.95 | area= small | maxDets=100 ] = -1.000
 Average Precision  (AP) @[ IoU=0.50:0.95 | area=medium | maxDets=100 ] = 0.000
 Average Precision  (AP) @[ IoU=0.50:0.95 | area= large | maxDets=100 ] = 0.008
 Average Recall     (AR) @[ IoU=0.50:0.95 | area=   all | maxDets=  1 ] = 0.011
 Average Recall     (AR) @[ IoU=0.50:0.95 | area=   all | maxDets= 10 ] = 0.057
 Average Recall     (AR) @[ IoU=0.50:0.95 | area=   all | maxDets=100 ] = 0.111
 Average Recall     (AR) @[ IoU=0.50:0.95 | area= small | maxDets=100 ] = -1.000
 Average Recall     (AR) @[ IoU=0.50:0.95 | area=medium | maxDets=100 ] = 0.050
 Average Recall     (AR) @[ IoU=0.50:0.95 | area= large | maxDets=100 ] = 0.124
Epoch: [4]  [ 0/77]  eta: 0:00:46  lr: 0.000500  loss: 1.0511 (1.0511)  loss_classifier: 0.1859 (0.1859)  loss_box_reg: 0.2296 (0.2296)  loss_mask: 0.5937 (0.5937)  loss_objectness: 0.0105 (0.0105)  loss_rpn_box_reg: 0.0313 (0.0313)  time: 0.6084  data: 0.0354  max mem: 6523
Epoch: [4]  [10/77]  eta: 0:00:39  lr: 0.000500  loss: 0.9162 (0.9359)  loss_classifier: 0.1451 (0.1468)  loss_box_reg: 0.1674 (0.1619)  loss_mask: 0.5836 (0.5771)  loss_objectness: 0.0162 (0.0265)  loss_rpn_box_reg: 0.0232 (0.0236)  time: 0.5931  data: 0.0410  max mem: 6523
Epoch: [4]  [20/77]  eta: 0:00:33  lr: 0.000500  loss: 0.8297 (0.8949)  loss_classifier: 0.1106 (0.1271)  loss_box_reg: 0.1054 (0.1281)  loss_mask: 0.5607 (0.5757)  loss_objectness: 0.0170 (0.0417)  loss_rpn_box_reg: 0.0178 (0.0223)  time: 0.5843  data: 0.0394  max mem: 6676
Epoch: [4]  [30/77]  eta: 0:00:27  lr: 0.000500  loss: 0.8380 (0.9019)  loss_classifier: 0.1206 (0.1308)  loss_box_reg: 0.1191 (0.1358)  loss_mask: 0.5766 (0.5780)  loss_objectness: 0.0191 (0.0365)  loss_rpn_box_reg: 0.0168 (0.0209)  time: 0.5803  data: 0.0385  max mem: 6676
Epoch: [4]  [40/77]  eta: 0:00:21  lr: 0.000500  loss: 0.8380 (0.8724)  loss_classifier: 0.1187 (0.1217)  loss_box_reg: 0.1307 (0.1284)  loss_mask: 0.5666 (0.5702)  loss_objectness: 0.0190 (0.0329)  loss_rpn_box_reg: 0.0154 (0.0191)  time: 0.5672  data: 0.0389  max mem: 6676
Epoch: [4]  [50/77]  eta: 0:00:15  lr: 0.000500  loss: 0.7764 (0.8679)  loss_classifier: 0.0894 (0.1212)  loss_box_reg: 0.0879 (0.1302)  loss_mask: 0.5544 (0.5683)  loss_objectness: 0.0152 (0.0293)  loss_rpn_box_reg: 0.0132 (0.0188)  time: 0.5577  data: 0.0365  max mem: 6676
Epoch: [4]  [60/77]  eta: 0:00:09  lr: 0.000500  loss: 0.8521 (0.8675)  loss_classifier: 0.1256 (0.1216)  loss_box_reg: 0.1270 (0.1315)  loss_mask: 0.5573 (0.5682)  loss_objectness: 0.0131 (0.0275)  loss_rpn_box_reg: 0.0142 (0.0187)  time: 0.5693  data: 0.0357  max mem: 6676
Epoch: [4]  [70/77]  eta: 0:00:04  lr: 0.000500  loss: 0.8536 (0.8649)  loss_classifier: 0.1095 (0.1203)  loss_box_reg: 0.1341 (0.1313)  loss_mask: 0.5649 (0.5684)  loss_objectness: 0.0150 (0.0264)  loss_rpn_box_reg: 0.0122 (0.0184)  time: 0.5734  data: 0.0368  max mem: 6676
Epoch: [4]  [76/77]  eta: 0:00:00  lr: 0.000500  loss: 0.8521 (0.8652)  loss_classifier: 0.1095 (0.1205)  loss_box_reg: 0.1341 (0.1325)  loss_mask: 0.5628 (0.5672)  loss_objectness: 0.0186 (0.0263)  loss_rpn_box_reg: 0.0122 (0.0186)  time: 0.5688  data: 0.0378  max mem: 6676
Epoch: [4] Total time: 0:00:44 (0.5731 s / it)
creating index...
index created!
Test:  [ 0/17]  eta: 0:00:03  model_time: 0.1377 (0.1377)  evaluator_time: 0.0335 (0.0335)  time: 0.1875  data: 0.0153  max mem: 6676
Test:  [16/17]  eta: 0:00:00  model_time: 0.1319 (0.1315)  evaluator_time: 0.0311 (0.0295)  time: 0.1806  data: 0.0171  max mem: 6676
Test: Total time: 0:00:03 (0.1807 s / it)
Averaged stats: model_time: 0.1319 (0.1315)  evaluator_time: 0.0311 (0.0295)
Accumulating evaluation results...
DONE (t=0.01s).
Accumulating evaluation results...
DONE (t=0.01s).
IoU metric: bbox
 Average Precision  (AP) @[ IoU=0.50:0.95 | area=   all | maxDets=100 ] = 0.020
 Average Precision  (AP) @[ IoU=0.50      | area=   all | maxDets=100 ] = 0.075
 Average Precision  (AP) @[ IoU=0.75      | area=   all | maxDets=100 ] = 0.001
 Average Precision  (AP) @[ IoU=0.50:0.95 | area= small | maxDets=100 ] = -1.000
 Average Precision  (AP) @[ IoU=0.50:0.95 | area=medium | maxDets=100 ] = 0.000
 Average Precision  (AP) @[ IoU=0.50:0.95 | area= large | maxDets=100 ] = 0.025
 Average Recall     (AR) @[ IoU=0.50:0.95 | area=   all | maxDets=  1 ] = 0.020
 Average Recall     (AR) @[ IoU=0.50:0.95 | area=   all | maxDets= 10 ] = 0.128
 Average Recall     (AR) @[ IoU=0.50:0.95 | area=   all | maxDets=100 ] = 0.283
 Average Recall     (AR) @[ IoU=0.50:0.95 | area= small | maxDets=100 ] = -1.000
 Average Recall     (AR) @[ IoU=0.50:0.95 | area=medium | maxDets=100 ] = 0.000
 Average Recall     (AR) @[ IoU=0.50:0.95 | area= large | maxDets=100 ] = 0.342
IoU metric: segm
 Average Precision  (AP) @[ IoU=0.50:0.95 | area=   all | maxDets=100 ] = 0.004
 Average Precision  (AP) @[ IoU=0.50      | area=   all | maxDets=100 ] = 0.028
/home/deipss/anaconda3/envs/py310/lib/python3.10/site-packages/torch/autograd/graph.py:744: UserWarning: Plan failed with an OutOfMemoryError: CUDA out of memory. Tried to allocate 840.00 MiB. GPU  (Triggered internally at ../aten/src/ATen/native/cudnn/Conv_v8.cpp:924.)
  return Variable._execution_engine.run_backward(  # Calls into the C++ engine to run the backward pass
/home/deipss/anaconda3/envs/py310/lib/python3.10/site-packages/torch/autograd/graph.py:744: UserWarning: Plan failed with an OutOfMemoryError: CUDA out of memory. Tried to allocate 766.00 MiB. GPU  (Triggered internally at ../aten/src/ATen/native/cudnn/Conv_v8.cpp:924.)
  return Variable._execution_engine.run_backward(  # Calls into the C++ engine to run the backward pass
/home/deipss/anaconda3/envs/py310/lib/python3.10/site-packages/torch/autograd/graph.py:744: UserWarning: Plan failed with an OutOfMemoryError: CUDA out of memory. Tried to allocate 718.00 MiB. GPU  (Triggered internally at ../aten/src/ATen/native/cudnn/Conv_v8.cpp:924.)
  return Variable._execution_engine.run_backward(  # Calls into the C++ engine to run the backward pass
/home/deipss/anaconda3/envs/py310/lib/python3.10/site-packages/torch/autograd/graph.py:744: UserWarning: Plan failed with an OutOfMemoryError: CUDA out of memory. Tried to allocate 860.00 MiB. GPU  (Triggered internally at ../aten/src/ATen/native/cudnn/Conv_v8.cpp:924.)
  return Variable._execution_engine.run_backward(  # Calls into the C++ engine to run the backward pass
 Average Precision  (AP) @[ IoU=0.75      | area=   all | maxDets=100 ] = 0.000
 Average Precision  (AP) @[ IoU=0.50:0.95 | area= small | maxDets=100 ] = -1.000
 Average Precision  (AP) @[ IoU=0.50:0.95 | area=medium | maxDets=100 ] = 0.000
 Average Precision  (AP) @[ IoU=0.50:0.95 | area= large | maxDets=100 ] = 0.008
 Average Recall     (AR) @[ IoU=0.50:0.95 | area=   all | maxDets=  1 ] = 0.015
 Average Recall     (AR) @[ IoU=0.50:0.95 | area=   all | maxDets= 10 ] = 0.054
 Average Recall     (AR) @[ IoU=0.50:0.95 | area=   all | maxDets=100 ] = 0.111
 Average Recall     (AR) @[ IoU=0.50:0.95 | area= small | maxDets=100 ] = -1.000
 Average Recall     (AR) @[ IoU=0.50:0.95 | area=medium | maxDets=100 ] = 0.013
 Average Recall     (AR) @[ IoU=0.50:0.95 | area= large | maxDets=100 ] = 0.132
Epoch: [5]  [ 0/77]  eta: 0:00:43  lr: 0.000500  loss: 0.7534 (0.7534)  loss_classifier: 0.0894 (0.0894)  loss_box_reg: 0.0830 (0.0830)  loss_mask: 0.5402 (0.5402)  loss_objectness: 0.0260 (0.0260)  loss_rpn_box_reg: 0.0148 (0.0148)  time: 0.5688  data: 0.0444  max mem: 6676
Epoch: [5]  [10/77]  eta: 0:00:41  lr: 0.000500  loss: 0.8690 (0.8732)  loss_classifier: 0.1116 (0.1158)  loss_box_reg: 0.1340 (0.1404)  loss_mask: 0.5673 (0.5756)  loss_objectness: 0.0166 (0.0186)  loss_rpn_box_reg: 0.0275 (0.0229)  time: 0.6128  data: 0.0359  max mem: 6702
Epoch: [5]  [20/77]  eta: 0:00:33  lr: 0.000500  loss: 0.8354 (0.8420)  loss_classifier: 0.0993 (0.1082)  loss_box_reg: 0.1161 (0.1263)  loss_mask: 0.5667 (0.5666)  loss_objectness: 0.0173 (0.0215)  loss_rpn_box_reg: 0.0148 (0.0195)  time: 0.5958  data: 0.0354  max mem: 6702
Epoch: [5]  [30/77]  eta: 0:00:28  lr: 0.000500  loss: 0.7753 (0.8301)  loss_classifier: 0.0932 (0.1078)  loss_box_reg: 0.0980 (0.1238)  loss_mask: 0.5546 (0.5606)  loss_objectness: 0.0175 (0.0198)  loss_rpn_box_reg: 0.0137 (0.0181)  time: 0.5902  data: 0.0367  max mem: 6702
Epoch: [5]  [40/77]  eta: 0:00:22  lr: 0.000500  loss: 0.8251 (0.8496)  loss_classifier: 0.1139 (0.1136)  loss_box_reg: 0.1255 (0.1287)  loss_mask: 0.5613 (0.5634)  loss_objectness: 0.0193 (0.0239)  loss_rpn_box_reg: 0.0158 (0.0200)  time: 0.5994  data: 0.0404  max mem: 6702
Epoch: [5]  [50/77]  eta: 0:00:16  lr: 0.000500  loss: 0.8809 (0.8548)  loss_classifier: 0.1236 (0.1171)  loss_box_reg: 0.1527 (0.1337)  loss_mask: 0.5625 (0.5613)  loss_objectness: 0.0204 (0.0230)  loss_rpn_box_reg: 0.0198 (0.0197)  time: 0.5858  data: 0.0428  max mem: 6702
Epoch: [5]  [60/77]  eta: 0:00:10  lr: 0.000500  loss: 0.8588 (0.8587)  loss_classifier: 0.1080 (0.1167)  loss_box_reg: 0.1402 (0.1321)  loss_mask: 0.5744 (0.5661)  loss_objectness: 0.0182 (0.0243)  loss_rpn_box_reg: 0.0169 (0.0193)  time: 0.5879  data: 0.0388  max mem: 6702
Epoch: [5]  [70/77]  eta: 0:00:04  lr: 0.000500  loss: 0.8394 (0.8595)  loss_classifier: 0.1050 (0.1171)  loss_box_reg: 0.0926 (0.1298)  loss_mask: 0.5794 (0.5656)  loss_objectness: 0.0197 (0.0280)  loss_rpn_box_reg: 0.0164 (0.0190)  time: 0.5675  data: 0.0356  max mem: 6702
Epoch: [5]  [76/77]  eta: 0:00:00  lr: 0.000500  loss: 0.7945 (0.8550)  loss_classifier: 0.0954 (0.1153)  loss_box_reg: 0.0890 (0.1292)  loss_mask: 0.5630 (0.5648)  loss_objectness: 0.0176 (0.0271)  loss_rpn_box_reg: 0.0105 (0.0187)  time: 0.5387  data: 0.0345  max mem: 6702
Epoch: [5] Total time: 0:00:44 (0.5819 s / it)
creating index...
index created!
Test:  [ 0/17]  eta: 0:00:03  model_time: 0.1422 (0.1422)  evaluator_time: 0.0300 (0.0300)  time: 0.1888  data: 0.0156  max mem: 6702
Test:  [16/17]  eta: 0:00:00  model_time: 0.1186 (0.1216)  evaluator_time: 0.0252 (0.0249)  time: 0.1655  data: 0.0171  max mem: 6702
Test: Total time: 0:00:02 (0.1655 s / it)
Averaged stats: model_time: 0.1186 (0.1216)  evaluator_time: 0.0252 (0.0249)
Accumulating evaluation results...
DONE (t=0.01s).
Accumulating evaluation results...
DONE (t=0.01s).
IoU metric: bbox
 Average Precision  (AP) @[ IoU=0.50:0.95 | area=   all | maxDets=100 ] = 0.019
 Average Precision  (AP) @[ IoU=0.50      | area=   all | maxDets=100 ] = 0.071
 Average Precision  (AP) @[ IoU=0.75      | area=   all | maxDets=100 ] = 0.002
 Average Precision  (AP) @[ IoU=0.50:0.95 | area= small | maxDets=100 ] = -1.000
 Average Precision  (AP) @[ IoU=0.50:0.95 | area=medium | maxDets=100 ] = 0.000
 Average Precision  (AP) @[ IoU=0.50:0.95 | area= large | maxDets=100 ] = 0.023
 Average Recall     (AR) @[ IoU=0.50:0.95 | area=   all | maxDets=  1 ] = 0.017
 Average Recall     (AR) @[ IoU=0.50:0.95 | area=   all | maxDets= 10 ] = 0.128
 Average Recall     (AR) @[ IoU=0.50:0.95 | area=   all | maxDets=100 ] = 0.291
 Average Recall     (AR) @[ IoU=0.50:0.95 | area= small | maxDets=100 ] = -1.000
 Average Recall     (AR) @[ IoU=0.50:0.95 | area=medium | maxDets=100 ] = 0.000
 Average Recall     (AR) @[ IoU=0.50:0.95 | area= large | maxDets=100 ] = 0.353
IoU metric: segm
 Average Precision  (AP) @[ IoU=0.50:0.95 | area=   all | maxDets=100 ] = 0.004
 Average Precision  (AP) @[ IoU=0.50      | area=   all | maxDets=100 ] = 0.022
 Average Precision  (AP) @[ IoU=0.75      | area=   all | maxDets=100 ] = 0.000
 Average Precision  (AP) @[ IoU=0.50:0.95 | area= small | maxDets=100 ] = -1.000
 Average Precision  (AP) @[ IoU=0.50:0.95 | area=medium | maxDets=100 ] = 0.000
 Average Precision  (AP) @[ IoU=0.50:0.95 | area= large | maxDets=100 ] = 0.006
 Average Recall     (AR) @[ IoU=0.50:0.95 | area=   all | maxDets=  1 ] = 0.007
 Average Recall     (AR) @[ IoU=0.50:0.95 | area=   all | maxDets= 10 ] = 0.037
 Average Recall     (AR) @[ IoU=0.50:0.95 | area=   all | maxDets=100 ] = 0.100
 Average Recall     (AR) @[ IoU=0.50:0.95 | area= small | maxDets=100 ] = -1.000
 Average Recall     (AR) @[ IoU=0.50:0.95 | area=medium | maxDets=100 ] = 0.000
 Average Recall     (AR) @[ IoU=0.50:0.95 | area= large | maxDets=100 ] = 0.121
Epoch: [6]  [ 0/77]  eta: 0:00:46  lr: 0.000050  loss: 1.3669 (1.3669)  loss_classifier: 0.2545 (0.2545)  loss_box_reg: 0.1696 (0.1696)  loss_mask: 0.5786 (0.5786)  loss_objectness: 0.3233 (0.3233)  loss_rpn_box_reg: 0.0410 (0.0410)  time: 0.6060  data: 0.0389  max mem: 6702
Epoch: [6]  [10/77]  eta: 0:00:41  lr: 0.000050  loss: 0.8254 (0.8950)  loss_classifier: 0.1095 (0.1299)  loss_box_reg: 0.1234 (0.1388)  loss_mask: 0.5682 (0.5581)  loss_objectness: 0.0216 (0.0485)  loss_rpn_box_reg: 0.0211 (0.0197)  time: 0.6183  data: 0.0407  max mem: 6851
Epoch: [6]  [20/77]  eta: 0:00:34  lr: 0.000050  loss: 0.8566 (0.8895)  loss_classifier: 0.1095 (0.1287)  loss_box_reg: 0.1234 (0.1436)  loss_mask: 0.5547 (0.5623)  loss_objectness: 0.0191 (0.0363)  loss_rpn_box_reg: 0.0138 (0.0186)  time: 0.6052  data: 0.0432  max mem: 6851
Epoch: [6]  [30/77]  eta: 0:00:27  lr: 0.000050  loss: 0.8450 (0.8691)  loss_classifier: 0.1033 (0.1228)  loss_box_reg: 0.1196 (0.1330)  loss_mask: 0.5589 (0.5613)  loss_objectness: 0.0214 (0.0345)  loss_rpn_box_reg: 0.0127 (0.0175)  time: 0.5696  data: 0.0392  max mem: 6851
Epoch: [6]  [40/77]  eta: 0:00:21  lr: 0.000050  loss: 0.7940 (0.8552)  loss_classifier: 0.0967 (0.1191)  loss_box_reg: 0.0963 (0.1277)  loss_mask: 0.5515 (0.5593)  loss_objectness: 0.0221 (0.0323)  loss_rpn_box_reg: 0.0109 (0.0168)  time: 0.5605  data: 0.0368  max mem: 6851
Epoch: [6]  [50/77]  eta: 0:00:15  lr: 0.000050  loss: 0.8215 (0.8520)  loss_classifier: 0.1129 (0.1182)  loss_box_reg: 0.1132 (0.1271)  loss_mask: 0.5515 (0.5588)  loss_objectness: 0.0178 (0.0300)  loss_rpn_box_reg: 0.0164 (0.0179)  time: 0.5886  data: 0.0398  max mem: 6851
Epoch: [6]  [60/77]  eta: 0:00:09  lr: 0.000050  loss: 0.8215 (0.8430)  loss_classifier: 0.0976 (0.1152)  loss_box_reg: 0.1212 (0.1257)  loss_mask: 0.5417 (0.5559)  loss_objectness: 0.0174 (0.0282)  loss_rpn_box_reg: 0.0172 (0.0180)  time: 0.5942  data: 0.0383  max mem: 6851
Epoch: [6]  [70/77]  eta: 0:00:04  lr: 0.000050  loss: 0.7926 (0.8392)  loss_classifier: 0.1020 (0.1145)  loss_box_reg: 0.1081 (0.1242)  loss_mask: 0.5461 (0.5562)  loss_objectness: 0.0169 (0.0272)  loss_rpn_box_reg: 0.0136 (0.0172)  time: 0.5732  data: 0.0390  max mem: 6851
/home/deipss/anaconda3/envs/py310/lib/python3.10/site-packages/torch/autograd/graph.py:744: UserWarning: Plan failed with an OutOfMemoryError: CUDA out of memory. Tried to allocate 820.00 MiB. GPU  (Triggered internally at ../aten/src/ATen/native/cudnn/Conv_v8.cpp:924.)
  return Variable._execution_engine.run_backward(  # Calls into the C++ engine to run the backward pass
Epoch: [6]  [76/77]  eta: 0:00:00  lr: 0.000050  loss: 0.8332 (0.8517)  loss_classifier: 0.1071 (0.1187)  loss_box_reg: 0.1157 (0.1305)  loss_mask: 0.5578 (0.5579)  loss_objectness: 0.0170 (0.0265)  loss_rpn_box_reg: 0.0148 (0.0180)  time: 0.5624  data: 0.0396  max mem: 6851
Epoch: [6] Total time: 0:00:44 (0.5793 s / it)
creating index...
index created!
Test:  [ 0/17]  eta: 0:00:03  model_time: 0.1321 (0.1321)  evaluator_time: 0.0321 (0.0321)  time: 0.1807  data: 0.0156  max mem: 6851
Test:  [16/17]  eta: 0:00:00  model_time: 0.1227 (0.1258)  evaluator_time: 0.0281 (0.0272)  time: 0.1725  data: 0.0173  max mem: 6851
Test: Total time: 0:00:02 (0.1725 s / it)
Averaged stats: model_time: 0.1227 (0.1258)  evaluator_time: 0.0281 (0.0272)
Accumulating evaluation results...
DONE (t=0.01s).
Accumulating evaluation results...
DONE (t=0.01s).
IoU metric: bbox
 Average Precision  (AP) @[ IoU=0.50:0.95 | area=   all | maxDets=100 ] = 0.028
 Average Precision  (AP) @[ IoU=0.50      | area=   all | maxDets=100 ] = 0.103
 Average Precision  (AP) @[ IoU=0.75      | area=   all | maxDets=100 ] = 0.002
 Average Precision  (AP) @[ IoU=0.50:0.95 | area= small | maxDets=100 ] = -1.000
 Average Precision  (AP) @[ IoU=0.50:0.95 | area=medium | maxDets=100 ] = 0.000
 Average Precision  (AP) @[ IoU=0.50:0.95 | area= large | maxDets=100 ] = 0.034
 Average Recall     (AR) @[ IoU=0.50:0.95 | area=   all | maxDets=  1 ] = 0.037
 Average Recall     (AR) @[ IoU=0.50:0.95 | area=   all | maxDets= 10 ] = 0.135
 Average Recall     (AR) @[ IoU=0.50:0.95 | area=   all | maxDets=100 ] = 0.278
 Average Recall     (AR) @[ IoU=0.50:0.95 | area= small | maxDets=100 ] = -1.000
 Average Recall     (AR) @[ IoU=0.50:0.95 | area=medium | maxDets=100 ] = 0.000
 Average Recall     (AR) @[ IoU=0.50:0.95 | area= large | maxDets=100 ] = 0.337
IoU metric: segm
 Average Precision  (AP) @[ IoU=0.50:0.95 | area=   all | maxDets=100 ] = 0.007
 Average Precision  (AP) @[ IoU=0.50      | area=   all | maxDets=100 ] = 0.035
 Average Precision  (AP) @[ IoU=0.75      | area=   all | maxDets=100 ] = 0.000
 Average Precision  (AP) @[ IoU=0.50:0.95 | area= small | maxDets=100 ] = -1.000
 Average Precision  (AP) @[ IoU=0.50:0.95 | area=medium | maxDets=100 ] = 0.000
 Average Precision  (AP) @[ IoU=0.50:0.95 | area= large | maxDets=100 ] = 0.012
 Average Recall     (AR) @[ IoU=0.50:0.95 | area=   all | maxDets=  1 ] = 0.017
 Average Recall     (AR) @[ IoU=0.50:0.95 | area=   all | maxDets= 10 ] = 0.061
 Average Recall     (AR) @[ IoU=0.50:0.95 | area=   all | maxDets=100 ] = 0.104
 Average Recall     (AR) @[ IoU=0.50:0.95 | area= small | maxDets=100 ] = -1.000
 Average Recall     (AR) @[ IoU=0.50:0.95 | area=medium | maxDets=100 ] = 0.000
 Average Recall     (AR) @[ IoU=0.50:0.95 | area= large | maxDets=100 ] = 0.126
Epoch: [7]  [ 0/77]  eta: 0:00:43  lr: 0.000050  loss: 0.6729 (0.6729)  loss_classifier: 0.0729 (0.0729)  loss_box_reg: 0.0573 (0.0573)  loss_mask: 0.5339 (0.5339)  loss_objectness: 0.0040 (0.0040)  loss_rpn_box_reg: 0.0048 (0.0048)  time: 0.5682  data: 0.0613  max mem: 6851
Epoch: [7]  [10/77]  eta: 0:00:39  lr: 0.000050  loss: 0.8284 (0.8484)  loss_classifier: 0.1148 (0.1186)  loss_box_reg: 0.1377 (0.1313)  loss_mask: 0.5580 (0.5574)  loss_objectness: 0.0218 (0.0237)  loss_rpn_box_reg: 0.0178 (0.0173)  time: 0.5902  data: 0.0428  max mem: 6851
Epoch: [7]  [20/77]  eta: 0:00:33  lr: 0.000050  loss: 0.8284 (0.8545)  loss_classifier: 0.1148 (0.1189)  loss_box_reg: 0.1377 (0.1334)  loss_mask: 0.5598 (0.5615)  loss_objectness: 0.0185 (0.0221)  loss_rpn_box_reg: 0.0187 (0.0186)  time: 0.5904  data: 0.0395  max mem: 6851
Epoch: [7]  [30/77]  eta: 0:00:27  lr: 0.000050  loss: 0.8279 (0.8459)  loss_classifier: 0.1131 (0.1176)  loss_box_reg: 0.1082 (0.1296)  loss_mask: 0.5622 (0.5588)  loss_objectness: 0.0167 (0.0209)  loss_rpn_box_reg: 0.0150 (0.0191)  time: 0.5755  data: 0.0382  max mem: 6851
Epoch: [7]  [40/77]  eta: 0:00:21  lr: 0.000050  loss: 0.8617 (0.8572)  loss_classifier: 0.1236 (0.1217)  loss_box_reg: 0.1134 (0.1283)  loss_mask: 0.5552 (0.5583)  loss_objectness: 0.0182 (0.0300)  loss_rpn_box_reg: 0.0136 (0.0188)  time: 0.5555  data: 0.0367  max mem: 6851
Epoch: [7]  [50/77]  eta: 0:00:15  lr: 0.000050  loss: 0.8243 (0.8462)  loss_classifier: 0.1028 (0.1172)  loss_box_reg: 0.1134 (0.1267)  loss_mask: 0.5544 (0.5555)  loss_objectness: 0.0182 (0.0282)  loss_rpn_box_reg: 0.0155 (0.0185)  time: 0.5561  data: 0.0355  max mem: 6851
Epoch: [7]  [60/77]  eta: 0:00:09  lr: 0.000050  loss: 0.7741 (0.8519)  loss_classifier: 0.0979 (0.1193)  loss_box_reg: 0.1186 (0.1305)  loss_mask: 0.5517 (0.5565)  loss_objectness: 0.0188 (0.0270)  loss_rpn_box_reg: 0.0163 (0.0187)  time: 0.5820  data: 0.0415  max mem: 6851
Epoch: [7]  [70/77]  eta: 0:00:04  lr: 0.000050  loss: 0.8112 (0.8471)  loss_classifier: 0.1003 (0.1168)  loss_box_reg: 0.1067 (0.1276)  loss_mask: 0.5605 (0.5571)  loss_objectness: 0.0213 (0.0272)  loss_rpn_box_reg: 0.0180 (0.0185)  time: 0.5917  data: 0.0426  max mem: 6851
Epoch: [7]  [76/77]  eta: 0:00:00  lr: 0.000050  loss: 0.8112 (0.8496)  loss_classifier: 0.0973 (0.1173)  loss_box_reg: 0.1077 (0.1281)  loss_mask: 0.5615 (0.5591)  loss_objectness: 0.0193 (0.0267)  loss_rpn_box_reg: 0.0163 (0.0185)  time: 0.5859  data: 0.0402  max mem: 6851
Epoch: [7] Total time: 0:00:44 (0.5753 s / it)
creating index...
index created!
Test:  [ 0/17]  eta: 0:00:03  model_time: 0.1373 (0.1373)  evaluator_time: 0.0303 (0.0303)  time: 0.1840  data: 0.0154  max mem: 6851
Test:  [16/17]  eta: 0:00:00  model_time: 0.1320 (0.1303)  evaluator_time: 0.0293 (0.0289)  time: 0.1787  data: 0.0172  max mem: 6851
Test: Total time: 0:00:03 (0.1787 s / it)
Averaged stats: model_time: 0.1320 (0.1303)  evaluator_time: 0.0293 (0.0289)
Accumulating evaluation results...
DONE (t=0.01s).
Accumulating evaluation results...
DONE (t=0.01s).
IoU metric: bbox
 Average Precision  (AP) @[ IoU=0.50:0.95 | area=   all | maxDets=100 ] = 0.028
 Average Precision  (AP) @[ IoU=0.50      | area=   all | maxDets=100 ] = 0.114
 Average Precision  (AP) @[ IoU=0.75      | area=   all | maxDets=100 ] = 0.002
 Average Precision  (AP) @[ IoU=0.50:0.95 | area= small | maxDets=100 ] = -1.000
 Average Precision  (AP) @[ IoU=0.50:0.95 | area=medium | maxDets=100 ] = 0.000
 Average Precision  (AP) @[ IoU=0.50:0.95 | area= large | maxDets=100 ] = 0.034
 Average Recall     (AR) @[ IoU=0.50:0.95 | area=   all | maxDets=  1 ] = 0.015
 Average Recall     (AR) @[ IoU=0.50:0.95 | area=   all | maxDets= 10 ] = 0.165
 Average Recall     (AR) @[ IoU=0.50:0.95 | area=   all | maxDets=100 ] = 0.280
 Average Recall     (AR) @[ IoU=0.50:0.95 | area= small | maxDets=100 ] = -1.000
 Average Recall     (AR) @[ IoU=0.50:0.95 | area=medium | maxDets=100 ] = 0.000
 Average Recall     (AR) @[ IoU=0.50:0.95 | area= large | maxDets=100 ] = 0.339
IoU metric: segm
 Average Precision  (AP) @[ IoU=0.50:0.95 | area=   all | maxDets=100 ] = 0.005
 Average Precision  (AP) @[ IoU=0.50      | area=   all | maxDets=100 ] = 0.035
 Average Precision  (AP) @[ IoU=0.75      | area=   all | maxDets=100 ] = 0.000
 Average Precision  (AP) @[ IoU=0.50:0.95 | area= small | maxDets=100 ] = -1.000
 Average Precision  (AP) @[ IoU=0.50:0.95 | area=medium | maxDets=100 ] = 0.000
 Average Precision  (AP) @[ IoU=0.50:0.95 | area= large | maxDets=100 ] = 0.009
 Average Recall     (AR) @[ IoU=0.50:0.95 | area=   all | maxDets=  1 ] = 0.009
 Average Recall     (AR) @[ IoU=0.50:0.95 | area=   all | maxDets= 10 ] = 0.070
 Average Recall     (AR) @[ IoU=0.50:0.95 | area=   all | maxDets=100 ] = 0.117
 Average Recall     (AR) @[ IoU=0.50:0.95 | area= small | maxDets=100 ] = -1.000
 Average Recall     (AR) @[ IoU=0.50:0.95 | area=medium | maxDets=100 ] = 0.000
 Average Recall     (AR) @[ IoU=0.50:0.95 | area= large | maxDets=100 ] = 0.142
Epoch: [8]  [ 0/77]  eta: 0:00:42  lr: 0.000050  loss: 1.0068 (1.0068)  loss_classifier: 0.1617 (0.1617)  loss_box_reg: 0.2065 (0.2065)  loss_mask: 0.5883 (0.5883)  loss_objectness: 0.0169 (0.0169)  loss_rpn_box_reg: 0.0334 (0.0334)  time: 0.5531  data: 0.0279  max mem: 6851
Epoch: [8]  [10/77]  eta: 0:00:38  lr: 0.000050  loss: 0.8606 (0.8797)  loss_classifier: 0.1195 (0.1245)  loss_box_reg: 0.1279 (0.1394)  loss_mask: 0.5879 (0.5747)  loss_objectness: 0.0169 (0.0216)  loss_rpn_box_reg: 0.0184 (0.0197)  time: 0.5714  data: 0.0380  max mem: 6851
Epoch: [8]  [20/77]  eta: 0:00:33  lr: 0.000050  loss: 0.8471 (0.9027)  loss_classifier: 0.1148 (0.1311)  loss_box_reg: 0.1279 (0.1457)  loss_mask: 0.5652 (0.5690)  loss_objectness: 0.0182 (0.0360)  loss_rpn_box_reg: 0.0184 (0.0209)  time: 0.5845  data: 0.0401  max mem: 6851
Epoch: [8]  [30/77]  eta: 0:00:27  lr: 0.000050  loss: 0.8619 (0.8971)  loss_classifier: 0.1182 (0.1280)  loss_box_reg: 0.1407 (0.1452)  loss_mask: 0.5590 (0.5664)  loss_objectness: 0.0229 (0.0366)  loss_rpn_box_reg: 0.0202 (0.0210)  time: 0.5938  data: 0.0377  max mem: 6851
Epoch: [8]  [40/77]  eta: 0:00:21  lr: 0.000050  loss: 0.8567 (0.8750)  loss_classifier: 0.1182 (0.1222)  loss_box_reg: 0.1148 (0.1359)  loss_mask: 0.5594 (0.5638)  loss_objectness: 0.0195 (0.0335)  loss_rpn_box_reg: 0.0171 (0.0196)  time: 0.5774  data: 0.0357  max mem: 6851
Epoch: [8]  [50/77]  eta: 0:00:15  lr: 0.000050  loss: 0.8142 (0.8691)  loss_classifier: 0.1144 (0.1215)  loss_box_reg: 0.1118 (0.1353)  loss_mask: 0.5594 (0.5621)  loss_objectness: 0.0174 (0.0308)  loss_rpn_box_reg: 0.0146 (0.0194)  time: 0.5817  data: 0.0373  max mem: 6851
Epoch: [8]  [60/77]  eta: 0:00:09  lr: 0.000050  loss: 0.8018 (0.8605)  loss_classifier: 0.0989 (0.1188)  loss_box_reg: 0.1118 (0.1332)  loss_mask: 0.5560 (0.5613)  loss_objectness: 0.0171 (0.0287)  loss_rpn_box_reg: 0.0138 (0.0186)  time: 0.5909  data: 0.0356  max mem: 6851
Epoch: [8]  [70/77]  eta: 0:00:04  lr: 0.000050  loss: 0.7986 (0.8572)  loss_classifier: 0.0945 (0.1179)  loss_box_reg: 0.1169 (0.1321)  loss_mask: 0.5538 (0.5609)  loss_objectness: 0.0169 (0.0281)  loss_rpn_box_reg: 0.0130 (0.0182)  time: 0.5821  data: 0.0370  max mem: 6851
Epoch: [8]  [76/77]  eta: 0:00:00  lr: 0.000050  loss: 0.8134 (0.8559)  loss_classifier: 0.1014 (0.1170)  loss_box_reg: 0.1096 (0.1313)  loss_mask: 0.5561 (0.5618)  loss_objectness: 0.0169 (0.0277)  loss_rpn_box_reg: 0.0130 (0.0181)  time: 0.5673  data: 0.0411  max mem: 6851
Epoch: [8] Total time: 0:00:44 (0.5808 s / it)
creating index...
index created!
Test:  [ 0/17]  eta: 0:00:02  model_time: 0.1274 (0.1274)  evaluator_time: 0.0278 (0.0278)  time: 0.1724  data: 0.0162  max mem: 6851
Test:  [16/17]  eta: 0:00:00  model_time: 0.1194 (0.1236)  evaluator_time: 0.0272 (0.0275)  time: 0.1706  data: 0.0172  max mem: 6851
Test: Total time: 0:00:02 (0.1706 s / it)
Averaged stats: model_time: 0.1194 (0.1236)  evaluator_time: 0.0272 (0.0275)
Accumulating evaluation results...
DONE (t=0.01s).
Accumulating evaluation results...
DONE (t=0.01s).
IoU metric: bbox
 Average Precision  (AP) @[ IoU=0.50:0.95 | area=   all | maxDets=100 ] = 0.022
 Average Precision  (AP) @[ IoU=0.50      | area=   all | maxDets=100 ] = 0.083
 Average Precision  (AP) @[ IoU=0.75      | area=   all | maxDets=100 ] = 0.001
 Average Precision  (AP) @[ IoU=0.50:0.95 | area= small | maxDets=100 ] = -1.000
 Average Precision  (AP) @[ IoU=0.50:0.95 | area=medium | maxDets=100 ] = 0.000
 Average Precision  (AP) @[ IoU=0.50:0.95 | area= large | maxDets=100 ] = 0.026
 Average Recall     (AR) @[ IoU=0.50:0.95 | area=   all | maxDets=  1 ] = 0.026
 Average Recall     (AR) @[ IoU=0.50:0.95 | area=   all | maxDets= 10 ] = 0.100
 Average Recall     (AR) @[ IoU=0.50:0.95 | area=   all | maxDets=100 ] = 0.293
 Average Recall     (AR) @[ IoU=0.50:0.95 | area= small | maxDets=100 ] = -1.000
 Average Recall     (AR) @[ IoU=0.50:0.95 | area=medium | maxDets=100 ] = 0.000
 Average Recall     (AR) @[ IoU=0.50:0.95 | area= large | maxDets=100 ] = 0.355
IoU metric: segm
 Average Precision  (AP) @[ IoU=0.50:0.95 | area=   all | maxDets=100 ] = 0.006
 Average Precision  (AP) @[ IoU=0.50      | area=   all | maxDets=100 ] = 0.033
 Average Precision  (AP) @[ IoU=0.75      | area=   all | maxDets=100 ] = 0.000
 Average Precision  (AP) @[ IoU=0.50:0.95 | area= small | maxDets=100 ] = -1.000
 Average Precision  (AP) @[ IoU=0.50:0.95 | area=medium | maxDets=100 ] = 0.000
 Average Precision  (AP) @[ IoU=0.50:0.95 | area= large | maxDets=100 ] = 0.011
 Average Recall     (AR) @[ IoU=0.50:0.95 | area=   all | maxDets=  1 ] = 0.017
 Average Recall     (AR) @[ IoU=0.50:0.95 | area=   all | maxDets= 10 ] = 0.050
 Average Recall     (AR) @[ IoU=0.50:0.95 | area=   all | maxDets=100 ] = 0.133
 Average Recall     (AR) @[ IoU=0.50:0.95 | area= small | maxDets=100 ] = -1.000
 Average Recall     (AR) @[ IoU=0.50:0.95 | area=medium | maxDets=100 ] = 0.000
 Average Recall     (AR) @[ IoU=0.50:0.95 | area= large | maxDets=100 ] = 0.161
Epoch: [9]  [ 0/77]  eta: 0:00:51  lr: 0.000005  loss: 0.9614 (0.9614)  loss_classifier: 0.1641 (0.1641)  loss_box_reg: 0.1776 (0.1776)  loss_mask: 0.5633 (0.5633)  loss_objectness: 0.0252 (0.0252)  loss_rpn_box_reg: 0.0312 (0.0312)  time: 0.6642  data: 0.0687  max mem: 6851
Epoch: [9]  [10/77]  eta: 0:00:38  lr: 0.000005  loss: 0.8068 (0.8145)  loss_classifier: 0.0972 (0.1044)  loss_box_reg: 0.0955 (0.1142)  loss_mask: 0.5514 (0.5489)  loss_objectness: 0.0220 (0.0265)  loss_rpn_box_reg: 0.0205 (0.0204)  time: 0.5696  data: 0.0382  max mem: 6851
Epoch: [9]  [20/77]  eta: 0:00:33  lr: 0.000005  loss: 0.8068 (0.8478)  loss_classifier: 0.0972 (0.1163)  loss_box_reg: 0.1098 (0.1281)  loss_mask: 0.5561 (0.5578)  loss_objectness: 0.0227 (0.0276)  loss_rpn_box_reg: 0.0134 (0.0181)  time: 0.5922  data: 0.0385  max mem: 6851
Epoch: [9]  [30/77]  eta: 0:00:28  lr: 0.000005  loss: 0.8715 (0.8641)  loss_classifier: 0.1317 (0.1229)  loss_box_reg: 0.1354 (0.1376)  loss_mask: 0.5679 (0.5592)  loss_objectness: 0.0201 (0.0248)  loss_rpn_box_reg: 0.0174 (0.0196)  time: 0.6113  data: 0.0392  max mem: 6851
Epoch: [9]  [40/77]  eta: 0:00:21  lr: 0.000005  loss: 0.8285 (0.8478)  loss_classifier: 0.0944 (0.1172)  loss_box_reg: 0.1234 (0.1300)  loss_mask: 0.5532 (0.5572)  loss_objectness: 0.0194 (0.0245)  loss_rpn_box_reg: 0.0184 (0.0189)  time: 0.5930  data: 0.0357  max mem: 6851
Epoch: [9]  [50/77]  eta: 0:00:16  lr: 0.000005  loss: 0.8285 (0.8480)  loss_classifier: 0.0953 (0.1168)  loss_box_reg: 0.1072 (0.1285)  loss_mask: 0.5517 (0.5583)  loss_objectness: 0.0236 (0.0260)  loss_rpn_box_reg: 0.0146 (0.0185)  time: 0.5867  data: 0.0396  max mem: 6851
Epoch: [9]  [60/77]  eta: 0:00:09  lr: 0.000005  loss: 0.8388 (0.8472)  loss_classifier: 0.1009 (0.1154)  loss_box_reg: 0.1241 (0.1296)  loss_mask: 0.5588 (0.5595)  loss_objectness: 0.0189 (0.0242)  loss_rpn_box_reg: 0.0155 (0.0185)  time: 0.5749  data: 0.0397  max mem: 6851
Epoch: [9]  [70/77]  eta: 0:00:04  lr: 0.000005  loss: 0.7927 (0.8492)  loss_classifier: 0.1009 (0.1168)  loss_box_reg: 0.1319 (0.1312)  loss_mask: 0.5629 (0.5588)  loss_objectness: 0.0180 (0.0241)  loss_rpn_box_reg: 0.0147 (0.0183)  time: 0.5580  data: 0.0363  max mem: 6851
Epoch: [9]  [76/77]  eta: 0:00:00  lr: 0.000005  loss: 0.8132 (0.8505)  loss_classifier: 0.0996 (0.1162)  loss_box_reg: 0.1348 (0.1295)  loss_mask: 0.5629 (0.5589)  loss_objectness: 0.0183 (0.0273)  loss_rpn_box_reg: 0.0155 (0.0185)  time: 0.5426  data: 0.0345  max mem: 6851
Epoch: [9] Total time: 0:00:44 (0.5764 s / it)
creating index...
index created!
Test:  [ 0/17]  eta: 0:00:03  model_time: 0.1423 (0.1423)  evaluator_time: 0.0295 (0.0295)  time: 0.1884  data: 0.0155  max mem: 6851
Test:  [16/17]  eta: 0:00:00  model_time: 0.1263 (0.1273)  evaluator_time: 0.0292 (0.0286)  time: 0.1753  data: 0.0173  max mem: 6851
Test: Total time: 0:00:02 (0.1754 s / it)
Averaged stats: model_time: 0.1263 (0.1273)  evaluator_time: 0.0292 (0.0286)
Accumulating evaluation results...
DONE (t=0.01s).
Accumulating evaluation results...
DONE (t=0.01s).
IoU metric: bbox
 Average Precision  (AP) @[ IoU=0.50:0.95 | area=   all | maxDets=100 ] = 0.025
 Average Precision  (AP) @[ IoU=0.50      | area=   all | maxDets=100 ] = 0.101
 Average Precision  (AP) @[ IoU=0.75      | area=   all | maxDets=100 ] = 0.001
 Average Precision  (AP) @[ IoU=0.50:0.95 | area= small | maxDets=100 ] = -1.000
 Average Precision  (AP) @[ IoU=0.50:0.95 | area=medium | maxDets=100 ] = 0.000
 Average Precision  (AP) @[ IoU=0.50:0.95 | area= large | maxDets=100 ] = 0.030
 Average Recall     (AR) @[ IoU=0.50:0.95 | area=   all | maxDets=  1 ] = 0.028
 Average Recall     (AR) @[ IoU=0.50:0.95 | area=   all | maxDets= 10 ] = 0.143
 Average Recall     (AR) @[ IoU=0.50:0.95 | area=   all | maxDets=100 ] = 0.261
 Average Recall     (AR) @[ IoU=0.50:0.95 | area= small | maxDets=100 ] = -1.000
 Average Recall     (AR) @[ IoU=0.50:0.95 | area=medium | maxDets=100 ] = 0.000
 Average Recall     (AR) @[ IoU=0.50:0.95 | area= large | maxDets=100 ] = 0.316
IoU metric: segm
 Average Precision  (AP) @[ IoU=0.50:0.95 | area=   all | maxDets=100 ] = 0.005
 Average Precision  (AP) @[ IoU=0.50      | area=   all | maxDets=100 ] = 0.033
 Average Precision  (AP) @[ IoU=0.75      | area=   all | maxDets=100 ] = 0.000
 Average Precision  (AP) @[ IoU=0.50:0.95 | area= small | maxDets=100 ] = -1.000
 Average Precision  (AP) @[ IoU=0.50:0.95 | area=medium | maxDets=100 ] = 0.000
 Average Precision  (AP) @[ IoU=0.50:0.95 | area= large | maxDets=100 ] = 0.008
 Average Recall     (AR) @[ IoU=0.50:0.95 | area=   all | maxDets=  1 ] = 0.004
 Average Recall     (AR) @[ IoU=0.50:0.95 | area=   all | maxDets= 10 ] = 0.052
 Average Recall     (AR) @[ IoU=0.50:0.95 | area=   all | maxDets=100 ] = 0.093
 Average Recall     (AR) @[ IoU=0.50:0.95 | area= small | maxDets=100 ] = -1.000
 Average Recall     (AR) @[ IoU=0.50:0.95 | area=medium | maxDets=100 ] = 0.000
 Average Recall     (AR) @[ IoU=0.50:0.95 | area= large | maxDets=100 ] = 0.113
That's it!
Traceback (most recent call last):
  File "/data/workspace/torch_learning/obj_detection/main2.py", line 228, in <module>
    trainPennFudanDataset()
  File "/data/workspace/torch_learning/obj_detection/main2.py", line 118, in trainPennFudanDataset
    torch.save(model.state_dict(), os.path.join(data_root_path, 'pkl/model_state_dict_penn.pth'))
  File "/home/deipss/anaconda3/envs/py310/lib/python3.10/site-packages/torch/serialization.py", line 627, in save
    with _open_zipfile_writer(f) as opened_zipfile:
  File "/home/deipss/anaconda3/envs/py310/lib/python3.10/site-packages/torch/serialization.py", line 501, in _open_zipfile_writer
    return container(name_or_buffer)
  File "/home/deipss/anaconda3/envs/py310/lib/python3.10/site-packages/torch/serialization.py", line 472, in __init__
    super().__init__(torch._C.PyTorchFileWriter(self.name))
RuntimeError: Parent directory /data/ai_data/pkl does not exist.
