nohup: ignoring input
file name =../records/graph_classify_v3_5_fold_0107_AIDS_GATConv_64
文件 ../records/graph_classify_v3_5_fold_0107_AIDS_GATConv_64 存在。
文件共有 20 行。
1 < 20 ,continue
2 < 20 ,continue
3 < 20 ,continue
4 < 20 ,continue
5 < 20 ,continue
6 < 20 ,continue
7 < 20 ,continue
8 < 20 ,continue
9 < 20 ,continue
10 < 20 ,continue
11 < 20 ,continue
12 < 20 ,continue
13 < 20 ,continue
14 < 20 ,continue
15 < 20 ,continue
16 < 20 ,continue
17 < 20 ,continue
18 < 20 ,continue
19 < 20 ,continue
gm=CrossGraphBlockGnn,model=GATConv,h=4,ds=AIDS,dim=64,acc=0.80150,acc0=0.79500,acc1=0.80250,acc2=0.80750,acc3=0.80000,acc4=0.80250,f0=name=GATConv_gname=CrossGraphBlockGnn_ds=AIDS_max_acc=0.7950_ep=1500.0000_lr=0.0100_drop=0.6000_loss=0.0010_dim=064_h_layer=004_min_acc=0.1000_debug=000___20250308_160754.json,f1=name=GATConv_gname=CrossGraphBlockGnn_ds=AIDS_max_acc=0.8025_ep=1500.0000_lr=0.0100_drop=0.6000_loss=0.0010_dim=064_h_layer=004_min_acc=0.1000_debug=000___20250308_210539.json,f2=name=GATConv_gname=CrossGraphBlockGnn_ds=AIDS_max_acc=0.8075_ep=1500.0000_lr=0.0100_drop=0.6000_loss=0.0010_dim=064_h_layer=004_min_acc=0.1000_debug=000___20250309_020352.json,f3=name=GATConv_gname=CrossGraphBlockGnn_ds=AIDS_max_acc=0.8000_ep=1500.0000_lr=0.0100_drop=0.6000_loss=0.0010_dim=064_h_layer=004_min_acc=0.1000_debug=000___20250309_070127.json,f4=name=GATConv_gname=CrossGraphBlockGnn_ds=AIDS_max_acc=0.8025_ep=1500.0000_lr=0.0100_drop=0.6000_loss=0.0010_dim=064_h_layer=004_min_acc=0.1000_debug=000___20250309_115917.json,execution_time=89287.238
graph_classify_v3_5_fold_0107_AIDS_GATConv_64__20250309_115917.json are saved
gm=ResBlockGnn,model=GATConv,h=4,ds=AIDS,dim=64,acc=0.80950,acc0=0.81750,acc1=0.82250,acc2=0.78500,acc3=0.81500,acc4=0.80750,f0=name=GATConv_gname=ResBlockGnn_ds=AIDS_max_acc=0.8175_ep=1500.0000_lr=0.0100_drop=0.6000_loss=0.0010_dim=064_h_layer=004_min_acc=0.1000_debug=000___20250309_132349.json,f1=name=GATConv_gname=ResBlockGnn_ds=AIDS_max_acc=0.8225_ep=1500.0000_lr=0.0100_drop=0.6000_loss=0.0010_dim=064_h_layer=004_min_acc=0.1000_debug=000___20250309_144837.json,f2=name=GATConv_gname=ResBlockGnn_ds=AIDS_max_acc=0.7850_ep=1500.0000_lr=0.0100_drop=0.6000_loss=0.0010_dim=064_h_layer=004_min_acc=0.1000_debug=000___20250309_161347.json,f3=name=GATConv_gname=ResBlockGnn_ds=AIDS_max_acc=0.8150_ep=1500.0000_lr=0.0100_drop=0.6000_loss=0.0010_dim=064_h_layer=004_min_acc=0.1000_debug=000___20250309_173901.json,f4=name=GATConv_gname=ResBlockGnn_ds=AIDS_max_acc=0.8075_ep=1500.0000_lr=0.0100_drop=0.6000_loss=0.0010_dim=064_h_layer=004_min_acc=0.1000_debug=000___20250309_190406.json,execution_time=25488.694
graph_classify_v3_5_fold_0107_AIDS_GATConv_64__20250309_190406.json are saved
gm=ResGraphBlockGnn,model=GATConv,h=4,ds=AIDS,dim=64,acc=0.80450,acc0=0.80750,acc1=0.81250,acc2=0.82750,acc3=0.77000,acc4=0.80500,f0=name=GATConv_gname=ResGraphBlockGnn_ds=AIDS_max_acc=0.8075_ep=1500.0000_lr=0.0100_drop=0.6000_loss=0.0010_dim=064_h_layer=004_min_acc=0.1000_debug=000___20250309_214128.json,f1=name=GATConv_gname=ResGraphBlockGnn_ds=AIDS_max_acc=0.8125_ep=1500.0000_lr=0.0100_drop=0.6000_loss=0.0010_dim=064_h_layer=004_min_acc=0.1000_debug=000___20250310_001846.json,f2=name=GATConv_gname=ResGraphBlockGnn_ds=AIDS_max_acc=0.8275_ep=1500.0000_lr=0.0100_drop=0.6000_loss=0.0010_dim=064_h_layer=004_min_acc=0.1000_debug=000___20250310_025608.json,f3=name=GATConv_gname=ResGraphBlockGnn_ds=AIDS_max_acc=0.7700_ep=1500.0000_lr=0.0100_drop=0.6000_loss=0.0010_dim=064_h_layer=004_min_acc=0.1000_debug=000___20250310_053238.json,f4=name=GATConv_gname=ResGraphBlockGnn_ds=AIDS_max_acc=0.8050_ep=1500.0000_lr=0.0100_drop=0.6000_loss=0.0010_dim=064_h_layer=004_min_acc=0.1000_debug=000___20250310_080953.json,execution_time=47146.894
graph_classify_v3_5_fold_0107_AIDS_GATConv_64__20250310_080953.json are saved
gm=BlockGNN,model=GATConv,h=4,ds=AIDS,dim=64,acc=0.79100,acc0=0.80250,acc1=0.79750,acc2=0.80250,acc3=0.79250,acc4=0.76000,f0=name=GATConv_gname=BlockGNN_ds=AIDS_max_acc=0.8025_ep=1500.0000_lr=0.0100_drop=0.6000_loss=0.0010_dim=064_h_layer=004_min_acc=0.1000_debug=000___20250310_093220.json,f1=name=GATConv_gname=BlockGNN_ds=AIDS_max_acc=0.7975_ep=1500.0000_lr=0.0100_drop=0.6000_loss=0.0010_dim=064_h_layer=004_min_acc=0.1000_debug=000___20250310_105456.json,f2=name=GATConv_gname=BlockGNN_ds=AIDS_max_acc=0.8025_ep=1500.0000_lr=0.0100_drop=0.6000_loss=0.0010_dim=064_h_layer=004_min_acc=0.1000_debug=000___20250310_121724.json,f3=name=GATConv_gname=BlockGNN_ds=AIDS_max_acc=0.7925_ep=1500.0000_lr=0.0100_drop=0.6000_loss=0.0010_dim=064_h_layer=004_min_acc=0.1000_debug=000___20250310_133954.json,f4=name=GATConv_gname=BlockGNN_ds=AIDS_max_acc=0.7600_ep=1500.0000_lr=0.0100_drop=0.6000_loss=0.0010_dim=064_h_layer=004_min_acc=0.1000_debug=000___20250310_150226.json,execution_time=24753.734
graph_classify_v3_5_fold_0107_AIDS_GATConv_64__20250310_150226.json are saved
gm=GraphBlockGnn,model=GATConv,h=4,ds=AIDS,dim=64,acc=0.79850,acc0=0.78750,acc1=0.81500,acc2=0.81000,acc3=0.80000,acc4=0.78000,f0=name=GATConv_gname=GraphBlockGnn_ds=AIDS_max_acc=0.7875_ep=1500.0000_lr=0.0100_drop=0.6000_loss=0.0010_dim=064_h_layer=004_min_acc=0.1000_debug=000___20250310_173900.json,f1=name=GATConv_gname=GraphBlockGnn_ds=AIDS_max_acc=0.8150_ep=1500.0000_lr=0.0100_drop=0.6000_loss=0.0010_dim=064_h_layer=004_min_acc=0.1000_debug=000___20250310_201541.json,f2=name=GATConv_gname=GraphBlockGnn_ds=AIDS_max_acc=0.8100_ep=1500.0000_lr=0.0100_drop=0.6000_loss=0.0010_dim=064_h_layer=004_min_acc=0.1000_debug=000___20250310_225223.json,f3=name=GATConv_gname=GraphBlockGnn_ds=AIDS_max_acc=0.8000_ep=1500.0000_lr=0.0100_drop=0.6000_loss=0.0010_dim=064_h_layer=004_min_acc=0.1000_debug=000___20250311_012941.json,f4=name=GATConv_gname=GraphBlockGnn_ds=AIDS_max_acc=0.7800_ep=1500.0000_lr=0.0100_drop=0.6000_loss=0.0010_dim=064_h_layer=004_min_acc=0.1000_debug=000___20250311_040732.json,execution_time=47106.043
graph_classify_v3_5_fold_0107_AIDS_GATConv_64__20250311_040732.json are saved
gm=CrossBlockGnn,model=GATConv,h=5,ds=AIDS,dim=64,acc=0.79100,acc0=0.79750,acc1=0.80500,acc2=0.77000,acc3=0.78500,acc4=0.79750,f0=name=GATConv_gname=CrossBlockGnn_ds=AIDS_max_acc=0.7975_ep=1500.0000_lr=0.0100_drop=0.6000_loss=0.0010_dim=064_h_layer=005_min_acc=0.1000_debug=000___20250311_070732.json,f1=name=GATConv_gname=CrossBlockGnn_ds=AIDS_max_acc=0.8050_ep=1500.0000_lr=0.0100_drop=0.6000_loss=0.0010_dim=064_h_layer=005_min_acc=0.1000_debug=000___20250311_100728.json,f2=name=GATConv_gname=CrossBlockGnn_ds=AIDS_max_acc=0.7700_ep=1500.0000_lr=0.0100_drop=0.6000_loss=0.0010_dim=064_h_layer=005_min_acc=0.1000_debug=000___20250311_130658.json,f3=name=GATConv_gname=CrossBlockGnn_ds=AIDS_max_acc=0.7850_ep=1500.0000_lr=0.0100_drop=0.6000_loss=0.0010_dim=064_h_layer=005_min_acc=0.1000_debug=000___20250311_160612.json,f4=name=GATConv_gname=CrossBlockGnn_ds=AIDS_max_acc=0.7975_ep=1500.0000_lr=0.0100_drop=0.6000_loss=0.0010_dim=064_h_layer=005_min_acc=0.1000_debug=000___20250311_190504.json,execution_time=53851.725
graph_classify_v3_5_fold_0107_AIDS_GATConv_64__20250311_190504.json are saved
gm=CrossGraphBlockGnn,model=GATConv,h=5,ds=AIDS,dim=64,acc=0.80500,acc0=0.82000,acc1=0.78500,acc2=0.78000,acc3=0.82250,acc4=0.81750,f0=name=GATConv_gname=CrossGraphBlockGnn_ds=AIDS_max_acc=0.8200_ep=1500.0000_lr=0.0100_drop=0.6000_loss=0.0010_dim=064_h_layer=005_min_acc=0.1000_debug=000___20250312_005911.json,f1=name=GATConv_gname=CrossGraphBlockGnn_ds=AIDS_max_acc=0.7850_ep=1500.0000_lr=0.0100_drop=0.6000_loss=0.0010_dim=064_h_layer=005_min_acc=0.1000_debug=000___20250312_065353.json,f2=name=GATConv_gname=CrossGraphBlockGnn_ds=AIDS_max_acc=0.7800_ep=1500.0000_lr=0.0100_drop=0.6000_loss=0.0010_dim=064_h_layer=005_min_acc=0.1000_debug=000___20250312_124745.json,f3=name=GATConv_gname=CrossGraphBlockGnn_ds=AIDS_max_acc=0.8225_ep=1500.0000_lr=0.0100_drop=0.6000_loss=0.0010_dim=064_h_layer=005_min_acc=0.1000_debug=000___20250312_184149.json,f4=name=GATConv_gname=CrossGraphBlockGnn_ds=AIDS_max_acc=0.8175_ep=1500.0000_lr=0.0100_drop=0.6000_loss=0.0010_dim=064_h_layer=005_min_acc=0.1000_debug=000___20250313_003806.json,execution_time=106382.201
graph_classify_v3_5_fold_0107_AIDS_GATConv_64__20250313_003806.json are saved
gm=ResBlockGnn,model=GATConv,h=5,ds=AIDS,dim=64,acc=0.80400,acc0=0.80250,acc1=0.82000,acc2=0.78750,acc3=0.80000,acc4=0.81000,f0=name=GATConv_gname=ResBlockGnn_ds=AIDS_max_acc=0.8025_ep=1500.0000_lr=0.0100_drop=0.6000_loss=0.0010_dim=064_h_layer=005_min_acc=0.1000_debug=000___20250313_021727.json,f1=name=GATConv_gname=ResBlockGnn_ds=AIDS_max_acc=0.8200_ep=1500.0000_lr=0.0100_drop=0.6000_loss=0.0010_dim=064_h_layer=005_min_acc=0.1000_debug=000___20250313_035626.json,f2=name=GATConv_gname=ResBlockGnn_ds=AIDS_max_acc=0.7875_ep=1500.0000_lr=0.0100_drop=0.6000_loss=0.0010_dim=064_h_layer=005_min_acc=0.1000_debug=000___20250313_053519.json,f3=name=GATConv_gname=ResBlockGnn_ds=AIDS_max_acc=0.8000_ep=1500.0000_lr=0.0100_drop=0.6000_loss=0.0010_dim=064_h_layer=005_min_acc=0.1000_debug=000___20250313_071400.json,f4=name=GATConv_gname=ResBlockGnn_ds=AIDS_max_acc=0.8100_ep=1500.0000_lr=0.0100_drop=0.6000_loss=0.0010_dim=064_h_layer=005_min_acc=0.1000_debug=000___20250313_085251.json,execution_time=29684.641
graph_classify_v3_5_fold_0107_AIDS_GATConv_64__20250313_085251.json are saved
gm=ResGraphBlockGnn,model=GATConv,h=5,ds=AIDS,dim=64,acc=0.79600,acc0=0.81000,acc1=0.80500,acc2=0.80000,acc3=0.80000,acc4=0.76500,f0=name=GATConv_gname=ResGraphBlockGnn_ds=AIDS_max_acc=0.8100_ep=1500.0000_lr=0.0100_drop=0.6000_loss=0.0010_dim=064_h_layer=005_min_acc=0.1000_debug=000___20250313_115850.json,f1=name=GATConv_gname=ResGraphBlockGnn_ds=AIDS_max_acc=0.8050_ep=1500.0000_lr=0.0100_drop=0.6000_loss=0.0010_dim=064_h_layer=005_min_acc=0.1000_debug=000___20250313_150415.json,f2=name=GATConv_gname=ResGraphBlockGnn_ds=AIDS_max_acc=0.8000_ep=1500.0000_lr=0.0100_drop=0.6000_loss=0.0010_dim=064_h_layer=005_min_acc=0.1000_debug=000___20250313_180907.json,f3=name=GATConv_gname=ResGraphBlockGnn_ds=AIDS_max_acc=0.8000_ep=1500.0000_lr=0.0100_drop=0.6000_loss=0.0010_dim=064_h_layer=005_min_acc=0.1000_debug=000___20250313_211409.json,f4=name=GATConv_gname=ResGraphBlockGnn_ds=AIDS_max_acc=0.7650_ep=1500.0000_lr=0.0100_drop=0.6000_loss=0.0010_dim=064_h_layer=005_min_acc=0.1000_debug=000___20250314_001915.json,execution_time=55584.236
graph_classify_v3_5_fold_0107_AIDS_GATConv_64__20250314_001915.json are saved
gm=BlockGNN,model=GATConv,h=5,ds=AIDS,dim=64,acc=0.79750,acc0=0.80750,acc1=0.79750,acc2=0.79750,acc3=0.79500,acc4=0.79000,f0=name=GATConv_gname=BlockGNN_ds=AIDS_max_acc=0.8075_ep=1500.0000_lr=0.0100_drop=0.6000_loss=0.0010_dim=064_h_layer=005_min_acc=0.1000_debug=000___20250314_015509.json,f1=name=GATConv_gname=BlockGNN_ds=AIDS_max_acc=0.7975_ep=1500.0000_lr=0.0100_drop=0.6000_loss=0.0010_dim=064_h_layer=005_min_acc=0.1000_debug=000___20250314_033052.json,f2=name=GATConv_gname=BlockGNN_ds=AIDS_max_acc=0.7975_ep=1500.0000_lr=0.0100_drop=0.6000_loss=0.0010_dim=064_h_layer=005_min_acc=0.1000_debug=000___20250314_050621.json,f3=name=GATConv_gname=BlockGNN_ds=AIDS_max_acc=0.7950_ep=1500.0000_lr=0.0100_drop=0.6000_loss=0.0010_dim=064_h_layer=005_min_acc=0.1000_debug=000___20250314_064159.json,f4=name=GATConv_gname=BlockGNN_ds=AIDS_max_acc=0.7900_ep=1500.0000_lr=0.0100_drop=0.6000_loss=0.0010_dim=064_h_layer=005_min_acc=0.1000_debug=000___20250314_081737.json,execution_time=28701.232
graph_classify_v3_5_fold_0107_AIDS_GATConv_64__20250314_081737.json are saved
gm=GraphBlockGnn,model=GATConv,h=5,ds=AIDS,dim=64,acc=0.79550,acc0=0.80250,acc1=0.78000,acc2=0.80000,acc3=0.81000,acc4=0.78500,f0=name=GATConv_gname=GraphBlockGnn_ds=AIDS_max_acc=0.8025_ep=1500.0000_lr=0.0100_drop=0.6000_loss=0.0010_dim=064_h_layer=005_min_acc=0.1000_debug=000___20250314_112240.json,f1=name=GATConv_gname=GraphBlockGnn_ds=AIDS_max_acc=0.7800_ep=1500.0000_lr=0.0100_drop=0.6000_loss=0.0010_dim=064_h_layer=005_min_acc=0.1000_debug=000___20250314_142733.json,f2=name=GATConv_gname=GraphBlockGnn_ds=AIDS_max_acc=0.8000_ep=1500.0000_lr=0.0100_drop=0.6000_loss=0.0010_dim=064_h_layer=005_min_acc=0.1000_debug=000___20250314_173256.json,f3=name=GATConv_gname=GraphBlockGnn_ds=AIDS_max_acc=0.8100_ep=1500.0000_lr=0.0100_drop=0.6000_loss=0.0010_dim=064_h_layer=005_min_acc=0.1000_debug=000___20250314_203857.json,f4=name=GATConv_gname=GraphBlockGnn_ds=AIDS_max_acc=0.7850_ep=1500.0000_lr=0.0100_drop=0.6000_loss=0.0010_dim=064_h_layer=005_min_acc=0.1000_debug=000___20250314_234437.json,execution_time=55620.865
graph_classify_v3_5_fold_0107_AIDS_GATConv_64__20250314_234437.json are saved
